{"obj": {"type": "DeleteAttribute", "path": ["dataset", "train_normal", "A.Beautiful.Mind.2001__#00-03-00_00-04-05_label_A.mp4"]}, "version": 1}
{"obj": {"type": "DeleteAttribute", "path": ["dataset", "train_normal", "A.Beautiful.Mind.2001__#00-08-55_00-10-50_label_A.mp4"]}, "version": 2}
{"obj": {"type": "DeleteAttribute", "path": ["dataset", "train_normal", "A.Beautiful.Mind.2001__#00-16-18_00-17-09_label_A.mp4"]}, "version": 3}
{"obj": {"type": "DeleteAttribute", "path": ["dataset", "train_normal", "A.Beautiful.Mind.2001__#00-23-50_00-24-31_label_A.mp4"]}, "version": 4}
{"obj": {"type": "DeleteAttribute", "path": ["dataset", "train_normal", "A.Beautiful.Mind.2001__#00-31-05_00-32-05_label_A.mp4"]}, "version": 5}
{"obj": {"type": "DeleteAttribute", "path": ["dataset", "train_normal", "A.Beautiful.Mind.2001__#00-32-07_00-36-45_label_A.mp4"]}, "version": 6}
{"obj": {"type": "DeleteAttribute", "path": ["dataset", "train_normal", "A.Beautiful.Mind.2001__#00-45-40_00-47-30_label_A.mp4"]}, "version": 7}
{"obj": {"type": "DeleteAttribute", "path": ["dataset", "train_normal", "A.Beautiful.Mind.2001__#01-26-10_01-28-00_label_A.mp4"]}, "version": 8}
{"obj": {"type": "DeleteAttribute", "path": ["dataset", "train_normal", "A.Beautiful.Mind.2001__#01-52-20_01-58-00_label_A.mp4"]}, "version": 9}
{"obj": {"type": "DeleteAttribute", "path": ["dataset", "train_normal", "About.Time.2013__#00-04-20_00-05-35_label_A.mp4"]}, "version": 10}
{"obj": {"type": "DeleteAttribute", "path": ["dataset", "train_normal", "About.Time.2013__#00-11-00_00-15-08_label_A.mp4"]}, "version": 11}
{"obj": {"type": "DeleteAttribute", "path": ["dataset", "train_normal", "About.Time.2013__#00-16-18_00-17-27_label_A.mp4"]}, "version": 12}
{"obj": {"type": "DeleteAttribute", "path": ["dataset", "train_normal", "About.Time.2013__#00-17-30_00-19-10_label_A.mp4"]}, "version": 13}
{"obj": {"type": "DeleteAttribute", "path": ["dataset", "train_normal", "About.Time.2013__#00-56-40_01-02-02_label_A.mp4"]}, "version": 14}
{"obj": {"type": "DeleteAttribute", "path": ["dataset", "train_normal", "About.Time.2013__#01-04-40_01-06-59_label_A.mp4"]}, "version": 15}
{"obj": {"type": "DeleteAttribute", "path": ["dataset", "train_normal", "About.Time.2013__#01-26-10_01-28-00_label_A.mp4"]}, "version": 16}
{"obj": {"type": "DeleteAttribute", "path": ["dataset", "train_normal", "About.Time.2013__#01-34-18_01-38-11_label_A.mp4"]}, "version": 17}
{"obj": {"type": "DeleteAttribute", "path": ["dataset", "train_normal", "About.Time.2013__#01-39-05_01-46-40_label_A.mp4"]}, "version": 18}
{"obj": {"type": "DeleteAttribute", "path": ["dataset", "train_normal", "Bad.Boys.1995__#00-34-10_00-35-15_label_A.mp4"]}, "version": 19}
{"obj": {"type": "DeleteAttribute", "path": ["dataset", "train_normal", "Bad.Boys.II.2003__#00-11-06_00-12-10_label_A.mp4"]}, "version": 20}
{"obj": {"type": "DeleteAttribute", "path": ["dataset", "train_normal", "Bad.Boys.II.2003__#00-16-16_00-20-25_label_A.mp4"]}, "version": 21}
{"obj": {"type": "DeleteAttribute", "path": ["dataset", "train_normal", "Bad.Boys.II.2003__#00-23-01_00-25-06_label_A.mp4"]}, "version": 22}
{"obj": {"type": "DeleteAttribute", "path": ["dataset", "train_normal", "Bad.Boys.II.2003__#00-56-45_00-58-40_label_A.mp4"]}, "version": 23}
{"obj": {"type": "DeleteAttribute", "path": ["dataset", "train_normal", "Be.with.You.2018__#00-01-45_00-02-50_label_A.mp4"]}, "version": 24}
{"obj": {"type": "DeleteAttribute", "path": ["dataset", "train_normal", "Be.with.You.2018__#00-05-52_00-08-22_label_A.mp4"]}, "version": 25}
{"obj": {"type": "DeleteAttribute", "path": ["dataset", "train_normal", "Be.with.You.2018__#00-11-00_00-15-08_label_A.mp4"]}, "version": 26}
{"obj": {"type": "DeleteAttribute", "path": ["dataset", "train_normal", "Be.with.You.2018__#00-50-26_00-55-16_label_A.mp4"]}, "version": 27}
{"obj": {"type": "DeleteAttribute", "path": ["dataset", "train_normal", "Be.with.You.2018__#00-57-20_00-58-17_label_A.mp4"]}, "version": 28}
{"obj": {"type": "DeleteAttribute", "path": ["dataset", "train_normal", "Be.with.You.2018__#00-58-18_01-02-30_label_A.mp4"]}, "version": 29}
{"obj": {"type": "DeleteAttribute", "path": ["dataset", "train_normal", "Be.with.You.2018__#01-52-20_01-58-00_label_A.mp4"]}, "version": 30}
{"obj": {"type": "DeleteAttribute", "path": ["dataset", "train_normal", "Be.with.You.2018__#01-58-20_02-01-10_label_A.mp4"]}, "version": 31}
{"obj": {"type": "DeleteAttribute", "path": ["dataset", "train_normal", "Before.Sunrise.1995__#00-05-52_00-08-22_label_A.mp4"]}, "version": 32}
{"obj": {"type": "DeleteAttribute", "path": ["dataset", "train_normal", "Before.Sunrise.1995__#00-08-55_00-10-50_label_A.mp4"]}, "version": 33}
{"obj": {"type": "DeleteAttribute", "path": ["dataset", "train_normal", "Before.Sunrise.1995__#00-11-00_00-15-08_label_A.mp4"]}, "version": 34}
{"obj": {"type": "DeleteAttribute", "path": ["dataset", "train_normal", "Before.Sunrise.1995__#00-16-18_00-18-09_label_A.mp4"]}, "version": 35}
{"obj": {"type": "DeleteAttribute", "path": ["dataset", "train_normal", "Before.Sunrise.1995__#00-25-20_00-29-20_label_A.mp4"]}, "version": 36}
{"obj": {"type": "DeleteAttribute", "path": ["dataset", "train_normal", "Before.Sunrise.1995__#00-32-07_00-36-45_label_A.mp4"]}, "version": 37}
{"obj": {"type": "DeleteAttribute", "path": ["dataset", "train_normal", "Before.Sunrise.1995__#00-50-26_00-55-16_label_A.mp4"]}, "version": 38}
{"obj": {"type": "DeleteAttribute", "path": ["dataset", "train_normal", "Before.Sunrise.1995__#00-57-20_00-58-17_label_A.mp4"]}, "version": 39}
{"obj": {"type": "DeleteAttribute", "path": ["dataset", "train_normal", "Before.Sunrise.1995__#01-28-31_01-31-00_label_A.mp4"]}, "version": 40}
{"obj": {"type": "DeleteAttribute", "path": ["dataset", "train_normal", "Before.Sunrise.1995__#01-31-18_01-36-11_label_A.mp4"]}, "version": 41}
{"obj": {"type": "DeleteAttribute", "path": ["dataset", "train_normal", "Before.Sunset.2004__#00-05-52_00-08-22_label_A.mp4"]}, "version": 42}
{"obj": {"type": "DeleteAttribute", "path": ["dataset", "train_normal", "Before.Sunset.2004__#00-08-55_00-10-50_label_A.mp4"]}, "version": 43}
{"obj": {"type": "DeleteAttribute", "path": ["dataset", "train_normal", "Before.Sunset.2004__#00-16-18_00-18-09_label_A.mp4"]}, "version": 44}
{"obj": {"type": "DeleteAttribute", "path": ["dataset", "train_normal", "Before.Sunset.2004__#00-32-07_00-36-45_label_A.mp4"]}, "version": 45}
{"obj": {"type": "DeleteAttribute", "path": ["dataset", "train_normal", "Before.Sunset.2004__#00-40-52_00-42-01_label_A.mp4"]}, "version": 46}
{"obj": {"type": "DeleteAttribute", "path": ["dataset", "train_normal", "Before.Sunset.2004__#00-45-40_00-47-30_label_A.mp4"]}, "version": 47}
{"obj": {"type": "DeleteAttribute", "path": ["dataset", "train_normal", "Before.Sunset.2004__#00-47-55_00-49-50_label_A.mp4"]}, "version": 48}
{"obj": {"type": "DeleteAttribute", "path": ["dataset", "train_normal", "Before.Sunset.2004__#00-50-26_00-55-16_label_A.mp4"]}, "version": 49}
{"obj": {"type": "DeleteAttribute", "path": ["dataset", "train_normal", "Before.Sunset.2004__#01-07-30_01-09-51_label_A.mp4"]}, "version": 50}
{"obj": {"type": "DeleteAttribute", "path": ["dataset", "train_normal", "Before.Sunset.2004__#01-10-30_01-13-51_label_A.mp4"]}, "version": 51}
{"obj": {"type": "DeleteAttribute", "path": ["dataset", "train_normal", "Black.Hawk.Down.2001__#00-12-00_00-12-31_label_A.mp4"]}, "version": 52}
{"obj": {"type": "DeleteAttribute", "path": ["dataset", "train_normal", "Braveheart.1995__#00-54-00_00-56-20_label_A.mp4"]}, "version": 53}
{"obj": {"type": "DeleteAttribute", "path": ["dataset", "train_normal", "Braveheart.1995__#01-33-09_01-37-20_label_A.mp4"]}, "version": 54}
{"obj": {"type": "DeleteAttribute", "path": ["dataset", "train_normal", "Braveheart.1995__#01-39-55_01-42-30_label_A.mp4"]}, "version": 55}
{"obj": {"type": "DeleteAttribute", "path": ["dataset", "train_normal", "Braveheart.1995__#02-13-10_02-14-40_label_A.mp4"]}, "version": 56}
{"obj": {"type": "DeleteAttribute", "path": ["dataset", "train_normal", "Brick.Mansions.2014__#00-44-56_00-46-38_label_A.mp4"]}, "version": 57}
{"obj": {"type": "DeleteAttribute", "path": ["dataset", "train_normal", "Bullet.in.the.Head.1990__#00-31-50_00-33-20_label_A.mp4"]}, "version": 58}
{"obj": {"type": "DeleteAttribute", "path": ["dataset", "train_normal", "Bullet.in.the.Head.1990__#01-04-23_01-06-11_label_A.mp4"]}, "version": 59}
{"obj": {"type": "DeleteAttribute", "path": ["dataset", "train_normal", "Bullet.in.the.Head.1990__#01-12-20_01-13-40_label_A.mp4"]}, "version": 60}
{"obj": {"type": "DeleteAttribute", "path": ["dataset", "train_normal", "Bullet.in.the.Head.1990__#01-39-10_01-40-55_label_A.mp4"]}, "version": 61}
{"obj": {"type": "DeleteAttribute", "path": ["dataset", "train_normal", "Bullet.in.the.Head.1990__#01-40-59_01-42-05_label_A.mp4"]}, "version": 62}
{"obj": {"type": "DeleteAttribute", "path": ["dataset", "train_normal", "Bullet.in.the.Head.1990__#01-44-20_01-45-20_label_A.mp4"]}, "version": 63}
{"obj": {"type": "DeleteAttribute", "path": ["dataset", "train_normal", "Bullet.in.the.Head.1990__#01-55-45_01-57-12_label_A.mp4"]}, "version": 64}
{"obj": {"type": "DeleteAttribute", "path": ["dataset", "train_normal", "Casino.Royale.2006__#00-06-56_00-09-35_label_A.mp4"]}, "version": 65}
{"obj": {"type": "DeleteAttribute", "path": ["dataset", "train_normal", "Casino.Royale.2006__#00-23-03_00-25-33_label_A.mp4"]}, "version": 66}
{"obj": {"type": "DeleteAttribute", "path": ["dataset", "train_normal", "Casino.Royale.2006__#01-26-36_01-31-36_label_A.mp4"]}, "version": 67}
{"obj": {"type": "DeleteAttribute", "path": ["dataset", "train_normal", "Casino.Royale.2006__#01-38-18_01-45-44_label_A.mp4"]}, "version": 68}
{"obj": {"type": "DeleteAttribute", "path": ["dataset", "train_normal", "City.Of.Men.2007__#00-26-43_00-27-53_label_A.mp4"]}, "version": 69}
{"obj": {"type": "DeleteAttribute", "path": ["dataset", "train_normal", "City.Of.Men.2007__#01-33-01_01-34-12_label_A.mp4"]}, "version": 70}
{"obj": {"type": "DeleteAttribute", "path": ["dataset", "train_normal", "City.of.God.2002__#00-03-54_00-04-32_label_A.mp4"]}, "version": 71}
{"obj": {"type": "DeleteAttribute", "path": ["dataset", "train_normal", "City.of.God.2002__#00-34-55_00-35-50_label_A.mp4"]}, "version": 72}
{"obj": {"type": "DeleteAttribute", "path": ["dataset", "train_normal", "City.of.God.2002__#00-49-19_00-50-05_label_A.mp4"]}, "version": 73}
{"obj": {"type": "DeleteAttribute", "path": ["dataset", "train_normal", "City.of.God.2002__#00-55-06_00-56-12_label_A.mp4"]}, "version": 74}
{"obj": {"type": "DeleteAttribute", "path": ["dataset", "train_normal", "City.of.God.2002__#01-34-52_01-35-26_label_A.mp4"]}, "version": 75}
{"obj": {"type": "DeleteAttribute", "path": ["dataset", "train_normal", "Crank.Dircut.2006__#01-13-35_01-14-35_label_A.mp4"]}, "version": 76}
{"obj": {"type": "DeleteAttribute", "path": ["dataset", "train_normal", "Deadpool.2.2018__#0-09-10_0-10-50_label_A.mp4"]}, "version": 77}
{"obj": {"type": "DeleteAttribute", "path": ["dataset", "train_normal", "Deadpool.2.2018__#0-19-38_0-21-41_label_A.mp4"]}, "version": 78}
{"obj": {"type": "DeleteAttribute", "path": ["dataset", "train_normal", "Deadpool.2016__#0-27-11_0-27-48_label_A.mp4"]}, "version": 79}
{"obj": {"type": "DeleteAttribute", "path": ["dataset", "train_normal", "Deadpool.2016__#01-18-13_01-20-20_label_A.mp4"]}, "version": 80}
{"obj": {"type": "DeleteAttribute", "path": ["dataset", "train_normal", "Deadpool.2016__#01-47-00_01-47-28_label_A.mp4"]}, "version": 81}
{"obj": {"type": "DeleteAttribute", "path": ["dataset", "train_normal", "Death.Proof.2007__#00-13-52_00-16-22_label_A.mp4"]}, "version": 82}
{"obj": {"type": "DeleteAttribute", "path": ["dataset", "train_normal", "Death.Proof.2007__#00-53-22_00-55-45_label_A.mp4"]}, "version": 83}
{"obj": {"type": "DeleteAttribute", "path": ["dataset", "train_normal", "Death.Proof.2007__#01-38-30_01-40-16_label_A.mp4"]}, "version": 84}
{"obj": {"type": "DeleteAttribute", "path": ["dataset", "train_normal", "Desperado.1995__#00-12-36_00-14-51_label_A.mp4"]}, "version": 85}
{"obj": {"type": "DeleteAttribute", "path": ["dataset", "train_normal", "Desperado.1995__#00-46-34_00-47-46_label_A.mp4"]}, "version": 86}
{"obj": {"type": "DeleteAttribute", "path": ["dataset", "train_normal", "Desperado.1995__#00-50-55_00-52-02_label_A.mp4"]}, "version": 87}
{"obj": {"type": "DeleteAttribute", "path": ["dataset", "train_normal", "Election.2005__#01-05-37_01-07-06_label_A.mp4"]}, "version": 88}
{"obj": {"type": "DeleteAttribute", "path": ["dataset", "train_normal", "Election.2005__#01-12-58_01-14-11_label_A.mp4"]}, "version": 89}
{"obj": {"type": "DeleteAttribute", "path": ["dataset", "train_normal", "Fast.Five.2011__#00-07-53_00-08-53_label_A.mp4"]}, "version": 90}
{"obj": {"type": "DeleteAttribute", "path": ["dataset", "train_normal", "Fast.Five.2011__#00-26-55_00-28-33_label_A.mp4"]}, "version": 91}
{"obj": {"type": "DeleteAttribute", "path": ["dataset", "train_normal", "Fast.Five.2011__#00-38-01_00-40-44_label_A.mp4"]}, "version": 92}
{"obj": {"type": "DeleteAttribute", "path": ["dataset", "train_normal", "Fast.Five.2011__#01-06-30_01-06-53_label_A.mp4"]}, "version": 93}
{"obj": {"type": "DeleteAttribute", "path": ["dataset", "train_normal", "Fast.Five.2011__#01-55-07_01-58-50_label_A.mp4"]}, "version": 94}
{"obj": {"type": "DeleteAttribute", "path": ["dataset", "train_normal", "Fast.Furious.2009__#00-08-56_00-10-39_label_A.mp4"]}, "version": 95}
{"obj": {"type": "DeleteAttribute", "path": ["dataset", "train_normal", "Fast.Furious.2009__#00-15-05_00-19-56_label_A.mp4"]}, "version": 96}
{"obj": {"type": "DeleteAttribute", "path": ["dataset", "train_normal", "Fast.Furious.2009__#01-19-19_01-20-50_label_A.mp4"]}, "version": 97}
{"obj": {"type": "DeleteAttribute", "path": ["dataset", "train_normal", "Fast.Furious.6.2013__#00-10-20_00-11-50_label_A.mp4"]}, "version": 98}
{"obj": {"type": "DeleteAttribute", "path": ["dataset", "train_normal", "Fast.Furious.6.2013__#00-12-41_00-15-45_label_A.mp4"]}, "version": 99}
{"obj": {"type": "DeleteAttribute", "path": ["dataset", "train_normal", "Fast.Furious.6.2013__#00-53-55_00-55-16_label_A.mp4"]}, "version": 100}
{"obj": {"type": "DeleteAttribute", "path": ["dataset", "train_normal", "Fast.Furious.6.2013__#01-57-49_02-02-00_label_A.mp4"]}, "version": 101}
{"obj": {"type": "DeleteAttribute", "path": ["dataset", "train_normal", "Flipped.2010__#00-03-00_00-04-05_label_A.mp4"]}, "version": 102}
{"obj": {"type": "DeleteAttribute", "path": ["dataset", "train_normal", "Flipped.2010__#00-16-18_00-18-09_label_A.mp4"]}, "version": 103}
{"obj": {"type": "DeleteAttribute", "path": ["dataset", "train_normal", "Flipped.2010__#00-18-18_00-20-09_label_A.mp4"]}, "version": 104}
{"obj": {"type": "DeleteAttribute", "path": ["dataset", "train_normal", "Flipped.2010__#00-23-50_00-24-31_label_A.mp4"]}, "version": 105}
{"obj": {"type": "DeleteAttribute", "path": ["dataset", "train_normal", "Flipped.2010__#00-31-05_00-32-05_label_A.mp4"]}, "version": 106}
{"obj": {"type": "DeleteAttribute", "path": ["dataset", "train_normal", "Flipped.2010__#00-32-07_00-36-45_label_A.mp4"]}, "version": 107}
{"obj": {"type": "DeleteAttribute", "path": ["dataset", "train_normal", "Flipped.2010__#00-37-40_00-40-31_label_A.mp4"]}, "version": 108}
{"obj": {"type": "DeleteAttribute", "path": ["dataset", "train_normal", "Flipped.2010__#00-47-55_00-49-50_label_A.mp4"]}, "version": 109}
{"obj": {"type": "DeleteAttribute", "path": ["dataset", "train_normal", "Flipped.2010__#00-57-20_00-58-17_label_A.mp4"]}, "version": 110}
{"obj": {"type": "DeleteAttribute", "path": ["dataset", "train_normal", "Flipped.2010__#00-58-18_01-02-30_label_A.mp4"]}, "version": 111}
{"obj": {"type": "DeleteAttribute", "path": ["dataset", "train_normal", "Flipped.2010__#01-14-30_01-16-51_label_A.mp4"]}, "version": 112}
{"obj": {"type": "DeleteAttribute", "path": ["dataset", "train_normal", "Flipped.2010__#01-17-03_01-20-51_label_A.mp4"]}, "version": 113}
{"obj": {"type": "DeleteAttribute", "path": ["dataset", "train_normal", "From.Dusk.Till.Dawn.1996__#00-17-24_00-20-39_label_A.mp4"]}, "version": 114}
{"obj": {"type": "DeleteAttribute", "path": ["dataset", "train_normal", "Love.Actually.2003__#00-43-52_00-45-31_label_A.mp4"]}, "version": 115}
{"obj": {"type": "DeleteAttribute", "path": ["dataset", "train_normal", "The.Attorney.2013__#00-11-00_00-15-08_label_A.mp4"]}, "version": 116}
{"obj": {"type": "DeleteAttribute", "path": ["dataset", "train_normal", "v=5Rtsav021Rs__#00-00-00_00-03-00_label_A.mp4"]}, "version": 117}
{"obj": {"type": "DeleteAttribute", "path": ["dataset", "train_normal", "v=9eME1y6V-T4__#01-42-00_01-48-00_label_A.mp4"]}, "version": 118}
{"obj": {"type": "DeleteAttribute", "path": ["dataset", "train_normal", "v=CguBewD2LSQ__#1_label_A.mp4"]}, "version": 119}
{"obj": {"type": "DeleteAttribute", "path": ["dataset", "train_normal", "v=EEvhwtXACxY__#1_label_A.mp4"]}, "version": 120}
{"obj": {"type": "DeleteAttribute", "path": ["dataset", "train_normal", "v=Ja6m-BBGKMk__#1_label_A.mp4"]}, "version": 121}
{"obj": {"type": "DeleteAttribute", "path": ["dataset", "train_normal", "v=L8BrpH-2py0__#1_label_A.mp4"]}, "version": 122}
{"obj": {"type": "DeleteAttribute", "path": ["dataset", "train_normal", "v=NPa2j8eQogc__#1_label_A.mp4"]}, "version": 123}
{"obj": {"type": "DeleteAttribute", "path": ["dataset", "train_normal", "v=S0i9spKtcMI__#1_label_A.mp4"]}, "version": 124}
{"obj": {"type": "DeleteAttribute", "path": ["dataset", "train_normal", "v=cTPB8Q47a4s__#1_label_A.mp4"]}, "version": 125}
{"obj": {"type": "DeleteAttribute", "path": ["dataset", "train_normal", "v=fhpVE5Yfvhc__#1_label_A.mp4"]}, "version": 126}
{"obj": {"type": "DeleteAttribute", "path": ["dataset", "train_normal", "v=lMXcMGxidG8__#1_label_A.mp4"]}, "version": 127}
{"obj": {"type": "DeleteAttribute", "path": ["dataset", "train_normal", "v=o1UfPTzL_dM__#1_label_A.mp4"]}, "version": 128}
