{"obj": {"type": "AssignString", "path": ["sys", "name"], "value": "Untitled"}, "version": 1}
{"obj": {"type": "AssignString", "path": ["sys", "description"], "value": ""}, "version": 2}
{"obj": {"type": "AssignString", "path": ["monitoring", "568a6a83", "hostname"], "value": "DGX"}, "version": 3}
{"obj": {"type": "AssignString", "path": ["sys", "hostname"], "value": "DGX"}, "version": 4}
{"obj": {"type": "AssignString", "path": ["monitoring", "568a6a83", "pid"], "value": "3492"}, "version": 5}
{"obj": {"type": "AssignString", "path": ["monitoring", "568a6a83", "tid"], "value": "139682566733952"}, "version": 6}
{"obj": {"type": "AssignBool", "path": ["sys", "failed"], "value": false}, "version": 7}
{"obj": {"type": "LogStrings", "path": ["dataset", "info", "test_fn"], "values": [{"value": "(800,)", "step": null, "ts": 1678670293.4780085}]}, "version": 8}
{"obj": {"type": "LogStrings", "path": ["dataset", "info", "test_normal_fn"], "values": [{"value": "(500,)", "step": null, "ts": 1678670293.4782484}]}, "version": 9}
{"obj": {"type": "LogStrings", "path": ["dataset", "info", "test_abnormal_fn"], "values": [{"value": "(300,)", "step": null, "ts": 1678670293.478403}]}, "version": 10}
{"obj": {"type": "LogStrings", "path": ["dataset", "info", "test_labels"], "values": [{"value": "(800,)", "step": null, "ts": 1678670293.4785488}]}, "version": 11}
{"obj": {"type": "LogStrings", "path": ["dataset", "info", "test_labels_norm"], "values": [{"value": "(500,)", "step": null, "ts": 1678670293.4786882}]}, "version": 12}
{"obj": {"type": "LogStrings", "path": ["dataset", "info", "test_labels_abnor"], "values": [{"value": "(300,)", "step": null, "ts": 1678670293.478824}]}, "version": 13}
{"obj": {"type": "LogStrings", "path": ["dataset", "info", "train_fn"], "values": [{"value": "(3953,)", "step": null, "ts": 1678670293.500754}]}, "version": 14}
{"obj": {"type": "LogStrings", "path": ["dataset", "info", "train_normal_fn"], "values": [{"value": "(1905,)", "step": null, "ts": 1678670293.5009696}]}, "version": 15}
{"obj": {"type": "LogStrings", "path": ["dataset", "info", "train_abnormal_fn"], "values": [{"value": "(2048,)", "step": null, "ts": 1678670293.501119}]}, "version": 16}
{"obj": {"type": "LogStrings", "path": ["dataset", "info", "test_fn"], "values": [{"value": "(800,)", "step": null, "ts": 1678670586.031567}]}, "version": 17}
{"obj": {"type": "LogStrings", "path": ["dataset", "info", "test_fn_normal"], "values": [{"value": "(500,)", "step": null, "ts": 1678670586.0319037}]}, "version": 18}
{"obj": {"type": "LogStrings", "path": ["dataset", "info", "test_fn_abnormal"], "values": [{"value": "(300,)", "step": null, "ts": 1678670586.0321336}]}, "version": 19}
{"obj": {"type": "LogStrings", "path": ["dataset", "info", "test_labels"], "values": [{"value": "(800,)", "step": null, "ts": 1678670586.0323045}]}, "version": 20}
{"obj": {"type": "LogStrings", "path": ["dataset", "info", "test_labels_norm"], "values": [{"value": "(500,)", "step": null, "ts": 1678670586.0324638}]}, "version": 21}
{"obj": {"type": "LogStrings", "path": ["dataset", "info", "test_labels_abnor"], "values": [{"value": "(300,)", "step": null, "ts": 1678670586.0326128}]}, "version": 22}
{"obj": {"type": "LogStrings", "path": ["dataset", "info", "train_fn"], "values": [{"value": "(3953,)", "step": null, "ts": 1678670586.0675602}]}, "version": 23}
{"obj": {"type": "LogStrings", "path": ["dataset", "info", "train_normal_fn"], "values": [{"value": "(1905,)", "step": null, "ts": 1678670586.0677629}]}, "version": 24}
{"obj": {"type": "LogStrings", "path": ["dataset", "info", "train_abnormal_fn"], "values": [{"value": "(2048,)", "step": null, "ts": 1678670586.0679069}]}, "version": 25}
