LOADING train data (3210,) (3210,) (3210,) 


	normal 1618
	abnormal 1592
FILTERING VIDEO WITH LESS THAN 4000

NEW train (883,) (883,) (883,) 


	normal 666
	abnormal 217


$$$$$$$$$$$$$$$$$$$$$$$$$$$$$$$$$$$$$$$$$$$$$$$$$$$$$$$$$$$$$$$$$$$$$$$$$$$$

		 v=F5tQN7Wvqac__#1_label_B1-0-0.mp4

************** START yammet.get_sigmoid *************** 
	 v=F5tQN7Wvqac__#1_label_B1-0-0.mp4  w/  44100 hZ 
	 0 0.00 
	 4000 166.67


	 p_es @ yammet (179, 521) @ 4.645280122756958 secs

***************** END yammet.get_sigmoid ********************

$$$$$$$$$$$$$$$$$$$$$$$$$$$$$$$$$$$$$$$$$$$$$$$$$$$$$$$$$$$$$$$$$$$$$$$$$$$$

		 v=xPpdo_SnPsU__#1_label_B4-0-0.mp4

************** START yammet.get_sigmoid *************** 
	 v=xPpdo_SnPsU__#1_label_B4-0-0.mp4  w/  44100 hZ 
	 0 0.00 
	 4000 166.67


	 p_es @ yammet (179, 521) @ 4.618128061294556 secs

***************** END yammet.get_sigmoid ********************
		-TP- Explosion: 0.6353
		CHECK

$$$$$$$$$$$$$$$$$$$$$$$$$$$$$$$$$$$$$$$$$$$$$$$$$$$$$$$$$$$$$$$$$$$$$$$$$$$$

		 Gladiator.2000__#01-32-15_01-37-06_label_B1-0-0.mp4

************** START yammet.get_sigmoid *************** 
	 Gladiator.2000__#01-32-15_01-37-06_label_B1-0-0.mp4  w/  48000 hZ 
	 0 0.00 
	 4000 166.67


	 p_es @ yammet (179, 521) @ 4.940212249755859 secs

***************** END yammet.get_sigmoid ********************
		-TP- Explosion: 0.5578
		CHECK

$$$$$$$$$$$$$$$$$$$$$$$$$$$$$$$$$$$$$$$$$$$$$$$$$$$$$$$$$$$$$$$$$$$$$$$$$$$$

		 The.Bourne.Identity.2002__#0-42-20_0-46-42_label_B1-B2-0.mp4

************** START yammet.get_sigmoid *************** 
	 The.Bourne.Identity.2002__#0-42-20_0-46-42_label_B1-B2-0.mp4  w/  48000 hZ 
	 0 0.00 
	 4000 166.67


	 p_es @ yammet (179, 521) @ 4.999588251113892 secs

***************** END yammet.get_sigmoid ********************
		-TP- Explosion: 0.9037
		CHECK

$$$$$$$$$$$$$$$$$$$$$$$$$$$$$$$$$$$$$$$$$$$$$$$$$$$$$$$$$$$$$$$$$$$$$$$$$$$$

		 v=rAlZRFZTwxM__#00-00-00_00-03-13_label_G-0-0.mp4

************** START yammet.get_sigmoid *************** 
	 v=rAlZRFZTwxM__#00-00-00_00-03-13_label_G-0-0.mp4  w/  44100 hZ 
	 0 0.00 
	 4000 166.67


	 p_es @ yammet (179, 521) @ 4.375844717025757 secs

***************** END yammet.get_sigmoid ********************

$$$$$$$$$$$$$$$$$$$$$$$$$$$$$$$$$$$$$$$$$$$$$$$$$$$$$$$$$$$$$$$$$$$$$$$$$$$$

		 v=nRWweMDjnKo__#00-03-34_00-06-34_label_B4-0-0.mp4

************** START yammet.get_sigmoid *************** 
	 v=nRWweMDjnKo__#00-03-34_00-06-34_label_B4-0-0.mp4  w/  44100 hZ 
	 0 0.00 
	 4000 166.67


	 p_es @ yammet (179, 521) @ 4.339995384216309 secs

***************** END yammet.get_sigmoid ********************
		-TP- Explosion: 0.9757
		CHECK

$$$$$$$$$$$$$$$$$$$$$$$$$$$$$$$$$$$$$$$$$$$$$$$$$$$$$$$$$$$$$$$$$$$$$$$$$$$$

		 Desperado.1995__#00-31-12_00-37-04_label_B1-B2-0.mp4

************** START yammet.get_sigmoid *************** 
	 Desperado.1995__#00-31-12_00-37-04_label_B1-B2-0.mp4  w/  48000 hZ 
	 0 0.00 
	 4000 166.67


	 p_es @ yammet (179, 521) @ 5.225148677825928 secs

***************** END yammet.get_sigmoid ********************
		-TP- Explosion: 0.9554
		CHECK

$$$$$$$$$$$$$$$$$$$$$$$$$$$$$$$$$$$$$$$$$$$$$$$$$$$$$$$$$$$$$$$$$$$$$$$$$$$$

		 Jason.Bourne.2016__#01-39-30_01-45-05_label_B6-0-0.mp4

************** START yammet.get_sigmoid *************** 
	 Jason.Bourne.2016__#01-39-30_01-45-05_label_B6-0-0.mp4  w/  48000 hZ 
	 0 0.00 
	 4000 166.67


	 p_es @ yammet (179, 521) @ 5.0564563274383545 secs

***************** END yammet.get_sigmoid ********************
		-TP- Police car (siren): 0.8341
		CHECK

$$$$$$$$$$$$$$$$$$$$$$$$$$$$$$$$$$$$$$$$$$$$$$$$$$$$$$$$$$$$$$$$$$$$$$$$$$$$

		 v=ZdvIDNeVKpw__#1_label_G-0-0.mp4

************** START yammet.get_sigmoid *************** 
	 v=ZdvIDNeVKpw__#1_label_G-0-0.mp4  w/  44100 hZ 
	 0 0.00 
	 4000 166.67


	 p_es @ yammet (179, 521) @ 4.579882860183716 secs

***************** END yammet.get_sigmoid ********************
		-TP- Police car (siren): 0.7265
		CHECK

$$$$$$$$$$$$$$$$$$$$$$$$$$$$$$$$$$$$$$$$$$$$$$$$$$$$$$$$$$$$$$$$$$$$$$$$$$$$

		 v=ZC0rczrqn5s__#00-04-57_00-08-06_label_B4-0-0.mp4

************** START yammet.get_sigmoid *************** 
	 v=ZC0rczrqn5s__#00-04-57_00-08-06_label_B4-0-0.mp4  w/  44100 hZ 
	 0 0.00 
	 4000 166.67


	 p_es @ yammet (179, 521) @ 4.728013038635254 secs

***************** END yammet.get_sigmoid ********************
		-TP- Explosion: 0.8855
		CHECK

$$$$$$$$$$$$$$$$$$$$$$$$$$$$$$$$$$$$$$$$$$$$$$$$$$$$$$$$$$$$$$$$$$$$$$$$$$$$

		 v=fVCA9TXHDxE__#1_label_B4-0-0.mp4

************** START yammet.get_sigmoid *************** 
	 v=fVCA9TXHDxE__#1_label_B4-0-0.mp4  w/  44100 hZ 
	 0 0.00 
	 4000 166.67


	 p_es @ yammet (179, 521) @ 4.501949310302734 secs

***************** END yammet.get_sigmoid ********************
		-TP- Ambulance (siren): 0.8257
		CHECK

$$$$$$$$$$$$$$$$$$$$$$$$$$$$$$$$$$$$$$$$$$$$$$$$$$$$$$$$$$$$$$$$$$$$$$$$$$$$

		 v=4uXbF8bt-SQ__#1_label_B4-0-0.mp4

************** START yammet.get_sigmoid *************** 
	 v=4uXbF8bt-SQ__#1_label_B4-0-0.mp4  w/  44100 hZ 
	 0 0.00 
	 4000 166.67


	 p_es @ yammet (179, 521) @ 4.730435132980347 secs

***************** END yammet.get_sigmoid ********************
		-TP- Fire alarm: 0.4133
		CHECK

$$$$$$$$$$$$$$$$$$$$$$$$$$$$$$$$$$$$$$$$$$$$$$$$$$$$$$$$$$$$$$$$$$$$$$$$$$$$

		 Ip.Man.2008__#01-21-10_01-24-22_label_B1-0-0.mp4

************** START yammet.get_sigmoid *************** 
	 Ip.Man.2008__#01-21-10_01-24-22_label_B1-0-0.mp4  w/  48000 hZ 
	 0 0.00 
	 4000 166.67


	 p_es @ yammet (179, 521) @ 5.154399156570435 secs

***************** END yammet.get_sigmoid ********************
		-TP- Explosion: 0.8559
		CHECK

$$$$$$$$$$$$$$$$$$$$$$$$$$$$$$$$$$$$$$$$$$$$$$$$$$$$$$$$$$$$$$$$$$$$$$$$$$$$

		 Ip.Man.3.2015__#01-07-45_01-11-30_label_B1-0-0.mp4

************** START yammet.get_sigmoid *************** 
	 Ip.Man.3.2015__#01-07-45_01-11-30_label_B1-0-0.mp4  w/  48000 hZ 
	 0 0.00 
	 4000 166.67


	 p_es @ yammet (179, 521) @ 5.159967660903931 secs

***************** END yammet.get_sigmoid ********************
		-TP- Explosion: 0.4199
		CHECK

$$$$$$$$$$$$$$$$$$$$$$$$$$$$$$$$$$$$$$$$$$$$$$$$$$$$$$$$$$$$$$$$$$$$$$$$$$$$

		 v=WQjp06C3-y4__#1_label_B1-0-0.mp4

************** START yammet.get_sigmoid *************** 
	 v=WQjp06C3-y4__#1_label_B1-0-0.mp4  w/  44100 hZ 
	 0 0.00 
	 4000 166.67


	 p_es @ yammet (179, 521) @ 4.481932640075684 secs

***************** END yammet.get_sigmoid ********************

$$$$$$$$$$$$$$$$$$$$$$$$$$$$$$$$$$$$$$$$$$$$$$$$$$$$$$$$$$$$$$$$$$$$$$$$$$$$

		 Love.Death.and.Robots.S01E13__#0-03-24_0-06-43_label_B2-G-0.mp4

************** START yammet.get_sigmoid *************** 
	 Love.Death.and.Robots.S01E13__#0-03-24_0-06-43_label_B2-G-0.mp4  w/  48000 hZ 
	 0 0.00 
	 4000 166.67


	 p_es @ yammet (179, 521) @ 5.053897857666016 secs

***************** END yammet.get_sigmoid ********************
		-TP- Explosion: 0.7458
		CHECK

$$$$$$$$$$$$$$$$$$$$$$$$$$$$$$$$$$$$$$$$$$$$$$$$$$$$$$$$$$$$$$$$$$$$$$$$$$$$

		 v=pz_gOHgMgvA__#1_label_B1-0-0.mp4

************** START yammet.get_sigmoid *************** 
	 v=pz_gOHgMgvA__#1_label_B1-0-0.mp4  w/  44100 hZ 
	 0 0.00 
	 4000 166.67


	 p_es @ yammet (179, 521) @ 4.724884748458862 secs

***************** END yammet.get_sigmoid ********************

$$$$$$$$$$$$$$$$$$$$$$$$$$$$$$$$$$$$$$$$$$$$$$$$$$$$$$$$$$$$$$$$$$$$$$$$$$$$

		 v=ZXWaa5TOqZo__#00-04-07_00-06-55_label_B4-0-0.mp4

************** START yammet.get_sigmoid *************** 
	 v=ZXWaa5TOqZo__#00-04-07_00-06-55_label_B4-0-0.mp4  w/  44100 hZ 
	 0 0.00 
	 4000 166.67


	 p_es @ yammet (179, 521) @ 4.7922680377960205 secs

***************** END yammet.get_sigmoid ********************

$$$$$$$$$$$$$$$$$$$$$$$$$$$$$$$$$$$$$$$$$$$$$$$$$$$$$$$$$$$$$$$$$$$$$$$$$$$$

		 wangted.2008__#01-28-40_01-31-51_label_G-B2-0.mp4

************** START yammet.get_sigmoid *************** 
	 wangted.2008__#01-28-40_01-31-51_label_G-B2-0.mp4  w/  48000 hZ 
	 0 0.00 
	 4000 166.67


	 p_es @ yammet (179, 521) @ 4.994569540023804 secs

***************** END yammet.get_sigmoid ********************
		-TP- Explosion: 0.8388
		CHECK

$$$$$$$$$$$$$$$$$$$$$$$$$$$$$$$$$$$$$$$$$$$$$$$$$$$$$$$$$$$$$$$$$$$$$$$$$$$$

		 v=4FzhVu2PR8Y__#1_label_B1.mp4

************** START yammet.get_sigmoid *************** 
	 v=4FzhVu2PR8Y__#1_label_B1.mp4  w/  44100 hZ 
	 0 0.00 
	 4000 166.67


	 p_es @ yammet (179, 521) @ 4.837319850921631 secs

***************** END yammet.get_sigmoid ********************

$$$$$$$$$$$$$$$$$$$$$$$$$$$$$$$$$$$$$$$$$$$$$$$$$$$$$$$$$$$$$$$$$$$$$$$$$$$$

		 v=LOBnTy6A8QI__#1_label_B6-0-0.mp4

************** START yammet.get_sigmoid *************** 
	 v=LOBnTy6A8QI__#1_label_B6-0-0.mp4  w/  44100 hZ 
	 0 0.00 
	 4000 166.67


	 p_es @ yammet (179, 521) @ 4.460849046707153 secs

***************** END yammet.get_sigmoid ********************
		-TP- Explosion: 0.8750
		CHECK

$$$$$$$$$$$$$$$$$$$$$$$$$$$$$$$$$$$$$$$$$$$$$$$$$$$$$$$$$$$$$$$$$$$$$$$$$$$$

		 IP.Man.2.2010__#00-42-46_00-45-40_label_B1-0-0.mp4

************** START yammet.get_sigmoid *************** 
	 IP.Man.2.2010__#00-42-46_00-45-40_label_B1-0-0.mp4  w/  48000 hZ 
	 0 0.00 
	 4000 166.67


	 p_es @ yammet (179, 521) @ 4.928386926651001 secs

***************** END yammet.get_sigmoid ********************
		-TP- Explosion: 0.9210
		CHECK

$$$$$$$$$$$$$$$$$$$$$$$$$$$$$$$$$$$$$$$$$$$$$$$$$$$$$$$$$$$$$$$$$$$$$$$$$$$$

		 v=WZZDq8S6bhA__#1_label_B4-0-0.mp4

************** START yammet.get_sigmoid *************** 
	 v=WZZDq8S6bhA__#1_label_B4-0-0.mp4  w/  44100 hZ 
	 0 0.00 
	 4000 166.67


	 p_es @ yammet (179, 521) @ 4.748110294342041 secs

***************** END yammet.get_sigmoid ********************

$$$$$$$$$$$$$$$$$$$$$$$$$$$$$$$$$$$$$$$$$$$$$$$$$$$$$$$$$$$$$$$$$$$$$$$$$$$$

		 v=36VcW5DWJyI__#1_label_B1-0-0.mp4

************** START yammet.get_sigmoid *************** 
	 v=36VcW5DWJyI__#1_label_B1-0-0.mp4  w/  44100 hZ 
	 0 0.00 
	 4000 166.67


	 p_es @ yammet (179, 521) @ 4.460144519805908 secs

***************** END yammet.get_sigmoid ********************

$$$$$$$$$$$$$$$$$$$$$$$$$$$$$$$$$$$$$$$$$$$$$$$$$$$$$$$$$$$$$$$$$$$$$$$$$$$$

		 IP.Man.2.2010__#01-29-35_01-33-35_label_B1-0-0.mp4

************** START yammet.get_sigmoid *************** 
	 IP.Man.2.2010__#01-29-35_01-33-35_label_B1-0-0.mp4  w/  48000 hZ 
	 0 0.00 
	 4000 166.67


	 p_es @ yammet (179, 521) @ 5.318854093551636 secs

***************** END yammet.get_sigmoid ********************
		-TP- Gunshot, gunfire: 0.5769
		CHECK

$$$$$$$$$$$$$$$$$$$$$$$$$$$$$$$$$$$$$$$$$$$$$$$$$$$$$$$$$$$$$$$$$$$$$$$$$$$$

		 v=LkkoipoWeSs__#00-05-06_00-08-16_label_B4-0-0.mp4

************** START yammet.get_sigmoid *************** 
	 v=LkkoipoWeSs__#00-05-06_00-08-16_label_B4-0-0.mp4  w/  44100 hZ 
	 0 0.00 
	 4000 166.67


	 p_es @ yammet (179, 521) @ 4.8800270557403564 secs

***************** END yammet.get_sigmoid ********************
		-TP- Police car (siren): 0.7060
		CHECK

$$$$$$$$$$$$$$$$$$$$$$$$$$$$$$$$$$$$$$$$$$$$$$$$$$$$$$$$$$$$$$$$$$$$$$$$$$$$

		 v=3qlylxu7wvc__#1_label_B4-0-0.mp4

************** START yammet.get_sigmoid *************** 
	 v=3qlylxu7wvc__#1_label_B4-0-0.mp4  w/  44100 hZ 
	 0 0.00 
	 4000 166.67


	 p_es @ yammet (179, 521) @ 4.539567947387695 secs

***************** END yammet.get_sigmoid ********************

$$$$$$$$$$$$$$$$$$$$$$$$$$$$$$$$$$$$$$$$$$$$$$$$$$$$$$$$$$$$$$$$$$$$$$$$$$$$

		 v=8lvtYiOiCQU__#1_label_B4-0-0.mp4

************** START yammet.get_sigmoid *************** 
	 v=8lvtYiOiCQU__#1_label_B4-0-0.mp4  w/  44100 hZ 
	 0 0.00 
	 4000 166.67


	 p_es @ yammet (179, 521) @ 4.642482042312622 secs

***************** END yammet.get_sigmoid ********************
		-TP- Explosion: 0.5245
		CHECK

$$$$$$$$$$$$$$$$$$$$$$$$$$$$$$$$$$$$$$$$$$$$$$$$$$$$$$$$$$$$$$$$$$$$$$$$$$$$

		 v=JXDcm8YXvds__#1_label_B4-0-0.mp4

************** START yammet.get_sigmoid *************** 
	 v=JXDcm8YXvds__#1_label_B4-0-0.mp4  w/  44100 hZ 
	 0 0.00 
	 4000 166.67


	 p_es @ yammet (179, 521) @ 4.752717971801758 secs

***************** END yammet.get_sigmoid ********************
		-TP- Explosion: 0.9890
		CHECK

$$$$$$$$$$$$$$$$$$$$$$$$$$$$$$$$$$$$$$$$$$$$$$$$$$$$$$$$$$$$$$$$$$$$$$$$$$$$

		 Kill.Bill.Vol.1.2003__#0-05-55_0-08-54_label_B1-0-0.mp4

************** START yammet.get_sigmoid *************** 
	 Kill.Bill.Vol.1.2003__#0-05-55_0-08-54_label_B1-0-0.mp4  w/  48000 hZ 
	 0 0.00 
	 4000 166.67


	 p_es @ yammet (179, 521) @ 5.406273603439331 secs

***************** END yammet.get_sigmoid ********************

$$$$$$$$$$$$$$$$$$$$$$$$$$$$$$$$$$$$$$$$$$$$$$$$$$$$$$$$$$$$$$$$$$$$$$$$$$$$

		 v=H9Hta84rfGw__#1_label_B4-0-0.mp4

************** START yammet.get_sigmoid *************** 
	 v=H9Hta84rfGw__#1_label_B4-0-0.mp4  w/  44100 hZ 
	 0 0.00 
	 4000 166.67


	 p_es @ yammet (179, 521) @ 4.3136231899261475 secs

***************** END yammet.get_sigmoid ********************

$$$$$$$$$$$$$$$$$$$$$$$$$$$$$$$$$$$$$$$$$$$$$$$$$$$$$$$$$$$$$$$$$$$$$$$$$$$$

		 v=rv0_7xq2LP4__#1_label_B1-0-0.mp4

************** START yammet.get_sigmoid *************** 
	 v=rv0_7xq2LP4__#1_label_B1-0-0.mp4  w/  44100 hZ 
	 0 0.00 
	 4000 166.67


	 p_es @ yammet (179, 521) @ 4.704039812088013 secs

***************** END yammet.get_sigmoid ********************

$$$$$$$$$$$$$$$$$$$$$$$$$$$$$$$$$$$$$$$$$$$$$$$$$$$$$$$$$$$$$$$$$$$$$$$$$$$$

		 v=MLgIdp6qTKI__#1_label_B6-0-0.mp4

************** START yammet.get_sigmoid *************** 
	 v=MLgIdp6qTKI__#1_label_B6-0-0.mp4  w/  44100 hZ 
	 0 0.00 
	 4000 166.67


	 p_es @ yammet (179, 521) @ 4.398828029632568 secs

***************** END yammet.get_sigmoid ********************

$$$$$$$$$$$$$$$$$$$$$$$$$$$$$$$$$$$$$$$$$$$$$$$$$$$$$$$$$$$$$$$$$$$$$$$$$$$$

		 v=IhU6jml6NY4__#1_label_G-0-0.mp4

************** START yammet.get_sigmoid *************** 
	 v=IhU6jml6NY4__#1_label_G-0-0.mp4  w/  44100 hZ 
	 0 0.00 
	 4000 166.67


	 p_es @ yammet (179, 521) @ 4.500540733337402 secs

***************** END yammet.get_sigmoid ********************

$$$$$$$$$$$$$$$$$$$$$$$$$$$$$$$$$$$$$$$$$$$$$$$$$$$$$$$$$$$$$$$$$$$$$$$$$$$$

		 v=S9d1w1ILGlQ__#1_label_B1-0-0.mp4

************** START yammet.get_sigmoid *************** 
	 v=S9d1w1ILGlQ__#1_label_B1-0-0.mp4  w/  44100 hZ 
	 0 0.00 
	 4000 166.67


	 p_es @ yammet (179, 521) @ 4.796490430831909 secs

***************** END yammet.get_sigmoid ********************

$$$$$$$$$$$$$$$$$$$$$$$$$$$$$$$$$$$$$$$$$$$$$$$$$$$$$$$$$$$$$$$$$$$$$$$$$$$$

		 Bad.Boys.1995__#01-44-40_01-49-20_label_B2-G-B6.mp4

************** START yammet.get_sigmoid *************** 
	 Bad.Boys.1995__#01-44-40_01-49-20_label_B2-G-B6.mp4  w/  48000 hZ 
	 0 0.00 
	 4000 166.67


	 p_es @ yammet (179, 521) @ 5.125504970550537 secs

***************** END yammet.get_sigmoid ********************
		-TP- Explosion: 0.8717
		CHECK

$$$$$$$$$$$$$$$$$$$$$$$$$$$$$$$$$$$$$$$$$$$$$$$$$$$$$$$$$$$$$$$$$$$$$$$$$$$$

		 v=XjFM_RswttU__#00-00-00_00-03-57_label_B4-0-0.mp4

************** START yammet.get_sigmoid *************** 
	 v=XjFM_RswttU__#00-00-00_00-03-57_label_B4-0-0.mp4  w/  44100 hZ 
	 0 0.00 
	 4000 166.67


	 p_es @ yammet (179, 521) @ 4.837982654571533 secs

***************** END yammet.get_sigmoid ********************
		-TP- Explosion: 0.5246
		CHECK

$$$$$$$$$$$$$$$$$$$$$$$$$$$$$$$$$$$$$$$$$$$$$$$$$$$$$$$$$$$$$$$$$$$$$$$$$$$$

		 v=K5ls-rAcaHs__#00-03-17_00-06-08_label_G-0-0.mp4

************** START yammet.get_sigmoid *************** 
	 v=K5ls-rAcaHs__#00-03-17_00-06-08_label_G-0-0.mp4  w/  44100 hZ 
	 0 0.00 
	 4000 166.67


	 p_es @ yammet (179, 521) @ 4.596044540405273 secs

***************** END yammet.get_sigmoid ********************
		-TP- Explosion: 0.7207
		CHECK

$$$$$$$$$$$$$$$$$$$$$$$$$$$$$$$$$$$$$$$$$$$$$$$$$$$$$$$$$$$$$$$$$$$$$$$$$$$$

		 v=aD0ipmvg8qU__#1_label_B1-0-0.mp4

************** START yammet.get_sigmoid *************** 
	 v=aD0ipmvg8qU__#1_label_B1-0-0.mp4  w/  44100 hZ 
	 0 0.00 
	 4000 166.67


	 p_es @ yammet (179, 521) @ 4.589187383651733 secs

***************** END yammet.get_sigmoid ********************

$$$$$$$$$$$$$$$$$$$$$$$$$$$$$$$$$$$$$$$$$$$$$$$$$$$$$$$$$$$$$$$$$$$$$$$$$$$$

		 v=n7WBshF9ihw__#1_label_G-0-0.mp4

************** START yammet.get_sigmoid *************** 
	 v=n7WBshF9ihw__#1_label_G-0-0.mp4  w/  44100 hZ 
	 0 0.00 
	 4000 166.67


	 p_es @ yammet (179, 521) @ 4.64821457862854 secs

***************** END yammet.get_sigmoid ********************
		-TP- Police car (siren): 0.5576
		CHECK

$$$$$$$$$$$$$$$$$$$$$$$$$$$$$$$$$$$$$$$$$$$$$$$$$$$$$$$$$$$$$$$$$$$$$$$$$$$$

		 v=DH-sUloTvG0__#1_label_B6-0-0.mp4

************** START yammet.get_sigmoid *************** 
	 v=DH-sUloTvG0__#1_label_B6-0-0.mp4  w/  44100 hZ 
	 0 0.00 
	 4000 166.67


	 p_es @ yammet (179, 521) @ 4.6182944774627686 secs

***************** END yammet.get_sigmoid ********************
		-TP- Explosion: 0.5174
		CHECK

$$$$$$$$$$$$$$$$$$$$$$$$$$$$$$$$$$$$$$$$$$$$$$$$$$$$$$$$$$$$$$$$$$$$$$$$$$$$

		 v=ZC0rczrqn5s__#00-08-06_00-13-43_label_B4-0-0.mp4

************** START yammet.get_sigmoid *************** 
	 v=ZC0rczrqn5s__#00-08-06_00-13-43_label_B4-0-0.mp4  w/  44100 hZ 
	 0 0.00 
	 4000 166.67


	 p_es @ yammet (179, 521) @ 4.264494180679321 secs

***************** END yammet.get_sigmoid ********************
		-TP- Explosion: 0.9576
		CHECK

$$$$$$$$$$$$$$$$$$$$$$$$$$$$$$$$$$$$$$$$$$$$$$$$$$$$$$$$$$$$$$$$$$$$$$$$$$$$

		 Haywire.2011__#01-11-54_01-15-57_label_B1-B2-0.mp4

************** START yammet.get_sigmoid *************** 
	 Haywire.2011__#01-11-54_01-15-57_label_B1-B2-0.mp4  w/  48000 hZ 
	 0 0.00 
	 4000 166.67


	 p_es @ yammet (179, 521) @ 5.055602550506592 secs

***************** END yammet.get_sigmoid ********************
		-TP- Explosion: 0.5214
		CHECK

$$$$$$$$$$$$$$$$$$$$$$$$$$$$$$$$$$$$$$$$$$$$$$$$$$$$$$$$$$$$$$$$$$$$$$$$$$$$

		 v=tWpXvUb6AJY__#1_label_B4-0-0.mp4

************** START yammet.get_sigmoid *************** 
	 v=tWpXvUb6AJY__#1_label_B4-0-0.mp4  w/  44100 hZ 
	 0 0.00 
	 4000 166.67


	 p_es @ yammet (179, 521) @ 4.837109565734863 secs

***************** END yammet.get_sigmoid ********************
		-TP- Police car (siren): 0.6144
		CHECK

$$$$$$$$$$$$$$$$$$$$$$$$$$$$$$$$$$$$$$$$$$$$$$$$$$$$$$$$$$$$$$$$$$$$$$$$$$$$

		 v=WO7xbZEsKvc__#1_label_B1-0-0.mp4

************** START yammet.get_sigmoid *************** 
	 v=WO7xbZEsKvc__#1_label_B1-0-0.mp4  w/  44100 hZ 
	 0 0.00 
	 4000 166.67


	 p_es @ yammet (179, 521) @ 4.649921655654907 secs

***************** END yammet.get_sigmoid ********************
		-TP- Siren: 0.8147
		CHECK

$$$$$$$$$$$$$$$$$$$$$$$$$$$$$$$$$$$$$$$$$$$$$$$$$$$$$$$$$$$$$$$$$$$$$$$$$$$$

		 v=xm1aLLUp4Fg__#1_label_B4-0-0.mp4

************** START yammet.get_sigmoid *************** 
	 v=xm1aLLUp4Fg__#1_label_B4-0-0.mp4  w/  44100 hZ 
	 0 0.00 
	 4000 166.67


	 p_es @ yammet (179, 521) @ 4.793810606002808 secs

***************** END yammet.get_sigmoid ********************
		-TP- Police car (siren): 0.7293
		CHECK

$$$$$$$$$$$$$$$$$$$$$$$$$$$$$$$$$$$$$$$$$$$$$$$$$$$$$$$$$$$$$$$$$$$$$$$$$$$$

		 v=7q46-34clh4__#1_label_B4-0-0.mp4

************** START yammet.get_sigmoid *************** 
	 v=7q46-34clh4__#1_label_B4-0-0.mp4  w/  44100 hZ 
	 0 0.00 
	 4000 166.67


	 p_es @ yammet (179, 521) @ 4.43288779258728 secs

***************** END yammet.get_sigmoid ********************

$$$$$$$$$$$$$$$$$$$$$$$$$$$$$$$$$$$$$$$$$$$$$$$$$$$$$$$$$$$$$$$$$$$$$$$$$$$$

		 v=LkkoipoWeSs__#00-00-00_00-02-57_label_B4-0-0.mp4

************** START yammet.get_sigmoid *************** 
	 v=LkkoipoWeSs__#00-00-00_00-02-57_label_B4-0-0.mp4  w/  44100 hZ 
	 0 0.00 
	 4000 166.67


	 p_es @ yammet (179, 521) @ 4.744096994400024 secs

***************** END yammet.get_sigmoid ********************

$$$$$$$$$$$$$$$$$$$$$$$$$$$$$$$$$$$$$$$$$$$$$$$$$$$$$$$$$$$$$$$$$$$$$$$$$$$$

		 v=rZ1TjA-2vXw__#1_label_B1-0-0.mp4

************** START yammet.get_sigmoid *************** 
	 v=rZ1TjA-2vXw__#1_label_B1-0-0.mp4  w/  44100 hZ 
	 0 0.00 
	 4000 166.67


	 p_es @ yammet (179, 521) @ 4.448131799697876 secs

***************** END yammet.get_sigmoid ********************
		-TP- Explosion: 0.6108
		CHECK

$$$$$$$$$$$$$$$$$$$$$$$$$$$$$$$$$$$$$$$$$$$$$$$$$$$$$$$$$$$$$$$$$$$$$$$$$$$$

		 Ip.Man.3.2015__#00-23-02_00-26-13_label_B1-0-0.mp4

************** START yammet.get_sigmoid *************** 
	 Ip.Man.3.2015__#00-23-02_00-26-13_label_B1-0-0.mp4  w/  48000 hZ 
	 0 0.00 
	 4000 166.67


	 p_es @ yammet (179, 521) @ 4.814754486083984 secs

***************** END yammet.get_sigmoid ********************
		-TP- Explosion: 0.5935
		CHECK

$$$$$$$$$$$$$$$$$$$$$$$$$$$$$$$$$$$$$$$$$$$$$$$$$$$$$$$$$$$$$$$$$$$$$$$$$$$$

		 v=WLwkmKBSMnA__#1_label_B1-0-0.mp4

************** START yammet.get_sigmoid *************** 
	 v=WLwkmKBSMnA__#1_label_B1-0-0.mp4  w/  44100 hZ 
	 0 0.00 
	 4000 166.67


	 p_es @ yammet (179, 521) @ 4.707029581069946 secs

***************** END yammet.get_sigmoid ********************

$$$$$$$$$$$$$$$$$$$$$$$$$$$$$$$$$$$$$$$$$$$$$$$$$$$$$$$$$$$$$$$$$$$$$$$$$$$$

		 v=Bmd8-_0HVNs__#1_label_B1-0-0.mp4

************** START yammet.get_sigmoid *************** 
	 v=Bmd8-_0HVNs__#1_label_B1-0-0.mp4  w/  44100 hZ 
	 0 0.00 
	 4000 166.67


	 p_es @ yammet (179, 521) @ 4.868928909301758 secs

***************** END yammet.get_sigmoid ********************

$$$$$$$$$$$$$$$$$$$$$$$$$$$$$$$$$$$$$$$$$$$$$$$$$$$$$$$$$$$$$$$$$$$$$$$$$$$$

		 v=4VzOUKODdZ4__#1_label_B4-0-0.mp4

************** START yammet.get_sigmoid *************** 
	 v=4VzOUKODdZ4__#1_label_B4-0-0.mp4  w/  44100 hZ 
	 0 0.00 
	 4000 166.67


	 p_es @ yammet (179, 521) @ 4.42380952835083 secs

***************** END yammet.get_sigmoid ********************
		-TP- Police car (siren): 0.7852
		CHECK

$$$$$$$$$$$$$$$$$$$$$$$$$$$$$$$$$$$$$$$$$$$$$$$$$$$$$$$$$$$$$$$$$$$$$$$$$$$$

		 v=zQNIOEOp63k__#1_label_B4-0-0.mp4

************** START yammet.get_sigmoid *************** 
	 v=zQNIOEOp63k__#1_label_B4-0-0.mp4  w/  44100 hZ 
	 0 0.00 
	 4000 166.67


	 p_es @ yammet (179, 521) @ 4.742999792098999 secs

***************** END yammet.get_sigmoid ********************
		-TP- Police car (siren): 0.7941
		CHECK

$$$$$$$$$$$$$$$$$$$$$$$$$$$$$$$$$$$$$$$$$$$$$$$$$$$$$$$$$$$$$$$$$$$$$$$$$$$$

		 v=fI-jlNqpCQ8__#1_label_G-0-0.mp4

************** START yammet.get_sigmoid *************** 
	 v=fI-jlNqpCQ8__#1_label_G-0-0.mp4  w/  44100 hZ 
	 0 0.00 
	 4000 166.67


	 p_es @ yammet (179, 521) @ 4.846318960189819 secs

***************** END yammet.get_sigmoid ********************

$$$$$$$$$$$$$$$$$$$$$$$$$$$$$$$$$$$$$$$$$$$$$$$$$$$$$$$$$$$$$$$$$$$$$$$$$$$$

		 v=IDiqhkK_ucw__#1_label_B4-0-0.mp4

************** START yammet.get_sigmoid *************** 
	 v=IDiqhkK_ucw__#1_label_B4-0-0.mp4  w/  44100 hZ 
	 0 0.00 
	 4000 166.67


	 p_es @ yammet (179, 521) @ 4.501202821731567 secs

***************** END yammet.get_sigmoid ********************

$$$$$$$$$$$$$$$$$$$$$$$$$$$$$$$$$$$$$$$$$$$$$$$$$$$$$$$$$$$$$$$$$$$$$$$$$$$$

		 v=V6lLCZbCQtk__#1_label_G-0-0.mp4

************** START yammet.get_sigmoid *************** 
	 v=V6lLCZbCQtk__#1_label_G-0-0.mp4  w/  44100 hZ 
	 0 0.00 
	 4000 166.67


	 p_es @ yammet (179, 521) @ 4.691373825073242 secs

***************** END yammet.get_sigmoid ********************

$$$$$$$$$$$$$$$$$$$$$$$$$$$$$$$$$$$$$$$$$$$$$$$$$$$$$$$$$$$$$$$$$$$$$$$$$$$$

		 Tropa.de.Elite.2.2010__#01-07-00_01-10-00_label_B2-B6-0.mp4

************** START yammet.get_sigmoid *************** 
	 Tropa.de.Elite.2.2010__#01-07-00_01-10-00_label_B2-B6-0.mp4  w/  48000 hZ 
	 0 0.00 
	 4000 166.67


	 p_es @ yammet (179, 521) @ 5.222106695175171 secs

***************** END yammet.get_sigmoid ********************
		-TP- Explosion: 0.9547
		CHECK

$$$$$$$$$$$$$$$$$$$$$$$$$$$$$$$$$$$$$$$$$$$$$$$$$$$$$$$$$$$$$$$$$$$$$$$$$$$$

		 v=7_1PfqGVSg0__#00-00-00_00-03-08_label_B2-G-0.mp4

************** START yammet.get_sigmoid *************** 
	 v=7_1PfqGVSg0__#00-00-00_00-03-08_label_B2-G-0.mp4  w/  44100 hZ 
	 0 0.00 
	 4000 166.67


	 p_es @ yammet (179, 521) @ 4.844417333602905 secs

***************** END yammet.get_sigmoid ********************
		-TP- Explosion: 0.9468
		CHECK

$$$$$$$$$$$$$$$$$$$$$$$$$$$$$$$$$$$$$$$$$$$$$$$$$$$$$$$$$$$$$$$$$$$$$$$$$$$$

		 v=CoxsDkB-rWU__#00-10-30_00-14-50_label_B4-0-0.mp4

************** START yammet.get_sigmoid *************** 
	 v=CoxsDkB-rWU__#00-10-30_00-14-50_label_B4-0-0.mp4  w/  44100 hZ 
	 0 0.00 
	 4000 166.67


	 p_es @ yammet (179, 521) @ 4.851392984390259 secs

***************** END yammet.get_sigmoid ********************
		-TP- Explosion: 0.7296
		CHECK

$$$$$$$$$$$$$$$$$$$$$$$$$$$$$$$$$$$$$$$$$$$$$$$$$$$$$$$$$$$$$$$$$$$$$$$$$$$$

		 Mission.Impossible.Fallout.2018__#01-29-00_01-31-50_label_B2-B1-0.mp4

************** START yammet.get_sigmoid *************** 
	 Mission.Impossible.Fallout.2018__#01-29-00_01-31-50_label_B2-B1-0.mp4  w/  48000 hZ 
	 0 0.00 
	 4000 166.67


	 p_es @ yammet (179, 521) @ 5.082019567489624 secs

***************** END yammet.get_sigmoid ********************
		-TP- Explosion: 0.9976
		CHECK

$$$$$$$$$$$$$$$$$$$$$$$$$$$$$$$$$$$$$$$$$$$$$$$$$$$$$$$$$$$$$$$$$$$$$$$$$$$$

		 Ip.Man.3.2015__#01-02-20_01-05-33_label_B1-0-0.mp4

************** START yammet.get_sigmoid *************** 
	 Ip.Man.3.2015__#01-02-20_01-05-33_label_B1-0-0.mp4  w/  48000 hZ 
	 0 0.00 
	 4000 166.67


	 p_es @ yammet (179, 521) @ 4.979385137557983 secs

***************** END yammet.get_sigmoid ********************
		-TP- Explosion: 0.6642
		CHECK

$$$$$$$$$$$$$$$$$$$$$$$$$$$$$$$$$$$$$$$$$$$$$$$$$$$$$$$$$$$$$$$$$$$$$$$$$$$$

		 v=CFfc4UWzVB8__#00-00-30_00-03-39_label_B4-0-0.mp4

************** START yammet.get_sigmoid *************** 
	 v=CFfc4UWzVB8__#00-00-30_00-03-39_label_B4-0-0.mp4  w/  44100 hZ 
	 0 0.00 
	 4000 166.67


	 p_es @ yammet (179, 521) @ 5.147752046585083 secs

***************** END yammet.get_sigmoid ********************

$$$$$$$$$$$$$$$$$$$$$$$$$$$$$$$$$$$$$$$$$$$$$$$$$$$$$$$$$$$$$$$$$$$$$$$$$$$$

		 v=hiHZWeeoEUg__#00-00-00_00-30-30_label_G-B2-0.mp4

************** START yammet.get_sigmoid *************** 
	 v=hiHZWeeoEUg__#00-00-00_00-30-30_label_G-B2-0.mp4  w/  44100 hZ 
	 0 0.00 
	 4000 166.67


	 p_es @ yammet (179, 521) @ 4.642748117446899 secs

***************** END yammet.get_sigmoid ********************
		-TP- Police car (siren): 0.4723
		CHECK

$$$$$$$$$$$$$$$$$$$$$$$$$$$$$$$$$$$$$$$$$$$$$$$$$$$$$$$$$$$$$$$$$$$$$$$$$$$$

		 v=DD3jfKr8e-k__#00-01-40_00-04-27_label_B4-0-0.mp4

************** START yammet.get_sigmoid *************** 
	 v=DD3jfKr8e-k__#00-01-40_00-04-27_label_B4-0-0.mp4  w/  44100 hZ 
	 0 0.00 
	 4000 166.67


	 p_es @ yammet (179, 521) @ 4.7022809982299805 secs

***************** END yammet.get_sigmoid ********************
		-TP- Ambulance (siren): 0.8800
		CHECK

$$$$$$$$$$$$$$$$$$$$$$$$$$$$$$$$$$$$$$$$$$$$$$$$$$$$$$$$$$$$$$$$$$$$$$$$$$$$

		 v=qmsQ-obL1Z4__#00-25-35_00-29-02_label_B6-0-0.mp4

************** START yammet.get_sigmoid *************** 
	 v=qmsQ-obL1Z4__#00-25-35_00-29-02_label_B6-0-0.mp4  w/  44100 hZ 
	 0 0.00 
	 4000 166.67


	 p_es @ yammet (179, 521) @ 4.777393817901611 secs

***************** END yammet.get_sigmoid ********************
		-TP- Police car (siren): 0.5807
		CHECK

$$$$$$$$$$$$$$$$$$$$$$$$$$$$$$$$$$$$$$$$$$$$$$$$$$$$$$$$$$$$$$$$$$$$$$$$$$$$

		 v=UxoL8tHSa7g__#1_label_B4-0-0.mp4

************** START yammet.get_sigmoid *************** 
	 v=UxoL8tHSa7g__#1_label_B4-0-0.mp4  w/  44100 hZ 
	 0 0.00 
	 4000 166.67


	 p_es @ yammet (179, 521) @ 4.594749689102173 secs

***************** END yammet.get_sigmoid ********************

$$$$$$$$$$$$$$$$$$$$$$$$$$$$$$$$$$$$$$$$$$$$$$$$$$$$$$$$$$$$$$$$$$$$$$$$$$$$

		 v=9hbxsGFK4I4__#1_label_B4-0-0.mp4

************** START yammet.get_sigmoid *************** 
	 v=9hbxsGFK4I4__#1_label_B4-0-0.mp4  w/  44100 hZ 
	 0 0.00 
	 4000 166.67


	 p_es @ yammet (179, 521) @ 4.636274814605713 secs

***************** END yammet.get_sigmoid ********************

$$$$$$$$$$$$$$$$$$$$$$$$$$$$$$$$$$$$$$$$$$$$$$$$$$$$$$$$$$$$$$$$$$$$$$$$$$$$

		 v=aQ3qMpgZjwg__#00-05-18_00-09-13_label_B4-0-0.mp4

************** START yammet.get_sigmoid *************** 
	 v=aQ3qMpgZjwg__#00-05-18_00-09-13_label_B4-0-0.mp4  w/  44100 hZ 
	 0 0.00 
	 4000 166.67


	 p_es @ yammet (179, 521) @ 4.656698942184448 secs

***************** END yammet.get_sigmoid ********************

$$$$$$$$$$$$$$$$$$$$$$$$$$$$$$$$$$$$$$$$$$$$$$$$$$$$$$$$$$$$$$$$$$$$$$$$$$$$

		 v=d42_ffkgAhw__#1_label_B4-0-0.mp4

************** START yammet.get_sigmoid *************** 
	 v=d42_ffkgAhw__#1_label_B4-0-0.mp4  w/  44100 hZ 
	 0 0.00 
	 4000 166.67


	 p_es @ yammet (179, 521) @ 4.911617279052734 secs

***************** END yammet.get_sigmoid ********************
		-TP- Ambulance (siren): 0.5265
		CHECK

$$$$$$$$$$$$$$$$$$$$$$$$$$$$$$$$$$$$$$$$$$$$$$$$$$$$$$$$$$$$$$$$$$$$$$$$$$$$

		 v=LkkoipoWeSs__#00-08-16_00-13-14_label_B4-0-0.mp4

************** START yammet.get_sigmoid *************** 
	 v=LkkoipoWeSs__#00-08-16_00-13-14_label_B4-0-0.mp4  w/  44100 hZ 
	 0 0.00 
	 4000 166.67


	 p_es @ yammet (179, 521) @ 4.379150629043579 secs

***************** END yammet.get_sigmoid ********************
		-TP- Siren: 0.9632
		CHECK

$$$$$$$$$$$$$$$$$$$$$$$$$$$$$$$$$$$$$$$$$$$$$$$$$$$$$$$$$$$$$$$$$$$$$$$$$$$$

		 Saving.Private.Ryan.1998__#00-05-56_00-09-23_label_B2-G-0.mp4

************** START yammet.get_sigmoid *************** 
	 Saving.Private.Ryan.1998__#00-05-56_00-09-23_label_B2-G-0.mp4  w/  48000 hZ 
	 0 0.00 
	 4000 166.67


	 p_es @ yammet (179, 521) @ 5.161691427230835 secs

***************** END yammet.get_sigmoid ********************
		-TP- Explosion: 0.9696
		CHECK

$$$$$$$$$$$$$$$$$$$$$$$$$$$$$$$$$$$$$$$$$$$$$$$$$$$$$$$$$$$$$$$$$$$$$$$$$$$$

		 Love.Death.and.Robots.S01E13__#0-07-49_0-11-46_label_B2-G-0.mp4

************** START yammet.get_sigmoid *************** 
	 Love.Death.and.Robots.S01E13__#0-07-49_0-11-46_label_B2-G-0.mp4  w/  48000 hZ 
	 0 0.00 
	 4000 166.67


	 p_es @ yammet (179, 521) @ 4.980197429656982 secs

***************** END yammet.get_sigmoid ********************
		-TP- Explosion: 0.7807
		CHECK

$$$$$$$$$$$$$$$$$$$$$$$$$$$$$$$$$$$$$$$$$$$$$$$$$$$$$$$$$$$$$$$$$$$$$$$$$$$$

		 v=txpfvf01Ojc__#00-00-00_00-04-07_label_B1-0-0.mp4

************** START yammet.get_sigmoid *************** 
	 v=txpfvf01Ojc__#00-00-00_00-04-07_label_B1-0-0.mp4  w/  44100 hZ 
	 0 0.00 
	 4000 166.67


	 p_es @ yammet (179, 521) @ 4.757140636444092 secs

***************** END yammet.get_sigmoid ********************

$$$$$$$$$$$$$$$$$$$$$$$$$$$$$$$$$$$$$$$$$$$$$$$$$$$$$$$$$$$$$$$$$$$$$$$$$$$$

		 v=PQnFFCyJ3Eo__#00-12-13_00-16-48_label_B4-0-0.mp4

************** START yammet.get_sigmoid *************** 
	 v=PQnFFCyJ3Eo__#00-12-13_00-16-48_label_B4-0-0.mp4  w/  44100 hZ 
	 0 0.00 
	 4000 166.67


	 p_es @ yammet (179, 521) @ 4.65985107421875 secs

***************** END yammet.get_sigmoid ********************
		-TP- Ambulance (siren): 0.4851
		CHECK

$$$$$$$$$$$$$$$$$$$$$$$$$$$$$$$$$$$$$$$$$$$$$$$$$$$$$$$$$$$$$$$$$$$$$$$$$$$$

		 v=7WO1qIXLan4__#1_label_B1-0-0.mp4

************** START yammet.get_sigmoid *************** 
	 v=7WO1qIXLan4__#1_label_B1-0-0.mp4  w/  44100 hZ 
	 0 0.00 
	 4000 166.67


	 p_es @ yammet (179, 521) @ 4.718394756317139 secs

***************** END yammet.get_sigmoid ********************

$$$$$$$$$$$$$$$$$$$$$$$$$$$$$$$$$$$$$$$$$$$$$$$$$$$$$$$$$$$$$$$$$$$$$$$$$$$$

		 IP.Man.2.2010__#00-22-00_00-26-30_label_B1-0-0.mp4

************** START yammet.get_sigmoid *************** 
	 IP.Man.2.2010__#00-22-00_00-26-30_label_B1-0-0.mp4  w/  48000 hZ 
	 0 0.00 
	 4000 166.67


	 p_es @ yammet (179, 521) @ 5.102851629257202 secs

***************** END yammet.get_sigmoid ********************
		-TP- Explosion: 0.7895
		CHECK

$$$$$$$$$$$$$$$$$$$$$$$$$$$$$$$$$$$$$$$$$$$$$$$$$$$$$$$$$$$$$$$$$$$$$$$$$$$$

		 v=736O4Hz4Nk4__#1_label_G-0-0.mp4

************** START yammet.get_sigmoid *************** 
	 v=736O4Hz4Nk4__#1_label_G-0-0.mp4  w/  44100 hZ 
	 0 0.00 
	 4000 166.67


	 p_es @ yammet (179, 521) @ 4.807228326797485 secs

***************** END yammet.get_sigmoid ********************
		-TP- Explosion: 0.7939
		CHECK

$$$$$$$$$$$$$$$$$$$$$$$$$$$$$$$$$$$$$$$$$$$$$$$$$$$$$$$$$$$$$$$$$$$$$$$$$$$$

		 v=h4DJWJs4mDw__#1_label_B1-0-0.mp4

************** START yammet.get_sigmoid *************** 
	 v=h4DJWJs4mDw__#1_label_B1-0-0.mp4  w/  44100 hZ 
	 0 0.00 
	 4000 166.67


	 p_es @ yammet (179, 521) @ 4.514796257019043 secs

***************** END yammet.get_sigmoid ********************

$$$$$$$$$$$$$$$$$$$$$$$$$$$$$$$$$$$$$$$$$$$$$$$$$$$$$$$$$$$$$$$$$$$$$$$$$$$$

		 v=aDupD4_oWOk__#1_label_B4-0-0.mp4

************** START yammet.get_sigmoid *************** 
	 v=aDupD4_oWOk__#1_label_B4-0-0.mp4  w/  44100 hZ 
	 0 0.00 
	 4000 166.67


	 p_es @ yammet (179, 521) @ 4.582145690917969 secs

***************** END yammet.get_sigmoid ********************

$$$$$$$$$$$$$$$$$$$$$$$$$$$$$$$$$$$$$$$$$$$$$$$$$$$$$$$$$$$$$$$$$$$$$$$$$$$$

		 v=_BvlwaTU16c__#1_label_B1-0-0.mp4

************** START yammet.get_sigmoid *************** 
	 v=_BvlwaTU16c__#1_label_B1-0-0.mp4  w/  44100 hZ 
	 0 0.00 
	 4000 166.67


	 p_es @ yammet (179, 521) @ 4.630273342132568 secs

***************** END yammet.get_sigmoid ********************

$$$$$$$$$$$$$$$$$$$$$$$$$$$$$$$$$$$$$$$$$$$$$$$$$$$$$$$$$$$$$$$$$$$$$$$$$$$$

		 v=k0dMU2R-f-c__#1_label_G-0-0.mp4

************** START yammet.get_sigmoid *************** 
	 v=k0dMU2R-f-c__#1_label_G-0-0.mp4  w/  44100 hZ 
	 0 0.00 
	 4000 166.67


	 p_es @ yammet (179, 521) @ 4.59392237663269 secs

***************** END yammet.get_sigmoid ********************
		-TP- Explosion: 0.9985
		CHECK

$$$$$$$$$$$$$$$$$$$$$$$$$$$$$$$$$$$$$$$$$$$$$$$$$$$$$$$$$$$$$$$$$$$$$$$$$$$$

		 Fury.2014__#01-42-02_01-47-12_label_B2-G-0.mp4

************** START yammet.get_sigmoid *************** 
	 Fury.2014__#01-42-02_01-47-12_label_B2-G-0.mp4  w/  48000 hZ 
	 0 0.00 
	 4000 166.67


	 p_es @ yammet (179, 521) @ 5.20780873298645 secs

***************** END yammet.get_sigmoid ********************
		-TP- Explosion: 0.8590
		CHECK

$$$$$$$$$$$$$$$$$$$$$$$$$$$$$$$$$$$$$$$$$$$$$$$$$$$$$$$$$$$$$$$$$$$$$$$$$$$$

		 v=ZC0rczrqn5s__#00-00-00_00-04-57_label_B4-0-0.mp4

************** START yammet.get_sigmoid *************** 
	 v=ZC0rczrqn5s__#00-00-00_00-04-57_label_B4-0-0.mp4  w/  44100 hZ 
	 0 0.00 
	 4000 166.67


	 p_es @ yammet (179, 521) @ 5.0967442989349365 secs

***************** END yammet.get_sigmoid ********************
		-TP- Ambulance (siren): 0.8697
		CHECK

$$$$$$$$$$$$$$$$$$$$$$$$$$$$$$$$$$$$$$$$$$$$$$$$$$$$$$$$$$$$$$$$$$$$$$$$$$$$

		 v=uBXprlsmd18__#00-16-10_00-20-09_label_B6-0-0.mp4

************** START yammet.get_sigmoid *************** 
	 v=uBXprlsmd18__#00-16-10_00-20-09_label_B6-0-0.mp4  w/  44100 hZ 
	 0 0.00 
	 4000 166.67


	 p_es @ yammet (179, 521) @ 4.789537191390991 secs

***************** END yammet.get_sigmoid ********************

$$$$$$$$$$$$$$$$$$$$$$$$$$$$$$$$$$$$$$$$$$$$$$$$$$$$$$$$$$$$$$$$$$$$$$$$$$$$

		 v=wXjRmA91RGo__#1_label_B1-0-0.mp4

************** START yammet.get_sigmoid *************** 
	 v=wXjRmA91RGo__#1_label_B1-0-0.mp4  w/  44100 hZ 
	 0 0.00 
	 4000 166.67


	 p_es @ yammet (179, 521) @ 4.56130313873291 secs

***************** END yammet.get_sigmoid ********************

$$$$$$$$$$$$$$$$$$$$$$$$$$$$$$$$$$$$$$$$$$$$$$$$$$$$$$$$$$$$$$$$$$$$$$$$$$$$

		 Shoot.Em.Up.2007__#00-02-08_00-05-45_label_B2-0-0.mp4

************** START yammet.get_sigmoid *************** 
	 Shoot.Em.Up.2007__#00-02-08_00-05-45_label_B2-0-0.mp4  w/  48000 hZ 
	 0 0.00 
	 4000 166.67


	 p_es @ yammet (179, 521) @ 5.109554767608643 secs

***************** END yammet.get_sigmoid ********************
		-TP- Explosion: 0.7278
		CHECK

$$$$$$$$$$$$$$$$$$$$$$$$$$$$$$$$$$$$$$$$$$$$$$$$$$$$$$$$$$$$$$$$$$$$$$$$$$$$

		 v=bQ9opSpgDd4__#1_label_B4-0-0.mp4

************** START yammet.get_sigmoid *************** 
	 v=bQ9opSpgDd4__#1_label_B4-0-0.mp4  w/  44100 hZ 
	 0 0.00 
	 4000 166.67


	 p_es @ yammet (179, 521) @ 4.749297142028809 secs

***************** END yammet.get_sigmoid ********************

$$$$$$$$$$$$$$$$$$$$$$$$$$$$$$$$$$$$$$$$$$$$$$$$$$$$$$$$$$$$$$$$$$$$$$$$$$$$

		 v=oAQtabmrV7Q__#1_label_B1-0-0.mp4

************** START yammet.get_sigmoid *************** 
	 v=oAQtabmrV7Q__#1_label_B1-0-0.mp4  w/  44100 hZ 
	 0 0.00 
	 4000 166.67


	 p_es @ yammet (179, 521) @ 4.717904329299927 secs

***************** END yammet.get_sigmoid ********************

$$$$$$$$$$$$$$$$$$$$$$$$$$$$$$$$$$$$$$$$$$$$$$$$$$$$$$$$$$$$$$$$$$$$$$$$$$$$

		 v=XB4wO2YEEK8__#1_label_B1-0-0.mp4

************** START yammet.get_sigmoid *************** 
	 v=XB4wO2YEEK8__#1_label_B1-0-0.mp4  w/  44100 hZ 
	 0 0.00 
	 4000 166.67


	 p_es @ yammet (179, 521) @ 4.493830919265747 secs

***************** END yammet.get_sigmoid ********************

$$$$$$$$$$$$$$$$$$$$$$$$$$$$$$$$$$$$$$$$$$$$$$$$$$$$$$$$$$$$$$$$$$$$$$$$$$$$

		 v=qmsQ-obL1Z4__#00-09-20_00-13-00_label_B6-0-0.mp4

************** START yammet.get_sigmoid *************** 
	 v=qmsQ-obL1Z4__#00-09-20_00-13-00_label_B6-0-0.mp4  w/  44100 hZ 
	 0 0.00 
	 4000 166.67


	 p_es @ yammet (179, 521) @ 4.558307647705078 secs

***************** END yammet.get_sigmoid ********************
		-TP- Police car (siren): 0.5699
		CHECK

$$$$$$$$$$$$$$$$$$$$$$$$$$$$$$$$$$$$$$$$$$$$$$$$$$$$$$$$$$$$$$$$$$$$$$$$$$$$

		 v=XjuvJ6in9kk__#1_label_B4-0-0.mp4

************** START yammet.get_sigmoid *************** 
	 v=XjuvJ6in9kk__#1_label_B4-0-0.mp4  w/  44100 hZ 
	 0 0.00 
	 4000 166.67


	 p_es @ yammet (179, 521) @ 4.659536123275757 secs

***************** END yammet.get_sigmoid ********************

$$$$$$$$$$$$$$$$$$$$$$$$$$$$$$$$$$$$$$$$$$$$$$$$$$$$$$$$$$$$$$$$$$$$$$$$$$$$

		 Casino.Royale.2006__#02-10-15_02-14-15_label_B2-B1-0.mp4

************** START yammet.get_sigmoid *************** 
	 Casino.Royale.2006__#02-10-15_02-14-15_label_B2-B1-0.mp4  w/  48000 hZ 
	 0 0.00 
	 4000 166.67


	 p_es @ yammet (179, 521) @ 5.160181283950806 secs

***************** END yammet.get_sigmoid ********************
		-TP- Siren: 0.7640
		CHECK

$$$$$$$$$$$$$$$$$$$$$$$$$$$$$$$$$$$$$$$$$$$$$$$$$$$$$$$$$$$$$$$$$$$$$$$$$$$$

		 v=XjFM_RswttU__#00-06-06_00-10-36_label_B4-0-0.mp4

************** START yammet.get_sigmoid *************** 
	 v=XjFM_RswttU__#00-06-06_00-10-36_label_B4-0-0.mp4  w/  44100 hZ 
	 0 0.00 
	 4000 166.67


	 p_es @ yammet (179, 521) @ 4.564829349517822 secs

***************** END yammet.get_sigmoid ********************

$$$$$$$$$$$$$$$$$$$$$$$$$$$$$$$$$$$$$$$$$$$$$$$$$$$$$$$$$$$$$$$$$$$$$$$$$$$$

		 v=lLgc2zFoVmE__#1_label_B4-0-0.mp4

************** START yammet.get_sigmoid *************** 
	 v=lLgc2zFoVmE__#1_label_B4-0-0.mp4  w/  44100 hZ 
	 0 0.00 
	 4000 166.67


	 p_es @ yammet (179, 521) @ 4.582224130630493 secs

***************** END yammet.get_sigmoid ********************

$$$$$$$$$$$$$$$$$$$$$$$$$$$$$$$$$$$$$$$$$$$$$$$$$$$$$$$$$$$$$$$$$$$$$$$$$$$$

		 v=y8lB9ThlZLg__#1_label_B4-0-0.mp4

************** START yammet.get_sigmoid *************** 
	 v=y8lB9ThlZLg__#1_label_B4-0-0.mp4  w/  44100 hZ 
	 0 0.00 
	 4000 166.67


	 p_es @ yammet (179, 521) @ 4.687979459762573 secs

***************** END yammet.get_sigmoid ********************

$$$$$$$$$$$$$$$$$$$$$$$$$$$$$$$$$$$$$$$$$$$$$$$$$$$$$$$$$$$$$$$$$$$$$$$$$$$$

		 v=KeJw6U9_VeY__#1_label_B4-0-0.mp4

************** START yammet.get_sigmoid *************** 
	 v=KeJw6U9_VeY__#1_label_B4-0-0.mp4  w/  44100 hZ 
	 0 0.00 
	 4000 166.67


	 p_es @ yammet (179, 521) @ 4.721118927001953 secs

***************** END yammet.get_sigmoid ********************

$$$$$$$$$$$$$$$$$$$$$$$$$$$$$$$$$$$$$$$$$$$$$$$$$$$$$$$$$$$$$$$$$$$$$$$$$$$$

		 v=_VaFbCLoh_A__#1_label_G-0-0.mp4

************** START yammet.get_sigmoid *************** 
	 v=_VaFbCLoh_A__#1_label_G-0-0.mp4  w/  44100 hZ 
	 0 0.00 
	 4000 166.67


	 p_es @ yammet (179, 521) @ 4.345593690872192 secs

***************** END yammet.get_sigmoid ********************

$$$$$$$$$$$$$$$$$$$$$$$$$$$$$$$$$$$$$$$$$$$$$$$$$$$$$$$$$$$$$$$$$$$$$$$$$$$$

		 v=Tlx-XRyAgnM__#00-13-26_00-16-43_label_B4-0-0.mp4

************** START yammet.get_sigmoid *************** 
	 v=Tlx-XRyAgnM__#00-13-26_00-16-43_label_B4-0-0.mp4  w/  44100 hZ 
	 0 0.00 
	 4000 166.67


	 p_es @ yammet (179, 521) @ 4.498392343521118 secs

***************** END yammet.get_sigmoid ********************
		-TP- Explosion: 0.5300
		CHECK

$$$$$$$$$$$$$$$$$$$$$$$$$$$$$$$$$$$$$$$$$$$$$$$$$$$$$$$$$$$$$$$$$$$$$$$$$$$$

		 v=qYGIqrHVxMc__#1_label_B1-0-0.mp4

************** START yammet.get_sigmoid *************** 
	 v=qYGIqrHVxMc__#1_label_B1-0-0.mp4  w/  44100 hZ 
	 0 0.00 
	 4000 166.67


	 p_es @ yammet (179, 521) @ 4.633530616760254 secs

***************** END yammet.get_sigmoid ********************
		-TP- Siren: 0.8781
		CHECK

$$$$$$$$$$$$$$$$$$$$$$$$$$$$$$$$$$$$$$$$$$$$$$$$$$$$$$$$$$$$$$$$$$$$$$$$$$$$

		 Kill.Bill.Vol.1.2003__#01-31-04_01-34-11_label_B1-0-0.mp4

************** START yammet.get_sigmoid *************** 
	 Kill.Bill.Vol.1.2003__#01-31-04_01-34-11_label_B1-0-0.mp4  w/  48000 hZ 
	 0 0.00 
	 4000 166.67


	 p_es @ yammet (179, 521) @ 5.366903305053711 secs

***************** END yammet.get_sigmoid ********************

$$$$$$$$$$$$$$$$$$$$$$$$$$$$$$$$$$$$$$$$$$$$$$$$$$$$$$$$$$$$$$$$$$$$$$$$$$$$

		 v=vM1c_58e6jk__#1_label_B4-0-0.mp4

************** START yammet.get_sigmoid *************** 
	 v=vM1c_58e6jk__#1_label_B4-0-0.mp4  w/  44100 hZ 
	 0 0.00 
	 4000 166.67


	 p_es @ yammet (179, 521) @ 4.797331809997559 secs

***************** END yammet.get_sigmoid ********************

$$$$$$$$$$$$$$$$$$$$$$$$$$$$$$$$$$$$$$$$$$$$$$$$$$$$$$$$$$$$$$$$$$$$$$$$$$$$

		 v=W7FVRlyw6Dg__#1_label_B4-0-0.mp4

************** START yammet.get_sigmoid *************** 
	 v=W7FVRlyw6Dg__#1_label_B4-0-0.mp4  w/  44100 hZ 
	 0 0.00 
	 4000 166.67


	 p_es @ yammet (179, 521) @ 4.539837121963501 secs

***************** END yammet.get_sigmoid ********************

$$$$$$$$$$$$$$$$$$$$$$$$$$$$$$$$$$$$$$$$$$$$$$$$$$$$$$$$$$$$$$$$$$$$$$$$$$$$

		 v=x_Uc50OGPw4__#1_label_B6-0-0.mp4

************** START yammet.get_sigmoid *************** 
	 v=x_Uc50OGPw4__#1_label_B6-0-0.mp4  w/  44100 hZ 
	 0 0.00 
	 4000 166.67


	 p_es @ yammet (179, 521) @ 4.809957027435303 secs

***************** END yammet.get_sigmoid ********************
		-TP- Explosion: 0.4380
		CHECK

$$$$$$$$$$$$$$$$$$$$$$$$$$$$$$$$$$$$$$$$$$$$$$$$$$$$$$$$$$$$$$$$$$$$$$$$$$$$

		 v=rVZxrx_qxgA__#00-06-32_00-09-55_label_B4-0-0.mp4

************** START yammet.get_sigmoid *************** 
	 v=rVZxrx_qxgA__#00-06-32_00-09-55_label_B4-0-0.mp4  w/  44100 hZ 
	 0 0.00 
	 4000 166.67


	 p_es @ yammet (179, 521) @ 4.530720233917236 secs

***************** END yammet.get_sigmoid ********************

$$$$$$$$$$$$$$$$$$$$$$$$$$$$$$$$$$$$$$$$$$$$$$$$$$$$$$$$$$$$$$$$$$$$$$$$$$$$

		 Death.Proof.2007__#01-32-22_01-37-50_label_B6-0-0.mp4

************** START yammet.get_sigmoid *************** 
	 Death.Proof.2007__#01-32-22_01-37-50_label_B6-0-0.mp4  w/  48000 hZ 
	 0 0.00 
	 4000 166.67


	 p_es @ yammet (179, 521) @ 5.347503185272217 secs

***************** END yammet.get_sigmoid ********************

$$$$$$$$$$$$$$$$$$$$$$$$$$$$$$$$$$$$$$$$$$$$$$$$$$$$$$$$$$$$$$$$$$$$$$$$$$$$

		 Young.And.Dangerous.III.1996__#01-12-20_01-15-30_label_B1-0-0.mp4

************** START yammet.get_sigmoid *************** 
	 Young.And.Dangerous.III.1996__#01-12-20_01-15-30_label_B1-0-0.mp4  w/  48000 hZ 
	 0 0.00 
	 4000 166.67


	 p_es @ yammet (179, 521) @ 4.990929126739502 secs

***************** END yammet.get_sigmoid ********************

$$$$$$$$$$$$$$$$$$$$$$$$$$$$$$$$$$$$$$$$$$$$$$$$$$$$$$$$$$$$$$$$$$$$$$$$$$$$

		 The.Bourne.Supremacy.2004__#01-28-07_01-33-16_label_B6-B2-0.mp4

************** START yammet.get_sigmoid *************** 
	 The.Bourne.Supremacy.2004__#01-28-07_01-33-16_label_B6-B2-0.mp4  w/  48000 hZ 
	 0 0.00 
	 4000 166.67


	 p_es @ yammet (179, 521) @ 5.00413179397583 secs

***************** END yammet.get_sigmoid ********************
		-TP- Fire engine, fire truck (siren): 0.5026
		CHECK

$$$$$$$$$$$$$$$$$$$$$$$$$$$$$$$$$$$$$$$$$$$$$$$$$$$$$$$$$$$$$$$$$$$$$$$$$$$$

		 v=iTvBb-HRbKs__#1_label_B1-0-0.mp4

************** START yammet.get_sigmoid *************** 
	 v=iTvBb-HRbKs__#1_label_B1-0-0.mp4  w/  44100 hZ 
	 0 0.00 
	 4000 166.67


	 p_es @ yammet (179, 521) @ 4.573807239532471 secs

***************** END yammet.get_sigmoid ********************

$$$$$$$$$$$$$$$$$$$$$$$$$$$$$$$$$$$$$$$$$$$$$$$$$$$$$$$$$$$$$$$$$$$$$$$$$$$$

		 Fury.2014__#00-31-22_00-35-11_label_B2-G-0.mp4

************** START yammet.get_sigmoid *************** 
	 Fury.2014__#00-31-22_00-35-11_label_B2-G-0.mp4  w/  48000 hZ 
	 0 0.00 
	 4000 166.67


	 p_es @ yammet (179, 521) @ 5.030218124389648 secs

***************** END yammet.get_sigmoid ********************
		-TP- Explosion: 0.9798
		CHECK

$$$$$$$$$$$$$$$$$$$$$$$$$$$$$$$$$$$$$$$$$$$$$$$$$$$$$$$$$$$$$$$$$$$$$$$$$$$$

		 Kingsman.The.Golden.Circle.2017__#01-52-11_01-55-03_label_B1-B2-G.mp4

************** START yammet.get_sigmoid *************** 
	 Kingsman.The.Golden.Circle.2017__#01-52-11_01-55-03_label_B1-B2-G.mp4  w/  48000 hZ 
	 0 0.00 
	 4000 166.67


	 p_es @ yammet (179, 521) @ 4.832237482070923 secs

***************** END yammet.get_sigmoid ********************
		-TP- Gunshot, gunfire: 0.4920
		CHECK

$$$$$$$$$$$$$$$$$$$$$$$$$$$$$$$$$$$$$$$$$$$$$$$$$$$$$$$$$$$$$$$$$$$$$$$$$$$$

		 Desperado.1995__#01-27-37_01-31-55_label_B2-G-0.mp4

************** START yammet.get_sigmoid *************** 
	 Desperado.1995__#01-27-37_01-31-55_label_B2-G-0.mp4  w/  48000 hZ 
	 0 0.00 
	 4000 166.67


	 p_es @ yammet (179, 521) @ 5.096868991851807 secs

***************** END yammet.get_sigmoid ********************
		-TP- Explosion: 0.9868
		CHECK

$$$$$$$$$$$$$$$$$$$$$$$$$$$$$$$$$$$$$$$$$$$$$$$$$$$$$$$$$$$$$$$$$$$$$$$$$$$$

		 v=3ve0JjM4NnA__#00-04-43_00-09-03_label_B1-0-0.mp4

************** START yammet.get_sigmoid *************** 
	 v=3ve0JjM4NnA__#00-04-43_00-09-03_label_B1-0-0.mp4  w/  44100 hZ 
	 0 0.00 
	 4000 166.67


	 p_es @ yammet (179, 521) @ 4.5813987255096436 secs

***************** END yammet.get_sigmoid ********************

$$$$$$$$$$$$$$$$$$$$$$$$$$$$$$$$$$$$$$$$$$$$$$$$$$$$$$$$$$$$$$$$$$$$$$$$$$$$

		 Bad.Boys.II.2003__#02-07-07_02-12-05_label_B2-G-0.mp4

************** START yammet.get_sigmoid *************** 
	 Bad.Boys.II.2003__#02-07-07_02-12-05_label_B2-G-0.mp4  w/  48000 hZ 
	 0 0.00 
	 4000 166.67


	 p_es @ yammet (179, 521) @ 4.954316854476929 secs

***************** END yammet.get_sigmoid ********************
		-TP- Explosion: 0.9944
		CHECK

$$$$$$$$$$$$$$$$$$$$$$$$$$$$$$$$$$$$$$$$$$$$$$$$$$$$$$$$$$$$$$$$$$$$$$$$$$$$

		 v=idBwMN0E9Qg__#00-00-00_00-05-30_label_B4-0-0.mp4

************** START yammet.get_sigmoid *************** 
	 v=idBwMN0E9Qg__#00-00-00_00-05-30_label_B4-0-0.mp4  w/  44100 hZ 
	 0 0.00 
	 4000 166.67


	 p_es @ yammet (179, 521) @ 4.6001012325286865 secs

***************** END yammet.get_sigmoid ********************
		-TP- Police car (siren): 0.8695
		CHECK

$$$$$$$$$$$$$$$$$$$$$$$$$$$$$$$$$$$$$$$$$$$$$$$$$$$$$$$$$$$$$$$$$$$$$$$$$$$$

		 v=V-87Zz7xbSA__#1_label_B4-0-0.mp4

************** START yammet.get_sigmoid *************** 
	 v=V-87Zz7xbSA__#1_label_B4-0-0.mp4  w/  44100 hZ 
	 0 0.00 
	 4000 166.67


	 p_es @ yammet (179, 521) @ 4.7130749225616455 secs

***************** END yammet.get_sigmoid ********************
		-TP- Fire alarm: 0.4983
		CHECK

$$$$$$$$$$$$$$$$$$$$$$$$$$$$$$$$$$$$$$$$$$$$$$$$$$$$$$$$$$$$$$$$$$$$$$$$$$$$

		 v=I6lFieHFSgw__#1_label_B1-0-0.mp4

************** START yammet.get_sigmoid *************** 
	 v=I6lFieHFSgw__#1_label_B1-0-0.mp4  w/  44100 hZ 
	 0 0.00 
	 4000 166.67


	 p_es @ yammet (179, 521) @ 4.872177600860596 secs

***************** END yammet.get_sigmoid ********************

$$$$$$$$$$$$$$$$$$$$$$$$$$$$$$$$$$$$$$$$$$$$$$$$$$$$$$$$$$$$$$$$$$$$$$$$$$$$

		 Bullet.in.the.Head.1990__#01-28-30_01-33-00_label_B2-G-0.mp4

************** START yammet.get_sigmoid *************** 
	 Bullet.in.the.Head.1990__#01-28-30_01-33-00_label_B2-G-0.mp4  w/  48000 hZ 
	 0 0.00 
	 4000 166.67


	 p_es @ yammet (179, 521) @ 4.747575283050537 secs

***************** END yammet.get_sigmoid ********************
		-TP- Explosion: 0.9467
		CHECK

$$$$$$$$$$$$$$$$$$$$$$$$$$$$$$$$$$$$$$$$$$$$$$$$$$$$$$$$$$$$$$$$$$$$$$$$$$$$

		 Love.Death.and.Robots.S01E04__#00-06-28_00-10-33_label_G-B2-0.mp4

************** START yammet.get_sigmoid *************** 
	 Love.Death.and.Robots.S01E04__#00-06-28_00-10-33_label_G-B2-0.mp4  w/  48000 hZ 
	 0 0.00 
	 4000 166.67


	 p_es @ yammet (179, 521) @ 5.449539422988892 secs

***************** END yammet.get_sigmoid ********************

$$$$$$$$$$$$$$$$$$$$$$$$$$$$$$$$$$$$$$$$$$$$$$$$$$$$$$$$$$$$$$$$$$$$$$$$$$$$

		 v=J9HSUXaCjBU__#1_label_B1-0-0.mp4

************** START yammet.get_sigmoid *************** 
	 v=J9HSUXaCjBU__#1_label_B1-0-0.mp4  w/  44100 hZ 
	 0 0.00 
	 4000 166.67


	 p_es @ yammet (179, 521) @ 4.582781553268433 secs

***************** END yammet.get_sigmoid ********************

$$$$$$$$$$$$$$$$$$$$$$$$$$$$$$$$$$$$$$$$$$$$$$$$$$$$$$$$$$$$$$$$$$$$$$$$$$$$

		 v=aQ3qMpgZjwg__#00-01-48_00-05-18_label_B4-0-0.mp4

************** START yammet.get_sigmoid *************** 
	 v=aQ3qMpgZjwg__#00-01-48_00-05-18_label_B4-0-0.mp4  w/  44100 hZ 
	 0 0.00 
	 4000 166.67


	 p_es @ yammet (179, 521) @ 4.70676326751709 secs

***************** END yammet.get_sigmoid ********************

$$$$$$$$$$$$$$$$$$$$$$$$$$$$$$$$$$$$$$$$$$$$$$$$$$$$$$$$$$$$$$$$$$$$$$$$$$$$

		 v=P9FLQxMYiI4__#1_label_B4-0-0.mp4

************** START yammet.get_sigmoid *************** 
	 v=P9FLQxMYiI4__#1_label_B4-0-0.mp4  w/  44100 hZ 
	 0 0.00 
	 4000 166.67


	 p_es @ yammet (179, 521) @ 4.639641761779785 secs

***************** END yammet.get_sigmoid ********************
		-TP- Police car (siren): 0.7887
		CHECK

$$$$$$$$$$$$$$$$$$$$$$$$$$$$$$$$$$$$$$$$$$$$$$$$$$$$$$$$$$$$$$$$$$$$$$$$$$$$

		 Bullet.in.the.Head.1990__#01-01-11_01-04-01_label_G-B2-0.mp4

************** START yammet.get_sigmoid *************** 
	 Bullet.in.the.Head.1990__#01-01-11_01-04-01_label_G-B2-0.mp4  w/  48000 hZ 
	 0 0.00 
	 4000 166.67


	 p_es @ yammet (179, 521) @ 4.8978588581085205 secs

***************** END yammet.get_sigmoid ********************
		-TP- Siren: 0.4300
		CHECK

$$$$$$$$$$$$$$$$$$$$$$$$$$$$$$$$$$$$$$$$$$$$$$$$$$$$$$$$$$$$$$$$$$$$$$$$$$$$

		 v=DOMwKUIvcFw__#1_label_B1-0-0.mp4

************** START yammet.get_sigmoid *************** 
	 v=DOMwKUIvcFw__#1_label_B1-0-0.mp4  w/  44100 hZ 
	 0 0.00 
	 4000 166.67


	 p_es @ yammet (179, 521) @ 4.642796277999878 secs

***************** END yammet.get_sigmoid ********************

$$$$$$$$$$$$$$$$$$$$$$$$$$$$$$$$$$$$$$$$$$$$$$$$$$$$$$$$$$$$$$$$$$$$$$$$$$$$

		 Tropa.de.Elite.2.2010__#00-10-02_00-13-15_label_B4-B2-B1.mp4

************** START yammet.get_sigmoid *************** 
	 Tropa.de.Elite.2.2010__#00-10-02_00-13-15_label_B4-B2-B1.mp4  w/  48000 hZ 
	 0 0.00 
	 4000 166.67


	 p_es @ yammet (179, 521) @ 5.102133512496948 secs

***************** END yammet.get_sigmoid ********************
		-TP- Explosion: 0.4901
		CHECK

$$$$$$$$$$$$$$$$$$$$$$$$$$$$$$$$$$$$$$$$$$$$$$$$$$$$$$$$$$$$$$$$$$$$$$$$$$$$

		 v=PQnFFCyJ3Eo__#00-08-57_00-12-13_label_B4-0-0.mp4

************** START yammet.get_sigmoid *************** 
	 v=PQnFFCyJ3Eo__#00-08-57_00-12-13_label_B4-0-0.mp4  w/  44100 hZ 
	 0 0.00 
	 4000 166.67


	 p_es @ yammet (179, 521) @ 4.6748738288879395 secs

***************** END yammet.get_sigmoid ********************

$$$$$$$$$$$$$$$$$$$$$$$$$$$$$$$$$$$$$$$$$$$$$$$$$$$$$$$$$$$$$$$$$$$$$$$$$$$$

		 The.Bourne.Legacy.2012__#0-44-41_0-47-56_label_B2-0-0.mp4

************** START yammet.get_sigmoid *************** 
	 The.Bourne.Legacy.2012__#0-44-41_0-47-56_label_B2-0-0.mp4  w/  48000 hZ 
	 0 0.00 
	 4000 166.67


	 p_es @ yammet (179, 521) @ 4.872629880905151 secs

***************** END yammet.get_sigmoid ********************
		-TP- Explosion: 0.9130
		CHECK

$$$$$$$$$$$$$$$$$$$$$$$$$$$$$$$$$$$$$$$$$$$$$$$$$$$$$$$$$$$$$$$$$$$$$$$$$$$$

		 v=MX_UU8fOYPo__#1_label_B1-0-0.mp4

************** START yammet.get_sigmoid *************** 
	 v=MX_UU8fOYPo__#1_label_B1-0-0.mp4  w/  44100 hZ 
	 0 0.00 
	 4000 166.67


	 p_es @ yammet (179, 521) @ 4.732033967971802 secs

***************** END yammet.get_sigmoid ********************

$$$$$$$$$$$$$$$$$$$$$$$$$$$$$$$$$$$$$$$$$$$$$$$$$$$$$$$$$$$$$$$$$$$$$$$$$$$$

		 wangted.2008__#01-14-14_01-18-27_label_B1-B2-B6.mp4

************** START yammet.get_sigmoid *************** 
	 wangted.2008__#01-14-14_01-18-27_label_B1-B2-B6.mp4  w/  48000 hZ 
	 0 0.00 
	 4000 166.67


	 p_es @ yammet (179, 521) @ 5.08898401260376 secs

***************** END yammet.get_sigmoid ********************
		-TP- Explosion: 0.5468
		CHECK

$$$$$$$$$$$$$$$$$$$$$$$$$$$$$$$$$$$$$$$$$$$$$$$$$$$$$$$$$$$$$$$$$$$$$$$$$$$$

		 v=1fsEpf2O3AA__#1_label_G-0-0.mp4

************** START yammet.get_sigmoid *************** 
	 v=1fsEpf2O3AA__#1_label_G-0-0.mp4  w/  44100 hZ 
	 0 0.00 
	 4000 166.67


	 p_es @ yammet (179, 521) @ 4.637828588485718 secs

***************** END yammet.get_sigmoid ********************
		-TP- Explosion: 0.8899
		CHECK

$$$$$$$$$$$$$$$$$$$$$$$$$$$$$$$$$$$$$$$$$$$$$$$$$$$$$$$$$$$$$$$$$$$$$$$$$$$$

		 v=883gJGDi8Xw__#1_label_B6-0-0.mp4

************** START yammet.get_sigmoid *************** 
	 v=883gJGDi8Xw__#1_label_B6-0-0.mp4  w/  44100 hZ 
	 0 0.00 
	 4000 166.67


	 p_es @ yammet (179, 521) @ 4.390357732772827 secs

***************** END yammet.get_sigmoid ********************
		-TP- Boom: 0.4042
		CHECK

$$$$$$$$$$$$$$$$$$$$$$$$$$$$$$$$$$$$$$$$$$$$$$$$$$$$$$$$$$$$$$$$$$$$$$$$$$$$

		 v=XxVp3LWqZVk__#1_label_B4-0-0.mp4

************** START yammet.get_sigmoid *************** 
	 v=XxVp3LWqZVk__#1_label_B4-0-0.mp4  w/  44100 hZ 
	 0 0.00 
	 4000 166.67


	 p_es @ yammet (179, 521) @ 4.708312749862671 secs

***************** END yammet.get_sigmoid ********************
		-TP- Police car (siren): 0.8396
		CHECK

$$$$$$$$$$$$$$$$$$$$$$$$$$$$$$$$$$$$$$$$$$$$$$$$$$$$$$$$$$$$$$$$$$$$$$$$$$$$

		 v=gQf40mPOzVE__#1_label_B1-0-0.mp4

************** START yammet.get_sigmoid *************** 
	 v=gQf40mPOzVE__#1_label_B1-0-0.mp4  w/  44100 hZ 
	 0 0.00 
	 4000 166.67


	 p_es @ yammet (179, 521) @ 4.780200481414795 secs

***************** END yammet.get_sigmoid ********************

$$$$$$$$$$$$$$$$$$$$$$$$$$$$$$$$$$$$$$$$$$$$$$$$$$$$$$$$$$$$$$$$$$$$$$$$$$$$

		 v=ZXWaa5TOqZo__#00-00-00_00-04-07_label_B4-0-0.mp4

************** START yammet.get_sigmoid *************** 
	 v=ZXWaa5TOqZo__#00-00-00_00-04-07_label_B4-0-0.mp4  w/  44100 hZ 
	 0 0.00 
	 4000 166.67


	 p_es @ yammet (179, 521) @ 4.607065439224243 secs

***************** END yammet.get_sigmoid ********************

$$$$$$$$$$$$$$$$$$$$$$$$$$$$$$$$$$$$$$$$$$$$$$$$$$$$$$$$$$$$$$$$$$$$$$$$$$$$

		 v=stK3YPz6WTc__#1_label_B4-0-0.mp4

************** START yammet.get_sigmoid *************** 
	 v=stK3YPz6WTc__#1_label_B4-0-0.mp4  w/  44100 hZ 
	 0 0.00 
	 4000 166.67


	 p_es @ yammet (179, 521) @ 4.5850913524627686 secs

***************** END yammet.get_sigmoid ********************
		-TP- Explosion: 0.9472
		CHECK

$$$$$$$$$$$$$$$$$$$$$$$$$$$$$$$$$$$$$$$$$$$$$$$$$$$$$$$$$$$$$$$$$$$$$$$$$$$$

		 v=rKpXqwE2rg8__#00-06-23_00-09-55_label_B4-0-0.mp4

************** START yammet.get_sigmoid *************** 
	 v=rKpXqwE2rg8__#00-06-23_00-09-55_label_B4-0-0.mp4  w/  44100 hZ 
	 0 0.00 
	 4000 166.67


	 p_es @ yammet (179, 521) @ 4.628199100494385 secs

***************** END yammet.get_sigmoid ********************

$$$$$$$$$$$$$$$$$$$$$$$$$$$$$$$$$$$$$$$$$$$$$$$$$$$$$$$$$$$$$$$$$$$$$$$$$$$$

		 v=Wwu20e9pfxg__#1_label_B1-0-0.mp4

************** START yammet.get_sigmoid *************** 
	 v=Wwu20e9pfxg__#1_label_B1-0-0.mp4  w/  44100 hZ 
	 0 0.00 
	 4000 166.67


	 p_es @ yammet (179, 521) @ 4.249877691268921 secs

***************** END yammet.get_sigmoid ********************

$$$$$$$$$$$$$$$$$$$$$$$$$$$$$$$$$$$$$$$$$$$$$$$$$$$$$$$$$$$$$$$$$$$$$$$$$$$$

		 Jason.Bourne.2016__#01-45-05_01-47-57_label_B1-0-0.mp4

************** START yammet.get_sigmoid *************** 
	 Jason.Bourne.2016__#01-45-05_01-47-57_label_B1-0-0.mp4  w/  48000 hZ 
	 0 0.00 
	 4000 166.67


	 p_es @ yammet (179, 521) @ 5.385105609893799 secs

***************** END yammet.get_sigmoid ********************

$$$$$$$$$$$$$$$$$$$$$$$$$$$$$$$$$$$$$$$$$$$$$$$$$$$$$$$$$$$$$$$$$$$$$$$$$$$$

		 v=I9wujEB6x2o__#1_label_B1-0-0.mp4

************** START yammet.get_sigmoid *************** 
	 v=I9wujEB6x2o__#1_label_B1-0-0.mp4  w/  44100 hZ 
	 0 0.00 
	 4000 166.67


	 p_es @ yammet (179, 521) @ 4.485556602478027 secs

***************** END yammet.get_sigmoid ********************

$$$$$$$$$$$$$$$$$$$$$$$$$$$$$$$$$$$$$$$$$$$$$$$$$$$$$$$$$$$$$$$$$$$$$$$$$$$$

		 v=Tlx-XRyAgnM__#00-23-09_00-28-09_label_B4-0-0.mp4

************** START yammet.get_sigmoid *************** 
	 v=Tlx-XRyAgnM__#00-23-09_00-28-09_label_B4-0-0.mp4  w/  44100 hZ 
	 0 0.00 
	 4000 166.67


	 p_es @ yammet (179, 521) @ 5.117384910583496 secs

***************** END yammet.get_sigmoid ********************

$$$$$$$$$$$$$$$$$$$$$$$$$$$$$$$$$$$$$$$$$$$$$$$$$$$$$$$$$$$$$$$$$$$$$$$$$$$$

		 v=Mqr21vlZ7JM__#1_label_G-0-0.mp4

************** START yammet.get_sigmoid *************** 
	 v=Mqr21vlZ7JM__#1_label_G-0-0.mp4  w/  44100 hZ 
	 0 0.00 
	 4000 166.67


	 p_es @ yammet (179, 521) @ 4.693313837051392 secs

***************** END yammet.get_sigmoid ********************
		-TP- Explosion: 0.7805
		CHECK

$$$$$$$$$$$$$$$$$$$$$$$$$$$$$$$$$$$$$$$$$$$$$$$$$$$$$$$$$$$$$$$$$$$$$$$$$$$$

		 v=xGN2-m_qqBc__#1_label_B1-0-0.mp4

************** START yammet.get_sigmoid *************** 
	 v=xGN2-m_qqBc__#1_label_B1-0-0.mp4  w/  44100 hZ 
	 0 0.00 
	 4000 166.67


	 p_es @ yammet (179, 521) @ 4.740615606307983 secs

***************** END yammet.get_sigmoid ********************

$$$$$$$$$$$$$$$$$$$$$$$$$$$$$$$$$$$$$$$$$$$$$$$$$$$$$$$$$$$$$$$$$$$$$$$$$$$$

		 v=4xBNjEbLekg__#1_label_B4-0-0.mp4

************** START yammet.get_sigmoid *************** 
	 v=4xBNjEbLekg__#1_label_B4-0-0.mp4  w/  44100 hZ 
	 0 0.00 
	 4000 166.67


	 p_es @ yammet (179, 521) @ 4.593307018280029 secs

***************** END yammet.get_sigmoid ********************

$$$$$$$$$$$$$$$$$$$$$$$$$$$$$$$$$$$$$$$$$$$$$$$$$$$$$$$$$$$$$$$$$$$$$$$$$$$$

		 v=vh9jh5aAcS4__#1_label_G-0-0.mp4

************** START yammet.get_sigmoid *************** 
	 v=vh9jh5aAcS4__#1_label_G-0-0.mp4  w/  44100 hZ 
	 0 0.00 
	 4000 166.67


	 p_es @ yammet (179, 521) @ 4.749831438064575 secs

***************** END yammet.get_sigmoid ********************
		-TP- Explosion: 0.9378
		CHECK

$$$$$$$$$$$$$$$$$$$$$$$$$$$$$$$$$$$$$$$$$$$$$$$$$$$$$$$$$$$$$$$$$$$$$$$$$$$$

		 Kingsman.The.Golden.Circle.2017__#00-01-40_00-04-51_label_B1-B2-B6.mp4

************** START yammet.get_sigmoid *************** 
	 Kingsman.The.Golden.Circle.2017__#00-01-40_00-04-51_label_B1-B2-B6.mp4  w/  48000 hZ 
	 0 0.00 
	 4000 166.67


	 p_es @ yammet (179, 521) @ 5.246814012527466 secs

***************** END yammet.get_sigmoid ********************

$$$$$$$$$$$$$$$$$$$$$$$$$$$$$$$$$$$$$$$$$$$$$$$$$$$$$$$$$$$$$$$$$$$$$$$$$$$$

		 v=qmsQ-obL1Z4__#00-18-55_00-21-52_label_B6-0-0.mp4

************** START yammet.get_sigmoid *************** 
	 v=qmsQ-obL1Z4__#00-18-55_00-21-52_label_B6-0-0.mp4  w/  44100 hZ 
	 0 0.00 
	 4000 166.67


	 p_es @ yammet (179, 521) @ 4.851430892944336 secs

***************** END yammet.get_sigmoid ********************
		-TP- Police car (siren): 0.7941
		CHECK

$$$$$$$$$$$$$$$$$$$$$$$$$$$$$$$$$$$$$$$$$$$$$$$$$$$$$$$$$$$$$$$$$$$$$$$$$$$$

		 v=X2arbb-wfl0__#1_label_B4-0-0.mp4

************** START yammet.get_sigmoid *************** 
	 v=X2arbb-wfl0__#1_label_B4-0-0.mp4  w/  44100 hZ 
	 0 0.00 
	 4000 166.67


	 p_es @ yammet (179, 521) @ 4.810635805130005 secs

***************** END yammet.get_sigmoid ********************
		-TP- Explosion: 0.6494
		CHECK

$$$$$$$$$$$$$$$$$$$$$$$$$$$$$$$$$$$$$$$$$$$$$$$$$$$$$$$$$$$$$$$$$$$$$$$$$$$$

		 v=qtqQeJ315nw__#1_label_B4-0-0.mp4

************** START yammet.get_sigmoid *************** 
	 v=qtqQeJ315nw__#1_label_B4-0-0.mp4  w/  44100 hZ 
	 0 0.00 
	 4000 166.67


	 p_es @ yammet (179, 521) @ 4.559740781784058 secs

***************** END yammet.get_sigmoid ********************
		-TP- Explosion: 0.6726
		CHECK

$$$$$$$$$$$$$$$$$$$$$$$$$$$$$$$$$$$$$$$$$$$$$$$$$$$$$$$$$$$$$$$$$$$$$$$$$$$$

		 v=ljCrfzOhn3U__#1_label_B4-0-0.mp4

************** START yammet.get_sigmoid *************** 
	 v=ljCrfzOhn3U__#1_label_B4-0-0.mp4  w/  44100 hZ 
	 0 0.00 
	 4000 166.67


	 p_es @ yammet (179, 521) @ 4.667906761169434 secs

***************** END yammet.get_sigmoid ********************
		-TP- Explosion: 0.7497
		CHECK

$$$$$$$$$$$$$$$$$$$$$$$$$$$$$$$$$$$$$$$$$$$$$$$$$$$$$$$$$$$$$$$$$$$$$$$$$$$$

		 v=t6X0HTOKC24__#1_label_G-0-0.mp4

************** START yammet.get_sigmoid *************** 
	 v=t6X0HTOKC24__#1_label_G-0-0.mp4  w/  44100 hZ 
	 0 0.00 
	 4000 166.67


	 p_es @ yammet (179, 521) @ 4.46593713760376 secs

***************** END yammet.get_sigmoid ********************
		-TP- Explosion: 0.8957
		CHECK

$$$$$$$$$$$$$$$$$$$$$$$$$$$$$$$$$$$$$$$$$$$$$$$$$$$$$$$$$$$$$$$$$$$$$$$$$$$$

		 v=mzFahABTUtw__#1_label_B4-0-0.mp4

************** START yammet.get_sigmoid *************** 
	 v=mzFahABTUtw__#1_label_B4-0-0.mp4  w/  44100 hZ 
	 0 0.00 
	 4000 166.67


	 p_es @ yammet (179, 521) @ 4.462552785873413 secs

***************** END yammet.get_sigmoid ********************
		-TP- Explosion: 0.9593
		CHECK

$$$$$$$$$$$$$$$$$$$$$$$$$$$$$$$$$$$$$$$$$$$$$$$$$$$$$$$$$$$$$$$$$$$$$$$$$$$$

		 v=Z1h1h8WmP0E__#1_label_B4-0-0.mp4

************** START yammet.get_sigmoid *************** 
	 v=Z1h1h8WmP0E__#1_label_B4-0-0.mp4  w/  44100 hZ 
	 0 0.00 
	 4000 166.67


	 p_es @ yammet (179, 521) @ 4.735295057296753 secs

***************** END yammet.get_sigmoid ********************

$$$$$$$$$$$$$$$$$$$$$$$$$$$$$$$$$$$$$$$$$$$$$$$$$$$$$$$$$$$$$$$$$$$$$$$$$$$$

		 v=cCFV9wBiwNc__#1_label_G-0-0.mp4

************** START yammet.get_sigmoid *************** 
	 v=cCFV9wBiwNc__#1_label_G-0-0.mp4  w/  44100 hZ 
	 0 0.00 
	 4000 166.67


	 p_es @ yammet (179, 521) @ 4.668637752532959 secs

***************** END yammet.get_sigmoid ********************
		-TP- Explosion: 0.8983
		CHECK

$$$$$$$$$$$$$$$$$$$$$$$$$$$$$$$$$$$$$$$$$$$$$$$$$$$$$$$$$$$$$$$$$$$$$$$$$$$$

		 v=s1AZ_zUxzD4__#1_label_G-B2-0.mp4

************** START yammet.get_sigmoid *************** 
	 v=s1AZ_zUxzD4__#1_label_G-B2-0.mp4  w/  44100 hZ 
	 0 0.00 
	 4000 166.67


	 p_es @ yammet (179, 521) @ 4.367743015289307 secs

***************** END yammet.get_sigmoid ********************
		-TP- Explosion: 0.9607
		CHECK

$$$$$$$$$$$$$$$$$$$$$$$$$$$$$$$$$$$$$$$$$$$$$$$$$$$$$$$$$$$$$$$$$$$$$$$$$$$$

		 Braveheart.1995__#02-43-01_02-46-50_label_B5-0-0.mp4

************** START yammet.get_sigmoid *************** 
	 Braveheart.1995__#02-43-01_02-46-50_label_B5-0-0.mp4  w/  48000 hZ 
	 0 0.00 
	 4000 166.67


	 p_es @ yammet (179, 521) @ 5.003522157669067 secs

***************** END yammet.get_sigmoid ********************

$$$$$$$$$$$$$$$$$$$$$$$$$$$$$$$$$$$$$$$$$$$$$$$$$$$$$$$$$$$$$$$$$$$$$$$$$$$$

		 v=Y1rKmZ0xLKw__#1_label_B4-0-0.mp4

************** START yammet.get_sigmoid *************** 
	 v=Y1rKmZ0xLKw__#1_label_B4-0-0.mp4  w/  44100 hZ 
	 0 0.00 
	 4000 166.67


	 p_es @ yammet (179, 521) @ 4.568150997161865 secs

***************** END yammet.get_sigmoid ********************
		-TP- Explosion: 0.4383
		CHECK

$$$$$$$$$$$$$$$$$$$$$$$$$$$$$$$$$$$$$$$$$$$$$$$$$$$$$$$$$$$$$$$$$$$$$$$$$$$$

		 v=tgCiC6qTtjs__#1_label_B4-0-0.mp4

************** START yammet.get_sigmoid *************** 
	 v=tgCiC6qTtjs__#1_label_B4-0-0.mp4  w/  44100 hZ 
	 0 0.00 
	 4000 166.67


	 p_es @ yammet (179, 521) @ 4.48696756362915 secs

***************** END yammet.get_sigmoid ********************
		-TP- Police car (siren): 0.8558
		CHECK

$$$$$$$$$$$$$$$$$$$$$$$$$$$$$$$$$$$$$$$$$$$$$$$$$$$$$$$$$$$$$$$$$$$$$$$$$$$$

		 v=5OGEr2Q-75M__#1_label_B4-0-0.mp4

************** START yammet.get_sigmoid *************** 
	 v=5OGEr2Q-75M__#1_label_B4-0-0.mp4  w/  44100 hZ 
	 0 0.00 
	 4000 166.67


	 p_es @ yammet (179, 521) @ 4.713815212249756 secs

***************** END yammet.get_sigmoid ********************

$$$$$$$$$$$$$$$$$$$$$$$$$$$$$$$$$$$$$$$$$$$$$$$$$$$$$$$$$$$$$$$$$$$$$$$$$$$$

		 Braveheart.1995__#00-49-00_00-52-55_label_B1-0-0.mp4

************** START yammet.get_sigmoid *************** 
	 Braveheart.1995__#00-49-00_00-52-55_label_B1-0-0.mp4  w/  48000 hZ 
	 0 0.00 
	 4000 166.67


	 p_es @ yammet (179, 521) @ 5.079755783081055 secs

***************** END yammet.get_sigmoid ********************

$$$$$$$$$$$$$$$$$$$$$$$$$$$$$$$$$$$$$$$$$$$$$$$$$$$$$$$$$$$$$$$$$$$$$$$$$$$$

		 v=5Ef6_XODxHg__#1_label_B4-0-0.mp4

************** START yammet.get_sigmoid *************** 
	 v=5Ef6_XODxHg__#1_label_B4-0-0.mp4  w/  44100 hZ 
	 0 0.00 
	 4000 166.67


	 p_es @ yammet (179, 521) @ 4.708702564239502 secs

***************** END yammet.get_sigmoid ********************
		-TP- Police car (siren): 0.6593
		CHECK

$$$$$$$$$$$$$$$$$$$$$$$$$$$$$$$$$$$$$$$$$$$$$$$$$$$$$$$$$$$$$$$$$$$$$$$$$$$$

		 v=oul8c16LzMs__#1_label_B4-0-0.mp4

************** START yammet.get_sigmoid *************** 
	 v=oul8c16LzMs__#1_label_B4-0-0.mp4  w/  44100 hZ 
	 0 0.00 
	 4000 166.67


	 p_es @ yammet (179, 521) @ 4.8028295040130615 secs

***************** END yammet.get_sigmoid ********************

$$$$$$$$$$$$$$$$$$$$$$$$$$$$$$$$$$$$$$$$$$$$$$$$$$$$$$$$$$$$$$$$$$$$$$$$$$$$

		 v=GmN002rn6qY__#1_label_B4-0-0.mp4

************** START yammet.get_sigmoid *************** 
	 v=GmN002rn6qY__#1_label_B4-0-0.mp4  w/  44100 hZ 
	 0 0.00 
	 4000 166.67


	 p_es @ yammet (179, 521) @ 4.584227800369263 secs

***************** END yammet.get_sigmoid ********************

$$$$$$$$$$$$$$$$$$$$$$$$$$$$$$$$$$$$$$$$$$$$$$$$$$$$$$$$$$$$$$$$$$$$$$$$$$$$

		 v=MmudJafnQh0__#1_label_B4-0-0.mp4

************** START yammet.get_sigmoid *************** 
	 v=MmudJafnQh0__#1_label_B4-0-0.mp4  w/  44100 hZ 
	 0 0.00 
	 4000 166.67


	 p_es @ yammet (179, 521) @ 4.634098768234253 secs

***************** END yammet.get_sigmoid ********************
		-TP- Police car (siren): 0.5091
		CHECK

$$$$$$$$$$$$$$$$$$$$$$$$$$$$$$$$$$$$$$$$$$$$$$$$$$$$$$$$$$$$$$$$$$$$$$$$$$$$

		 v=93p7OOw7Rug__#1_label_G-0-0.mp4

************** START yammet.get_sigmoid *************** 
	 v=93p7OOw7Rug__#1_label_G-0-0.mp4  w/  44100 hZ 
	 0 0.00 
	 4000 166.67


	 p_es @ yammet (179, 521) @ 4.688221454620361 secs

***************** END yammet.get_sigmoid ********************
		-TP- Explosion: 0.9719
		CHECK

$$$$$$$$$$$$$$$$$$$$$$$$$$$$$$$$$$$$$$$$$$$$$$$$$$$$$$$$$$$$$$$$$$$$$$$$$$$$

		 v=lD7dY_aNjiU__#1_label_B4-0-0.mp4

************** START yammet.get_sigmoid *************** 
	 v=lD7dY_aNjiU__#1_label_B4-0-0.mp4  w/  44100 hZ 
	 0 0.00 
	 4000 166.67


	 p_es @ yammet (179, 521) @ 4.748342037200928 secs

***************** END yammet.get_sigmoid ********************

$$$$$$$$$$$$$$$$$$$$$$$$$$$$$$$$$$$$$$$$$$$$$$$$$$$$$$$$$$$$$$$$$$$$$$$$$$$$

		 Fury.2014__#01-18-45_01-24-14_label_B2-G-0.mp4

************** START yammet.get_sigmoid *************** 
	 Fury.2014__#01-18-45_01-24-14_label_B2-G-0.mp4  w/  48000 hZ 
	 0 0.00 
	 4000 166.67


	 p_es @ yammet (179, 521) @ 5.490343809127808 secs

***************** END yammet.get_sigmoid ********************
		-TP- Explosion: 0.9361
		CHECK

$$$$$$$$$$$$$$$$$$$$$$$$$$$$$$$$$$$$$$$$$$$$$$$$$$$$$$$$$$$$$$$$$$$$$$$$$$$$

		 v=qmsQ-obL1Z4__#00-05-00_00-08-44_label_B6-0-0.mp4

************** START yammet.get_sigmoid *************** 
	 v=qmsQ-obL1Z4__#00-05-00_00-08-44_label_B6-0-0.mp4  w/  44100 hZ 
	 0 0.00 
	 4000 166.67


	 p_es @ yammet (179, 521) @ 4.72260594367981 secs

***************** END yammet.get_sigmoid ********************
		-TP- Police car (siren): 0.8295
		CHECK

$$$$$$$$$$$$$$$$$$$$$$$$$$$$$$$$$$$$$$$$$$$$$$$$$$$$$$$$$$$$$$$$$$$$$$$$$$$$

		 v=xRI9hkXy-48__#1_label_G-0-0.mp4

************** START yammet.get_sigmoid *************** 
	 v=xRI9hkXy-48__#1_label_G-0-0.mp4  w/  44100 hZ 
	 0 0.00 
	 4000 166.67


	 p_es @ yammet (179, 521) @ 4.440679311752319 secs

***************** END yammet.get_sigmoid ********************
		-TP- Explosion: 0.5294
		CHECK

$$$$$$$$$$$$$$$$$$$$$$$$$$$$$$$$$$$$$$$$$$$$$$$$$$$$$$$$$$$$$$$$$$$$$$$$$$$$

		 v=SMy2_qNO2Y0__#00-03-13_00-07-07_label_G-0-0.mp4

************** START yammet.get_sigmoid *************** 
	 v=SMy2_qNO2Y0__#00-03-13_00-07-07_label_G-0-0.mp4  w/  44100 hZ 
	 0 0.00 
	 4000 166.67


	 p_es @ yammet (179, 521) @ 4.906391859054565 secs

***************** END yammet.get_sigmoid ********************

$$$$$$$$$$$$$$$$$$$$$$$$$$$$$$$$$$$$$$$$$$$$$$$$$$$$$$$$$$$$$$$$$$$$$$$$$$$$

		 v=CoPyMeKWX48__#1_label_G-0-0.mp4

************** START yammet.get_sigmoid *************** 
	 v=CoPyMeKWX48__#1_label_G-0-0.mp4  w/  44100 hZ 
	 0 0.00 
	 4000 166.67


	 p_es @ yammet (179, 521) @ 4.717533349990845 secs

***************** END yammet.get_sigmoid ********************
		-TP- Explosion: 0.4706
		CHECK

$$$$$$$$$$$$$$$$$$$$$$$$$$$$$$$$$$$$$$$$$$$$$$$$$$$$$$$$$$$$$$$$$$$$$$$$$$$$

		 v=I6L7CBhVvaY__#1_label_B4-0-0.mp4

************** START yammet.get_sigmoid *************** 
	 v=I6L7CBhVvaY__#1_label_B4-0-0.mp4  w/  44100 hZ 
	 0 0.00 
	 4000 166.67


	 p_es @ yammet (179, 521) @ 4.301405191421509 secs

***************** END yammet.get_sigmoid ********************

$$$$$$$$$$$$$$$$$$$$$$$$$$$$$$$$$$$$$$$$$$$$$$$$$$$$$$$$$$$$$$$$$$$$$$$$$$$$

		 Bullet.in.the.Head.1990__#01-07-01_01-10-00_label_B2-G-0.mp4

************** START yammet.get_sigmoid *************** 
	 Bullet.in.the.Head.1990__#01-07-01_01-10-00_label_B2-G-0.mp4  w/  48000 hZ 
	 0 0.00 
	 4000 166.67


	 p_es @ yammet (179, 521) @ 4.742414712905884 secs

***************** END yammet.get_sigmoid ********************
		-TP- Explosion: 0.9739
		CHECK

$$$$$$$$$$$$$$$$$$$$$$$$$$$$$$$$$$$$$$$$$$$$$$$$$$$$$$$$$$$$$$$$$$$$$$$$$$$$

		 Ip.Man.2008__#00-56-49_01-00-39_label_B1-0-0.mp4

************** START yammet.get_sigmoid *************** 
	 Ip.Man.2008__#00-56-49_01-00-39_label_B1-0-0.mp4  w/  48000 hZ 
	 0 0.00 
	 4000 166.67


	 p_es @ yammet (179, 521) @ 5.289641857147217 secs

***************** END yammet.get_sigmoid ********************
		-TP- Explosion: 0.4993
		CHECK

$$$$$$$$$$$$$$$$$$$$$$$$$$$$$$$$$$$$$$$$$$$$$$$$$$$$$$$$$$$$$$$$$$$$$$$$$$$$

		 Gladiator.2000__#02-35-38_02-38-52_label_B1-0-0.mp4

************** START yammet.get_sigmoid *************** 
	 Gladiator.2000__#02-35-38_02-38-52_label_B1-0-0.mp4  w/  48000 hZ 
	 0 0.00 
	 4000 166.67


	 p_es @ yammet (179, 521) @ 5.2991626262664795 secs

***************** END yammet.get_sigmoid ********************
		-TP- Explosion: 0.5314
		CHECK

$$$$$$$$$$$$$$$$$$$$$$$$$$$$$$$$$$$$$$$$$$$$$$$$$$$$$$$$$$$$$$$$$$$$$$$$$$$$

		 v=dupw2pH3oes__#1_label_G-0-0.mp4

************** START yammet.get_sigmoid *************** 
	 v=dupw2pH3oes__#1_label_G-0-0.mp4  w/  44100 hZ 
	 0 0.00 
	 4000 166.67


	 p_es @ yammet (179, 521) @ 4.663142681121826 secs

***************** END yammet.get_sigmoid ********************
		-TP- Police car (siren): 0.7744
		CHECK

$$$$$$$$$$$$$$$$$$$$$$$$$$$$$$$$$$$$$$$$$$$$$$$$$$$$$$$$$$$$$$$$$$$$$$$$$$$$

		 v=v4kH4NKp8CU__#1_label_B4-0-0.mp4

************** START yammet.get_sigmoid *************** 
	 v=v4kH4NKp8CU__#1_label_B4-0-0.mp4  w/  44100 hZ 
	 0 0.00 
	 4000 166.67


	 p_es @ yammet (179, 521) @ 4.624992847442627 secs

***************** END yammet.get_sigmoid ********************
		-TP- Explosion: 0.4198
		CHECK

$$$$$$$$$$$$$$$$$$$$$$$$$$$$$$$$$$$$$$$$$$$$$$$$$$$$$$$$$$$$$$$$$$$$$$$$$$$$

		 v=Tlx-XRyAgnM__#00-10-06_00-13-26_label_B4-0-0.mp4

************** START yammet.get_sigmoid *************** 
	 v=Tlx-XRyAgnM__#00-10-06_00-13-26_label_B4-0-0.mp4  w/  44100 hZ 
	 0 0.00 
	 4000 166.67


	 p_es @ yammet (179, 521) @ 4.580902814865112 secs

***************** END yammet.get_sigmoid ********************
		-TP- Explosion: 0.6768
		CHECK

$$$$$$$$$$$$$$$$$$$$$$$$$$$$$$$$$$$$$$$$$$$$$$$$$$$$$$$$$$$$$$$$$$$$$$$$$$$$

		 v=mr0LHzZz2m8__#1_label_B1-0-0.mp4

************** START yammet.get_sigmoid *************** 
	 v=mr0LHzZz2m8__#1_label_B1-0-0.mp4  w/  44100 hZ 
	 0 0.00 
	 4000 166.67


	 p_es @ yammet (179, 521) @ 4.6692798137664795 secs

***************** END yammet.get_sigmoid ********************

$$$$$$$$$$$$$$$$$$$$$$$$$$$$$$$$$$$$$$$$$$$$$$$$$$$$$$$$$$$$$$$$$$$$$$$$$$$$

		 v=7_9OJnRnZjU__#1_label_B4-0-0.mp4

************** START yammet.get_sigmoid *************** 
	 v=7_9OJnRnZjU__#1_label_B4-0-0.mp4  w/  44100 hZ 
	 0 0.00 
	 4000 166.67


	 p_es @ yammet (179, 521) @ 4.521188974380493 secs

***************** END yammet.get_sigmoid ********************
		-TP- Explosion: 0.5218
		CHECK

$$$$$$$$$$$$$$$$$$$$$$$$$$$$$$$$$$$$$$$$$$$$$$$$$$$$$$$$$$$$$$$$$$$$$$$$$$$$

		 v=yJ6mgj3ibT8__#1_label_B1-0-0.mp4

************** START yammet.get_sigmoid *************** 
	 v=yJ6mgj3ibT8__#1_label_B1-0-0.mp4  w/  44100 hZ 
	 0 0.00 
	 4000 166.67


	 p_es @ yammet (179, 521) @ 4.839784145355225 secs

***************** END yammet.get_sigmoid ********************

$$$$$$$$$$$$$$$$$$$$$$$$$$$$$$$$$$$$$$$$$$$$$$$$$$$$$$$$$$$$$$$$$$$$$$$$$$$$

		 Bullet.in.the.Head.1990__#00-57-53_01-00-57_label_G-B2-0.mp4

************** START yammet.get_sigmoid *************** 
	 Bullet.in.the.Head.1990__#00-57-53_01-00-57_label_G-B2-0.mp4  w/  48000 hZ 
	 0 0.00 
	 4000 166.67


	 p_es @ yammet (179, 521) @ 4.910707712173462 secs

***************** END yammet.get_sigmoid ********************
		-TP- Explosion: 0.9661
		CHECK

$$$$$$$$$$$$$$$$$$$$$$$$$$$$$$$$$$$$$$$$$$$$$$$$$$$$$$$$$$$$$$$$$$$$$$$$$$$$

		 v=Y5v7A4hUM-E__#1_label_B1-0-0.mp4

************** START yammet.get_sigmoid *************** 
	 v=Y5v7A4hUM-E__#1_label_B1-0-0.mp4  w/  44100 hZ 
	 0 0.00 
	 4000 166.67


	 p_es @ yammet (179, 521) @ 4.482702970504761 secs

***************** END yammet.get_sigmoid ********************

$$$$$$$$$$$$$$$$$$$$$$$$$$$$$$$$$$$$$$$$$$$$$$$$$$$$$$$$$$$$$$$$$$$$$$$$$$$$

		 v=K4XvpPwAN4A__#1_label_G-0-0.mp4

************** START yammet.get_sigmoid *************** 
	 v=K4XvpPwAN4A__#1_label_G-0-0.mp4  w/  44100 hZ 
	 0 0.00 
	 4000 166.67


	 p_es @ yammet (179, 521) @ 4.835481405258179 secs

***************** END yammet.get_sigmoid ********************
		-TP- Explosion: 0.8816
		CHECK

$$$$$$$$$$$$$$$$$$$$$$$$$$$$$$$$$$$$$$$$$$$$$$$$$$$$$$$$$$$$$$$$$$$$$$$$$$$$

		 v=KksmTloMKuQ__#00-00-00_00-03-06_label_B2-G-0.mp4

************** START yammet.get_sigmoid *************** 
	 v=KksmTloMKuQ__#00-00-00_00-03-06_label_B2-G-0.mp4  w/  44100 hZ 
	 0 0.00 
	 4000 166.67


	 p_es @ yammet (179, 521) @ 4.557684659957886 secs

***************** END yammet.get_sigmoid ********************
		-TP- Explosion: 0.7905
		CHECK

$$$$$$$$$$$$$$$$$$$$$$$$$$$$$$$$$$$$$$$$$$$$$$$$$$$$$$$$$$$$$$$$$$$$$$$$$$$$

		 v=wJrrJYEJKYs__#1_label_B4-0-0.mp4

************** START yammet.get_sigmoid *************** 
	 v=wJrrJYEJKYs__#1_label_B4-0-0.mp4  w/  44100 hZ 
	 0 0.00 
	 4000 166.67


	 p_es @ yammet (179, 521) @ 4.590573072433472 secs

***************** END yammet.get_sigmoid ********************

$$$$$$$$$$$$$$$$$$$$$$$$$$$$$$$$$$$$$$$$$$$$$$$$$$$$$$$$$$$$$$$$$$$$$$$$$$$$

		 Election.2005__#01-30-35_01-34-07_label_B5-0-0.mp4

************** START yammet.get_sigmoid *************** 
	 Election.2005__#01-30-35_01-34-07_label_B5-0-0.mp4  w/  48000 hZ 
	 0 0.00 
	 4000 166.67


	 p_es @ yammet (179, 521) @ 4.869596004486084 secs

***************** END yammet.get_sigmoid ********************
		-TP- Explosion: 0.5971
		CHECK

$$$$$$$$$$$$$$$$$$$$$$$$$$$$$$$$$$$$$$$$$$$$$$$$$$$$$$$$$$$$$$$$$$$$$$$$$$$$

		 v=I-h-YIj4jRw__#1_label_B4-0-0.mp4

************** START yammet.get_sigmoid *************** 
	 v=I-h-YIj4jRw__#1_label_B4-0-0.mp4  w/  44100 hZ 
	 0 0.00 
	 4000 166.67


	 p_es @ yammet (179, 521) @ 4.820925712585449 secs

***************** END yammet.get_sigmoid ********************
		-TP- Police car (siren): 0.5369
		CHECK

$$$$$$$$$$$$$$$$$$$$$$$$$$$$$$$$$$$$$$$$$$$$$$$$$$$$$$$$$$$$$$$$$$$$$$$$$$$$

		 v=1YSzFo5_DcU__#1_label_B4-0-0.mp4

************** START yammet.get_sigmoid *************** 
	 v=1YSzFo5_DcU__#1_label_B4-0-0.mp4  w/  44100 hZ 
	 0 0.00 
	 4000 166.67


	 p_es @ yammet (179, 521) @ 4.772037029266357 secs

***************** END yammet.get_sigmoid ********************

$$$$$$$$$$$$$$$$$$$$$$$$$$$$$$$$$$$$$$$$$$$$$$$$$$$$$$$$$$$$$$$$$$$$$$$$$$$$

		 v=7q4Yj0O9DXo__#1_label_B6-0-0.mp4

************** START yammet.get_sigmoid *************** 
	 v=7q4Yj0O9DXo__#1_label_B6-0-0.mp4  w/  44100 hZ 
	 0 0.00 
	 4000 166.67


	 p_es @ yammet (179, 521) @ 4.286402702331543 secs

***************** END yammet.get_sigmoid ********************

$$$$$$$$$$$$$$$$$$$$$$$$$$$$$$$$$$$$$$$$$$$$$$$$$$$$$$$$$$$$$$$$$$$$$$$$$$$$

		 v=qmsQ-obL1Z4__#00-32-10_00-37-41_label_B6-0-0.mp4

************** START yammet.get_sigmoid *************** 
	 v=qmsQ-obL1Z4__#00-32-10_00-37-41_label_B6-0-0.mp4  w/  44100 hZ 
	 0 0.00 
	 4000 166.67


	 p_es @ yammet (179, 521) @ 4.939884424209595 secs

***************** END yammet.get_sigmoid ********************
		-TP- Eruption: 0.5063
		CHECK

$$$$$$$$$$$$$$$$$$$$$$$$$$$$$$$$$$$$$$$$$$$$$$$$$$$$$$$$$$$$$$$$$$$$$$$$$$$$

		 Ip.Man.2008__#01-34-52_01-39-12_label_B1-0-0.mp4

************** START yammet.get_sigmoid *************** 
	 Ip.Man.2008__#01-34-52_01-39-12_label_B1-0-0.mp4  w/  48000 hZ 
	 0 0.00 
	 4000 166.67


	 p_es @ yammet (179, 521) @ 5.17164421081543 secs

***************** END yammet.get_sigmoid ********************
		-TP- Explosion: 0.7027
		CHECK

$$$$$$$$$$$$$$$$$$$$$$$$$$$$$$$$$$$$$$$$$$$$$$$$$$$$$$$$$$$$$$$$$$$$$$$$$$$$

		 v=lA1bgUYjJ0I__#1_label_G-0-0.mp4

************** START yammet.get_sigmoid *************** 
	 v=lA1bgUYjJ0I__#1_label_G-0-0.mp4  w/  44100 hZ 
	 0 0.00 
	 4000 166.67


	 p_es @ yammet (179, 521) @ 4.643583297729492 secs

***************** END yammet.get_sigmoid ********************
		-TP- Explosion: 0.8356
		CHECK

$$$$$$$$$$$$$$$$$$$$$$$$$$$$$$$$$$$$$$$$$$$$$$$$$$$$$$$$$$$$$$$$$$$$$$$$$$$$

		 Fury.2014__#00-46-02_00-48-53_label_B2-G-0.mp4

************** START yammet.get_sigmoid *************** 
	 Fury.2014__#00-46-02_00-48-53_label_B2-G-0.mp4  w/  48000 hZ 
	 0 0.00 
	 4000 166.67


	 p_es @ yammet (179, 521) @ 5.009946346282959 secs

***************** END yammet.get_sigmoid ********************
		-TP- Explosion: 0.9277
		CHECK

$$$$$$$$$$$$$$$$$$$$$$$$$$$$$$$$$$$$$$$$$$$$$$$$$$$$$$$$$$$$$$$$$$$$$$$$$$$$

		 v=MeDcqvFz3l4__#1_label_B4-0-0.mp4

************** START yammet.get_sigmoid *************** 
	 v=MeDcqvFz3l4__#1_label_B4-0-0.mp4  w/  44100 hZ 
	 0 0.00 
	 4000 166.67


	 p_es @ yammet (179, 521) @ 4.756271839141846 secs

***************** END yammet.get_sigmoid ********************

$$$$$$$$$$$$$$$$$$$$$$$$$$$$$$$$$$$$$$$$$$$$$$$$$$$$$$$$$$$$$$$$$$$$$$$$$$$$

		 v=5gOoBB_BxRM__#1_label_B4-0-0.mp4

************** START yammet.get_sigmoid *************** 
	 v=5gOoBB_BxRM__#1_label_B4-0-0.mp4  w/  44100 hZ 
	 0 0.00 
	 4000 166.67


	 p_es @ yammet (179, 521) @ 4.455801486968994 secs

***************** END yammet.get_sigmoid ********************

$$$$$$$$$$$$$$$$$$$$$$$$$$$$$$$$$$$$$$$$$$$$$$$$$$$$$$$$$$$$$$$$$$$$$$$$$$$$

		 v=BzdfTtOPVnA__#1_label_B4-0-0.mp4

************** START yammet.get_sigmoid *************** 
	 v=BzdfTtOPVnA__#1_label_B4-0-0.mp4  w/  44100 hZ 
	 0 0.00 
	 4000 166.67


	 p_es @ yammet (179, 521) @ 4.86776876449585 secs

***************** END yammet.get_sigmoid ********************

$$$$$$$$$$$$$$$$$$$$$$$$$$$$$$$$$$$$$$$$$$$$$$$$$$$$$$$$$$$$$$$$$$$$$$$$$$$$

		 Fast.Furious.6.2013__#01-29-25_01-33-56_label_G-B6-0.mp4

************** START yammet.get_sigmoid *************** 
	 Fast.Furious.6.2013__#01-29-25_01-33-56_label_G-B6-0.mp4  w/  48000 hZ 
	 0 0.00 
	 4000 166.67


	 p_es @ yammet (179, 521) @ 5.1414713859558105 secs

***************** END yammet.get_sigmoid ********************
		-TP- Police car (siren): 0.4103
		CHECK

$$$$$$$$$$$$$$$$$$$$$$$$$$$$$$$$$$$$$$$$$$$$$$$$$$$$$$$$$$$$$$$$$$$$$$$$$$$$

		 v=bKQYK7PYQpQ__#1_label_B1-0-0.mp4

************** START yammet.get_sigmoid *************** 
	 v=bKQYK7PYQpQ__#1_label_B1-0-0.mp4  w/  44100 hZ 
	 0 0.00 
	 4000 166.67


	 p_es @ yammet (179, 521) @ 4.6695051193237305 secs

***************** END yammet.get_sigmoid ********************
		-TP- Explosion: 0.6073
		CHECK

$$$$$$$$$$$$$$$$$$$$$$$$$$$$$$$$$$$$$$$$$$$$$$$$$$$$$$$$$$$$$$$$$$$$$$$$$$$$

		 v=Rve00ZElOO8__#1_label_B1-0-0.mp4

************** START yammet.get_sigmoid *************** 
	 v=Rve00ZElOO8__#1_label_B1-0-0.mp4  w/  44100 hZ 
	 0 0.00 
	 4000 166.67


	 p_es @ yammet (179, 521) @ 4.758520603179932 secs

***************** END yammet.get_sigmoid ********************

$$$$$$$$$$$$$$$$$$$$$$$$$$$$$$$$$$$$$$$$$$$$$$$$$$$$$$$$$$$$$$$$$$$$$$$$$$$$

		 v=uFqzWIIfupo__#1_label_B1-0-0.mp4

************** START yammet.get_sigmoid *************** 
	 v=uFqzWIIfupo__#1_label_B1-0-0.mp4  w/  44100 hZ 
	 0 0.00 
	 4000 166.67


	 p_es @ yammet (179, 521) @ 4.606305837631226 secs

***************** END yammet.get_sigmoid ********************

$$$$$$$$$$$$$$$$$$$$$$$$$$$$$$$$$$$$$$$$$$$$$$$$$$$$$$$$$$$$$$$$$$$$$$$$$$$$

		 v=e3LsF4GrfD8__#1_label_B4-0-0.mp4

************** START yammet.get_sigmoid *************** 
	 v=e3LsF4GrfD8__#1_label_B4-0-0.mp4  w/  44100 hZ 
	 0 0.00 
	 4000 166.67


	 p_es @ yammet (179, 521) @ 4.616490364074707 secs

***************** END yammet.get_sigmoid ********************
		-TP- Explosion: 0.8131
		CHECK

$$$$$$$$$$$$$$$$$$$$$$$$$$$$$$$$$$$$$$$$$$$$$$$$$$$$$$$$$$$$$$$$$$$$$$$$$$$$

		 v=CoxsDkB-rWU__#00-01-20_00-07-06_label_B4-0-0.mp4

************** START yammet.get_sigmoid *************** 
	 v=CoxsDkB-rWU__#00-01-20_00-07-06_label_B4-0-0.mp4  w/  44100 hZ 
	 0 0.00 
	 4000 166.67


	 p_es @ yammet (179, 521) @ 4.683439254760742 secs

***************** END yammet.get_sigmoid ********************

$$$$$$$$$$$$$$$$$$$$$$$$$$$$$$$$$$$$$$$$$$$$$$$$$$$$$$$$$$$$$$$$$$$$$$$$$$$$

		 Bad.Boys.II.2003__#00-48-24_00-52-00_label_B2-0-0.mp4

************** START yammet.get_sigmoid *************** 
	 Bad.Boys.II.2003__#00-48-24_00-52-00_label_B2-0-0.mp4  w/  48000 hZ 
	 0 0.00 
	 4000 166.67


	 p_es @ yammet (179, 521) @ 5.313932657241821 secs

***************** END yammet.get_sigmoid ********************
		-TP- Explosion: 0.9728
		CHECK

$$$$$$$$$$$$$$$$$$$$$$$$$$$$$$$$$$$$$$$$$$$$$$$$$$$$$$$$$$$$$$$$$$$$$$$$$$$$

		 v=idBwMN0E9Qg__#00-18-44_00-24-16_label_B4-0-0.mp4

************** START yammet.get_sigmoid *************** 
	 v=idBwMN0E9Qg__#00-18-44_00-24-16_label_B4-0-0.mp4  w/  44100 hZ 
	 0 0.00 
	 4000 166.67


	 p_es @ yammet (179, 521) @ 4.434109687805176 secs

***************** END yammet.get_sigmoid ********************

$$$$$$$$$$$$$$$$$$$$$$$$$$$$$$$$$$$$$$$$$$$$$$$$$$$$$$$$$$$$$$$$$$$$$$$$$$$$

		 v=vS_RKwCYcl8__#1_label_B4-0-0.mp4

************** START yammet.get_sigmoid *************** 
	 v=vS_RKwCYcl8__#1_label_B4-0-0.mp4  w/  44100 hZ 
	 0 0.00 
	 4000 166.67


	 p_es @ yammet (179, 521) @ 4.834089279174805 secs

***************** END yammet.get_sigmoid ********************

$$$$$$$$$$$$$$$$$$$$$$$$$$$$$$$$$$$$$$$$$$$$$$$$$$$$$$$$$$$$$$$$$$$$$$$$$$$$

		 v=xo7cHHk2vQw__#1_label_B1-0-0.mp4

************** START yammet.get_sigmoid *************** 
	 v=xo7cHHk2vQw__#1_label_B1-0-0.mp4  w/  44100 hZ 
	 0 0.00 
	 4000 166.67


	 p_es @ yammet (179, 521) @ 4.755683422088623 secs

***************** END yammet.get_sigmoid ********************

$$$$$$$$$$$$$$$$$$$$$$$$$$$$$$$$$$$$$$$$$$$$$$$$$$$$$$$$$$$$$$$$$$$$$$$$$$$$

		 v=8TDaA_4tR-U__#1_label_B4-0-0.mp4

************** START yammet.get_sigmoid *************** 
	 v=8TDaA_4tR-U__#1_label_B4-0-0.mp4  w/  44100 hZ 
	 0 0.00 
	 4000 166.67


	 p_es @ yammet (179, 521) @ 4.276102542877197 secs

***************** END yammet.get_sigmoid ********************
		-TP- Explosion: 0.4490
		CHECK

$$$$$$$$$$$$$$$$$$$$$$$$$$$$$$$$$$$$$$$$$$$$$$$$$$$$$$$$$$$$$$$$$$$$$$$$$$$$

		 Saving.Private.Ryan.1998__#00-24-06_00-28-42_label_B2-G-0.mp4

************** START yammet.get_sigmoid *************** 
	 Saving.Private.Ryan.1998__#00-24-06_00-28-42_label_B2-G-0.mp4  w/  48000 hZ 
	 0 0.00 
	 4000 166.67


	 p_es @ yammet (179, 521) @ 5.0095696449279785 secs

***************** END yammet.get_sigmoid ********************
		-TP- Explosion: 0.9567
		CHECK

$$$$$$$$$$$$$$$$$$$$$$$$$$$$$$$$$$$$$$$$$$$$$$$$$$$$$$$$$$$$$$$$$$$$$$$$$$$$

		 Quantum.Of.Solace.2008__#00-00-44_00-03-45_label_B2-B6-0.mp4

************** START yammet.get_sigmoid *************** 
	 Quantum.Of.Solace.2008__#00-00-44_00-03-45_label_B2-B6-0.mp4  w/  48000 hZ 
	 0 0.00 
	 4000 166.67


	 p_es @ yammet (179, 521) @ 4.940236568450928 secs

***************** END yammet.get_sigmoid ********************
		-TP- Police car (siren): 0.4416
		CHECK

$$$$$$$$$$$$$$$$$$$$$$$$$$$$$$$$$$$$$$$$$$$$$$$$$$$$$$$$$$$$$$$$$$$$$$$$$$$$

		 v=eTNiMMICigY__#00-00-00_00-03-57_label_B4-0-0.mp4

************** START yammet.get_sigmoid *************** 
	 v=eTNiMMICigY__#00-00-00_00-03-57_label_B4-0-0.mp4  w/  44100 hZ 
	 0 0.00 
	 4000 166.67


	 p_es @ yammet (179, 521) @ 5.015758037567139 secs

***************** END yammet.get_sigmoid ********************
		-TP- Explosion: 0.7023
		CHECK

$$$$$$$$$$$$$$$$$$$$$$$$$$$$$$$$$$$$$$$$$$$$$$$$$$$$$$$$$$$$$$$$$$$$$$$$$$$$

		 Operation.Red.Sea.2018__#0-38-02_0-43-05_label_B2-G-0.mp4

************** START yammet.get_sigmoid *************** 
	 Operation.Red.Sea.2018__#0-38-02_0-43-05_label_B2-G-0.mp4  w/  48000 hZ 
	 0 0.00 
	 4000 166.67


	 p_es @ yammet (179, 521) @ 4.9884724617004395 secs

***************** END yammet.get_sigmoid ********************
		-TP- Explosion: 0.9680
		CHECK

$$$$$$$$$$$$$$$$$$$$$$$$$$$$$$$$$$$$$$$$$$$$$$$$$$$$$$$$$$$$$$$$$$$$$$$$$$$$

		 v=x4o5-WFBHCY__#1_label_B6-0-0.mp4

************** START yammet.get_sigmoid *************** 
	 v=x4o5-WFBHCY__#1_label_B6-0-0.mp4  w/  44100 hZ 
	 0 0.00 
	 4000 166.67


	 p_es @ yammet (179, 521) @ 4.780115127563477 secs

***************** END yammet.get_sigmoid ********************

$$$$$$$$$$$$$$$$$$$$$$$$$$$$$$$$$$$$$$$$$$$$$$$$$$$$$$$$$$$$$$$$$$$$$$$$$$$$

		 Gladiator.2000__#00-59-29_01-02-19_label_B1-0-0.mp4

************** START yammet.get_sigmoid *************** 
	 Gladiator.2000__#00-59-29_01-02-19_label_B1-0-0.mp4  w/  48000 hZ 
	 0 0.00 
	 4000 166.67


	 p_es @ yammet (179, 521) @ 4.961956739425659 secs

***************** END yammet.get_sigmoid ********************

$$$$$$$$$$$$$$$$$$$$$$$$$$$$$$$$$$$$$$$$$$$$$$$$$$$$$$$$$$$$$$$$$$$$$$$$$$$$

		 Braveheart.1995__#00-41-00_00-44-30_label_B5-B1-0.mp4

************** START yammet.get_sigmoid *************** 
	 Braveheart.1995__#00-41-00_00-44-30_label_B5-B1-0.mp4  w/  48000 hZ 
	 0 0.00 
	 4000 166.67


	 p_es @ yammet (179, 521) @ 4.908482313156128 secs

***************** END yammet.get_sigmoid ********************

$$$$$$$$$$$$$$$$$$$$$$$$$$$$$$$$$$$$$$$$$$$$$$$$$$$$$$$$$$$$$$$$$$$$$$$$$$$$

		 v=BBNhYOmEgy0__#1_label_G-0-0.mp4

************** START yammet.get_sigmoid *************** 
	 v=BBNhYOmEgy0__#1_label_G-0-0.mp4  w/  44100 hZ 
	 0 0.00 
	 4000 166.67


	 p_es @ yammet (179, 521) @ 4.6195337772369385 secs

***************** END yammet.get_sigmoid ********************
		-TP- Explosion: 0.4665
		CHECK

$$$$$$$$$$$$$$$$$$$$$$$$$$$$$$$$$$$$$$$$$$$$$$$$$$$$$$$$$$$$$$$$$$$$$$$$$$$$

		 v=rMhEu33OqiM__#00-02-20_00-05-36_label_G-0-0.mp4

************** START yammet.get_sigmoid *************** 
	 v=rMhEu33OqiM__#00-02-20_00-05-36_label_G-0-0.mp4  w/  44100 hZ 
	 0 0.00 
	 4000 166.67


	 p_es @ yammet (179, 521) @ 4.552980899810791 secs

***************** END yammet.get_sigmoid ********************
		-TP- Explosion: 0.8936
		CHECK

$$$$$$$$$$$$$$$$$$$$$$$$$$$$$$$$$$$$$$$$$$$$$$$$$$$$$$$$$$$$$$$$$$$$$$$$$$$$

		 v=qmsQ-obL1Z4__#00-21-52_00-25-35_label_B6-0-0.mp4

************** START yammet.get_sigmoid *************** 
	 v=qmsQ-obL1Z4__#00-21-52_00-25-35_label_B6-0-0.mp4  w/  44100 hZ 
	 0 0.00 
	 4000 166.67


	 p_es @ yammet (179, 521) @ 4.538777589797974 secs

***************** END yammet.get_sigmoid ********************
