{"obj": {"type": "AssignString", "path": ["sys", "name"], "value": "Untitled"}, "version": 1}
{"obj": {"type": "AssignString", "path": ["sys", "description"], "value": ""}, "version": 2}
{"obj": {"type": "AssignString", "path": ["monitoring", "1093c2c9", "hostname"], "value": "DGX"}, "version": 3}
{"obj": {"type": "AssignString", "path": ["sys", "hostname"], "value": "DGX"}, "version": 4}
{"obj": {"type": "AssignString", "path": ["monitoring", "1093c2c9", "pid"], "value": "22336"}, "version": 5}
{"obj": {"type": "AssignString", "path": ["monitoring", "1093c2c9", "tid"], "value": "139746953842816"}, "version": 6}
{"obj": {"type": "AssignBool", "path": ["sys", "failed"], "value": false}, "version": 7}
{"obj": {"type": "AssignInt", "path": ["train", "model", "parameters", "target_height"], "value": 120}, "version": 8}
{"obj": {"type": "AssignInt", "path": ["train", "model", "parameters", "target_width"], "value": 160}, "version": 9}
{"obj": {"type": "AssignString", "path": ["train", "model", "parameters", "frame_max"], "value": "2000"}, "version": 10}
{"obj": {"type": "AssignInt", "path": ["train", "model", "parameters", "batch_type"], "value": 1}, "version": 11}
{"obj": {"type": "AssignString", "path": ["train", "model", "parameters", "ativa"], "value": "leakyrelu"}, "version": 12}
{"obj": {"type": "AssignString", "path": ["train", "model", "parameters", "optima"], "value": "adam"}, "version": 13}
{"obj": {"type": "AssignString", "path": ["train", "model", "info"], "value": "1678675835.6023283"}, "version": 14}
{"obj": {"type": "AssignString", "path": ["train", "model", "info"], "value": "_leakyrelu_adam_1_2000"}, "version": 15}
{"obj": {"type": "AssignInt", "path": ["train", "model", "parameters", "target_height"], "value": 120}, "version": 16}
{"obj": {"type": "AssignInt", "path": ["train", "model", "parameters", "target_width"], "value": 160}, "version": 17}
{"obj": {"type": "AssignString", "path": ["train", "model", "parameters", "frame_max"], "value": "2000"}, "version": 18}
{"obj": {"type": "AssignInt", "path": ["train", "model", "parameters", "batch_type"], "value": 1}, "version": 19}
{"obj": {"type": "AssignString", "path": ["train", "model", "parameters", "ativa"], "value": "leakyrelu"}, "version": 20}
{"obj": {"type": "AssignString", "path": ["train", "model", "parameters", "optima"], "value": "adam"}, "version": 21}
{"obj": {"type": "AssignString", "path": ["train", "model", "info"], "value": "1678676050.860047"}, "version": 22}
{"obj": {"type": "AssignString", "path": ["train", "model", "info"], "value": "_leakyrelu_adam_1_2000"}, "version": 23}
{"obj": {"type": "AssignInt", "path": ["train", "model", "parameters", "target_height"], "value": 120}, "version": 24}
{"obj": {"type": "AssignInt", "path": ["train", "model", "parameters", "target_width"], "value": 160}, "version": 25}
{"obj": {"type": "AssignString", "path": ["train", "model", "parameters", "frame_max"], "value": "2000"}, "version": 26}
{"obj": {"type": "AssignInt", "path": ["train", "model", "parameters", "batch_type"], "value": 1}, "version": 27}
{"obj": {"type": "AssignString", "path": ["train", "model", "parameters", "ativa"], "value": "leakyrelu"}, "version": 28}
{"obj": {"type": "AssignString", "path": ["train", "model", "parameters", "optima"], "value": "adam"}, "version": 29}
{"obj": {"type": "AssignString", "path": ["train", "model", "info"], "value": "1678676141.7694232"}, "version": 30}
{"obj": {"type": "AssignString", "path": ["train", "model", "info"], "value": "_leakyrelu_adam_1_2000"}, "version": 31}
