{"obj": {"type": "DeleteAttribute", "path": ["dataset", "train_normal", "Fury.2014__#00-01-50_00-02-58_label_A.mp4"]}, "version": 1}
{"obj": {"type": "DeleteAttribute", "path": ["dataset", "train_normal", "Fury.2014__#00-09-04_00-10-42_label_A.mp4"]}, "version": 2}
{"obj": {"type": "DeleteAttribute", "path": ["dataset", "train_normal", "Fury.2014__#00-20-27_00-21-57_label_A.mp4"]}, "version": 3}
{"obj": {"type": "DeleteAttribute", "path": ["dataset", "train_normal", "Fury.2014__#01-24-39_01-26-24_label_A.mp4"]}, "version": 4}
{"obj": {"type": "DeleteAttribute", "path": ["dataset", "train_normal", "Gladiator.2000__#01-02-57_01-04-54_label_A.mp4"]}, "version": 5}
{"obj": {"type": "DeleteAttribute", "path": ["dataset", "train_normal", "Gladiator.2000__#01-27-58_01-29-40_label_A.mp4"]}, "version": 6}
{"obj": {"type": "DeleteAttribute", "path": ["dataset", "train_normal", "Gladiator.2000__#01-44-18_01-46-14_label_A.mp4"]}, "version": 7}
{"obj": {"type": "DeleteAttribute", "path": ["dataset", "train_normal", "Gladiator.2000__#02-08-45_02-10-17_label_A.mp4"]}, "version": 8}
{"obj": {"type": "DeleteAttribute", "path": ["dataset", "train_normal", "God.Bless.America.2011__#00-06-59_00-12-23_label_A.mp4"]}, "version": 9}
{"obj": {"type": "DeleteAttribute", "path": ["dataset", "train_normal", "God.Bless.America.2011__#01-15-20_01-16-40_label_A.mp4"]}, "version": 10}
{"obj": {"type": "DeleteAttribute", "path": ["dataset", "train_normal", "GoldenEye.1995__#00-17-21_00-20-35_label_A.mp4"]}, "version": 11}
{"obj": {"type": "DeleteAttribute", "path": ["dataset", "train_normal", "GoldenEye.1995__#00-25-13_00-25-45_label_A.mp4"]}, "version": 12}
{"obj": {"type": "DeleteAttribute", "path": ["dataset", "train_normal", "GoldenEye.1995__#01-14-10_01-16-51_label_A.mp4"]}, "version": 13}
{"obj": {"type": "DeleteAttribute", "path": ["dataset", "train_normal", "GoldenEye.1995__#01-52-20_01-53-15_label_A.mp4"]}, "version": 14}
{"obj": {"type": "DeleteAttribute", "path": ["dataset", "train_normal", "Good.Will.Hunting.1997__#00-05-52_00-08-22_label_A.mp4"]}, "version": 15}
{"obj": {"type": "DeleteAttribute", "path": ["dataset", "train_normal", "Good.Will.Hunting.1997__#00-25-20_00-29-20_label_A.mp4"]}, "version": 16}
{"obj": {"type": "DeleteAttribute", "path": ["dataset", "train_normal", "Good.Will.Hunting.1997__#00-32-07_00-35-00_label_A.mp4"]}, "version": 17}
{"obj": {"type": "DeleteAttribute", "path": ["dataset", "train_normal", "Good.Will.Hunting.1997__#00-42-52_00-45-31_label_A.mp4"]}, "version": 18}
{"obj": {"type": "DeleteAttribute", "path": ["dataset", "train_normal", "Good.Will.Hunting.1997__#01-07-50_01-14-05_label_A.mp4"]}, "version": 19}
{"obj": {"type": "DeleteAttribute", "path": ["dataset", "train_normal", "Good.Will.Hunting.1997__#01-27-20_01-29-40_label_A.mp4"]}, "version": 20}
{"obj": {"type": "DeleteAttribute", "path": ["dataset", "train_normal", "Good.Will.Hunting.1997__#01-42-06_01-45-53_label_A.mp4"]}, "version": 21}
{"obj": {"type": "DeleteAttribute", "path": ["dataset", "train_normal", "Good.Will.Hunting.1997__#01-46-20_01-48-10_label_A.mp4"]}, "version": 22}
{"obj": {"type": "DeleteAttribute", "path": ["dataset", "train_normal", "Good.Will.Hunting.1997__#01-52-20_01-58-00_label_A.mp4"]}, "version": 23}
{"obj": {"type": "DeleteAttribute", "path": ["dataset", "train_normal", "Haywire.2011__#00-22-13_00-23-53_label_A.mp4"]}, "version": 24}
{"obj": {"type": "DeleteAttribute", "path": ["dataset", "train_normal", "Haywire.2011__#00-43-46_00-45-00_label_A.mp4"]}, "version": 25}
{"obj": {"type": "DeleteAttribute", "path": ["dataset", "train_normal", "Hear.Me.2009__#00-01-45_00-04-15_label_A.mp4"]}, "version": 26}
{"obj": {"type": "DeleteAttribute", "path": ["dataset", "train_normal", "Hear.Me.2009__#00-08-55_00-10-50_label_A.mp4"]}, "version": 27}
{"obj": {"type": "DeleteAttribute", "path": ["dataset", "train_normal", "Hear.Me.2009__#00-45-40_00-47-30_label_A.mp4"]}, "version": 28}
{"obj": {"type": "DeleteAttribute", "path": ["dataset", "train_normal", "Hear.Me.2009__#00-51-55_00-55-16_label_A.mp4"]}, "version": 29}
{"obj": {"type": "DeleteAttribute", "path": ["dataset", "train_normal", "Hear.Me.2009__#01-09-30_01-16-59_label_A.mp4"]}, "version": 30}
{"obj": {"type": "DeleteAttribute", "path": ["dataset", "train_normal", "Hear.Me.2009__#01-39-05_01-46-40_label_A.mp4"]}, "version": 31}
{"obj": {"type": "DeleteAttribute", "path": ["dataset", "train_normal", "Hot.Fuzz.2007__#01-53-51_01-54-45_label_A.mp4"]}, "version": 32}
{"obj": {"type": "DeleteAttribute", "path": ["dataset", "train_normal", "IP.Man.2.2010__#00-12-46_00-13-46_label_A.mp4"]}, "version": 33}
{"obj": {"type": "DeleteAttribute", "path": ["dataset", "train_normal", "IP.Man.2.2010__#00-29-16_00-30-36_label_A.mp4"]}, "version": 34}
{"obj": {"type": "DeleteAttribute", "path": ["dataset", "train_normal", "IP.Man.2.2010__#00-57-58_00-59-16_label_A.mp4"]}, "version": 35}
{"obj": {"type": "DeleteAttribute", "path": ["dataset", "train_normal", "IP.Man.2.2010__#01-27-31_01-29-31_label_A.mp4"]}, "version": 36}
{"obj": {"type": "DeleteAttribute", "path": ["dataset", "train_normal", "Ip.Man.2008__#00-07-38_00-09-35_label_A.mp4"]}, "version": 37}
{"obj": {"type": "DeleteAttribute", "path": ["dataset", "train_normal", "Ip.Man.2008__#00-21-43_00-23-13_label_A.mp4"]}, "version": 38}
{"obj": {"type": "DeleteAttribute", "path": ["dataset", "train_normal", "Ip.Man.2008__#00-43-36_00-44-34_label_A.mp4"]}, "version": 39}
{"obj": {"type": "DeleteAttribute", "path": ["dataset", "train_normal", "Ip.Man.3.2015__#00-05-43_00-07-23_label_A.mp4"]}, "version": 40}
{"obj": {"type": "DeleteAttribute", "path": ["dataset", "train_normal", "Ip.Man.3.2015__#00-29-44_00-31-40_label_A.mp4"]}, "version": 41}
{"obj": {"type": "DeleteAttribute", "path": ["dataset", "train_normal", "Jason.Bourne.2016__#0-05-33_0-07-56_label_A.mp4"]}, "version": 42}
{"obj": {"type": "DeleteAttribute", "path": ["dataset", "train_normal", "Jason.Bourne.2016__#0-36-20_0-37-27_label_A.mp4"]}, "version": 43}
{"obj": {"type": "DeleteAttribute", "path": ["dataset", "train_normal", "Jason.Bourne.2016__#0-57-28_0-58-55_label_A.mp4"]}, "version": 44}
{"obj": {"type": "DeleteAttribute", "path": ["dataset", "train_normal", "Jason.Bourne.2016__#01-16-40_01-18-50_label_A.mp4"]}, "version": 45}
{"obj": {"type": "DeleteAttribute", "path": ["dataset", "train_normal", "Jason.Bourne.2016__#01-24-46_01-25-35_label_A.mp4"]}, "version": 46}
{"obj": {"type": "DeleteAttribute", "path": ["dataset", "train_normal", "Jason.Bourne.2016__#01-27-09_01-29-40_label_A.mp4"]}, "version": 47}
{"obj": {"type": "DeleteAttribute", "path": ["dataset", "train_normal", "Kill.Bill.Vol.1.2003__#0-46-00_0-48-55_label_A.mp4"]}, "version": 48}
{"obj": {"type": "DeleteAttribute", "path": ["dataset", "train_normal", "Kill.Bill.Vol.1.2003__#00-32-20_00-34-20_label_A.mp4"]}, "version": 49}
{"obj": {"type": "DeleteAttribute", "path": ["dataset", "train_normal", "Kill.Bill.Vol.2.2004__#0-05-14_0-06-33_label_A.mp4"]}, "version": 50}
{"obj": {"type": "DeleteAttribute", "path": ["dataset", "train_normal", "Kill.Bill.Vol.2.2004__#0-12-30_0-14-20_label_A.mp4"]}, "version": 51}
{"obj": {"type": "DeleteAttribute", "path": ["dataset", "train_normal", "Kingsman.The.Golden.Circle.2017__#00-10-56_00-12-15_label_A.mp4"]}, "version": 52}
{"obj": {"type": "DeleteAttribute", "path": ["dataset", "train_normal", "Kingsman.The.Golden.Circle.2017__#00-17-02_00-18-16_label_A.mp4"]}, "version": 53}
{"obj": {"type": "DeleteAttribute", "path": ["dataset", "train_normal", "Kingsman.The.Golden.Circle.2017__#00-33-32_00-34-34_label_A.mp4"]}, "version": 54}
{"obj": {"type": "DeleteAttribute", "path": ["dataset", "train_normal", "Kingsman.The.Golden.Circle.2017__#01-41-40_01-43-21_label_A.mp4"]}, "version": 55}
{"obj": {"type": "DeleteAttribute", "path": ["dataset", "train_normal", "Kingsman.The.Secret.Service.2014__#00-08-39_00-09-42_label_A.mp4"]}, "version": 56}
{"obj": {"type": "DeleteAttribute", "path": ["dataset", "train_normal", "Law.Abiding.Citizen.2009__#01-14-22_01-14-38_label_A.mp4"]}, "version": 57}
{"obj": {"type": "DeleteAttribute", "path": ["dataset", "train_normal", "Lord.of.War__#00-00-00_00-01-00_label_A.mp4"]}, "version": 58}
{"obj": {"type": "DeleteAttribute", "path": ["dataset", "train_normal", "Lord.of.War__#00-28-20_00-29-08_label_A.mp4"]}, "version": 59}
{"obj": {"type": "DeleteAttribute", "path": ["dataset", "train_normal", "Lord.of.War__#01-30-02_01-30-58_label_A.mp4"]}, "version": 60}
{"obj": {"type": "DeleteAttribute", "path": ["dataset", "train_normal", "Lord.of.War__#01-49-07_01-49-58_label_A.mp4"]}, "version": 61}
{"obj": {"type": "DeleteAttribute", "path": ["dataset", "train_normal", "Love.Actually.2003__#00-04-20_00-06-05_label_A.mp4"]}, "version": 62}
{"obj": {"type": "DeleteAttribute", "path": ["dataset", "train_normal", "Love.Actually.2003__#00-08-55_00-10-00_label_A.mp4"]}, "version": 63}
{"obj": {"type": "DeleteAttribute", "path": ["dataset", "train_normal", "Love.Actually.2003__#00-15-10_00-17-27_label_A.mp4"]}, "version": 64}
{"obj": {"type": "DeleteAttribute", "path": ["dataset", "train_normal", "Love.Actually.2003__#00-17-30_00-19-10_label_A.mp4"]}, "version": 65}
{"obj": {"type": "DeleteAttribute", "path": ["dataset", "train_normal", "Love.Actually.2003__#00-21-59_00-24-04_label_A.mp4"]}, "version": 66}
{"obj": {"type": "DeleteAttribute", "path": ["dataset", "train_normal", "Love.Actually.2003__#00-33-52_00-38-31_label_A.mp4"]}, "version": 67}
{"obj": {"type": "DeleteAttribute", "path": ["dataset", "train_normal", "Love.Actually.2003__#00-38-52_00-40-31_label_A.mp4"]}, "version": 68}
{"obj": {"type": "DeleteAttribute", "path": ["dataset", "train_normal", "Love.Actually.2003__#00-56-40_01-02-02_label_A.mp4"]}, "version": 69}
{"obj": {"type": "DeleteAttribute", "path": ["dataset", "train_normal", "Love.Actually.2003__#01-30-25_01-33-56_label_A.mp4"]}, "version": 70}
{"obj": {"type": "DeleteAttribute", "path": ["dataset", "train_normal", "Love.Actually.2003__#01-47-05_01-54-40_label_A.mp4"]}, "version": 71}
{"obj": {"type": "DeleteAttribute", "path": ["dataset", "train_normal", "Love.Actually.2003__#02-02-50_02-09-20_label_A.mp4"]}, "version": 72}
{"obj": {"type": "DeleteAttribute", "path": ["dataset", "train_normal", "Love.Death.and.Robots.S01E02__#00-00-59_00-01-37_label_A.mp4"]}, "version": 73}
{"obj": {"type": "DeleteAttribute", "path": ["dataset", "train_normal", "Love.Death.and.Robots.S01E02__#00-02-05_00-03-11_label_A.mp4"]}, "version": 74}
{"obj": {"type": "DeleteAttribute", "path": ["dataset", "train_normal", "Love.Death.and.Robots.S01E04__#00-03-55_00-04-30_label_A.mp4"]}, "version": 75}
{"obj": {"type": "DeleteAttribute", "path": ["dataset", "train_normal", "Love.Death.and.Robots.S01E10__#0-02-13_0-03-11_label_A.mp4"]}, "version": 76}
{"obj": {"type": "DeleteAttribute", "path": ["dataset", "train_normal", "Love.Death.and.Robots.S01E10__#0-13-02_0-14-20_label_A.mp4"]}, "version": 77}
{"obj": {"type": "DeleteAttribute", "path": ["dataset", "train_normal", "Love.Death.and.Robots.S01E16__#0-00-35_0-02-15_label_A.mp4"]}, "version": 78}
{"obj": {"type": "DeleteAttribute", "path": ["dataset", "train_normal", "Love.Me.If.You.Dare.2003__#00-01-45_00-04-15_label_A.mp4"]}, "version": 79}
{"obj": {"type": "DeleteAttribute", "path": ["dataset", "train_normal", "Love.Me.If.You.Dare.2003__#00-17-30_00-19-10_label_A.mp4"]}, "version": 80}
{"obj": {"type": "DeleteAttribute", "path": ["dataset", "train_normal", "Love.Me.If.You.Dare.2003__#00-30-50_00-32-31_label_A.mp4"]}, "version": 81}
{"obj": {"type": "DeleteAttribute", "path": ["dataset", "train_normal", "Love.Me.If.You.Dare.2003__#00-39-25_00-45-16_label_A.mp4"]}, "version": 82}
{"obj": {"type": "DeleteAttribute", "path": ["dataset", "train_normal", "Love.Me.If.You.Dare.2003__#00-46-40_00-48-30_label_A.mp4"]}, "version": 83}
{"obj": {"type": "DeleteAttribute", "path": ["dataset", "train_normal", "Love.Me.If.You.Dare.2003__#00-51-55_00-55-16_label_A.mp4"]}, "version": 84}
{"obj": {"type": "DeleteAttribute", "path": ["dataset", "train_normal", "Love.Me.If.You.Dare.2003__#00-59-50_01-01-45_label_A.mp4"]}, "version": 85}
{"obj": {"type": "DeleteAttribute", "path": ["dataset", "train_normal", "Mindhunters.2004__#00-10-04_00-11-04_label_A.mp4"]}, "version": 86}
{"obj": {"type": "DeleteAttribute", "path": ["dataset", "train_normal", "Mindhunters.2004__#00-38-50_00-39-40_label_A.mp4"]}, "version": 87}
{"obj": {"type": "DeleteAttribute", "path": ["dataset", "train_normal", "Mindhunters.2004__#00-45-50_00-46-28_label_A.mp4"]}, "version": 88}
{"obj": {"type": "DeleteAttribute", "path": ["dataset", "train_normal", "Mindhunters.2004__#01-09-00_01-09-53_label_A.mp4"]}, "version": 89}
{"obj": {"type": "DeleteAttribute", "path": ["dataset", "train_normal", "Mission.Impossible.Fallout.2018__#00-00-37_00-01-23_label_A.mp4"]}, "version": 90}
{"obj": {"type": "DeleteAttribute", "path": ["dataset", "train_normal", "Mission.Impossible.Fallout.2018__#00-17-22_00-20-52_label_A.mp4"]}, "version": 91}
{"obj": {"type": "DeleteAttribute", "path": ["dataset", "train_normal", "Mission.Impossible.Fallout.2018__#00-42-06_00-44-09_label_A.mp4"]}, "version": 92}
{"obj": {"type": "DeleteAttribute", "path": ["dataset", "train_normal", "Mission.Impossible.Fallout.2018__#01-47-30_01-49-50_label_A.mp4"]}, "version": 93}
{"obj": {"type": "DeleteAttribute", "path": ["dataset", "train_normal", "Mission.Impossible.Ghost.Protocol.2011__#00-53-35_00-55-10_label_A.mp4"]}, "version": 94}
{"obj": {"type": "DeleteAttribute", "path": ["dataset", "train_normal", "Mission.Impossible.Ghost.Protocol.2011__#01-11-27_01-12-11_label_A.mp4"]}, "version": 95}
{"obj": {"type": "DeleteAttribute", "path": ["dataset", "train_normal", "Mission.Impossible.II.2000__#00-09-32_00-10-00_label_A.mp4"]}, "version": 96}
{"obj": {"type": "DeleteAttribute", "path": ["dataset", "train_normal", "Mission.Impossible.II.2000__#00-32-03_00-32-56_label_A.mp4"]}, "version": 97}
{"obj": {"type": "DeleteAttribute", "path": ["dataset", "train_normal", "Mission.Impossible.II.2000__#01-56-14_01-58-10_label_A.mp4"]}, "version": 98}
{"obj": {"type": "DeleteAttribute", "path": ["dataset", "train_normal", "Mission.Impossible.III.2006__#00-08-23_00-09-50_label_A.mp4"]}, "version": 99}
{"obj": {"type": "DeleteAttribute", "path": ["dataset", "train_normal", "Mission.Impossible.III.2006__#00-28-52_00-30-14_label_A.mp4"]}, "version": 100}
{"obj": {"type": "DeleteAttribute", "path": ["dataset", "train_normal", "Mission.Impossible.III.2006__#00-38-25_00-40-07_label_A.mp4"]}, "version": 101}
{"obj": {"type": "DeleteAttribute", "path": ["dataset", "train_normal", "Mission.Impossible.III.2006__#01-56-50_01-58-50_label_A.mp4"]}, "version": 102}
{"obj": {"type": "DeleteAttribute", "path": ["dataset", "train_normal", "Mission.Impossible.V.Rogue.Nation.2015__#00-06-43_00-09-00_label_A.mp4"]}, "version": 103}
{"obj": {"type": "DeleteAttribute", "path": ["dataset", "train_normal", "Mission.Impossible.V.Rogue.Nation.2015__#00-10-50_00-11-50_label_A.mp4"]}, "version": 104}
{"obj": {"type": "DeleteAttribute", "path": ["dataset", "train_normal", "Mission.Impossible.V.Rogue.Nation.2015__#00-23-00_00-25-22_label_A.mp4"]}, "version": 105}
{"obj": {"type": "DeleteAttribute", "path": ["dataset", "train_normal", "Mission.Impossible.V.Rogue.Nation.2015__#00-29-46_00-31-00_label_A.mp4"]}, "version": 106}
{"obj": {"type": "DeleteAttribute", "path": ["dataset", "train_normal", "Mission.Impossible.V.Rogue.Nation.2015__#00-42-52_00-43-41_label_A.mp4"]}, "version": 107}
{"obj": {"type": "DeleteAttribute", "path": ["dataset", "train_normal", "New.Kids.Turbo.2010__#00-04-24_00-06-30_label_A.mp4"]}, "version": 108}
{"obj": {"type": "DeleteAttribute", "path": ["dataset", "train_normal", "New.Kids.Turbo.2010__#00-58-34_00-59-04_label_A.mp4"]}, "version": 109}
{"obj": {"type": "DeleteAttribute", "path": ["dataset", "train_normal", "NewAdd.NBA-2017.12.25_CLE@GSW__#00-00-00_00-21-00_label_A.mp4"]}, "version": 110}
{"obj": {"type": "DeleteAttribute", "path": ["dataset", "train_normal", "NewAdd.NBA-2017.12.25_CLE@GSW__#00-44-20_01-08-34_label_A.mp4"]}, "version": 111}
{"obj": {"type": "DeleteAttribute", "path": ["dataset", "train_normal", "One.Day.2011__#00-01-45_00-02-50_label_A.mp4"]}, "version": 112}
{"obj": {"type": "DeleteAttribute", "path": ["dataset", "train_normal", "One.Day.2011__#00-03-00_00-04-05_label_A.mp4"]}, "version": 113}
{"obj": {"type": "DeleteAttribute", "path": ["dataset", "train_normal", "One.Day.2011__#00-12-45_00-15-08_label_A.mp4"]}, "version": 114}
{"obj": {"type": "DeleteAttribute", "path": ["dataset", "train_normal", "One.Day.2011__#00-16-18_00-18-09_label_A.mp4"]}, "version": 115}
{"obj": {"type": "DeleteAttribute", "path": ["dataset", "train_normal", "One.Day.2011__#00-20-35_00-23-06_label_A.mp4"]}, "version": 116}
{"obj": {"type": "DeleteAttribute", "path": ["dataset", "train_normal", "One.Day.2011__#00-25-20_00-28-20_label_A.mp4"]}, "version": 117}
{"obj": {"type": "DeleteAttribute", "path": ["dataset", "train_normal", "One.Day.2011__#00-32-07_00-35-00_label_A.mp4"]}, "version": 118}
{"obj": {"type": "DeleteAttribute", "path": ["dataset", "train_normal", "One.Day.2011__#00-58-18_01-02-30_label_A.mp4"]}, "version": 119}
{"obj": {"type": "DeleteAttribute", "path": ["dataset", "train_normal", "One.Day.2011__#01-07-50_01-14-05_label_A.mp4"]}, "version": 120}
{"obj": {"type": "DeleteAttribute", "path": ["dataset", "train_normal", "Operation.Red.Sea.2018__#0-13-50_0-16-05_label_A.mp4"]}, "version": 121}
{"obj": {"type": "DeleteAttribute", "path": ["dataset", "train_normal", "Operation.Red.Sea.2018__#0-19-56_0-20-58_label_A.mp4"]}, "version": 122}
{"obj": {"type": "DeleteAttribute", "path": ["dataset", "train_normal", "Operation.Red.Sea.2018__#0-23-37_0-24-25_label_A.mp4"]}, "version": 123}
{"obj": {"type": "DeleteAttribute", "path": ["dataset", "train_normal", "Quantum.Of.Solace.2008__#00-17-50_00-18-46_label_A.mp4"]}, "version": 124}
{"obj": {"type": "DeleteAttribute", "path": ["dataset", "train_normal", "Quantum.Of.Solace.2008__#00-22-53_00-29-20_label_A.mp4"]}, "version": 125}
{"obj": {"type": "DeleteAttribute", "path": ["dataset", "train_normal", "Quantum.Of.Solace.2008__#00-56-59_00-58-54_label_A.mp4"]}, "version": 126}
{"obj": {"type": "DeleteAttribute", "path": ["dataset", "train_normal", "Quantum.Of.Solace.2008__#01-40-09_01-41-35_label_A.mp4"]}, "version": 127}
{"obj": {"type": "DeleteAttribute", "path": ["dataset", "train_normal", "Rush.Hour.1998.BluRay__#00-04-03_00-05-26_label_A.mp4"]}, "version": 128}
{"obj": {"type": "DeleteAttribute", "path": ["dataset", "train_normal", "Rush.Hour.1998.BluRay__#00-09-35_00-10-55_label_A.mp4"]}, "version": 129}
{"obj": {"type": "DeleteAttribute", "path": ["dataset", "train_normal", "Rush.Hour.1998.BluRay__#00-20-03_00-22-55_label_A.mp4"]}, "version": 130}
{"obj": {"type": "DeleteAttribute", "path": ["dataset", "train_normal", "Rush.Hour.1998.BluRay__#01-13-13_01-16-00_label_A.mp4"]}, "version": 131}
{"obj": {"type": "DeleteAttribute", "path": ["dataset", "train_normal", "Salt.2010__#00-31-00_00-32-01_label_A.mp4"]}, "version": 132}
{"obj": {"type": "DeleteAttribute", "path": ["dataset", "train_normal", "Salt.2010__#00-40-10_00-42-22_label_A.mp4"]}, "version": 133}
{"obj": {"type": "DeleteAttribute", "path": ["dataset", "train_normal", "Salt.2010__#00-54-22_00-55-02_label_A.mp4"]}, "version": 134}
{"obj": {"type": "DeleteAttribute", "path": ["dataset", "train_normal", "Salt.2010__#01-08-26_01-09-42_label_A.mp4"]}, "version": 135}
{"obj": {"type": "DeleteAttribute", "path": ["dataset", "train_normal", "Salt.2010__#01-18-20_01-19-08_label_A.mp4"]}, "version": 136}
{"obj": {"type": "DeleteAttribute", "path": ["dataset", "train_normal", "Salt.2010__#01-23-40_01-25-00_label_A.mp4"]}, "version": 137}
{"obj": {"type": "DeleteAttribute", "path": ["dataset", "train_normal", "Saving.Private.Ryan.1998__#00-36-27_00-38-27_label_A.mp4"]}, "version": 138}
{"obj": {"type": "DeleteAttribute", "path": ["dataset", "train_normal", "Shoplifters.2018__#00-01-45_00-02-15_label_A.mp4"]}, "version": 139}
{"obj": {"type": "DeleteAttribute", "path": ["dataset", "train_normal", "Shoplifters.2018__#00-08-55_00-10-50_label_A.mp4"]}, "version": 140}
{"obj": {"type": "DeleteAttribute", "path": ["dataset", "train_normal", "Shoplifters.2018__#00-11-00_00-15-08_label_A.mp4"]}, "version": 141}
{"obj": {"type": "DeleteAttribute", "path": ["dataset", "train_normal", "Shoplifters.2018__#00-20-35_00-23-06_label_A.mp4"]}, "version": 142}
{"obj": {"type": "DeleteAttribute", "path": ["dataset", "train_normal", "Shoplifters.2018__#00-25-20_00-27-20_label_A.mp4"]}, "version": 143}
{"obj": {"type": "DeleteAttribute", "path": ["dataset", "train_normal", "Shoplifters.2018__#00-30-50_00-32-31_label_A.mp4"]}, "version": 144}
{"obj": {"type": "DeleteAttribute", "path": ["dataset", "train_normal", "Shoplifters.2018__#00-45-40_00-47-30_label_A.mp4"]}, "version": 145}
{"obj": {"type": "DeleteAttribute", "path": ["dataset", "train_normal", "Shoplifters.2018__#00-49-48_00-51-12_label_A.mp4"]}, "version": 146}
{"obj": {"type": "DeleteAttribute", "path": ["dataset", "train_normal", "Shoplifters.2018__#00-56-40_00-58-00_label_A.mp4"]}, "version": 147}
{"obj": {"type": "DeleteAttribute", "path": ["dataset", "train_normal", "Shoplifters.2018__#01-39-05_01-46-40_label_A.mp4"]}, "version": 148}
{"obj": {"type": "DeleteAttribute", "path": ["dataset", "train_normal", "Shoplifters.2018__#01-47-40_01-49-53_label_A.mp4"]}, "version": 149}
{"obj": {"type": "DeleteAttribute", "path": ["dataset", "train_normal", "Shoplifters.2018__#01-50-20_01-56-30_label_A.mp4"]}, "version": 150}
{"obj": {"type": "DeleteAttribute", "path": ["dataset", "train_normal", "Sin.City.2005__#0-05-10_0-06-07_label_A.mp4"]}, "version": 151}
{"obj": {"type": "DeleteAttribute", "path": ["dataset", "train_normal", "Sin.City.2005__#0-39-32_0-40-12_label_A.mp4"]}, "version": 152}
{"obj": {"type": "DeleteAttribute", "path": ["dataset", "train_normal", "Sin.City.2005__#01-55-42_01-56-03_label_A.mp4"]}, "version": 153}
{"obj": {"type": "DeleteAttribute", "path": ["dataset", "train_normal", "Sin.City.2005__#01-56-49_01-57-35_label_A.mp4"]}, "version": 154}
{"obj": {"type": "DeleteAttribute", "path": ["dataset", "train_normal", "Skyfall.2012__#00-17-25_00-19-35_label_A.mp4"]}, "version": 155}
{"obj": {"type": "DeleteAttribute", "path": ["dataset", "train_normal", "Skyfall.2012__#00-22-26_00-22-48_label_A.mp4"]}, "version": 156}
{"obj": {"type": "DeleteAttribute", "path": ["dataset", "train_normal", "Skyfall.2012__#00-24-39_00-25-00_label_A.mp4"]}, "version": 157}
{"obj": {"type": "DeleteAttribute", "path": ["dataset", "train_normal", "Skyfall.2012__#00-25-40_00-27-42_label_A.mp4"]}, "version": 158}
{"obj": {"type": "DeleteAttribute", "path": ["dataset", "train_normal", "Skyfall.2012__#00-51-45_00-53-30_label_A.mp4"]}, "version": 159}
{"obj": {"type": "DeleteAttribute", "path": ["dataset", "train_normal", "Skyfall.2012__#00-59-47_01-03-05_label_A.mp4"]}, "version": 160}
{"obj": {"type": "DeleteAttribute", "path": ["dataset", "train_normal", "Skyfall.2012__#01-07-38_01-08-17_label_A.mp4"]}, "version": 161}
{"obj": {"type": "DeleteAttribute", "path": ["dataset", "train_normal", "Spectre.2015__#01-00-27_01-02-01_label_A.mp4"]}, "version": 162}
{"obj": {"type": "DeleteAttribute", "path": ["dataset", "train_normal", "Spectre.2015__#01-38-08_01-39-40_label_A.mp4"]}, "version": 163}
{"obj": {"type": "DeleteAttribute", "path": ["dataset", "train_normal", "Spectre.2015__#01-59-32_02-00-38_label_A.mp4"]}, "version": 164}
{"obj": {"type": "DeleteAttribute", "path": ["dataset", "train_normal", "Spectre.2015__#02-03-30_02-04-10_label_A.mp4"]}, "version": 165}
{"obj": {"type": "DeleteAttribute", "path": ["dataset", "train_normal", "Spectre.2015__#02-04-25_02-05-13_label_A.mp4"]}, "version": 166}
{"obj": {"type": "DeleteAttribute", "path": ["dataset", "train_normal", "Still.Walking.2008__#00-01-45_00-02-15_label_A.mp4"]}, "version": 167}
{"obj": {"type": "DeleteAttribute", "path": ["dataset", "train_normal", "Still.Walking.2008__#00-04-20_00-05-35_label_A.mp4"]}, "version": 168}
{"obj": {"type": "DeleteAttribute", "path": ["dataset", "train_normal", "Still.Walking.2008__#00-05-52_00-08-22_label_A.mp4"]}, "version": 169}
{"obj": {"type": "DeleteAttribute", "path": ["dataset", "train_normal", "Still.Walking.2008__#00-17-30_00-19-10_label_A.mp4"]}, "version": 170}
{"obj": {"type": "DeleteAttribute", "path": ["dataset", "train_normal", "Still.Walking.2008__#00-20-35_00-23-06_label_A.mp4"]}, "version": 171}
{"obj": {"type": "DeleteAttribute", "path": ["dataset", "train_normal", "Still.Walking.2008__#00-23-50_00-24-31_label_A.mp4"]}, "version": 172}
{"obj": {"type": "DeleteAttribute", "path": ["dataset", "train_normal", "Still.Walking.2008__#00-25-20_00-29-40_label_A.mp4"]}, "version": 173}
{"obj": {"type": "DeleteAttribute", "path": ["dataset", "train_normal", "Still.Walking.2008__#00-30-50_00-32-31_label_A.mp4"]}, "version": 174}
{"obj": {"type": "DeleteAttribute", "path": ["dataset", "train_normal", "Still.Walking.2008__#01-04-40_01-06-59_label_A.mp4"]}, "version": 175}
{"obj": {"type": "DeleteAttribute", "path": ["dataset", "train_normal", "Still.Walking.2008__#01-26-10_01-28-00_label_A.mp4"]}, "version": 176}
{"obj": {"type": "DeleteAttribute", "path": ["dataset", "train_normal", "Still.Walking.2008__#01-47-40_01-49-53_label_A.mp4"]}, "version": 177}
{"obj": {"type": "DeleteAttribute", "path": ["dataset", "train_normal", "Taken.3.2014__#00-00-47_00-01-14_label_A.mp4"]}, "version": 178}
{"obj": {"type": "DeleteAttribute", "path": ["dataset", "train_normal", "Taken.3.2014__#00-49-27_00-50-11_label_A.mp4"]}, "version": 179}
{"obj": {"type": "DeleteAttribute", "path": ["dataset", "train_normal", "Taken.3.2014__#01-46-54_01-48-38_label_A.mp4"]}, "version": 180}
{"obj": {"type": "DeleteAttribute", "path": ["dataset", "train_normal", "Taken.Extended.Cut.2008__#00-05-18_00-07-51_label_A.mp4"]}, "version": 181}
{"obj": {"type": "DeleteAttribute", "path": ["dataset", "train_normal", "Taken.Extended.Cut.2008__#00-11-53_00-12-40_label_A.mp4"]}, "version": 182}
{"obj": {"type": "DeleteAttribute", "path": ["dataset", "train_normal", "Taken.Extended.Cut.2008__#00-52-12_00-52-31_label_A.mp4"]}, "version": 183}
{"obj": {"type": "DeleteAttribute", "path": ["dataset", "train_normal", "Taken.Extended.Cut.2008__#01-27-31_01-28-02_label_A.mp4"]}, "version": 184}
{"obj": {"type": "DeleteAttribute", "path": ["dataset", "train_normal", "The.Attorney.2013__#00-02-45_00-04-15_label_A.mp4"]}, "version": 185}
{"obj": {"type": "DeleteAttribute", "path": ["dataset", "train_normal", "The.Attorney.2013__#00-08-55_00-10-50_label_A.mp4"]}, "version": 186}
{"obj": {"type": "DeleteAttribute", "path": ["dataset", "train_normal", "The.Attorney.2013__#00-17-30_00-19-10_label_A.mp4"]}, "version": 187}
{"obj": {"type": "DeleteAttribute", "path": ["dataset", "train_normal", "The.Attorney.2013__#00-23-50_00-24-31_label_A.mp4"]}, "version": 188}
{"obj": {"type": "DeleteAttribute", "path": ["dataset", "train_normal", "The.Attorney.2013__#01-17-00_01-19-40_label_A.mp4"]}, "version": 189}
{"obj": {"type": "DeleteAttribute", "path": ["dataset", "train_normal", "The.Attorney.2013__#01-55-12_01-57-10_label_A.mp4"]}, "version": 190}
{"obj": {"type": "DeleteAttribute", "path": ["dataset", "train_normal", "The.Bourne.Identity.2002__#0-05-58_0-06-25_label_A.mp4"]}, "version": 191}
{"obj": {"type": "DeleteAttribute", "path": ["dataset", "train_normal", "The.Bourne.Identity.2002__#0-59-13_01-03-20_label_A.mp4"]}, "version": 192}
{"obj": {"type": "DeleteAttribute", "path": ["dataset", "train_normal", "The.Bourne.Identity.2002__#01-18-45_01-21-55_label_A.mp4"]}, "version": 193}
{"obj": {"type": "DeleteAttribute", "path": ["dataset", "train_normal", "The.Bourne.Legacy.2012__#0-02-25_0-03-30_label_A.mp4"]}, "version": 194}
{"obj": {"type": "DeleteAttribute", "path": ["dataset", "train_normal", "The.Bourne.Legacy.2012__#0-05-22_0-06-49_label_A.mp4"]}, "version": 195}
{"obj": {"type": "DeleteAttribute", "path": ["dataset", "train_normal", "The.Bourne.Legacy.2012__#0-09-06_0-11-10_label_A.mp4"]}, "version": 196}
{"obj": {"type": "DeleteAttribute", "path": ["dataset", "train_normal", "The.Bourne.Legacy.2012__#0-16-57_0-18-43_label_A.mp4"]}, "version": 197}
{"obj": {"type": "DeleteAttribute", "path": ["dataset", "train_normal", "The.Bourne.Legacy.2012__#0-53-06_0-58-18_label_A.mp4"]}, "version": 198}
{"obj": {"type": "DeleteAttribute", "path": ["dataset", "train_normal", "The.Bourne.Legacy.2012__#01-18-40_01-22-05_label_A.mp4"]}, "version": 199}
{"obj": {"type": "DeleteAttribute", "path": ["dataset", "train_normal", "The.Bourne.Legacy.2012__#01-30-54_01-32-04_label_A.mp4"]}, "version": 200}
{"obj": {"type": "DeleteAttribute", "path": ["dataset", "train_normal", "The.Bourne.Legacy.2012__#02-04-01_02-07-17_label_A.mp4"]}, "version": 201}
{"obj": {"type": "DeleteAttribute", "path": ["dataset", "train_normal", "The.Bourne.Supremacy.2004__#0-10-00_0-12-00_label_A.mp4"]}, "version": 202}
{"obj": {"type": "DeleteAttribute", "path": ["dataset", "train_normal", "The.Bourne.Supremacy.2004__#0-19-58_0-20-30_label_A.mp4"]}, "version": 203}
{"obj": {"type": "DeleteAttribute", "path": ["dataset", "train_normal", "The.Bourne.Supremacy.2004__#01-40-32_01-41-56_label_A.mp4"]}, "version": 204}
{"obj": {"type": "DeleteAttribute", "path": ["dataset", "train_normal", "The.Bourne.Ultimatum.2007__#0-04-37_0-05-50_label_A.mp4"]}, "version": 205}
{"obj": {"type": "DeleteAttribute", "path": ["dataset", "train_normal", "The.Bourne.Ultimatum.2007__#0-05-52_0-07-11_label_A.mp4"]}, "version": 206}
{"obj": {"type": "DeleteAttribute", "path": ["dataset", "train_normal", "The.Bourne.Ultimatum.2007__#0-07-22_0-09-41_label_A.mp4"]}, "version": 207}
{"obj": {"type": "DeleteAttribute", "path": ["dataset", "train_normal", "The.Bourne.Ultimatum.2007__#0-30-08_0-31-43_label_A.mp4"]}, "version": 208}
{"obj": {"type": "DeleteAttribute", "path": ["dataset", "train_normal", "The.Fast.and.the.Furious.2001__#00-42-02_00-43-09_label_A.mp4"]}, "version": 209}
{"obj": {"type": "DeleteAttribute", "path": ["dataset", "train_normal", "The.Fast.and.the.Furious.2001__#00-58-56_01-00-15_label_A.mp4"]}, "version": 210}
{"obj": {"type": "DeleteAttribute", "path": ["dataset", "train_normal", "The.Hurt.Locker.2008__#0-10-10_0-12-12_label_A.mp4"]}, "version": 211}
{"obj": {"type": "DeleteAttribute", "path": ["dataset", "train_normal", "The.Intouchables.2011__#00-11-00_00-15-08_label_A.mp4"]}, "version": 212}
{"obj": {"type": "DeleteAttribute", "path": ["dataset", "train_normal", "The.Intouchables.2011__#00-16-18_00-17-27_label_A.mp4"]}, "version": 213}
{"obj": {"type": "DeleteAttribute", "path": ["dataset", "train_normal", "The.Intouchables.2011__#00-17-30_00-19-10_label_A.mp4"]}, "version": 214}
{"obj": {"type": "DeleteAttribute", "path": ["dataset", "train_normal", "The.Intouchables.2011__#00-20-35_00-23-06_label_A.mp4"]}, "version": 215}
{"obj": {"type": "DeleteAttribute", "path": ["dataset", "train_normal", "The.Intouchables.2011__#00-23-50_00-24-31_label_A.mp4"]}, "version": 216}
{"obj": {"type": "DeleteAttribute", "path": ["dataset", "train_normal", "The.Intouchables.2011__#00-25-20_00-29-20_label_A.mp4"]}, "version": 217}
{"obj": {"type": "DeleteAttribute", "path": ["dataset", "train_normal", "The.Intouchables.2011__#00-33-52_00-38-31_label_A.mp4"]}, "version": 218}
{"obj": {"type": "DeleteAttribute", "path": ["dataset", "train_normal", "The.Intouchables.2011__#00-38-52_00-40-31_label_A.mp4"]}, "version": 219}
{"obj": {"type": "DeleteAttribute", "path": ["dataset", "train_normal", "The.Intouchables.2011__#00-40-52_00-42-31_label_A.mp4"]}, "version": 220}
{"obj": {"type": "DeleteAttribute", "path": ["dataset", "train_normal", "The.Intouchables.2011__#00-45-40_00-47-30_label_A.mp4"]}, "version": 221}
{"obj": {"type": "DeleteAttribute", "path": ["dataset", "train_normal", "The.Intouchables.2011__#00-49-48_00-51-12_label_A.mp4"]}, "version": 222}
{"obj": {"type": "DeleteAttribute", "path": ["dataset", "train_normal", "The.Intouchables.2011__#00-56-40_00-58-00_label_A.mp4"]}, "version": 223}
{"obj": {"type": "DeleteAttribute", "path": ["dataset", "train_normal", "The.Intouchables.2011__#01-17-00_01-19-40_label_A.mp4"]}, "version": 224}
{"obj": {"type": "DeleteAttribute", "path": ["dataset", "train_normal", "The.Intouchables.2011__#01-21-00_01-26-08_label_A.mp4"]}, "version": 225}
{"obj": {"type": "DeleteAttribute", "path": ["dataset", "train_normal", "The.Notebook.2004__#00-03-00_00-04-05_label_A.mp4"]}, "version": 226}
{"obj": {"type": "DeleteAttribute", "path": ["dataset", "train_normal", "The.Notebook.2004__#00-05-52_00-08-22_label_A.mp4"]}, "version": 227}
{"obj": {"type": "DeleteAttribute", "path": ["dataset", "train_normal", "The.Notebook.2004__#00-16-18_00-17-27_label_A.mp4"]}, "version": 228}
{"obj": {"type": "DeleteAttribute", "path": ["dataset", "train_normal", "The.Notebook.2004__#00-23-50_00-24-31_label_A.mp4"]}, "version": 229}
{"obj": {"type": "DeleteAttribute", "path": ["dataset", "train_normal", "The.Notebook.2004__#00-37-14_00-40-31_label_A.mp4"]}, "version": 230}
{"obj": {"type": "DeleteAttribute", "path": ["dataset", "train_normal", "The.Notebook.2004__#00-40-52_00-42-01_label_A.mp4"]}, "version": 231}
{"obj": {"type": "DeleteAttribute", "path": ["dataset", "train_normal", "The.Notebook.2004__#00-50-26_00-55-16_label_A.mp4"]}, "version": 232}
{"obj": {"type": "DeleteAttribute", "path": ["dataset", "train_normal", "The.Notebook.2004__#01-17-00_01-19-40_label_A.mp4"]}, "version": 233}
{"obj": {"type": "DeleteAttribute", "path": ["dataset", "train_normal", "The.Notebook.2004__#01-39-05_01-41-00_label_A.mp4"]}, "version": 234}
{"obj": {"type": "DeleteAttribute", "path": ["dataset", "train_normal", "The.Pursuit.of.Happyness.2006__#00-02-45_00-04-15_label_A.mp4"]}, "version": 235}
{"obj": {"type": "DeleteAttribute", "path": ["dataset", "train_normal", "The.Pursuit.of.Happyness.2006__#00-08-55_00-10-50_label_A.mp4"]}, "version": 236}
{"obj": {"type": "DeleteAttribute", "path": ["dataset", "train_normal", "The.Pursuit.of.Happyness.2006__#00-11-00_00-15-08_label_A.mp4"]}, "version": 237}
{"obj": {"type": "DeleteAttribute", "path": ["dataset", "train_normal", "The.Pursuit.of.Happyness.2006__#00-20-35_00-23-06_label_A.mp4"]}, "version": 238}
{"obj": {"type": "DeleteAttribute", "path": ["dataset", "train_normal", "The.Pursuit.of.Happyness.2006__#00-23-50_00-24-31_label_A.mp4"]}, "version": 239}
{"obj": {"type": "DeleteAttribute", "path": ["dataset", "train_normal", "The.Pursuit.of.Happyness.2006__#00-40-52_00-42-31_label_A.mp4"]}, "version": 240}
{"obj": {"type": "DeleteAttribute", "path": ["dataset", "train_normal", "The.Pursuit.of.Happyness.2006__#00-42-52_00-45-31_label_A.mp4"]}, "version": 241}
{"obj": {"type": "DeleteAttribute", "path": ["dataset", "train_normal", "The.Pursuit.of.Happyness.2006__#00-45-40_00-47-30_label_A.mp4"]}, "version": 242}
{"obj": {"type": "DeleteAttribute", "path": ["dataset", "train_normal", "The.Pursuit.of.Happyness.2006__#00-51-55_00-55-16_label_A.mp4"]}, "version": 243}
{"obj": {"type": "DeleteAttribute", "path": ["dataset", "train_normal", "The.Pursuit.of.Happyness.2006__#01-21-00_01-26-08_label_A.mp4"]}, "version": 244}
{"obj": {"type": "DeleteAttribute", "path": ["dataset", "train_normal", "The.Pursuit.of.Happyness.2006__#01-26-10_01-28-00_label_A.mp4"]}, "version": 245}
{"obj": {"type": "DeleteAttribute", "path": ["dataset", "train_normal", "The.Pursuit.of.Happyness.2006__#01-31-45_01-34-11_label_A.mp4"]}, "version": 246}
{"obj": {"type": "DeleteAttribute", "path": ["dataset", "train_normal", "The.Pursuit.of.Happyness.2006__#01-50-00_01-53-10_label_A.mp4"]}, "version": 247}
{"obj": {"type": "DeleteAttribute", "path": ["dataset", "train_normal", "The.Secret.Life.of.Walter.Mitty.2013__#00-05-52_00-08-22_label_A.mp4"]}, "version": 248}
{"obj": {"type": "DeleteAttribute", "path": ["dataset", "train_normal", "The.Secret.Life.of.Walter.Mitty.2013__#00-16-18_00-17-27_label_A.mp4"]}, "version": 249}
{"obj": {"type": "DeleteAttribute", "path": ["dataset", "train_normal", "The.Secret.Life.of.Walter.Mitty.2013__#00-17-30_00-19-10_label_A.mp4"]}, "version": 250}
{"obj": {"type": "DeleteAttribute", "path": ["dataset", "train_normal", "The.Secret.Life.of.Walter.Mitty.2013__#00-20-35_00-23-06_label_A.mp4"]}, "version": 251}
{"obj": {"type": "DeleteAttribute", "path": ["dataset", "train_normal", "The.Secret.Life.of.Walter.Mitty.2013__#01-05-30_01-08-59_label_A.mp4"]}, "version": 252}
{"obj": {"type": "DeleteAttribute", "path": ["dataset", "train_normal", "The.Secret.Life.of.Walter.Mitty.2013__#01-17-00_01-19-40_label_A.mp4"]}, "version": 253}
{"obj": {"type": "DeleteAttribute", "path": ["dataset", "train_normal", "The.Secret.Life.of.Walter.Mitty.2013__#01-36-20_01-40-08_label_A.mp4"]}, "version": 254}
{"obj": {"type": "DeleteAttribute", "path": ["dataset", "train_normal", "The.World.Is.Not.Enough.1999__#00-04-40_00-06-40_label_A.mp4"]}, "version": 255}
{"obj": {"type": "DeleteAttribute", "path": ["dataset", "train_normal", "Thelma...Louise.1991__#00-22-20_00-23-10_label_A.mp4"]}, "version": 256}
{"obj": {"type": "DeleteAttribute", "path": ["dataset", "train_normal", "Thelma...Louise.1991__#00-23-40_00-24-40_label_A.mp4"]}, "version": 257}
{"obj": {"type": "DeleteAttribute", "path": ["dataset", "train_normal", "Tropa.de.Elite.2.2010__#00-20-05_00-23-30_label_A.mp4"]}, "version": 258}
{"obj": {"type": "DeleteAttribute", "path": ["dataset", "train_normal", "Tropa.de.Elite.2.2010__#00-49-00_00-50-20_label_A.mp4"]}, "version": 259}
{"obj": {"type": "DeleteAttribute", "path": ["dataset", "train_normal", "Tropa.de.Elite.2007__#00-30-43_00-34-31_label_A.mp4"]}, "version": 260}
{"obj": {"type": "DeleteAttribute", "path": ["dataset", "train_normal", "Tropa.de.Elite.2007__#00-49-05_00-50-05_label_A.mp4"]}, "version": 261}
{"obj": {"type": "DeleteAttribute", "path": ["dataset", "train_normal", "Yellow.Sea.2010__#00-02-18_00-03-20_label_A.mp4"]}, "version": 262}
{"obj": {"type": "DeleteAttribute", "path": ["dataset", "train_normal", "Yellow.Sea.2010__#00-58-52_00-59-53_label_A.mp4"]}, "version": 263}
{"obj": {"type": "DeleteAttribute", "path": ["dataset", "train_normal", "Yellow.Sea.2010__#01-13-19_01-14-20_label_A.mp4"]}, "version": 264}
{"obj": {"type": "DeleteAttribute", "path": ["dataset", "train_normal", "Yellow.Sea.2010__#01-27-11_01-28-05_label_A.mp4"]}, "version": 265}
{"obj": {"type": "DeleteAttribute", "path": ["dataset", "train_normal", "Yellow.Sea.2010__#01-44-02_01-45-02_label_A.mp4"]}, "version": 266}
{"obj": {"type": "DeleteAttribute", "path": ["dataset", "train_normal", "Young.And.Dangerous.I.1996__#0-04-45_0-05-49_label_A.mp4"]}, "version": 267}
{"obj": {"type": "DeleteAttribute", "path": ["dataset", "train_normal", "Young.And.Dangerous.I.1996__#01-18-19_01-19-39_label_A.mp4"]}, "version": 268}
{"obj": {"type": "DeleteAttribute", "path": ["dataset", "train_normal", "Young.And.Dangerous.II.1996__#0-04-44_0-05-44_label_A.mp4"]}, "version": 269}
{"obj": {"type": "DeleteAttribute", "path": ["dataset", "train_normal", "Young.And.Dangerous.III.1996__#00-12-05_00-13-06_label_A.mp4"]}, "version": 270}
{"obj": {"type": "DeleteAttribute", "path": ["dataset", "train_normal", "Young.And.Dangerous.IV.1997__#0-02-36_0-06-36_label_A.mp4"]}, "version": 271}
{"obj": {"type": "DeleteAttribute", "path": ["dataset", "train_normal", "Your.Name.2016__#00-01-45_00-02-44_label_A.mp4"]}, "version": 272}
{"obj": {"type": "DeleteAttribute", "path": ["dataset", "train_normal", "Your.Name.2016__#00-04-20_00-05-35_label_A.mp4"]}, "version": 273}
{"obj": {"type": "DeleteAttribute", "path": ["dataset", "train_normal", "Your.Name.2016__#00-08-55_00-10-50_label_A.mp4"]}, "version": 274}
{"obj": {"type": "DeleteAttribute", "path": ["dataset", "train_normal", "Your.Name.2016__#00-11-00_00-15-08_label_A.mp4"]}, "version": 275}
{"obj": {"type": "DeleteAttribute", "path": ["dataset", "train_normal", "Your.Name.2016__#00-17-30_00-19-10_label_A.mp4"]}, "version": 276}
{"obj": {"type": "DeleteAttribute", "path": ["dataset", "train_normal", "Your.Name.2016__#00-23-50_00-24-31_label_A.mp4"]}, "version": 277}
{"obj": {"type": "DeleteAttribute", "path": ["dataset", "train_normal", "Your.Name.2016__#00-25-20_00-29-40_label_A.mp4"]}, "version": 278}
{"obj": {"type": "DeleteAttribute", "path": ["dataset", "train_normal", "Your.Name.2016__#00-30-00_00-33-40_label_A.mp4"]}, "version": 279}
{"obj": {"type": "DeleteAttribute", "path": ["dataset", "train_normal", "Your.Name.2016__#00-33-52_00-36-00_label_A.mp4"]}, "version": 280}
{"obj": {"type": "DeleteAttribute", "path": ["dataset", "train_normal", "Your.Name.2016__#00-36-52_00-41-00_label_A.mp4"]}, "version": 281}
{"obj": {"type": "DeleteAttribute", "path": ["dataset", "train_normal", "Your.Name.2016__#00-43-52_00-46-55_label_A.mp4"]}, "version": 282}
{"obj": {"type": "DeleteAttribute", "path": ["dataset", "train_normal", "Your.Name.2016__#00-47-00_00-49-30_label_A.mp4"]}, "version": 283}
{"obj": {"type": "DeleteAttribute", "path": ["dataset", "train_normal", "Your.Name.2016__#01-05-30_01-08-59_label_A.mp4"]}, "version": 284}
{"obj": {"type": "DeleteAttribute", "path": ["dataset", "train_normal", "Your.Name.2016__#01-17-00_01-19-40_label_A.mp4"]}, "version": 285}
{"obj": {"type": "DeleteAttribute", "path": ["dataset", "train_normal", "Your.Name.2016__#01-20-00_01-22-08_label_A.mp4"]}, "version": 286}
{"obj": {"type": "DeleteAttribute", "path": ["dataset", "train_normal", "v=-41qhay-Zzg__#1_label_A.mp4"]}, "version": 287}
{"obj": {"type": "DeleteAttribute", "path": ["dataset", "train_normal", "v=-8kHD_Ca2cE__#1_label_A.mp4"]}, "version": 288}
{"obj": {"type": "DeleteAttribute", "path": ["dataset", "train_normal", "v=-RdREpFcycY__#1_label_A.mp4"]}, "version": 289}
{"obj": {"type": "DeleteAttribute", "path": ["dataset", "train_normal", "v=-eBiZHQDk9o__#1_label_A.mp4"]}, "version": 290}
{"obj": {"type": "DeleteAttribute", "path": ["dataset", "train_normal", "v=0FYoyva-TFs__#1_label_A.mp4"]}, "version": 291}
{"obj": {"type": "DeleteAttribute", "path": ["dataset", "train_normal", "v=0O3LbHS5Xss__#1_label_A.mp4"]}, "version": 292}
{"obj": {"type": "DeleteAttribute", "path": ["dataset", "train_normal", "v=0a8dod67ecs__#1_label_A.mp4"]}, "version": 293}
{"obj": {"type": "DeleteAttribute", "path": ["dataset", "train_normal", "v=0nNh2MZ_5bY__#1_label_A.mp4"]}, "version": 294}
{"obj": {"type": "DeleteAttribute", "path": ["dataset", "train_normal", "v=0vVOXlgHC1U__#00-00-00_00-06-00_label_A.mp4"]}, "version": 295}
{"obj": {"type": "DeleteAttribute", "path": ["dataset", "train_normal", "v=0vVOXlgHC1U__#00-18-00_00-24-00_label_A.mp4"]}, "version": 296}
{"obj": {"type": "DeleteAttribute", "path": ["dataset", "train_normal", "v=0vVOXlgHC1U__#00-42-00_00-48-00_label_A.mp4"]}, "version": 297}
{"obj": {"type": "DeleteAttribute", "path": ["dataset", "train_normal", "v=0vVOXlgHC1U__#01-00-00_01-06-00_label_A.mp4"]}, "version": 298}
{"obj": {"type": "DeleteAttribute", "path": ["dataset", "train_normal", "v=0vVOXlgHC1U__#01-06-00_01-12-50_label_A.mp4"]}, "version": 299}
{"obj": {"type": "DeleteAttribute", "path": ["dataset", "train_normal", "v=12Jq0mFovdg__#1_label_A.mp4"]}, "version": 300}
{"obj": {"type": "DeleteAttribute", "path": ["dataset", "train_normal", "v=1Up20_cLdVQ__#1_label_A.mp4"]}, "version": 301}
{"obj": {"type": "DeleteAttribute", "path": ["dataset", "train_normal", "v=1ifHYTW_AU0__#1_label_A.mp4"]}, "version": 302}
{"obj": {"type": "DeleteAttribute", "path": ["dataset", "train_normal", "v=1wR2LfX-R0Q__#1_label_A.mp4"]}, "version": 303}
{"obj": {"type": "DeleteAttribute", "path": ["dataset", "train_normal", "v=2BYoPUOXhVA__#1_label_A.mp4"]}, "version": 304}
{"obj": {"type": "DeleteAttribute", "path": ["dataset", "train_normal", "v=2QeZPWlLufc__#1_label_A.mp4"]}, "version": 305}
{"obj": {"type": "DeleteAttribute", "path": ["dataset", "train_normal", "v=2REkZG-dhHc__#1_label_A.mp4"]}, "version": 306}
{"obj": {"type": "DeleteAttribute", "path": ["dataset", "train_normal", "v=2lXh2n0aPyw__#1_label_A.mp4"]}, "version": 307}
{"obj": {"type": "DeleteAttribute", "path": ["dataset", "train_normal", "v=2oUyemslvxw__#1_label_A.mp4"]}, "version": 308}
{"obj": {"type": "DeleteAttribute", "path": ["dataset", "train_normal", "v=35KqGNa1FGA__#1_label_A.mp4"]}, "version": 309}
{"obj": {"type": "DeleteAttribute", "path": ["dataset", "train_normal", "v=3FXUw98rrUY__#1_label_A.mp4"]}, "version": 310}
{"obj": {"type": "DeleteAttribute", "path": ["dataset", "train_normal", "v=3I8enjGYp-s__#1_label_A.mp4"]}, "version": 311}
{"obj": {"type": "DeleteAttribute", "path": ["dataset", "train_normal", "v=3K40LT7Q_7s__#1_label_A.mp4"]}, "version": 312}
{"obj": {"type": "DeleteAttribute", "path": ["dataset", "train_normal", "v=3M2NCcSxKLY__#1_label_A.mp4"]}, "version": 313}
{"obj": {"type": "DeleteAttribute", "path": ["dataset", "train_normal", "v=3OnSGQzJGOY__#1_label_A.mp4"]}, "version": 314}
{"obj": {"type": "DeleteAttribute", "path": ["dataset", "train_normal", "v=3QEKJG5pujA__#1_label_A.mp4"]}, "version": 315}
{"obj": {"type": "DeleteAttribute", "path": ["dataset", "train_normal", "v=3V6ucfKL6nI__#1_label_A.mp4"]}, "version": 316}
{"obj": {"type": "DeleteAttribute", "path": ["dataset", "train_normal", "v=3yCAZWdqX_Y__#1_label_A.mp4"]}, "version": 317}
{"obj": {"type": "DeleteAttribute", "path": ["dataset", "train_normal", "v=4cw1WZxwJ3w__#1_label_A.mp4"]}, "version": 318}
{"obj": {"type": "DeleteAttribute", "path": ["dataset", "train_normal", "v=5Rtsav021Rs__#00-06-00_00-09-00_label_A.mp4"]}, "version": 319}
{"obj": {"type": "DeleteAttribute", "path": ["dataset", "train_normal", "v=5TPecJ1aUs8__#1_label_A.mp4"]}, "version": 320}
{"obj": {"type": "DeleteAttribute", "path": ["dataset", "train_normal", "v=5W5-zw0wVhE__#1_label_A.mp4"]}, "version": 321}
{"obj": {"type": "DeleteAttribute", "path": ["dataset", "train_normal", "v=5eN8R6C7AZg__#1_label_A.mp4"]}, "version": 322}
{"obj": {"type": "DeleteAttribute", "path": ["dataset", "train_normal", "v=5yOKW0R7qhg__#1_label_A.mp4"]}, "version": 323}
{"obj": {"type": "DeleteAttribute", "path": ["dataset", "train_normal", "v=64zaMwzuZBo__#1_label_A.mp4"]}, "version": 324}
{"obj": {"type": "DeleteAttribute", "path": ["dataset", "train_normal", "v=6AcZvntrYL8__#1_label_A.mp4"]}, "version": 325}
{"obj": {"type": "DeleteAttribute", "path": ["dataset", "train_normal", "v=6BKWQCVkTKw__#1_label_A.mp4"]}, "version": 326}
{"obj": {"type": "DeleteAttribute", "path": ["dataset", "train_normal", "v=6Jr-XTGY81E__#1_label_A.mp4"]}, "version": 327}
{"obj": {"type": "DeleteAttribute", "path": ["dataset", "train_normal", "v=6R5hQkU83p4__#1_label_A.mp4"]}, "version": 328}
{"obj": {"type": "DeleteAttribute", "path": ["dataset", "train_normal", "v=6braXHvzJVc__#1_label_A.mp4"]}, "version": 329}
{"obj": {"type": "DeleteAttribute", "path": ["dataset", "train_normal", "v=6vuW7zkarfs__#1_label_A.mp4"]}, "version": 330}
{"obj": {"type": "DeleteAttribute", "path": ["dataset", "train_normal", "v=7Ckf5ZG2H3k__#1_label_A.mp4"]}, "version": 331}
{"obj": {"type": "DeleteAttribute", "path": ["dataset", "train_normal", "v=7CrWzCwj_Gw__#1_label_A.mp4"]}, "version": 332}
{"obj": {"type": "DeleteAttribute", "path": ["dataset", "train_normal", "v=7JbMKIHOVaY__#1_label_A.mp4"]}, "version": 333}
{"obj": {"type": "DeleteAttribute", "path": ["dataset", "train_normal", "v=7NuWGTbPcEA__#1_label_A.mp4"]}, "version": 334}
{"obj": {"type": "DeleteAttribute", "path": ["dataset", "train_normal", "v=7YvFzEgLiMk__#1_label_A.mp4"]}, "version": 335}
{"obj": {"type": "DeleteAttribute", "path": ["dataset", "train_normal", "v=7qY3sBNMqBQ__#1_label_A.mp4"]}, "version": 336}
{"obj": {"type": "DeleteAttribute", "path": ["dataset", "train_normal", "v=8J7jDfSBH0U__#1_label_A.mp4"]}, "version": 337}
{"obj": {"type": "DeleteAttribute", "path": ["dataset", "train_normal", "v=8OVQrU3C-Zw__#1_label_A.mp4"]}, "version": 338}
{"obj": {"type": "DeleteAttribute", "path": ["dataset", "train_normal", "v=8dbxn1vb2k8__#1_label_A.mp4"]}, "version": 339}
{"obj": {"type": "DeleteAttribute", "path": ["dataset", "train_normal", "v=8lr4JyJjsOk__#1_label_A.mp4"]}, "version": 340}
{"obj": {"type": "DeleteAttribute", "path": ["dataset", "train_normal", "v=8teJmzR7Z18__#1_label_A.mp4"]}, "version": 341}
{"obj": {"type": "DeleteAttribute", "path": ["dataset", "train_normal", "v=8trU2j9hUpw__#1_label_A.mp4"]}, "version": 342}
{"obj": {"type": "DeleteAttribute", "path": ["dataset", "train_normal", "v=98eCg7EiSgg__#1_label_A.mp4"]}, "version": 343}
{"obj": {"type": "DeleteAttribute", "path": ["dataset", "train_normal", "v=9HGmhxIZErg__#1_label_A.mp4"]}, "version": 344}
{"obj": {"type": "DeleteAttribute", "path": ["dataset", "train_normal", "v=9LiI6poe3QE__#1_label_A.mp4"]}, "version": 345}
{"obj": {"type": "DeleteAttribute", "path": ["dataset", "train_normal", "v=9MDCwQ8_85g__#1_label_A.mp4"]}, "version": 346}
{"obj": {"type": "DeleteAttribute", "path": ["dataset", "train_normal", "v=9P0QnY6S-6Y__#1_label_A.mp4"]}, "version": 347}
{"obj": {"type": "DeleteAttribute", "path": ["dataset", "train_normal", "v=9RMUTvpLJvA__#1_label_A.mp4"]}, "version": 348}
{"obj": {"type": "DeleteAttribute", "path": ["dataset", "train_normal", "v=9eME1y6V-T4__#00-00-00_00-06-00_label_A.mp4"]}, "version": 349}
{"obj": {"type": "DeleteAttribute", "path": ["dataset", "train_normal", "v=9eME1y6V-T4__#00-06-00_00-12-00_label_A.mp4"]}, "version": 350}
