# project essentia (2.1-beta6-dev) configured on Fri Apr 28 17:16:18 2023 by
# waf 2.0.25 (abi 20, python 30609f0 on linux)
# using waf configure --with-tensorflow --with-python --with-examples --pythondir=/usr/local/lib/python3.6/dist-packages
#
----------------------------------------
Setting top to
/opt/essentia
----------------------------------------
Setting out to
/opt/essentia/build
----------------------------------------
Checking for 'g++' (C++ compiler)
find program=['g++', 'c++'] paths=['/usr/local/nvidia/bin', '/usr/local/cuda/bin', '/usr/local/sbin', '/usr/local/bin', '/usr/sbin', '/usr/bin', '/sbin', '/bin'] var='CXX' -> ['/usr/bin/g++']
['/usr/bin/g++', '-dM', '-E', '-']
out: #define __SSP_STRONG__ 3
#define __DBL_MIN_EXP__ (-1021)
#define __FLT32X_MAX_EXP__ 1024
#define __UINT_LEAST16_MAX__ 0xffff
#define __ATOMIC_ACQUIRE 2
#define __FLT128_MAX_10_EXP__ 4932
#define __FLT_MIN__ 1.17549435082228750796873653722224568e-38F
#define __GCC_IEC_559_COMPLEX 2
#define __UINT_LEAST8_TYPE__ unsigned char
#define __SIZEOF_FLOAT80__ 16
#define __INTMAX_C(c) c ## L
#define __CHAR_BIT__ 8
#define __UINT8_MAX__ 0xff
#define __WINT_MAX__ 0xffffffffU
#define __FLT32_MIN_EXP__ (-125)
#define __ORDER_LITTLE_ENDIAN__ 1234
#define __SIZE_MAX__ 0xffffffffffffffffUL
#define __WCHAR_MAX__ 0x7fffffff
#define __GCC_HAVE_SYNC_COMPARE_AND_SWAP_1 1
#define __GCC_HAVE_SYNC_COMPARE_AND_SWAP_2 1
#define __GCC_HAVE_SYNC_COMPARE_AND_SWAP_4 1
#define __DBL_DENORM_MIN__ ((double)4.94065645841246544176568792868221372e-324L)
#define __GCC_HAVE_SYNC_COMPARE_AND_SWAP_8 1
#define __GCC_ATOMIC_CHAR_LOCK_FREE 2
#define __GCC_IEC_559 2
#define __FLT32X_DECIMAL_DIG__ 17
#define __FLT_EVAL_METHOD__ 0
#define __unix__ 1
#define __FLT64_DECIMAL_DIG__ 17
#define __GCC_ATOMIC_CHAR32_T_LOCK_FREE 2
#define __x86_64 1
#define __UINT_FAST64_MAX__ 0xffffffffffffffffUL
#define __SIG_ATOMIC_TYPE__ int
#define __DBL_MIN_10_EXP__ (-307)
#define __FINITE_MATH_ONLY__ 0
#define __GNUC_PATCHLEVEL__ 0
#define __FLT32_HAS_DENORM__ 1
#define __UINT_FAST8_MAX__ 0xff
#define __has_include(STR) __has_include__(STR)
#define __DEC64_MAX_EXP__ 385
#define __INT8_C(c) c
#define __INT_LEAST8_WIDTH__ 8
#define __UINT_LEAST64_MAX__ 0xffffffffffffffffUL
#define __SHRT_MAX__ 0x7fff
#define __LDBL_MAX__ 1.18973149535723176502126385303097021e+4932L
#define __FLT64X_MAX_10_EXP__ 4932
#define __UINT_LEAST8_MAX__ 0xff
#define __GCC_ATOMIC_BOOL_LOCK_FREE 2
#define __FLT128_DENORM_MIN__ 6.47517511943802511092443895822764655e-4966F128
#define __UINTMAX_TYPE__ long unsigned int
#define __linux 1
#define __DEC32_EPSILON__ 1E-6DF
#define __FLT_EVAL_METHOD_TS_18661_3__ 0
#define __unix 1
#define __UINT32_MAX__ 0xffffffffU
#define __LDBL_MAX_EXP__ 16384
#define __FLT128_MIN_EXP__ (-16381)
#define __WINT_MIN__ 0U
#define __linux__ 1
#define __FLT128_MIN_10_EXP__ (-4931)
#define __INT_LEAST16_WIDTH__ 16
#define __SCHAR_MAX__ 0x7f
#define __FLT128_MANT_DIG__ 113
#define __WCHAR_MIN__ (-__WCHAR_MAX__ - 1)
#define __INT64_C(c) c ## L
#define __DBL_DIG__ 15
#define __GCC_ATOMIC_POINTER_LOCK_FREE 2
#define __FLT64X_MANT_DIG__ 64
#define __SIZEOF_INT__ 4
#define __SIZEOF_POINTER__ 8
#define __USER_LABEL_PREFIX__ 
#define __FLT64X_EPSILON__ 1.08420217248550443400745280086994171e-19F64x
#define __STDC_HOSTED__ 1
#define __LDBL_HAS_INFINITY__ 1
#define __FLT32_DIG__ 6
#define __FLT_EPSILON__ 1.19209289550781250000000000000000000e-7F
#define __SHRT_WIDTH__ 16
#define __LDBL_MIN__ 3.36210314311209350626267781732175260e-4932L
#define __STDC_UTF_16__ 1
#define __DEC32_MAX__ 9.999999E96DF
#define __FLT64X_DENORM_MIN__ 3.64519953188247460252840593361941982e-4951F64x
#define __FLT32X_HAS_INFINITY__ 1
#define __INT32_MAX__ 0x7fffffff
#define __INT_WIDTH__ 32
#define __SIZEOF_LONG__ 8
#define __STDC_IEC_559__ 1
#define __STDC_ISO_10646__ 201706L
#define __UINT16_C(c) c
#define __PTRDIFF_WIDTH__ 64
#define __DECIMAL_DIG__ 21
#define __FLT64_EPSILON__ 2.22044604925031308084726333618164062e-16F64
#define __gnu_linux__ 1
#define __INTMAX_WIDTH__ 64
#define __has_include_next(STR) __has_include_next__(STR)
#define __FLT64X_MIN_10_EXP__ (-4931)
#define __LDBL_HAS_QUIET_NAN__ 1
#define __FLT64_MANT_DIG__ 53
#define __GNUC__ 7
#define __pie__ 2
#define __MMX__ 1
#define __FLT_HAS_DENORM__ 1
#define __SIZEOF_LONG_DOUBLE__ 16
#define __BIGGEST_ALIGNMENT__ 16
#define __FLT64_MAX_10_EXP__ 308
#define __DBL_MAX__ ((double)1.79769313486231570814527423731704357e+308L)
#define __INT_FAST32_MAX__ 0x7fffffffffffffffL
#define __DBL_HAS_INFINITY__ 1
#define __DEC32_MIN_EXP__ (-94)
#define __INTPTR_WIDTH__ 64
#define __FLT32X_HAS_DENORM__ 1
#define __INT_FAST16_TYPE__ long int
#define __LDBL_HAS_DENORM__ 1
#define __FLT128_HAS_INFINITY__ 1
#define __DEC128_MAX__ 9.999999999999999999999999999999999E6144DL
#define __INT_LEAST32_MAX__ 0x7fffffff
#define __DEC32_MIN__ 1E-95DF
#define __DBL_MAX_EXP__ 1024
#define __WCHAR_WIDTH__ 32
#define __FLT32_MAX__ 3.40282346638528859811704183484516925e+38F32
#define __DEC128_EPSILON__ 1E-33DL
#define __SSE2_MATH__ 1
#define __ATOMIC_HLE_RELEASE 131072
#define __PTRDIFF_MAX__ 0x7fffffffffffffffL
#define __amd64 1
#define __STDC_NO_THREADS__ 1
#define __ATOMIC_HLE_ACQUIRE 65536
#define __FLT32_HAS_QUIET_NAN__ 1
#define __LONG_LONG_MAX__ 0x7fffffffffffffffLL
#define __SIZEOF_SIZE_T__ 8
#define __FLT64X_MIN_EXP__ (-16381)
#define __SIZEOF_WINT_T__ 4
#define __LONG_LONG_WIDTH__ 64
#define __FLT32_MAX_EXP__ 128
#define __GCC_HAVE_DWARF2_CFI_ASM 1
#define __GXX_ABI_VERSION 1011
#define __FLT_MIN_EXP__ (-125)
#define __FLT64X_HAS_QUIET_NAN__ 1
#define __INT_FAST64_TYPE__ long int
#define __FLT64_DENORM_MIN__ 4.94065645841246544176568792868221372e-324F64
#define __DBL_MIN__ ((double)2.22507385850720138309023271733240406e-308L)
#define __PIE__ 2
#define __LP64__ 1
#define __FLT32X_EPSILON__ 2.22044604925031308084726333618164062e-16F32x
#define __DECIMAL_BID_FORMAT__ 1
#define __FLT64_MIN_EXP__ (-1021)
#define __FLT64_MIN_10_EXP__ (-307)
#define __FLT64X_DECIMAL_DIG__ 21
#define __DEC128_MIN__ 1E-6143DL
#define __REGISTER_PREFIX__ 
#define __UINT16_MAX__ 0xffff
#define __DBL_HAS_DENORM__ 1
#define __FLT32_MIN__ 1.17549435082228750796873653722224568e-38F32
#define __UINT8_TYPE__ unsigned char
#define __NO_INLINE__ 1
#define __FLT_MANT_DIG__ 24
#define __LDBL_DECIMAL_DIG__ 21
#define __VERSION__ "7.5.0"
#define __UINT64_C(c) c ## UL
#define _STDC_PREDEF_H 1
#define __GCC_ATOMIC_INT_LOCK_FREE 2
#define __FLT128_MAX_EXP__ 16384
#define __FLT32_MANT_DIG__ 24
#define __FLOAT_WORD_ORDER__ __ORDER_LITTLE_ENDIAN__
#define __STDC_IEC_559_COMPLEX__ 1
#define __FLT128_HAS_DENORM__ 1
#define __FLT128_DIG__ 33
#define __SCHAR_WIDTH__ 8
#define __INT32_C(c) c
#define __DEC64_EPSILON__ 1E-15DD
#define __ORDER_PDP_ENDIAN__ 3412
#define __DEC128_MIN_EXP__ (-6142)
#define __FLT32_MAX_10_EXP__ 38
#define __INT_FAST32_TYPE__ long int
#define __UINT_LEAST16_TYPE__ short unsigned int
#define __FLT64X_HAS_INFINITY__ 1
#define unix 1
#define __INT16_MAX__ 0x7fff
#define __SIZE_TYPE__ long unsigned int
#define __UINT64_MAX__ 0xffffffffffffffffUL
#define __FLT64X_DIG__ 18
#define __INT8_TYPE__ signed char
#define __ELF__ 1
#define __GCC_ASM_FLAG_OUTPUTS__ 1
#define __FLT_RADIX__ 2
#define __INT_LEAST16_TYPE__ short int
#define __LDBL_EPSILON__ 1.08420217248550443400745280086994171e-19L
#define __UINTMAX_C(c) c ## UL
#define __SSE_MATH__ 1
#define __k8 1
#define __SIG_ATOMIC_MAX__ 0x7fffffff
#define __GCC_ATOMIC_WCHAR_T_LOCK_FREE 2
#define __SIZEOF_PTRDIFF_T__ 8
#define __FLT32X_MANT_DIG__ 53
#define __x86_64__ 1
#define __FLT32X_MIN_EXP__ (-1021)
#define __DEC32_SUBNORMAL_MIN__ 0.000001E-95DF
#define __INT_FAST16_MAX__ 0x7fffffffffffffffL
#define __FLT64_DIG__ 15
#define __UINT_FAST32_MAX__ 0xffffffffffffffffUL
#define __UINT_LEAST64_TYPE__ long unsigned int
#define __FLT_HAS_QUIET_NAN__ 1
#define __FLT_MAX_10_EXP__ 38
#define __LONG_MAX__ 0x7fffffffffffffffL
#define __FLT64X_HAS_DENORM__ 1
#define __DEC128_SUBNORMAL_MIN__ 0.000000000000000000000000000000001E-6143DL
#define __FLT_HAS_INFINITY__ 1
#define __UINT_FAST16_TYPE__ long unsigned int
#define __DEC64_MAX__ 9.999999999999999E384DD
#define __INT_FAST32_WIDTH__ 64
#define __CHAR16_TYPE__ short unsigned int
#define __PRAGMA_REDEFINE_EXTNAME 1
#define __SIZE_WIDTH__ 64
#define __SEG_FS 1
#define __INT_LEAST16_MAX__ 0x7fff
#define __DEC64_MANT_DIG__ 16
#define __INT64_MAX__ 0x7fffffffffffffffL
#define __UINT_LEAST32_MAX__ 0xffffffffU
#define __SEG_GS 1
#define __FLT32_DENORM_MIN__ 1.40129846432481707092372958328991613e-45F32
#define __GCC_ATOMIC_LONG_LOCK_FREE 2
#define __SIG_ATOMIC_WIDTH__ 32
#define __INT_LEAST64_TYPE__ long int
#define __INT16_TYPE__ short int
#define __INT_LEAST8_TYPE__ signed char
#define __STDC_VERSION__ 201112L
#define __DEC32_MAX_EXP__ 97
#define __INT_FAST8_MAX__ 0x7f
#define __FLT128_MAX__ 1.18973149535723176508575932662800702e+4932F128
#define __INTPTR_MAX__ 0x7fffffffffffffffL
#define linux 1
#define __FLT64_HAS_QUIET_NAN__ 1
#define __FLT32_MIN_10_EXP__ (-37)
#define __SSE2__ 1
#define __FLT32X_DIG__ 15
#define __LDBL_MANT_DIG__ 64
#define __DBL_HAS_QUIET_NAN__ 1
#define __FLT64_HAS_INFINITY__ 1
#define __FLT64X_MAX__ 1.18973149535723176502126385303097021e+4932F64x
#define __SIG_ATOMIC_MIN__ (-__SIG_ATOMIC_MAX__ - 1)
#define __code_model_small__ 1
#define __k8__ 1
#define __INTPTR_TYPE__ long int
#define __UINT16_TYPE__ short unsigned int
#define __WCHAR_TYPE__ int
#define __SIZEOF_FLOAT__ 4
#define __pic__ 2
#define __UINTPTR_MAX__ 0xffffffffffffffffUL
#define __INT_FAST64_WIDTH__ 64
#define __DEC64_MIN_EXP__ (-382)
#define __FLT32_DECIMAL_DIG__ 9
#define __INT_FAST64_MAX__ 0x7fffffffffffffffL
#define __GCC_ATOMIC_TEST_AND_SET_TRUEVAL 1
#define __FLT_DIG__ 6
#define __FLT32_HAS_INFINITY__ 1
#define __FLT64X_MAX_EXP__ 16384
#define __UINT_FAST64_TYPE__ long unsigned int
#define __INT_MAX__ 0x7fffffff
#define __amd64__ 1
#define __INT64_TYPE__ long int
#define __FLT_MAX_EXP__ 128
#define __ORDER_BIG_ENDIAN__ 4321
#define __DBL_MANT_DIG__ 53
#define __SIZEOF_FLOAT128__ 16
#define __INT_LEAST64_MAX__ 0x7fffffffffffffffL
#define __GCC_ATOMIC_CHAR16_T_LOCK_FREE 2
#define __DEC64_MIN__ 1E-383DD
#define __WINT_TYPE__ unsigned int
#define __UINT_LEAST32_TYPE__ unsigned int
#define __SIZEOF_SHORT__ 2
#define __SSE__ 1
#define __LDBL_MIN_EXP__ (-16381)
#define __FLT64_MAX__ 1.79769313486231570814527423731704357e+308F64
#define __WINT_WIDTH__ 32
#define __INT_LEAST8_MAX__ 0x7f
#define __FLT32X_MAX_10_EXP__ 308
#define __SIZEOF_INT128__ 16
#define __LDBL_MAX_10_EXP__ 4932
#define __ATOMIC_RELAXED 0
#define __DBL_EPSILON__ ((double)2.22044604925031308084726333618164062e-16L)
#define __FLT128_MIN__ 3.36210314311209350626267781732175260e-4932F128
#define _LP64 1
#define __UINT8_C(c) c
#define __FLT64_MAX_EXP__ 1024
#define __INT_LEAST32_TYPE__ int
#define __SIZEOF_WCHAR_T__ 4
#define __UINT64_TYPE__ long unsigned int
#define __FLT128_HAS_QUIET_NAN__ 1
#define __INT_FAST8_TYPE__ signed char
#define __FLT64X_MIN__ 3.36210314311209350626267781732175260e-4932F64x
#define __GNUC_STDC_INLINE__ 1
#define __FLT64_HAS_DENORM__ 1
#define __FLT32_EPSILON__ 1.19209289550781250000000000000000000e-7F32
#define __DBL_DECIMAL_DIG__ 17
#define __STDC_UTF_32__ 1
#define __INT_FAST8_WIDTH__ 8
#define __FXSR__ 1
#define __DEC_EVAL_METHOD__ 2
#define __FLT32X_MAX__ 1.79769313486231570814527423731704357e+308F32x
#define __UINT32_C(c) c ## U
#define __INTMAX_MAX__ 0x7fffffffffffffffL
#define __BYTE_ORDER__ __ORDER_LITTLE_ENDIAN__
#define __FLT_DENORM_MIN__ 1.40129846432481707092372958328991613e-45F
#define __INT8_MAX__ 0x7f
#define __LONG_WIDTH__ 64
#define __PIC__ 2
#define __UINT_FAST32_TYPE__ long unsigned int
#define __CHAR32_TYPE__ unsigned int
#define __FLT_MAX__ 3.40282346638528859811704183484516925e+38F
#define __INT32_TYPE__ int
#define __SIZEOF_DOUBLE__ 8
#define __FLT_MIN_10_EXP__ (-37)
#define __FLT64_MIN__ 2.22507385850720138309023271733240406e-308F64
#define __INT_LEAST32_WIDTH__ 32
#define __INTMAX_TYPE__ long int
#define __DEC128_MAX_EXP__ 6145
#define __FLT32X_HAS_QUIET_NAN__ 1
#define __ATOMIC_CONSUME 1
#define __GNUC_MINOR__ 5
#define __INT_FAST16_WIDTH__ 64
#define __UINTMAX_MAX__ 0xffffffffffffffffUL
#define __DEC32_MANT_DIG__ 7
#define __FLT32X_DENORM_MIN__ 4.94065645841246544176568792868221372e-324F32x
#define __DBL_MAX_10_EXP__ 308
#define __LDBL_DENORM_MIN__ 3.64519953188247460252840593361941982e-4951L
#define __INT16_C(c) c
#define __STDC__ 1
#define __PTRDIFF_TYPE__ long int
#define __ATOMIC_SEQ_CST 5
#define __UINT32_TYPE__ unsigned int
#define __FLT32X_MIN_10_EXP__ (-307)
#define __UINTPTR_TYPE__ long unsigned int
#define __DEC64_SUBNORMAL_MIN__ 0.000000000000001E-383DD
#define __DEC128_MANT_DIG__ 34
#define __LDBL_MIN_10_EXP__ (-4931)
#define __FLT128_EPSILON__ 1.92592994438723585305597794258492732e-34F128
#define __SIZEOF_LONG_LONG__ 8
#define __FLT128_DECIMAL_DIG__ 36
#define __GCC_ATOMIC_LLONG_LOCK_FREE 2
#define __FLT32X_MIN__ 2.22507385850720138309023271733240406e-308F32x
#define __LDBL_DIG__ 18
#define __FLT_DECIMAL_DIG__ 9
#define __UINT_FAST16_MAX__ 0xffffffffffffffffUL
#define __GCC_ATOMIC_SHORT_LOCK_FREE 2
#define __INT_LEAST64_WIDTH__ 64
#define __UINT_FAST8_TYPE__ unsigned char
#define __ATOMIC_ACQ_REL 4
#define __ATOMIC_RELEASE 3

find program=['ar'] paths=['/usr/local/nvidia/bin', '/usr/local/cuda/bin', '/usr/local/sbin', '/usr/local/bin', '/usr/sbin', '/usr/bin', '/sbin', '/bin'] var='AR' -> ['/usr/bin/ar']
/usr/bin/g++
----------------------------------------
Checking for 'gcc' (C compiler)
find program=['gcc', 'cc'] paths=['/usr/local/nvidia/bin', '/usr/local/cuda/bin', '/usr/local/sbin', '/usr/local/bin', '/usr/sbin', '/usr/bin', '/sbin', '/bin'] var='CC' -> ['/usr/bin/gcc']
['/usr/bin/gcc', '-dM', '-E', '-']
out: #define __SSP_STRONG__ 3
#define __DBL_MIN_EXP__ (-1021)
#define __FLT32X_MAX_EXP__ 1024
#define __UINT_LEAST16_MAX__ 0xffff
#define __ATOMIC_ACQUIRE 2
#define __FLT128_MAX_10_EXP__ 4932
#define __FLT_MIN__ 1.17549435082228750796873653722224568e-38F
#define __GCC_IEC_559_COMPLEX 2
#define __UINT_LEAST8_TYPE__ unsigned char
#define __SIZEOF_FLOAT80__ 16
#define __INTMAX_C(c) c ## L
#define __CHAR_BIT__ 8
#define __UINT8_MAX__ 0xff
#define __WINT_MAX__ 0xffffffffU
#define __FLT32_MIN_EXP__ (-125)
#define __ORDER_LITTLE_ENDIAN__ 1234
#define __SIZE_MAX__ 0xffffffffffffffffUL
#define __WCHAR_MAX__ 0x7fffffff
#define __GCC_HAVE_SYNC_COMPARE_AND_SWAP_1 1
#define __GCC_HAVE_SYNC_COMPARE_AND_SWAP_2 1
#define __GCC_HAVE_SYNC_COMPARE_AND_SWAP_4 1
#define __DBL_DENORM_MIN__ ((double)4.94065645841246544176568792868221372e-324L)
#define __GCC_HAVE_SYNC_COMPARE_AND_SWAP_8 1
#define __GCC_ATOMIC_CHAR_LOCK_FREE 2
#define __GCC_IEC_559 2
#define __FLT32X_DECIMAL_DIG__ 17
#define __FLT_EVAL_METHOD__ 0
#define __unix__ 1
#define __FLT64_DECIMAL_DIG__ 17
#define __GCC_ATOMIC_CHAR32_T_LOCK_FREE 2
#define __x86_64 1
#define __UINT_FAST64_MAX__ 0xffffffffffffffffUL
#define __SIG_ATOMIC_TYPE__ int
#define __DBL_MIN_10_EXP__ (-307)
#define __FINITE_MATH_ONLY__ 0
#define __GNUC_PATCHLEVEL__ 0
#define __FLT32_HAS_DENORM__ 1
#define __UINT_FAST8_MAX__ 0xff
#define __has_include(STR) __has_include__(STR)
#define __DEC64_MAX_EXP__ 385
#define __INT8_C(c) c
#define __INT_LEAST8_WIDTH__ 8
#define __UINT_LEAST64_MAX__ 0xffffffffffffffffUL
#define __SHRT_MAX__ 0x7fff
#define __LDBL_MAX__ 1.18973149535723176502126385303097021e+4932L
#define __FLT64X_MAX_10_EXP__ 4932
#define __UINT_LEAST8_MAX__ 0xff
#define __GCC_ATOMIC_BOOL_LOCK_FREE 2
#define __FLT128_DENORM_MIN__ 6.47517511943802511092443895822764655e-4966F128
#define __UINTMAX_TYPE__ long unsigned int
#define __linux 1
#define __DEC32_EPSILON__ 1E-6DF
#define __FLT_EVAL_METHOD_TS_18661_3__ 0
#define __unix 1
#define __UINT32_MAX__ 0xffffffffU
#define __LDBL_MAX_EXP__ 16384
#define __FLT128_MIN_EXP__ (-16381)
#define __WINT_MIN__ 0U
#define __linux__ 1
#define __FLT128_MIN_10_EXP__ (-4931)
#define __INT_LEAST16_WIDTH__ 16
#define __SCHAR_MAX__ 0x7f
#define __FLT128_MANT_DIG__ 113
#define __WCHAR_MIN__ (-__WCHAR_MAX__ - 1)
#define __INT64_C(c) c ## L
#define __DBL_DIG__ 15
#define __GCC_ATOMIC_POINTER_LOCK_FREE 2
#define __FLT64X_MANT_DIG__ 64
#define __SIZEOF_INT__ 4
#define __SIZEOF_POINTER__ 8
#define __USER_LABEL_PREFIX__ 
#define __FLT64X_EPSILON__ 1.08420217248550443400745280086994171e-19F64x
#define __STDC_HOSTED__ 1
#define __LDBL_HAS_INFINITY__ 1
#define __FLT32_DIG__ 6
#define __FLT_EPSILON__ 1.19209289550781250000000000000000000e-7F
#define __SHRT_WIDTH__ 16
#define __LDBL_MIN__ 3.36210314311209350626267781732175260e-4932L
#define __STDC_UTF_16__ 1
#define __DEC32_MAX__ 9.999999E96DF
#define __FLT64X_DENORM_MIN__ 3.64519953188247460252840593361941982e-4951F64x
#define __FLT32X_HAS_INFINITY__ 1
#define __INT32_MAX__ 0x7fffffff
#define __INT_WIDTH__ 32
#define __SIZEOF_LONG__ 8
#define __STDC_IEC_559__ 1
#define __STDC_ISO_10646__ 201706L
#define __UINT16_C(c) c
#define __PTRDIFF_WIDTH__ 64
#define __DECIMAL_DIG__ 21
#define __FLT64_EPSILON__ 2.22044604925031308084726333618164062e-16F64
#define __gnu_linux__ 1
#define __INTMAX_WIDTH__ 64
#define __has_include_next(STR) __has_include_next__(STR)
#define __FLT64X_MIN_10_EXP__ (-4931)
#define __LDBL_HAS_QUIET_NAN__ 1
#define __FLT64_MANT_DIG__ 53
#define __GNUC__ 7
#define __pie__ 2
#define __MMX__ 1
#define __FLT_HAS_DENORM__ 1
#define __SIZEOF_LONG_DOUBLE__ 16
#define __BIGGEST_ALIGNMENT__ 16
#define __FLT64_MAX_10_EXP__ 308
#define __DBL_MAX__ ((double)1.79769313486231570814527423731704357e+308L)
#define __INT_FAST32_MAX__ 0x7fffffffffffffffL
#define __DBL_HAS_INFINITY__ 1
#define __DEC32_MIN_EXP__ (-94)
#define __INTPTR_WIDTH__ 64
#define __FLT32X_HAS_DENORM__ 1
#define __INT_FAST16_TYPE__ long int
#define __LDBL_HAS_DENORM__ 1
#define __FLT128_HAS_INFINITY__ 1
#define __DEC128_MAX__ 9.999999999999999999999999999999999E6144DL
#define __INT_LEAST32_MAX__ 0x7fffffff
#define __DEC32_MIN__ 1E-95DF
#define __DBL_MAX_EXP__ 1024
#define __WCHAR_WIDTH__ 32
#define __FLT32_MAX__ 3.40282346638528859811704183484516925e+38F32
#define __DEC128_EPSILON__ 1E-33DL
#define __SSE2_MATH__ 1
#define __ATOMIC_HLE_RELEASE 131072
#define __PTRDIFF_MAX__ 0x7fffffffffffffffL
#define __amd64 1
#define __STDC_NO_THREADS__ 1
#define __ATOMIC_HLE_ACQUIRE 65536
#define __FLT32_HAS_QUIET_NAN__ 1
#define __LONG_LONG_MAX__ 0x7fffffffffffffffLL
#define __SIZEOF_SIZE_T__ 8
#define __FLT64X_MIN_EXP__ (-16381)
#define __SIZEOF_WINT_T__ 4
#define __LONG_LONG_WIDTH__ 64
#define __FLT32_MAX_EXP__ 128
#define __GCC_HAVE_DWARF2_CFI_ASM 1
#define __GXX_ABI_VERSION 1011
#define __FLT_MIN_EXP__ (-125)
#define __FLT64X_HAS_QUIET_NAN__ 1
#define __INT_FAST64_TYPE__ long int
#define __FLT64_DENORM_MIN__ 4.94065645841246544176568792868221372e-324F64
#define __DBL_MIN__ ((double)2.22507385850720138309023271733240406e-308L)
#define __PIE__ 2
#define __LP64__ 1
#define __FLT32X_EPSILON__ 2.22044604925031308084726333618164062e-16F32x
#define __DECIMAL_BID_FORMAT__ 1
#define __FLT64_MIN_EXP__ (-1021)
#define __FLT64_MIN_10_EXP__ (-307)
#define __FLT64X_DECIMAL_DIG__ 21
#define __DEC128_MIN__ 1E-6143DL
#define __REGISTER_PREFIX__ 
#define __UINT16_MAX__ 0xffff
#define __DBL_HAS_DENORM__ 1
#define __FLT32_MIN__ 1.17549435082228750796873653722224568e-38F32
#define __UINT8_TYPE__ unsigned char
#define __NO_INLINE__ 1
#define __FLT_MANT_DIG__ 24
#define __LDBL_DECIMAL_DIG__ 21
#define __VERSION__ "7.5.0"
#define __UINT64_C(c) c ## UL
#define _STDC_PREDEF_H 1
#define __GCC_ATOMIC_INT_LOCK_FREE 2
#define __FLT128_MAX_EXP__ 16384
#define __FLT32_MANT_DIG__ 24
#define __FLOAT_WORD_ORDER__ __ORDER_LITTLE_ENDIAN__
#define __STDC_IEC_559_COMPLEX__ 1
#define __FLT128_HAS_DENORM__ 1
#define __FLT128_DIG__ 33
#define __SCHAR_WIDTH__ 8
#define __INT32_C(c) c
#define __DEC64_EPSILON__ 1E-15DD
#define __ORDER_PDP_ENDIAN__ 3412
#define __DEC128_MIN_EXP__ (-6142)
#define __FLT32_MAX_10_EXP__ 38
#define __INT_FAST32_TYPE__ long int
#define __UINT_LEAST16_TYPE__ short unsigned int
#define __FLT64X_HAS_INFINITY__ 1
#define unix 1
#define __INT16_MAX__ 0x7fff
#define __SIZE_TYPE__ long unsigned int
#define __UINT64_MAX__ 0xffffffffffffffffUL
#define __FLT64X_DIG__ 18
#define __INT8_TYPE__ signed char
#define __ELF__ 1
#define __GCC_ASM_FLAG_OUTPUTS__ 1
#define __FLT_RADIX__ 2
#define __INT_LEAST16_TYPE__ short int
#define __LDBL_EPSILON__ 1.08420217248550443400745280086994171e-19L
#define __UINTMAX_C(c) c ## UL
#define __SSE_MATH__ 1
#define __k8 1
#define __SIG_ATOMIC_MAX__ 0x7fffffff
#define __GCC_ATOMIC_WCHAR_T_LOCK_FREE 2
#define __SIZEOF_PTRDIFF_T__ 8
#define __FLT32X_MANT_DIG__ 53
#define __x86_64__ 1
#define __FLT32X_MIN_EXP__ (-1021)
#define __DEC32_SUBNORMAL_MIN__ 0.000001E-95DF
#define __INT_FAST16_MAX__ 0x7fffffffffffffffL
#define __FLT64_DIG__ 15
#define __UINT_FAST32_MAX__ 0xffffffffffffffffUL
#define __UINT_LEAST64_TYPE__ long unsigned int
#define __FLT_HAS_QUIET_NAN__ 1
#define __FLT_MAX_10_EXP__ 38
#define __LONG_MAX__ 0x7fffffffffffffffL
#define __FLT64X_HAS_DENORM__ 1
#define __DEC128_SUBNORMAL_MIN__ 0.000000000000000000000000000000001E-6143DL
#define __FLT_HAS_INFINITY__ 1
#define __UINT_FAST16_TYPE__ long unsigned int
#define __DEC64_MAX__ 9.999999999999999E384DD
#define __INT_FAST32_WIDTH__ 64
#define __CHAR16_TYPE__ short unsigned int
#define __PRAGMA_REDEFINE_EXTNAME 1
#define __SIZE_WIDTH__ 64
#define __SEG_FS 1
#define __INT_LEAST16_MAX__ 0x7fff
#define __DEC64_MANT_DIG__ 16
#define __INT64_MAX__ 0x7fffffffffffffffL
#define __UINT_LEAST32_MAX__ 0xffffffffU
#define __SEG_GS 1
#define __FLT32_DENORM_MIN__ 1.40129846432481707092372958328991613e-45F32
#define __GCC_ATOMIC_LONG_LOCK_FREE 2
#define __SIG_ATOMIC_WIDTH__ 32
#define __INT_LEAST64_TYPE__ long int
#define __INT16_TYPE__ short int
#define __INT_LEAST8_TYPE__ signed char
#define __STDC_VERSION__ 201112L
#define __DEC32_MAX_EXP__ 97
#define __INT_FAST8_MAX__ 0x7f
#define __FLT128_MAX__ 1.18973149535723176508575932662800702e+4932F128
#define __INTPTR_MAX__ 0x7fffffffffffffffL
#define linux 1
#define __FLT64_HAS_QUIET_NAN__ 1
#define __FLT32_MIN_10_EXP__ (-37)
#define __SSE2__ 1
#define __FLT32X_DIG__ 15
#define __LDBL_MANT_DIG__ 64
#define __DBL_HAS_QUIET_NAN__ 1
#define __FLT64_HAS_INFINITY__ 1
#define __FLT64X_MAX__ 1.18973149535723176502126385303097021e+4932F64x
#define __SIG_ATOMIC_MIN__ (-__SIG_ATOMIC_MAX__ - 1)
#define __code_model_small__ 1
#define __k8__ 1
#define __INTPTR_TYPE__ long int
#define __UINT16_TYPE__ short unsigned int
#define __WCHAR_TYPE__ int
#define __SIZEOF_FLOAT__ 4
#define __pic__ 2
#define __UINTPTR_MAX__ 0xffffffffffffffffUL
#define __INT_FAST64_WIDTH__ 64
#define __DEC64_MIN_EXP__ (-382)
#define __FLT32_DECIMAL_DIG__ 9
#define __INT_FAST64_MAX__ 0x7fffffffffffffffL
#define __GCC_ATOMIC_TEST_AND_SET_TRUEVAL 1
#define __FLT_DIG__ 6
#define __FLT32_HAS_INFINITY__ 1
#define __FLT64X_MAX_EXP__ 16384
#define __UINT_FAST64_TYPE__ long unsigned int
#define __INT_MAX__ 0x7fffffff
#define __amd64__ 1
#define __INT64_TYPE__ long int
#define __FLT_MAX_EXP__ 128
#define __ORDER_BIG_ENDIAN__ 4321
#define __DBL_MANT_DIG__ 53
#define __SIZEOF_FLOAT128__ 16
#define __INT_LEAST64_MAX__ 0x7fffffffffffffffL
#define __GCC_ATOMIC_CHAR16_T_LOCK_FREE 2
#define __DEC64_MIN__ 1E-383DD
#define __WINT_TYPE__ unsigned int
#define __UINT_LEAST32_TYPE__ unsigned int
#define __SIZEOF_SHORT__ 2
#define __SSE__ 1
#define __LDBL_MIN_EXP__ (-16381)
#define __FLT64_MAX__ 1.79769313486231570814527423731704357e+308F64
#define __WINT_WIDTH__ 32
#define __INT_LEAST8_MAX__ 0x7f
#define __FLT32X_MAX_10_EXP__ 308
#define __SIZEOF_INT128__ 16
#define __LDBL_MAX_10_EXP__ 4932
#define __ATOMIC_RELAXED 0
#define __DBL_EPSILON__ ((double)2.22044604925031308084726333618164062e-16L)
#define __FLT128_MIN__ 3.36210314311209350626267781732175260e-4932F128
#define _LP64 1
#define __UINT8_C(c) c
#define __FLT64_MAX_EXP__ 1024
#define __INT_LEAST32_TYPE__ int
#define __SIZEOF_WCHAR_T__ 4
#define __UINT64_TYPE__ long unsigned int
#define __FLT128_HAS_QUIET_NAN__ 1
#define __INT_FAST8_TYPE__ signed char
#define __FLT64X_MIN__ 3.36210314311209350626267781732175260e-4932F64x
#define __GNUC_STDC_INLINE__ 1
#define __FLT64_HAS_DENORM__ 1
#define __FLT32_EPSILON__ 1.19209289550781250000000000000000000e-7F32
#define __DBL_DECIMAL_DIG__ 17
#define __STDC_UTF_32__ 1
#define __INT_FAST8_WIDTH__ 8
#define __FXSR__ 1
#define __DEC_EVAL_METHOD__ 2
#define __FLT32X_MAX__ 1.79769313486231570814527423731704357e+308F32x
#define __UINT32_C(c) c ## U
#define __INTMAX_MAX__ 0x7fffffffffffffffL
#define __BYTE_ORDER__ __ORDER_LITTLE_ENDIAN__
#define __FLT_DENORM_MIN__ 1.40129846432481707092372958328991613e-45F
#define __INT8_MAX__ 0x7f
#define __LONG_WIDTH__ 64
#define __PIC__ 2
#define __UINT_FAST32_TYPE__ long unsigned int
#define __CHAR32_TYPE__ unsigned int
#define __FLT_MAX__ 3.40282346638528859811704183484516925e+38F
#define __INT32_TYPE__ int
#define __SIZEOF_DOUBLE__ 8
#define __FLT_MIN_10_EXP__ (-37)
#define __FLT64_MIN__ 2.22507385850720138309023271733240406e-308F64
#define __INT_LEAST32_WIDTH__ 32
#define __INTMAX_TYPE__ long int
#define __DEC128_MAX_EXP__ 6145
#define __FLT32X_HAS_QUIET_NAN__ 1
#define __ATOMIC_CONSUME 1
#define __GNUC_MINOR__ 5
#define __INT_FAST16_WIDTH__ 64
#define __UINTMAX_MAX__ 0xffffffffffffffffUL
#define __DEC32_MANT_DIG__ 7
#define __FLT32X_DENORM_MIN__ 4.94065645841246544176568792868221372e-324F32x
#define __DBL_MAX_10_EXP__ 308
#define __LDBL_DENORM_MIN__ 3.64519953188247460252840593361941982e-4951L
#define __INT16_C(c) c
#define __STDC__ 1
#define __PTRDIFF_TYPE__ long int
#define __ATOMIC_SEQ_CST 5
#define __UINT32_TYPE__ unsigned int
#define __FLT32X_MIN_10_EXP__ (-307)
#define __UINTPTR_TYPE__ long unsigned int
#define __DEC64_SUBNORMAL_MIN__ 0.000000000000001E-383DD
#define __DEC128_MANT_DIG__ 34
#define __LDBL_MIN_10_EXP__ (-4931)
#define __FLT128_EPSILON__ 1.92592994438723585305597794258492732e-34F128
#define __SIZEOF_LONG_LONG__ 8
#define __FLT128_DECIMAL_DIG__ 36
#define __GCC_ATOMIC_LLONG_LOCK_FREE 2
#define __FLT32X_MIN__ 2.22507385850720138309023271733240406e-308F32x
#define __LDBL_DIG__ 18
#define __FLT_DECIMAL_DIG__ 9
#define __UINT_FAST16_MAX__ 0xffffffffffffffffUL
#define __GCC_ATOMIC_SHORT_LOCK_FREE 2
#define __INT_LEAST64_WIDTH__ 64
#define __UINT_FAST8_TYPE__ unsigned char
#define __ATOMIC_ACQ_REL 4
#define __ATOMIC_RELEASE 3

find program=['ar'] paths=['/usr/local/nvidia/bin', '/usr/local/cuda/bin', '/usr/local/sbin', '/usr/local/bin', '/usr/sbin', '/usr/bin', '/sbin', '/bin'] var='AR' -> ['/usr/bin/ar']
/usr/bin/gcc
----------------------------------------
Checking for program 'pkg-config'
/usr/bin/pkg-config
find program=['pkg-config'] paths=['/usr/local/nvidia/bin', '/usr/local/cuda/bin', '/usr/local/sbin', '/usr/local/bin', '/usr/sbin', '/usr/bin', '/sbin', '/bin'] var='PKGCONFIG' -> ['/usr/bin/pkg-config']
----------------------------------------
Checking for 'eigen3'
['/usr/bin/pkg-config', 'eigen3 >= 3.3.4', '--cflags', '--libs', 'eigen3']
out: -I/usr/include/eigen3

yes
----------------------------------------
Checking for 'libavcodec' >= 55.34.1
['/usr/bin/pkg-config', 'libavcodec >= 55.34.1', '--cflags', '--libs', 'libavcodec']
out: -I/usr/include/x86_64-linux-gnu -lavcodec

yes
----------------------------------------
Checking for 'libavformat'
['/usr/bin/pkg-config', '--cflags', '--libs', 'libavformat']
out: -I/usr/include/x86_64-linux-gnu -lavformat

yes
----------------------------------------
Checking for 'libavutil'
['/usr/bin/pkg-config', '--cflags', '--libs', 'libavutil']
out: -I/usr/include/x86_64-linux-gnu -lavutil

yes
----------------------------------------
Checking for 'libswresample'
['/usr/bin/pkg-config', '--cflags', '--libs', 'libswresample']
out: -I/usr/include/x86_64-linux-gnu -lswresample

yes
----------------------------------------
Checking for 'samplerate'
['/usr/bin/pkg-config', '--cflags', '--libs', 'samplerate']
out: -lsamplerate

yes
----------------------------------------
Checking for 'taglib' >= 1.9
['/usr/bin/pkg-config', 'taglib >= 1.9', '--cflags', '--libs', 'taglib']
out: -I/usr/include/taglib -ltag

yes
----------------------------------------
Checking for 'yaml-0.1'
['/usr/bin/pkg-config', '--cflags', '--libs', 'yaml-0.1']
out: -lyaml

yes
----------------------------------------
Checking for 'fftw3f'
['/usr/bin/pkg-config', '--cflags', '--libs', 'fftw3f']
out: -lfftw3f

yes
----------------------------------------
Checking for 'libchromaprint'
['/usr/bin/pkg-config', '--cflags', '--libs', 'libchromaprint']
out: -lchromaprint

yes
----------------------------------------
Checking for 'tensorflow'
['/usr/bin/pkg-config', '--cflags', '--libs', 'tensorflow']
out: -I/usr/local/include/tensorflow -L/usr/local/lib -lpywrap_tensorflow_internal -ltensorflow_framework

yes
----------------------------------------
Checking for 'gcc' (C compiler)
find program=['gcc', 'cc'] paths=['/usr/local/nvidia/bin', '/usr/local/cuda/bin', '/usr/local/sbin', '/usr/local/bin', '/usr/sbin', '/usr/bin', '/sbin', '/bin'] var='CC' -> ['/usr/bin/gcc']
['/usr/bin/gcc', '-dM', '-E', '-']
out: #define __SSP_STRONG__ 3
#define __DBL_MIN_EXP__ (-1021)
#define __FLT32X_MAX_EXP__ 1024
#define __UINT_LEAST16_MAX__ 0xffff
#define __ATOMIC_ACQUIRE 2
#define __FLT128_MAX_10_EXP__ 4932
#define __FLT_MIN__ 1.17549435082228750796873653722224568e-38F
#define __GCC_IEC_559_COMPLEX 2
#define __UINT_LEAST8_TYPE__ unsigned char
#define __SIZEOF_FLOAT80__ 16
#define __INTMAX_C(c) c ## L
#define __CHAR_BIT__ 8
#define __UINT8_MAX__ 0xff
#define __WINT_MAX__ 0xffffffffU
#define __FLT32_MIN_EXP__ (-125)
#define __ORDER_LITTLE_ENDIAN__ 1234
#define __SIZE_MAX__ 0xffffffffffffffffUL
#define __WCHAR_MAX__ 0x7fffffff
#define __GCC_HAVE_SYNC_COMPARE_AND_SWAP_1 1
#define __GCC_HAVE_SYNC_COMPARE_AND_SWAP_2 1
#define __GCC_HAVE_SYNC_COMPARE_AND_SWAP_4 1
#define __DBL_DENORM_MIN__ ((double)4.94065645841246544176568792868221372e-324L)
#define __GCC_HAVE_SYNC_COMPARE_AND_SWAP_8 1
#define __GCC_ATOMIC_CHAR_LOCK_FREE 2
#define __GCC_IEC_559 2
#define __FLT32X_DECIMAL_DIG__ 17
#define __FLT_EVAL_METHOD__ 0
#define __unix__ 1
#define __FLT64_DECIMAL_DIG__ 17
#define __GCC_ATOMIC_CHAR32_T_LOCK_FREE 2
#define __x86_64 1
#define __UINT_FAST64_MAX__ 0xffffffffffffffffUL
#define __SIG_ATOMIC_TYPE__ int
#define __DBL_MIN_10_EXP__ (-307)
#define __FINITE_MATH_ONLY__ 0
#define __GNUC_PATCHLEVEL__ 0
#define __FLT32_HAS_DENORM__ 1
#define __UINT_FAST8_MAX__ 0xff
#define __has_include(STR) __has_include__(STR)
#define __DEC64_MAX_EXP__ 385
#define __INT8_C(c) c
#define __INT_LEAST8_WIDTH__ 8
#define __UINT_LEAST64_MAX__ 0xffffffffffffffffUL
#define __SHRT_MAX__ 0x7fff
#define __LDBL_MAX__ 1.18973149535723176502126385303097021e+4932L
#define __FLT64X_MAX_10_EXP__ 4932
#define __UINT_LEAST8_MAX__ 0xff
#define __GCC_ATOMIC_BOOL_LOCK_FREE 2
#define __FLT128_DENORM_MIN__ 6.47517511943802511092443895822764655e-4966F128
#define __UINTMAX_TYPE__ long unsigned int
#define __linux 1
#define __DEC32_EPSILON__ 1E-6DF
#define __FLT_EVAL_METHOD_TS_18661_3__ 0
#define __unix 1
#define __UINT32_MAX__ 0xffffffffU
#define __LDBL_MAX_EXP__ 16384
#define __FLT128_MIN_EXP__ (-16381)
#define __WINT_MIN__ 0U
#define __linux__ 1
#define __FLT128_MIN_10_EXP__ (-4931)
#define __INT_LEAST16_WIDTH__ 16
#define __SCHAR_MAX__ 0x7f
#define __FLT128_MANT_DIG__ 113
#define __WCHAR_MIN__ (-__WCHAR_MAX__ - 1)
#define __INT64_C(c) c ## L
#define __DBL_DIG__ 15
#define __GCC_ATOMIC_POINTER_LOCK_FREE 2
#define __FLT64X_MANT_DIG__ 64
#define __SIZEOF_INT__ 4
#define __SIZEOF_POINTER__ 8
#define __USER_LABEL_PREFIX__ 
#define __FLT64X_EPSILON__ 1.08420217248550443400745280086994171e-19F64x
#define __STDC_HOSTED__ 1
#define __LDBL_HAS_INFINITY__ 1
#define __FLT32_DIG__ 6
#define __FLT_EPSILON__ 1.19209289550781250000000000000000000e-7F
#define __SHRT_WIDTH__ 16
#define __LDBL_MIN__ 3.36210314311209350626267781732175260e-4932L
#define __STDC_UTF_16__ 1
#define __DEC32_MAX__ 9.999999E96DF
#define __FLT64X_DENORM_MIN__ 3.64519953188247460252840593361941982e-4951F64x
#define __FLT32X_HAS_INFINITY__ 1
#define __INT32_MAX__ 0x7fffffff
#define __INT_WIDTH__ 32
#define __SIZEOF_LONG__ 8
#define __STDC_IEC_559__ 1
#define __STDC_ISO_10646__ 201706L
#define __UINT16_C(c) c
#define __PTRDIFF_WIDTH__ 64
#define __DECIMAL_DIG__ 21
#define __FLT64_EPSILON__ 2.22044604925031308084726333618164062e-16F64
#define __gnu_linux__ 1
#define __INTMAX_WIDTH__ 64
#define __has_include_next(STR) __has_include_next__(STR)
#define __FLT64X_MIN_10_EXP__ (-4931)
#define __LDBL_HAS_QUIET_NAN__ 1
#define __FLT64_MANT_DIG__ 53
#define __GNUC__ 7
#define __pie__ 2
#define __MMX__ 1
#define __FLT_HAS_DENORM__ 1
#define __SIZEOF_LONG_DOUBLE__ 16
#define __BIGGEST_ALIGNMENT__ 16
#define __FLT64_MAX_10_EXP__ 308
#define __DBL_MAX__ ((double)1.79769313486231570814527423731704357e+308L)
#define __INT_FAST32_MAX__ 0x7fffffffffffffffL
#define __DBL_HAS_INFINITY__ 1
#define __DEC32_MIN_EXP__ (-94)
#define __INTPTR_WIDTH__ 64
#define __FLT32X_HAS_DENORM__ 1
#define __INT_FAST16_TYPE__ long int
#define __LDBL_HAS_DENORM__ 1
#define __FLT128_HAS_INFINITY__ 1
#define __DEC128_MAX__ 9.999999999999999999999999999999999E6144DL
#define __INT_LEAST32_MAX__ 0x7fffffff
#define __DEC32_MIN__ 1E-95DF
#define __DBL_MAX_EXP__ 1024
#define __WCHAR_WIDTH__ 32
#define __FLT32_MAX__ 3.40282346638528859811704183484516925e+38F32
#define __DEC128_EPSILON__ 1E-33DL
#define __SSE2_MATH__ 1
#define __ATOMIC_HLE_RELEASE 131072
#define __PTRDIFF_MAX__ 0x7fffffffffffffffL
#define __amd64 1
#define __STDC_NO_THREADS__ 1
#define __ATOMIC_HLE_ACQUIRE 65536
#define __FLT32_HAS_QUIET_NAN__ 1
#define __LONG_LONG_MAX__ 0x7fffffffffffffffLL
#define __SIZEOF_SIZE_T__ 8
#define __FLT64X_MIN_EXP__ (-16381)
#define __SIZEOF_WINT_T__ 4
#define __LONG_LONG_WIDTH__ 64
#define __FLT32_MAX_EXP__ 128
#define __GCC_HAVE_DWARF2_CFI_ASM 1
#define __GXX_ABI_VERSION 1011
#define __FLT_MIN_EXP__ (-125)
#define __FLT64X_HAS_QUIET_NAN__ 1
#define __INT_FAST64_TYPE__ long int
#define __FLT64_DENORM_MIN__ 4.94065645841246544176568792868221372e-324F64
#define __DBL_MIN__ ((double)2.22507385850720138309023271733240406e-308L)
#define __PIE__ 2
#define __LP64__ 1
#define __FLT32X_EPSILON__ 2.22044604925031308084726333618164062e-16F32x
#define __DECIMAL_BID_FORMAT__ 1
#define __FLT64_MIN_EXP__ (-1021)
#define __FLT64_MIN_10_EXP__ (-307)
#define __FLT64X_DECIMAL_DIG__ 21
#define __DEC128_MIN__ 1E-6143DL
#define __REGISTER_PREFIX__ 
#define __UINT16_MAX__ 0xffff
#define __DBL_HAS_DENORM__ 1
#define __FLT32_MIN__ 1.17549435082228750796873653722224568e-38F32
#define __UINT8_TYPE__ unsigned char
#define __NO_INLINE__ 1
#define __FLT_MANT_DIG__ 24
#define __LDBL_DECIMAL_DIG__ 21
#define __VERSION__ "7.5.0"
#define __UINT64_C(c) c ## UL
#define _STDC_PREDEF_H 1
#define __GCC_ATOMIC_INT_LOCK_FREE 2
#define __FLT128_MAX_EXP__ 16384
#define __FLT32_MANT_DIG__ 24
#define __FLOAT_WORD_ORDER__ __ORDER_LITTLE_ENDIAN__
#define __STDC_IEC_559_COMPLEX__ 1
#define __FLT128_HAS_DENORM__ 1
#define __FLT128_DIG__ 33
#define __SCHAR_WIDTH__ 8
#define __INT32_C(c) c
#define __DEC64_EPSILON__ 1E-15DD
#define __ORDER_PDP_ENDIAN__ 3412
#define __DEC128_MIN_EXP__ (-6142)
#define __FLT32_MAX_10_EXP__ 38
#define __INT_FAST32_TYPE__ long int
#define __UINT_LEAST16_TYPE__ short unsigned int
#define __FLT64X_HAS_INFINITY__ 1
#define unix 1
#define __INT16_MAX__ 0x7fff
#define __SIZE_TYPE__ long unsigned int
#define __UINT64_MAX__ 0xffffffffffffffffUL
#define __FLT64X_DIG__ 18
#define __INT8_TYPE__ signed char
#define __ELF__ 1
#define __GCC_ASM_FLAG_OUTPUTS__ 1
#define __FLT_RADIX__ 2
#define __INT_LEAST16_TYPE__ short int
#define __LDBL_EPSILON__ 1.08420217248550443400745280086994171e-19L
#define __UINTMAX_C(c) c ## UL
#define __SSE_MATH__ 1
#define __k8 1
#define __SIG_ATOMIC_MAX__ 0x7fffffff
#define __GCC_ATOMIC_WCHAR_T_LOCK_FREE 2
#define __SIZEOF_PTRDIFF_T__ 8
#define __FLT32X_MANT_DIG__ 53
#define __x86_64__ 1
#define __FLT32X_MIN_EXP__ (-1021)
#define __DEC32_SUBNORMAL_MIN__ 0.000001E-95DF
#define __INT_FAST16_MAX__ 0x7fffffffffffffffL
#define __FLT64_DIG__ 15
#define __UINT_FAST32_MAX__ 0xffffffffffffffffUL
#define __UINT_LEAST64_TYPE__ long unsigned int
#define __FLT_HAS_QUIET_NAN__ 1
#define __FLT_MAX_10_EXP__ 38
#define __LONG_MAX__ 0x7fffffffffffffffL
#define __FLT64X_HAS_DENORM__ 1
#define __DEC128_SUBNORMAL_MIN__ 0.000000000000000000000000000000001E-6143DL
#define __FLT_HAS_INFINITY__ 1
#define __UINT_FAST16_TYPE__ long unsigned int
#define __DEC64_MAX__ 9.999999999999999E384DD
#define __INT_FAST32_WIDTH__ 64
#define __CHAR16_TYPE__ short unsigned int
#define __PRAGMA_REDEFINE_EXTNAME 1
#define __SIZE_WIDTH__ 64
#define __SEG_FS 1
#define __INT_LEAST16_MAX__ 0x7fff
#define __DEC64_MANT_DIG__ 16
#define __INT64_MAX__ 0x7fffffffffffffffL
#define __UINT_LEAST32_MAX__ 0xffffffffU
#define __SEG_GS 1
#define __FLT32_DENORM_MIN__ 1.40129846432481707092372958328991613e-45F32
#define __GCC_ATOMIC_LONG_LOCK_FREE 2
#define __SIG_ATOMIC_WIDTH__ 32
#define __INT_LEAST64_TYPE__ long int
#define __INT16_TYPE__ short int
#define __INT_LEAST8_TYPE__ signed char
#define __STDC_VERSION__ 201112L
#define __DEC32_MAX_EXP__ 97
#define __INT_FAST8_MAX__ 0x7f
#define __FLT128_MAX__ 1.18973149535723176508575932662800702e+4932F128
#define __INTPTR_MAX__ 0x7fffffffffffffffL
#define linux 1
#define __FLT64_HAS_QUIET_NAN__ 1
#define __FLT32_MIN_10_EXP__ (-37)
#define __SSE2__ 1
#define __FLT32X_DIG__ 15
#define __LDBL_MANT_DIG__ 64
#define __DBL_HAS_QUIET_NAN__ 1
#define __FLT64_HAS_INFINITY__ 1
#define __FLT64X_MAX__ 1.18973149535723176502126385303097021e+4932F64x
#define __SIG_ATOMIC_MIN__ (-__SIG_ATOMIC_MAX__ - 1)
#define __code_model_small__ 1
#define __k8__ 1
#define __INTPTR_TYPE__ long int
#define __UINT16_TYPE__ short unsigned int
#define __WCHAR_TYPE__ int
#define __SIZEOF_FLOAT__ 4
#define __pic__ 2
#define __UINTPTR_MAX__ 0xffffffffffffffffUL
#define __INT_FAST64_WIDTH__ 64
#define __DEC64_MIN_EXP__ (-382)
#define __FLT32_DECIMAL_DIG__ 9
#define __INT_FAST64_MAX__ 0x7fffffffffffffffL
#define __GCC_ATOMIC_TEST_AND_SET_TRUEVAL 1
#define __FLT_DIG__ 6
#define __FLT32_HAS_INFINITY__ 1
#define __FLT64X_MAX_EXP__ 16384
#define __UINT_FAST64_TYPE__ long unsigned int
#define __INT_MAX__ 0x7fffffff
#define __amd64__ 1
#define __INT64_TYPE__ long int
#define __FLT_MAX_EXP__ 128
#define __ORDER_BIG_ENDIAN__ 4321
#define __DBL_MANT_DIG__ 53
#define __SIZEOF_FLOAT128__ 16
#define __INT_LEAST64_MAX__ 0x7fffffffffffffffL
#define __GCC_ATOMIC_CHAR16_T_LOCK_FREE 2
#define __DEC64_MIN__ 1E-383DD
#define __WINT_TYPE__ unsigned int
#define __UINT_LEAST32_TYPE__ unsigned int
#define __SIZEOF_SHORT__ 2
#define __SSE__ 1
#define __LDBL_MIN_EXP__ (-16381)
#define __FLT64_MAX__ 1.79769313486231570814527423731704357e+308F64
#define __WINT_WIDTH__ 32
#define __INT_LEAST8_MAX__ 0x7f
#define __FLT32X_MAX_10_EXP__ 308
#define __SIZEOF_INT128__ 16
#define __LDBL_MAX_10_EXP__ 4932
#define __ATOMIC_RELAXED 0
#define __DBL_EPSILON__ ((double)2.22044604925031308084726333618164062e-16L)
#define __FLT128_MIN__ 3.36210314311209350626267781732175260e-4932F128
#define _LP64 1
#define __UINT8_C(c) c
#define __FLT64_MAX_EXP__ 1024
#define __INT_LEAST32_TYPE__ int
#define __SIZEOF_WCHAR_T__ 4
#define __UINT64_TYPE__ long unsigned int
#define __FLT128_HAS_QUIET_NAN__ 1
#define __INT_FAST8_TYPE__ signed char
#define __FLT64X_MIN__ 3.36210314311209350626267781732175260e-4932F64x
#define __GNUC_STDC_INLINE__ 1
#define __FLT64_HAS_DENORM__ 1
#define __FLT32_EPSILON__ 1.19209289550781250000000000000000000e-7F32
#define __DBL_DECIMAL_DIG__ 17
#define __STDC_UTF_32__ 1
#define __INT_FAST8_WIDTH__ 8
#define __FXSR__ 1
#define __DEC_EVAL_METHOD__ 2
#define __FLT32X_MAX__ 1.79769313486231570814527423731704357e+308F32x
#define __UINT32_C(c) c ## U
#define __INTMAX_MAX__ 0x7fffffffffffffffL
#define __BYTE_ORDER__ __ORDER_LITTLE_ENDIAN__
#define __FLT_DENORM_MIN__ 1.40129846432481707092372958328991613e-45F
#define __INT8_MAX__ 0x7f
#define __LONG_WIDTH__ 64
#define __PIC__ 2
#define __UINT_FAST32_TYPE__ long unsigned int
#define __CHAR32_TYPE__ unsigned int
#define __FLT_MAX__ 3.40282346638528859811704183484516925e+38F
#define __INT32_TYPE__ int
#define __SIZEOF_DOUBLE__ 8
#define __FLT_MIN_10_EXP__ (-37)
#define __FLT64_MIN__ 2.22507385850720138309023271733240406e-308F64
#define __INT_LEAST32_WIDTH__ 32
#define __INTMAX_TYPE__ long int
#define __DEC128_MAX_EXP__ 6145
#define __FLT32X_HAS_QUIET_NAN__ 1
#define __ATOMIC_CONSUME 1
#define __GNUC_MINOR__ 5
#define __INT_FAST16_WIDTH__ 64
#define __UINTMAX_MAX__ 0xffffffffffffffffUL
#define __DEC32_MANT_DIG__ 7
#define __FLT32X_DENORM_MIN__ 4.94065645841246544176568792868221372e-324F32x
#define __DBL_MAX_10_EXP__ 308
#define __LDBL_DENORM_MIN__ 3.64519953188247460252840593361941982e-4951L
#define __INT16_C(c) c
#define __STDC__ 1
#define __PTRDIFF_TYPE__ long int
#define __ATOMIC_SEQ_CST 5
#define __UINT32_TYPE__ unsigned int
#define __FLT32X_MIN_10_EXP__ (-307)
#define __UINTPTR_TYPE__ long unsigned int
#define __DEC64_SUBNORMAL_MIN__ 0.000000000000001E-383DD
#define __DEC128_MANT_DIG__ 34
#define __LDBL_MIN_10_EXP__ (-4931)
#define __FLT128_EPSILON__ 1.92592994438723585305597794258492732e-34F128
#define __SIZEOF_LONG_LONG__ 8
#define __FLT128_DECIMAL_DIG__ 36
#define __GCC_ATOMIC_LLONG_LOCK_FREE 2
#define __FLT32X_MIN__ 2.22507385850720138309023271733240406e-308F32x
#define __LDBL_DIG__ 18
#define __FLT_DECIMAL_DIG__ 9
#define __UINT_FAST16_MAX__ 0xffffffffffffffffUL
#define __GCC_ATOMIC_SHORT_LOCK_FREE 2
#define __INT_LEAST64_WIDTH__ 64
#define __UINT_FAST8_TYPE__ unsigned char
#define __ATOMIC_ACQ_REL 4
#define __ATOMIC_RELEASE 3

find program=['ar'] paths=['/usr/local/nvidia/bin', '/usr/local/cuda/bin', '/usr/local/sbin', '/usr/local/bin', '/usr/sbin', '/usr/bin', '/sbin', '/bin'] var='AR' -> ['/usr/bin/ar']
/usr/bin/gcc
----------------------------------------
Checking for program 'python'
/usr/bin/python3
find program=['python'] paths=['/usr/local/nvidia/bin', '/usr/local/cuda/bin', '/usr/local/sbin', '/usr/local/bin', '/usr/sbin', '/usr/bin', '/sbin', '/bin'] var='PYTHON' -> ['/usr/bin/python3']
['/usr/bin/python3', '-c', 'import sys\ntry:\n print(sys.implementation.cache_tag)\nexcept AttributeError:\n import imp\n print(imp.get_tag())\n']
out: cpython-36

['/usr/bin/python3', '-c', 'import sys\nfor x in sys.version_info: print(str(x))']
out: 3
6
9
final
0

['/usr/bin/python3', '-c', "\ntry:\n\tfrom distutils.sysconfig import get_config_var, get_python_lib\nexcept ImportError:\n\tfrom sysconfig import get_config_var, get_path\n\tdef get_python_lib(*k, **kw):\n\t\tkeyword='platlib' if kw.get('plat_specific') else 'purelib'\n\t\tif 'prefix' in kw:\n\t\t\treturn get_path(keyword, vars={'installed_base': kw['prefix'], 'platbase': kw['prefix']})\n\t\treturn get_path(keyword)\n\nprint(repr(get_python_lib(plat_specific=1, standard_lib=0, prefix='/usr/local') or ''))"]
out: '/usr/local/lib/python3/dist-packages'

'/usr/local/lib/python3/dist-packages'

----------------------------------------
Checking for python version >= 2.7.0
3.6.9
['/usr/bin/python3', '-c', "\ntry:\n\tfrom distutils.sysconfig import get_config_var, get_python_lib\nexcept ImportError:\n\tfrom sysconfig import get_config_var, get_path\n\tdef get_python_lib(*k, **kw):\n\t\tkeyword='platlib' if kw.get('plat_specific') else 'purelib'\n\t\tif 'prefix' in kw:\n\t\t\treturn get_path(keyword, vars={'installed_base': kw['prefix'], 'platbase': kw['prefix']})\n\t\treturn get_path(keyword)\n\nprint(repr(get_config_var('prefix') or ''))\nprint(repr(get_config_var('SO') or ''))\nprint(repr(get_config_var('EXT_SUFFIX') or ''))\nprint(repr(get_config_var('LDFLAGS') or ''))\nprint(repr(get_config_var('LIBDIR') or ''))\nprint(repr(get_config_var('LIBPL') or ''))\nprint(repr(get_config_var('INCLUDEPY') or ''))\nprint(repr(get_config_var('Py_ENABLE_SHARED') or ''))\nprint(repr(get_config_var('MACOSX_DEPLOYMENT_TARGET') or ''))\nprint(repr(get_config_var('LDSHARED') or ''))\nprint(repr(get_config_var('CFLAGS') or ''))\nprint(repr(get_config_var('LDVERSION') or ''))"]
out: '/usr'
'.cpython-36m-x86_64-linux-gnu.so'
'.cpython-36m-x86_64-linux-gnu.so'
'-Wl,-Bsymbolic-functions  -Wl,-z,relro'
'/usr/lib'
'/usr/lib/python3.6/config-3.6m-x86_64-linux-gnu'
'/usr/include/python3.6m'
1
''
'x86_64-linux-gnu-gcc -pthread -shared -Wl,-O1 -Wl,-Bsymbolic-functions -Wl,-Bsymbolic-functions  -Wl,-z,relro'
'-Wno-unused-result -Wsign-compare -DNDEBUG -g -fwrapv -O2 -Wall -g   -fstack-protector-strong -Wformat -Werror=format-security  -g -flto -fuse-linker-plugin -ffat-lto-objects'
'3.6m'

'/usr'
'.cpython-36m-x86_64-linux-gnu.so'
'.cpython-36m-x86_64-linux-gnu.so'
'-Wl,-Bsymbolic-functions  -Wl,-z,relro'
'/usr/lib'
'/usr/lib/python3.6/config-3.6m-x86_64-linux-gnu'
'/usr/include/python3.6m'
1
''
'x86_64-linux-gnu-gcc -pthread -shared -Wl,-O1 -Wl,-Bsymbolic-functions -Wl,-Bsymbolic-functions  -Wl,-z,relro'
'-Wno-unused-result -Wsign-compare -DNDEBUG -g -fwrapv -O2 -Wall -g   -fstack-protector-strong -Wformat -Werror=format-security  -g -flto -fuse-linker-plugin -ffat-lto-objects'
'3.6m'

Configuration returned from ['/usr/bin/python3']:
prefix = '/usr'
SO = '.cpython-36m-x86_64-linux-gnu.so'
EXT_SUFFIX = '.cpython-36m-x86_64-linux-gnu.so'
LDFLAGS = '-Wl,-Bsymbolic-functions  -Wl,-z,relro'
LIBDIR = '/usr/lib'
LIBPL = '/usr/lib/python3.6/config-3.6m-x86_64-linux-gnu'
INCLUDEPY = '/usr/include/python3.6m'
Py_ENABLE_SHARED = 1
MACOSX_DEPLOYMENT_TARGET = ''
LDSHARED = 'x86_64-linux-gnu-gcc -pthread -shared -Wl,-O1 -Wl,-Bsymbolic-functions -Wl,-Bsymbolic-functions  -Wl,-z,relro'
CFLAGS = '-Wno-unused-result -Wsign-compare -DNDEBUG -g -fwrapv -O2 -Wall -g   -fstack-protector-strong -Wformat -Werror=format-security  -g -flto -fuse-linker-plugin -ffat-lto-objects'
LDVERSION = '3.6m'

----------------------------------------
python-config
/usr/bin/python3-config
find program=['/usr/bin/python3-config', 'python3.6-config', 'python-config-3.6', 'python3.6m-config'] paths=['/usr/local/nvidia/bin', '/usr/local/cuda/bin', '/usr/local/sbin', '/usr/local/bin', '/usr/sbin', '/usr/bin', '/sbin', '/bin'] var='PYTHON_CONFIG' -> ['/usr/bin/python3-config']
----------------------------------------------------------------
Asking python-config for pyext '--cflags --libs --ldflags' flags
['/usr/bin/python3-config', '--cflags', '--libs', '--ldflags']
out: -I/usr/include/python3.6m -I/usr/include/python3.6m  -Wno-unused-result -Wsign-compare -g -fdebug-prefix-map=/build/python3.6-PHwBoS/python3.6-3.6.9=. -specs=/usr/share/dpkg/no-pie-compile.specs -fstack-protector -Wformat -Werror=format-security  -DNDEBUG -g -fwrapv -O3 -Wall
-lpython3.6m -lpthread -ldl  -lutil -lm 
-L/usr/lib/python3.6/config-3.6m-x86_64-linux-gnu -L/usr/lib -lpython3.6m -lpthread -ldl  -lutil -lm  -Xlinker -export-dynamic -Wl,-O1 -Wl,-Bsymbolic-functions

Unhandled flag '-Wno-unused-result'
Unhandled flag '-Wsign-compare'
Unhandled flag '-specs=/usr/share/dpkg/no-pie-compile.specs'
Unhandled flag '-Wformat'
Unhandled flag '-Werror=format-security'
Unhandled flag '-Wall'
yes
----------------------------------------------------------------
Testing pyext configuration
==>

#include <Python.h>
#ifdef __cplusplus
extern "C" {
#endif
	void Py_Initialize(void);
	void Py_Finalize(void);
#ifdef __cplusplus
}
#endif
int main(int argc, char **argv)
{
   (void)argc; (void)argv;
   Py_Initialize();
   Py_Finalize();
   return 0;
}

<==
[1/2] Compiling [32mbuild/.conf_check_66b724fcf417dea0fd77d12e509b70c6/test.cpp[0m

['/usr/bin/g++', '-std=c++11', '-pipe', '-Wall', '-msse', '-msse2', '-mfpmath=sse', '-O2', '-fPIC', '-pthread', '-fPIC', '-g', '-fdebug-prefix-map=/build/python3.6-PHwBoS/python3.6-3.6.9=.', '-fstack-protector', '-g', '-fwrapv', '-O3', '-I/usr/include/python3.6m', '-DHAVE_EIGEN3=1', '-DEIGEN_PERMANENTLY_DISABLE_STUPID_WARNINGS', '-DHAVE_AVCODEC=1', '-DHAVE_AVFORMAT=1', '-DHAVE_AVUTIL=1', '-DHAVE_SWRESAMPLE=1', '-DHAVE_SAMPLERATE=1', '-DHAVE_TAGLIB=1', '-DHAVE_YAML=1', '-DHAVE_FFTW=1', '-DHAVE_LIBCHROMAPRINT=1', '-DHAVE_TENSORFLOW=1', '-D__STDC_CONSTANT_MACROS', '-DPYTHONDIR="/usr/local/lib/python3.6/dist-packages"', '-DPYTHONARCHDIR="/usr/local/lib/python3/dist-packages"', '-DNDEBUG', '../test.cpp', '-c', '-o/opt/essentia/build/.conf_check_66b724fcf417dea0fd77d12e509b70c6/testbuild/test.cpp.1.o', '-fPIC']
[2/2] Linking [33mbuild/.conf_check_66b724fcf417dea0fd77d12e509b70c6/testbuild/testprog.cpython-36m-x86_64-linux-gnu.so[0m

['/usr/bin/g++', '-pthread', '-shared', '-Xlinker', '-export-dynamic', '-Wl,-O1', '-Wl,-Bsymbolic-functions', 'test.cpp.1.o', '-o/opt/essentia/build/.conf_check_66b724fcf417dea0fd77d12e509b70c6/testbuild/testprog.cpython-36m-x86_64-linux-gnu.so', '-Wl,-Bstatic', '-Wl,-Bdynamic', '-L/usr/lib/python3.6/config-3.6m-x86_64-linux-gnu', '-L/usr/lib', '-lpython3.6m', '-lpthread', '-ldl', '-lutil', '-lm', '-lpython3.6m', '-lpthread', '-ldl', '-lutil', '-lm']
yes
----------------------------------------------------------------
Checking for python module 'numpy'
['/usr/bin/python3', '-c', "\nimport numpy as current_module\nversion = getattr(current_module, '__version__', None)\nif version is not None:\n\tprint(str(version))\nelse:\n\tprint('unknown version')\n"]
out: 1.18.4

1.18.4
