{"obj": {"type": "DeleteAttribute", "path": ["dataset", "test_abnormal", "Bad.Boys.1995__#01-33-51_01-34-37_label_B2-0-0.mp4"]}, "version": 1}
{"obj": {"type": "DeleteAttribute", "path": ["dataset", "test_abnormal", "Black.Hawk.Down.2001__#01-13-59_01-14-49_label_B2-0-0.mp4"]}, "version": 2}
{"obj": {"type": "DeleteAttribute", "path": ["dataset", "test_abnormal", "Black.Hawk.Down.2001__#01-42-58_01-43-58_label_G-0-0.mp4"]}, "version": 3}
{"obj": {"type": "DeleteAttribute", "path": ["dataset", "test_abnormal", "Braveheart.1995__#01-26-50_01-32-30_label_B1-0-0.mp4"]}, "version": 4}
{"obj": {"type": "DeleteAttribute", "path": ["dataset", "test_abnormal", "Braveheart.1995__#02-07-00_02-08-15_label_B1-0-0.mp4"]}, "version": 5}
{"obj": {"type": "DeleteAttribute", "path": ["dataset", "test_abnormal", "Brick.Mansions.2014__#00-16-26_00-17-12_label_B1-0-0.mp4"]}, "version": 6}
{"obj": {"type": "DeleteAttribute", "path": ["dataset", "test_abnormal", "Brick.Mansions.2014__#01-02-00_01-02-43_label_B2-0-0.mp4"]}, "version": 7}
{"obj": {"type": "DeleteAttribute", "path": ["dataset", "test_abnormal", "Bullet.in.the.Head.1990__#00-17-20_00-18-55_label_B1-0-0.mp4"]}, "version": 8}
{"obj": {"type": "DeleteAttribute", "path": ["dataset", "test_abnormal", "Bullet.in.the.Head.1990__#00-23-31_00-24-40_label_G-0-0.mp4"]}, "version": 9}
{"obj": {"type": "DeleteAttribute", "path": ["dataset", "test_abnormal", "Bullet.in.the.Head.1990__#00-41-30_00-44-16_label_B4-G-0.mp4"]}, "version": 10}
{"obj": {"type": "DeleteAttribute", "path": ["dataset", "test_abnormal", "Bullet.in.the.Head.1990__#01-26-30_01-27-34_label_B2-0-0.mp4"]}, "version": 11}
{"obj": {"type": "DeleteAttribute", "path": ["dataset", "test_abnormal", "Bullet.in.the.Head.1990__#01-45-21_01-46-20_label_B2-0-0.mp4"]}, "version": 12}
{"obj": {"type": "DeleteAttribute", "path": ["dataset", "test_abnormal", "Casino.Royale.2006__#00-50-05_00-51-16_label_B1-B2-B6.mp4"]}, "version": 13}
{"obj": {"type": "DeleteAttribute", "path": ["dataset", "test_abnormal", "Casino.Royale.2006__#01-17-29_01-17-46_label_B1-0-0.mp4"]}, "version": 14}
{"obj": {"type": "DeleteAttribute", "path": ["dataset", "test_abnormal", "Casino.Royale.2006__#01-46-40_01-47-14_label_B6-0-0.mp4"]}, "version": 15}
{"obj": {"type": "DeleteAttribute", "path": ["dataset", "test_abnormal", "City.Of.Men.2007__#00-57-37_00-58-27_label_B2-0-0.mp4"]}, "version": 16}
{"obj": {"type": "DeleteAttribute", "path": ["dataset", "test_abnormal", "City.of.God.2002__#00-40-16_00-41-30_label_B2-0-0.mp4"]}, "version": 17}
{"obj": {"type": "DeleteAttribute", "path": ["dataset", "test_abnormal", "City.of.God.2002__#01-24-10_01-25-10_label_B2-0-0.mp4"]}, "version": 18}
{"obj": {"type": "DeleteAttribute", "path": ["dataset", "test_abnormal", "Deadpool.2.2018__#0-04-46_0-05-01_label_B2-0-0.mp4"]}, "version": 19}
{"obj": {"type": "DeleteAttribute", "path": ["dataset", "test_abnormal", "Deadpool.2.2018__#0-50-30_0-51-20_label_B1-0-0.mp4"]}, "version": 20}
{"obj": {"type": "DeleteAttribute", "path": ["dataset", "test_abnormal", "Deadpool.2.2018__#01-03-09_01-03-54_label_B4-0-0.mp4"]}, "version": 21}
{"obj": {"type": "DeleteAttribute", "path": ["dataset", "test_abnormal", "Deadpool.2016__#0-18-58_0-19-20_label_B1-0-0.mp4"]}, "version": 22}
{"obj": {"type": "DeleteAttribute", "path": ["dataset", "test_abnormal", "Death.Proof.2007__#01-40-41_01-42-17_label_B5-B6-0.mp4"]}, "version": 23}
{"obj": {"type": "DeleteAttribute", "path": ["dataset", "test_abnormal", "Desperado.1995__#00-38-36_00-39-21_label_B1-B2-0.mp4"]}, "version": 24}
{"obj": {"type": "DeleteAttribute", "path": ["dataset", "test_abnormal", "Desperado.1995__#01-14-11_01-17-28_label_B2-G-0.mp4"]}, "version": 25}
{"obj": {"type": "DeleteAttribute", "path": ["dataset", "test_abnormal", "Election.2005__#00-47-57_00-50-54_label_B5-0-0.mp4"]}, "version": 26}
{"obj": {"type": "DeleteAttribute", "path": ["dataset", "test_abnormal", "Fast.Five.2011__#00-01-41_00-01-57_label_B6-0-0.mp4"]}, "version": 27}
{"obj": {"type": "DeleteAttribute", "path": ["dataset", "test_abnormal", "Fast.Five.2011__#00-32-05_00-32-24_label_B1-B2-0.mp4"]}, "version": 28}
{"obj": {"type": "DeleteAttribute", "path": ["dataset", "test_abnormal", "Fast.Five.2011__#01-29-27_01-32-05_label_B1-0-0.mp4"]}, "version": 29}
{"obj": {"type": "DeleteAttribute", "path": ["dataset", "test_abnormal", "Fast.Furious.2009__#00-21-06_00-21-57_label_B6-B2-0.mp4"]}, "version": 30}
{"obj": {"type": "DeleteAttribute", "path": ["dataset", "test_abnormal", "Fast.Furious.2009__#00-42-10_00-42-41_label_B6-0-0.mp4"]}, "version": 31}
{"obj": {"type": "DeleteAttribute", "path": ["dataset", "test_abnormal", "Fast.Furious.2009__#01-18-00_01-19-00_label_B2-B6-0.mp4"]}, "version": 32}
{"obj": {"type": "DeleteAttribute", "path": ["dataset", "test_abnormal", "Fast.Furious.2009__#01-29-10_01-29-55_label_B2-0-0.mp4"]}, "version": 33}
{"obj": {"type": "DeleteAttribute", "path": ["dataset", "test_abnormal", "Fast.Furious.6.2013__#00-45-40_00-47-13_label_B2-0-0.mp4"]}, "version": 34}
{"obj": {"type": "DeleteAttribute", "path": ["dataset", "test_abnormal", "Fast.Furious.6.2013__#01-03-25_01-04-59_label_B1-0-0.mp4"]}, "version": 35}
{"obj": {"type": "DeleteAttribute", "path": ["dataset", "test_abnormal", "Fast.Furious.6.2013__#01-38-33_01-39-20_label_B1-0-0.mp4"]}, "version": 36}
{"obj": {"type": "DeleteAttribute", "path": ["dataset", "test_abnormal", "Fury.2014__#00-07-30_00-07-58_label_G-0-0.mp4"]}, "version": 37}
{"obj": {"type": "DeleteAttribute", "path": ["dataset", "test_abnormal", "God.Bless.America.2011__#00-38-25_00-39-37_label_B2-B5-0.mp4"]}, "version": 38}
{"obj": {"type": "DeleteAttribute", "path": ["dataset", "test_abnormal", "God.Bless.America.2011__#01-32-00_01-32-50_label_B2-0-0.mp4"]}, "version": 39}
{"obj": {"type": "DeleteAttribute", "path": ["dataset", "test_abnormal", "GoldenEye.1995__#00-10-00_00-10-40_label_G-0-0.mp4"]}, "version": 40}
{"obj": {"type": "DeleteAttribute", "path": ["dataset", "test_abnormal", "GoldenEye.1995__#00-24-53_00-25-06_label_B1-0-0.mp4"]}, "version": 41}
{"obj": {"type": "DeleteAttribute", "path": ["dataset", "test_abnormal", "GoldenEye.1995__#02-03-40_02-04-13_label_G-0-0.mp4"]}, "version": 42}
{"obj": {"type": "DeleteAttribute", "path": ["dataset", "test_abnormal", "Haywire.2011__#00-03-51_00-05-12_label_B1-B2-0.mp4"]}, "version": 43}
{"obj": {"type": "DeleteAttribute", "path": ["dataset", "test_abnormal", "Haywire.2011__#00-16-07_00-16-49_label_B1-0-0.mp4"]}, "version": 44}
{"obj": {"type": "DeleteAttribute", "path": ["dataset", "test_abnormal", "Haywire.2011__#01-20-20_01-21-57_label_B1-0-0.mp4"]}, "version": 45}
{"obj": {"type": "DeleteAttribute", "path": ["dataset", "test_abnormal", "IP.Man.2.2010__#01-35-55_01-39-11_label_B1-0-0.mp4"]}, "version": 46}
{"obj": {"type": "DeleteAttribute", "path": ["dataset", "test_abnormal", "Ip.Man.2008__#01-14-31_01-15-24_label_B1-0-0.mp4"]}, "version": 47}
{"obj": {"type": "DeleteAttribute", "path": ["dataset", "test_abnormal", "Ip.Man.2008__#01-40-37_01-42-07_label_B4-0-0.mp4"]}, "version": 48}
{"obj": {"type": "DeleteAttribute", "path": ["dataset", "test_abnormal", "Ip.Man.3.2015__#00-44-45_00-45-08_label_B1-0-0.mp4"]}, "version": 49}
{"obj": {"type": "DeleteAttribute", "path": ["dataset", "test_abnormal", "Jason.Bourne.2016__#0-29-48_0-30-29_label_B4-0-0.mp4"]}, "version": 50}
{"obj": {"type": "DeleteAttribute", "path": ["dataset", "test_abnormal", "Jason.Bourne.2016__#0-50-20_0-50-30_label_G-0-0.mp4"]}, "version": 51}
{"obj": {"type": "DeleteAttribute", "path": ["dataset", "test_abnormal", "Kill.Bill.Vol.1.2003__#01-17-20_01-20-20_label_B1-0-0.mp4"]}, "version": 52}
{"obj": {"type": "DeleteAttribute", "path": ["dataset", "test_abnormal", "Kingsman.The.Golden.Circle.2017__#00-35-55_00-36-35_label_B1-0-0.mp4"]}, "version": 53}
{"obj": {"type": "DeleteAttribute", "path": ["dataset", "test_abnormal", "Kingsman.The.Secret.Service.2014__#00-22-10_00-23-10_label_B2-0-0.mp4"]}, "version": 54}
{"obj": {"type": "DeleteAttribute", "path": ["dataset", "test_abnormal", "Kingsman.The.Secret.Service.2014__#01-43-40_01-44-50_label_B2-G-0.mp4"]}, "version": 55}
{"obj": {"type": "DeleteAttribute", "path": ["dataset", "test_abnormal", "Lord.of.War__#00-50-10_00-50-50_label_G-0-0.mp4"]}, "version": 56}
{"obj": {"type": "DeleteAttribute", "path": ["dataset", "test_abnormal", "Lord.of.War__#01-41-04_01-41-53_label_B1-0-0.mp4"]}, "version": 57}
{"obj": {"type": "DeleteAttribute", "path": ["dataset", "test_abnormal", "Love.Death.and.Robots.S01E13__#0-11-48_0-12-07_label_G-0-0.mp4"]}, "version": 58}
{"obj": {"type": "DeleteAttribute", "path": ["dataset", "test_abnormal", "Mindhunters.2004__#01-19-00_01-20-05_label_B2-0-0.mp4"]}, "version": 59}
{"obj": {"type": "DeleteAttribute", "path": ["dataset", "test_abnormal", "Mission.Impossible.Fallout.2018__#00-31-21_00-32-50_label_B1-0-0.mp4"]}, "version": 60}
{"obj": {"type": "DeleteAttribute", "path": ["dataset", "test_abnormal", "Mission.Impossible.Fallout.2018__#02-03-50_02-04-35_label_B1-0-0.mp4"]}, "version": 61}
{"obj": {"type": "DeleteAttribute", "path": ["dataset", "test_abnormal", "Mission.Impossible.Ghost.Protocol.2011__#01-12-38_01-13-43_label_B1-0-0.mp4"]}, "version": 62}
{"obj": {"type": "DeleteAttribute", "path": ["dataset", "test_abnormal", "Mission.Impossible.Ghost.Protocol.2011__#01-54-24_01-54-50_label_B1-0-0.mp4"]}, "version": 63}
{"obj": {"type": "DeleteAttribute", "path": ["dataset", "test_abnormal", "Mission.Impossible.II.2000__#01-38-25_01-38-41_label_B2-B5-0.mp4"]}, "version": 64}
{"obj": {"type": "DeleteAttribute", "path": ["dataset", "test_abnormal", "Mission.Impossible.III.2006__#00-19-56_00-20-26_label_B2-0-0.mp4"]}, "version": 65}
{"obj": {"type": "DeleteAttribute", "path": ["dataset", "test_abnormal", "Mission.Impossible.III.2006__#00-56-23_00-56-40_label_G-0-0.mp4"]}, "version": 66}
{"obj": {"type": "DeleteAttribute", "path": ["dataset", "test_abnormal", "Mission.Impossible.V.Rogue.Nation.2015__#00-17-27_00-17-55_label_B2-0-0.mp4"]}, "version": 67}
{"obj": {"type": "DeleteAttribute", "path": ["dataset", "test_abnormal", "Mission.Impossible.V.Rogue.Nation.2015__#01-19-48_01-20-20_label_B6-0-0.mp4"]}, "version": 68}
{"obj": {"type": "DeleteAttribute", "path": ["dataset", "test_info", "test_fn"]}, "version": 69}
{"obj": {"type": "DeleteAttribute", "path": ["dataset", "test_info", "test_fn_abnormal"]}, "version": 70}
{"obj": {"type": "DeleteAttribute", "path": ["dataset", "test_info", "test_fn_normal"]}, "version": 71}
{"obj": {"type": "DeleteAttribute", "path": ["dataset", "test_info", "test_labels"]}, "version": 72}
{"obj": {"type": "DeleteAttribute", "path": ["dataset", "test_info", "test_labels_abnormal"]}, "version": 73}
{"obj": {"type": "DeleteAttribute", "path": ["dataset", "test_info", "test_labels_normal"]}, "version": 74}
{"obj": {"type": "DeleteAttribute", "path": ["dataset", "test_normal", "Bad.Boys.1995__#01-11-55_01-12-40_label_G-B2-B6.mp4"]}, "version": 75}
{"obj": {"type": "DeleteAttribute", "path": ["dataset", "test_normal", "Bad.Boys.1995__#01-33-51_01-34-37_label_B2-0-0.mp4"]}, "version": 76}
{"obj": {"type": "DeleteAttribute", "path": ["dataset", "test_normal", "Bad.Boys.II.2003__#00-06-42_00-10-00_label_B2-G-0.mp4"]}, "version": 77}
{"obj": {"type": "DeleteAttribute", "path": ["dataset", "test_normal", "Black.Hawk.Down.2001__#01-13-59_01-14-49_label_B2-0-0.mp4"]}, "version": 78}
{"obj": {"type": "DeleteAttribute", "path": ["dataset", "test_normal", "Black.Hawk.Down.2001__#01-32-40_01-34-00_label_B4-0-0.mp4"]}, "version": 79}
{"obj": {"type": "DeleteAttribute", "path": ["dataset", "test_normal", "Black.Hawk.Down.2001__#01-42-58_01-43-58_label_G-0-0.mp4"]}, "version": 80}
{"obj": {"type": "DeleteAttribute", "path": ["dataset", "test_normal", "Black.Hawk.Down.2001__#02-00-12_02-01-29_label_B2-0-0.mp4"]}, "version": 81}
{"obj": {"type": "DeleteAttribute", "path": ["dataset", "test_normal", "Braveheart.1995__#00-56-30_00-57-20_label_B1-0-0.mp4"]}, "version": 82}
{"obj": {"type": "DeleteAttribute", "path": ["dataset", "test_normal", "Braveheart.1995__#01-26-50_01-32-30_label_B1-0-0.mp4"]}, "version": 83}
{"obj": {"type": "DeleteAttribute", "path": ["dataset", "test_normal", "Braveheart.1995__#02-05-34_02-06-40_label_B1-0-0.mp4"]}, "version": 84}
{"obj": {"type": "DeleteAttribute", "path": ["dataset", "test_normal", "Braveheart.1995__#02-07-00_02-08-15_label_B1-0-0.mp4"]}, "version": 85}
{"obj": {"type": "DeleteAttribute", "path": ["dataset", "test_normal", "Brick.Mansions.2014__#00-11-57_00-12-12_label_B2-0-0.mp4"]}, "version": 86}
{"obj": {"type": "DeleteAttribute", "path": ["dataset", "test_normal", "Brick.Mansions.2014__#00-16-26_00-17-12_label_B1-0-0.mp4"]}, "version": 87}
{"obj": {"type": "DeleteAttribute", "path": ["dataset", "test_normal", "Brick.Mansions.2014__#00-41-25_00-42-36_label_B1-0-0.mp4"]}, "version": 88}
{"obj": {"type": "DeleteAttribute", "path": ["dataset", "test_normal", "Brick.Mansions.2014__#01-02-00_01-02-43_label_B2-0-0.mp4"]}, "version": 89}
{"obj": {"type": "DeleteAttribute", "path": ["dataset", "test_normal", "Bullet.in.the.Head.1990__#00-17-20_00-18-55_label_B1-0-0.mp4"]}, "version": 90}
{"obj": {"type": "DeleteAttribute", "path": ["dataset", "test_normal", "Bullet.in.the.Head.1990__#00-23-31_00-24-40_label_G-0-0.mp4"]}, "version": 91}
{"obj": {"type": "DeleteAttribute", "path": ["dataset", "test_normal", "Bullet.in.the.Head.1990__#00-41-30_00-44-16_label_B4-G-0.mp4"]}, "version": 92}
{"obj": {"type": "DeleteAttribute", "path": ["dataset", "test_normal", "Bullet.in.the.Head.1990__#01-26-30_01-27-34_label_B2-0-0.mp4"]}, "version": 93}
{"obj": {"type": "DeleteAttribute", "path": ["dataset", "test_normal", "Bullet.in.the.Head.1990__#01-45-21_01-46-20_label_B2-0-0.mp4"]}, "version": 94}
{"obj": {"type": "DeleteAttribute", "path": ["dataset", "test_normal", "Bullet.in.the.Head.1990__#02-02-00_02-05-22_label_B2-B6-G.mp4"]}, "version": 95}
{"obj": {"type": "DeleteAttribute", "path": ["dataset", "test_normal", "Casino.Royale.2006__#00-18-30_00-19-20_label_G-B2-0.mp4"]}, "version": 96}
{"obj": {"type": "DeleteAttribute", "path": ["dataset", "test_normal", "Casino.Royale.2006__#00-50-05_00-51-16_label_B1-B2-B6.mp4"]}, "version": 97}
{"obj": {"type": "DeleteAttribute", "path": ["dataset", "test_normal", "Casino.Royale.2006__#00-51-16_00-52-41_label_B1-B6-0.mp4"]}, "version": 98}
{"obj": {"type": "DeleteAttribute", "path": ["dataset", "test_normal", "Casino.Royale.2006__#01-17-29_01-17-46_label_B1-0-0.mp4"]}, "version": 99}
{"obj": {"type": "DeleteAttribute", "path": ["dataset", "test_normal", "Casino.Royale.2006__#01-46-40_01-47-14_label_B6-0-0.mp4"]}, "version": 100}
{"obj": {"type": "DeleteAttribute", "path": ["dataset", "test_normal", "City.Of.Men.2007__#00-51-50_00-53-31_label_B2-0-0.mp4"]}, "version": 101}
{"obj": {"type": "DeleteAttribute", "path": ["dataset", "test_normal", "City.Of.Men.2007__#00-57-37_00-58-27_label_B2-0-0.mp4"]}, "version": 102}
{"obj": {"type": "DeleteAttribute", "path": ["dataset", "test_normal", "City.Of.Men.2007__#01-17-27_01-17-59_label_B2-0-0.mp4"]}, "version": 103}
{"obj": {"type": "DeleteAttribute", "path": ["dataset", "test_normal", "City.Of.Men.2007__#01-35-30_01-36-00_label_B2-0-0.mp4"]}, "version": 104}
{"obj": {"type": "DeleteAttribute", "path": ["dataset", "test_normal", "City.of.God.2002__#00-37-20_00-38-02_label_B5-0-0.mp4"]}, "version": 105}
{"obj": {"type": "DeleteAttribute", "path": ["dataset", "test_normal", "City.of.God.2002__#00-40-16_00-41-30_label_B2-0-0.mp4"]}, "version": 106}
{"obj": {"type": "DeleteAttribute", "path": ["dataset", "test_normal", "City.of.God.2002__#01-24-10_01-25-10_label_B2-0-0.mp4"]}, "version": 107}
{"obj": {"type": "DeleteAttribute", "path": ["dataset", "test_normal", "City.of.God.2002__#01-52-20_01-54-32_label_B2-0-0.mp4"]}, "version": 108}
{"obj": {"type": "DeleteAttribute", "path": ["dataset", "test_normal", "Crank.Dircut.2006__#0-27-42_0-29-01_label_B1-0-0.mp4"]}, "version": 109}
{"obj": {"type": "DeleteAttribute", "path": ["dataset", "test_normal", "Deadpool.2.2018__#0-04-46_0-05-01_label_B2-0-0.mp4"]}, "version": 110}
{"obj": {"type": "DeleteAttribute", "path": ["dataset", "test_normal", "Deadpool.2.2018__#0-50-30_0-51-20_label_B1-0-0.mp4"]}, "version": 111}
{"obj": {"type": "DeleteAttribute", "path": ["dataset", "test_normal", "Deadpool.2.2018__#01-03-09_01-03-54_label_B4-0-0.mp4"]}, "version": 112}
{"obj": {"type": "DeleteAttribute", "path": ["dataset", "test_normal", "Deadpool.2016__#0-18-58_0-19-20_label_B1-0-0.mp4"]}, "version": 113}
{"obj": {"type": "DeleteAttribute", "path": ["dataset", "test_normal", "Death.Proof.2007__#00-45-05_00-47-36_label_B5-0-0.mp4"]}, "version": 114}
{"obj": {"type": "DeleteAttribute", "path": ["dataset", "test_normal", "Death.Proof.2007__#01-40-41_01-42-17_label_B5-B6-0.mp4"]}, "version": 115}
{"obj": {"type": "DeleteAttribute", "path": ["dataset", "test_normal", "Desperado.1995__#00-16-48_00-18-52_label_B1-0-0.mp4"]}, "version": 116}
{"obj": {"type": "DeleteAttribute", "path": ["dataset", "test_normal", "Desperado.1995__#00-38-36_00-39-21_label_B1-B2-0.mp4"]}, "version": 117}
{"obj": {"type": "DeleteAttribute", "path": ["dataset", "test_normal", "Desperado.1995__#01-14-11_01-17-28_label_B2-G-0.mp4"]}, "version": 118}
{"obj": {"type": "DeleteAttribute", "path": ["dataset", "test_normal", "Election.2005__#00-47-57_00-50-54_label_B5-0-0.mp4"]}, "version": 119}
{"obj": {"type": "DeleteAttribute", "path": ["dataset", "test_normal", "Fast.Five.2011__#00-01-41_00-01-57_label_B6-0-0.mp4"]}, "version": 120}
{"obj": {"type": "DeleteAttribute", "path": ["dataset", "test_normal", "Fast.Five.2011__#00-32-05_00-32-24_label_B1-B2-0.mp4"]}, "version": 121}
{"obj": {"type": "DeleteAttribute", "path": ["dataset", "test_normal", "Fast.Five.2011__#00-32-56_00-33-26_label_B2-0-0.mp4"]}, "version": 122}
{"obj": {"type": "DeleteAttribute", "path": ["dataset", "test_normal", "Fast.Five.2011__#01-29-27_01-32-05_label_B1-0-0.mp4"]}, "version": 123}
{"obj": {"type": "DeleteAttribute", "path": ["dataset", "test_normal", "Fast.Furious.2009__#00-21-06_00-21-57_label_B6-B2-0.mp4"]}, "version": 124}
{"obj": {"type": "DeleteAttribute", "path": ["dataset", "test_normal", "Fast.Furious.2009__#00-25-59_00-26-25_label_B1-0-0.mp4"]}, "version": 125}
{"obj": {"type": "DeleteAttribute", "path": ["dataset", "test_normal", "Fast.Furious.2009__#00-42-10_00-42-41_label_B6-0-0.mp4"]}, "version": 126}
{"obj": {"type": "DeleteAttribute", "path": ["dataset", "test_normal", "Fast.Furious.2009__#01-18-00_01-19-00_label_B2-B6-0.mp4"]}, "version": 127}
{"obj": {"type": "DeleteAttribute", "path": ["dataset", "test_normal", "Fast.Furious.2009__#01-29-10_01-29-55_label_B2-0-0.mp4"]}, "version": 128}
{"obj": {"type": "DeleteAttribute", "path": ["dataset", "test_normal", "Fast.Furious.6.2013__#00-45-40_00-47-13_label_B2-0-0.mp4"]}, "version": 129}
{"obj": {"type": "DeleteAttribute", "path": ["dataset", "test_normal", "Fast.Furious.6.2013__#01-03-25_01-04-59_label_B1-0-0.mp4"]}, "version": 130}
{"obj": {"type": "DeleteAttribute", "path": ["dataset", "test_normal", "Fast.Furious.6.2013__#01-38-33_01-39-20_label_B1-0-0.mp4"]}, "version": 131}
{"obj": {"type": "DeleteAttribute", "path": ["dataset", "test_normal", "Fury.2014__#00-07-30_00-07-58_label_G-0-0.mp4"]}, "version": 132}
{"obj": {"type": "DeleteAttribute", "path": ["dataset", "test_normal", "Fury.2014__#00-39-36_00-40-44_label_B1-B2-0.mp4"]}, "version": 133}
{"obj": {"type": "DeleteAttribute", "path": ["dataset", "test_normal", "Gladiator.2000__#01-10-27_01-11-59_label_B1-0-0.mp4"]}, "version": 134}
{"obj": {"type": "DeleteAttribute", "path": ["dataset", "test_normal", "God.Bless.America.2011__#00-12-40_00-13-12_label_B2-0-0.mp4"]}, "version": 135}
{"obj": {"type": "DeleteAttribute", "path": ["dataset", "test_normal", "God.Bless.America.2011__#00-38-25_00-39-37_label_B2-B5-0.mp4"]}, "version": 136}
{"obj": {"type": "DeleteAttribute", "path": ["dataset", "test_normal", "God.Bless.America.2011__#01-32-00_01-32-50_label_B2-0-0.mp4"]}, "version": 137}
{"obj": {"type": "DeleteAttribute", "path": ["dataset", "test_normal", "GoldenEye.1995__#00-10-00_00-10-40_label_G-0-0.mp4"]}, "version": 138}
{"obj": {"type": "DeleteAttribute", "path": ["dataset", "test_normal", "GoldenEye.1995__#00-24-53_00-25-06_label_B1-0-0.mp4"]}, "version": 139}
{"obj": {"type": "DeleteAttribute", "path": ["dataset", "test_normal", "GoldenEye.1995__#01-17-05_01-19-57_label_B2-B1-0.mp4"]}, "version": 140}
{"obj": {"type": "DeleteAttribute", "path": ["dataset", "test_normal", "GoldenEye.1995__#02-02-15_02-02-47_label_B1-0-0.mp4"]}, "version": 141}
{"obj": {"type": "DeleteAttribute", "path": ["dataset", "test_normal", "GoldenEye.1995__#02-03-40_02-04-13_label_G-0-0.mp4"]}, "version": 142}
{"obj": {"type": "DeleteAttribute", "path": ["dataset", "test_normal", "Haywire.2011__#00-03-51_00-05-12_label_B1-B2-0.mp4"]}, "version": 143}
{"obj": {"type": "DeleteAttribute", "path": ["dataset", "test_normal", "Haywire.2011__#00-16-07_00-16-49_label_B1-0-0.mp4"]}, "version": 144}
{"obj": {"type": "DeleteAttribute", "path": ["dataset", "test_normal", "Haywire.2011__#00-39-07_00-41-48_label_B1-B2-0.mp4"]}, "version": 145}
{"obj": {"type": "DeleteAttribute", "path": ["dataset", "test_normal", "Haywire.2011__#01-20-20_01-21-57_label_B1-0-0.mp4"]}, "version": 146}
{"obj": {"type": "DeleteAttribute", "path": ["dataset", "test_normal", "IP.Man.2.2010__#00-07-14_00-09-13_label_B1-0-0.mp4"]}, "version": 147}
{"obj": {"type": "DeleteAttribute", "path": ["dataset", "test_normal", "IP.Man.2.2010__#01-35-55_01-39-11_label_B1-0-0.mp4"]}, "version": 148}
{"obj": {"type": "DeleteAttribute", "path": ["dataset", "test_normal", "Ip.Man.2008__#00-46-51_00-47-30_label_B1-0-0.mp4"]}, "version": 149}
{"obj": {"type": "DeleteAttribute", "path": ["dataset", "test_normal", "Ip.Man.2008__#00-48-57_00-50-47_label_B1-0-0.mp4"]}, "version": 150}
{"obj": {"type": "DeleteAttribute", "path": ["dataset", "test_normal", "Ip.Man.2008__#01-14-31_01-15-24_label_B1-0-0.mp4"]}, "version": 151}
{"obj": {"type": "DeleteAttribute", "path": ["dataset", "test_normal", "Ip.Man.2008__#01-40-37_01-42-07_label_B4-0-0.mp4"]}, "version": 152}
{"obj": {"type": "DeleteAttribute", "path": ["dataset", "test_normal", "Ip.Man.3.2015__#00-17-51_00-18-51_label_B1-0-0.mp4"]}, "version": 153}
{"obj": {"type": "DeleteAttribute", "path": ["dataset", "test_normal", "Ip.Man.3.2015__#00-44-45_00-45-08_label_B1-0-0.mp4"]}, "version": 154}
{"obj": {"type": "DeleteAttribute", "path": ["dataset", "test_normal", "Ip.Man.3.2015__#00-46-08_00-54-20_label_B1-0-0.mp4"]}, "version": 155}
{"obj": {"type": "DeleteAttribute", "path": ["dataset", "test_normal", "Jason.Bourne.2016__#0-17-25_0-18-53_label_B4-0-0.mp4"]}, "version": 156}
{"obj": {"type": "DeleteAttribute", "path": ["dataset", "test_normal", "Jason.Bourne.2016__#0-29-48_0-30-29_label_B4-0-0.mp4"]}, "version": 157}
{"obj": {"type": "DeleteAttribute", "path": ["dataset", "test_normal", "Jason.Bourne.2016__#0-50-20_0-50-30_label_G-0-0.mp4"]}, "version": 158}
{"obj": {"type": "DeleteAttribute", "path": ["dataset", "test_normal", "Kill.Bill.Vol.1.2003__#01-17-20_01-20-20_label_B1-0-0.mp4"]}, "version": 159}
{"obj": {"type": "DeleteAttribute", "path": ["dataset", "test_normal", "Kill.Bill.Vol.1.2003__#01-21-39_01-26-55_label_B1-0-0.mp4"]}, "version": 160}
{"obj": {"type": "DeleteAttribute", "path": ["dataset", "test_normal", "Kill.Bill.Vol.1.2003__#01-26-56_01-28-18_label_B1-0-0.mp4"]}, "version": 161}
{"obj": {"type": "DeleteAttribute", "path": ["dataset", "test_normal", "Kill.Bill.Vol.2.2004__#0-25-20_0-26-20_label_B2-0-0.mp4"]}, "version": 162}
{"obj": {"type": "DeleteAttribute", "path": ["dataset", "test_normal", "Kingsman.The.Golden.Circle.2017__#00-35-55_00-36-35_label_B1-0-0.mp4"]}, "version": 163}
{"obj": {"type": "DeleteAttribute", "path": ["dataset", "test_normal", "Kingsman.The.Golden.Circle.2017__#00-41-22_00-41-32_label_B2-0-0.mp4"]}, "version": 164}
{"obj": {"type": "DeleteAttribute", "path": ["dataset", "test_normal", "Kingsman.The.Secret.Service.2014__#00-22-10_00-23-10_label_B2-0-0.mp4"]}, "version": 165}
{"obj": {"type": "DeleteAttribute", "path": ["dataset", "test_normal", "Kingsman.The.Secret.Service.2014__#01-43-40_01-44-50_label_B2-G-0.mp4"]}, "version": 166}
{"obj": {"type": "DeleteAttribute", "path": ["dataset", "test_normal", "Law.Abiding.Citizen.2009__#01-26-34_01-27-25_label_B2-0-0.mp4"]}, "version": 167}
{"obj": {"type": "DeleteAttribute", "path": ["dataset", "test_normal", "Lord.of.War__#00-50-10_00-50-50_label_G-0-0.mp4"]}, "version": 168}
{"obj": {"type": "DeleteAttribute", "path": ["dataset", "test_normal", "Lord.of.War__#01-41-04_01-41-53_label_B1-0-0.mp4"]}, "version": 169}
{"obj": {"type": "DeleteAttribute", "path": ["dataset", "test_normal", "Love.Death.and.Robots.S01E10__#0-01-00_0-02-13_label_B2-G-0.mp4"]}, "version": 170}
{"obj": {"type": "DeleteAttribute", "path": ["dataset", "test_normal", "Love.Death.and.Robots.S01E13__#0-11-48_0-12-07_label_G-0-0.mp4"]}, "version": 171}
{"obj": {"type": "DeleteAttribute", "path": ["dataset", "test_normal", "Love.Death.and.Robots.S01E15__#0-05-38_0-06-18_label_G-0-0.mp4"]}, "version": 172}
{"obj": {"type": "DeleteAttribute", "path": ["dataset", "test_normal", "Mindhunters.2004__#01-19-00_01-20-05_label_B2-0-0.mp4"]}, "version": 173}
{"obj": {"type": "DeleteAttribute", "path": ["dataset", "test_normal", "Mission.Impossible.Fallout.2018__#00-31-21_00-32-50_label_B1-0-0.mp4"]}, "version": 174}
{"obj": {"type": "DeleteAttribute", "path": ["dataset", "test_normal", "Mission.Impossible.Fallout.2018__#00-39-18_00-40-36_label_B1-0-0.mp4"]}, "version": 175}
{"obj": {"type": "DeleteAttribute", "path": ["dataset", "test_normal", "Mission.Impossible.Fallout.2018__#02-03-50_02-04-35_label_B1-0-0.mp4"]}, "version": 176}
{"obj": {"type": "DeleteAttribute", "path": ["dataset", "test_normal", "Mission.Impossible.Ghost.Protocol.2011__#00-01-18_00-01-40_label_B2-0-0.mp4"]}, "version": 177}
{"obj": {"type": "DeleteAttribute", "path": ["dataset", "test_normal", "Mission.Impossible.Ghost.Protocol.2011__#01-12-38_01-13-43_label_B1-0-0.mp4"]}, "version": 178}
{"obj": {"type": "DeleteAttribute", "path": ["dataset", "test_normal", "Mission.Impossible.Ghost.Protocol.2011__#01-54-24_01-54-50_label_B1-0-0.mp4"]}, "version": 179}
{"obj": {"type": "DeleteAttribute", "path": ["dataset", "test_normal", "Mission.Impossible.Ghost.Protocol.2011__#01-56-52_01-57-03_label_B1-0-0.mp4"]}, "version": 180}
{"obj": {"type": "DeleteAttribute", "path": ["dataset", "test_normal", "Mission.Impossible.II.2000__#01-18-55_01-20-53_label_B2-0-0.mp4"]}, "version": 181}
{"obj": {"type": "DeleteAttribute", "path": ["dataset", "test_normal", "Mission.Impossible.II.2000__#01-25-08_01-25-31_label_B2-0-0.mp4"]}, "version": 182}
{"obj": {"type": "DeleteAttribute", "path": ["dataset", "test_normal", "Mission.Impossible.II.2000__#01-29-30_01-29-44_label_B1-0-0.mp4"]}, "version": 183}
{"obj": {"type": "DeleteAttribute", "path": ["dataset", "test_normal", "Mission.Impossible.II.2000__#01-32-56_01-33-25_label_B1-0-0.mp4"]}, "version": 184}
{"obj": {"type": "DeleteAttribute", "path": ["dataset", "test_normal", "Mission.Impossible.II.2000__#01-38-25_01-38-41_label_B2-B5-0.mp4"]}, "version": 185}
{"obj": {"type": "DeleteAttribute", "path": ["dataset", "test_normal", "Mission.Impossible.II.2000__#01-46-20_01-47-11_label_B2-B6-0.mp4"]}, "version": 186}
{"obj": {"type": "DeleteAttribute", "path": ["dataset", "test_normal", "Mission.Impossible.III.2006__#00-19-56_00-20-26_label_B2-0-0.mp4"]}, "version": 187}
{"obj": {"type": "DeleteAttribute", "path": ["dataset", "test_normal", "Mission.Impossible.III.2006__#00-56-23_00-56-40_label_G-0-0.mp4"]}, "version": 188}
{"obj": {"type": "DeleteAttribute", "path": ["dataset", "test_normal", "Mission.Impossible.III.2006__#01-06-52_01-07-15_label_G-0-0.mp4"]}, "version": 189}
{"obj": {"type": "DeleteAttribute", "path": ["dataset", "test_normal", "Mission.Impossible.III.2006__#01-54-02_01-54-40_label_B2-0-0.mp4"]}, "version": 190}
{"obj": {"type": "DeleteAttribute", "path": ["dataset", "test_normal", "Mission.Impossible.V.Rogue.Nation.2015__#00-14-40_00-17-12_label_B1-0-0.mp4"]}, "version": 191}
{"obj": {"type": "DeleteAttribute", "path": ["dataset", "test_normal", "Mission.Impossible.V.Rogue.Nation.2015__#00-17-27_00-17-55_label_B2-0-0.mp4"]}, "version": 192}
{"obj": {"type": "DeleteAttribute", "path": ["dataset", "test_normal", "Mission.Impossible.V.Rogue.Nation.2015__#01-15-52_01-16-48_label_B6-B2-0.mp4"]}, "version": 193}
{"obj": {"type": "DeleteAttribute", "path": ["dataset", "test_normal", "Mission.Impossible.V.Rogue.Nation.2015__#01-19-48_01-20-20_label_B6-0-0.mp4"]}, "version": 194}
{"obj": {"type": "DeleteAttribute", "path": ["dataset", "test_normal", "Mission.Impossible.V.Rogue.Nation.2015__#01-54-23_01-55-10_label_B2-0-0.mp4"]}, "version": 195}
{"obj": {"type": "DeleteAttribute", "path": ["dataset", "test_normal", "New.Kids.Turbo.2010__#00-22-35_00-23-14_label_B1-0-0.mp4"]}, "version": 196}
{"obj": {"type": "DeleteAttribute", "path": ["dataset", "test_normal", "New.Kids.Turbo.2010__#00-50-13_00-50-34_label_B1-0-0.mp4"]}, "version": 197}
{"obj": {"type": "DeleteAttribute", "path": ["dataset", "test_normal", "Operation.Red.Sea.2018__#0-02-17_0-02-37_label_B2-0-0.mp4"]}, "version": 198}
{"obj": {"type": "DeleteAttribute", "path": ["dataset", "test_normal", "Operation.Red.Sea.2018__#0-16-06_0-16-46_label_G-0-0.mp4"]}, "version": 199}
{"obj": {"type": "DeleteAttribute", "path": ["dataset", "test_normal", "Operation.Red.Sea.2018__#0-25-36_0-26-03_label_G-0-0.mp4"]}, "version": 200}
{"obj": {"type": "DeleteAttribute", "path": ["dataset", "test_normal", "Operation.Red.Sea.2018__#0-29-36_0-30-20_label_B2-G-0.mp4"]}, "version": 201}
{"obj": {"type": "DeleteAttribute", "path": ["dataset", "test_normal", "Operation.Red.Sea.2018__#0-56-26_0-57-10_label_G-0-0.mp4"]}, "version": 202}
{"obj": {"type": "DeleteAttribute", "path": ["dataset", "test_normal", "Operation.Red.Sea.2018__#01-20-58_01-22-00_label_B5-0-0.mp4"]}, "version": 203}
{"obj": {"type": "DeleteAttribute", "path": ["dataset", "test_normal", "Operation.Red.Sea.2018__#01-37-22_01-37-36_label_G-B2-0.mp4"]}, "version": 204}
{"obj": {"type": "DeleteAttribute", "path": ["dataset", "test_normal", "Quantum.Of.Solace.2008__#01-19-30_01-20-05_label_B1-0-0.mp4"]}, "version": 205}
{"obj": {"type": "DeleteAttribute", "path": ["dataset", "test_normal", "Quantum.Of.Solace.2008__#01-30-26_01-30-42_label_B2-B1-0.mp4"]}, "version": 206}
{"obj": {"type": "DeleteAttribute", "path": ["dataset", "test_normal", "Rush.Hour.1998.BluRay__#00-08-08_00-09-15_label_B2-B6-G.mp4"]}, "version": 207}
{"obj": {"type": "DeleteAttribute", "path": ["dataset", "test_normal", "Rush.Hour.1998.BluRay__#00-11-05_00-12-10_label_B2-B1-0.mp4"]}, "version": 208}
{"obj": {"type": "DeleteAttribute", "path": ["dataset", "test_normal", "Rush.Hour.1998.BluRay__#01-20-28_01-21-38_label_B2-0-0.mp4"]}, "version": 209}
{"obj": {"type": "DeleteAttribute", "path": ["dataset", "test_normal", "Rush.Hour.1998.BluRay__#01-25-21_01-25-46_label_B2-0-0.mp4"]}, "version": 210}
{"obj": {"type": "DeleteAttribute", "path": ["dataset", "test_normal", "Rush.Hour.3.2007.BluRay__#00-04-59_00-05-31_label_B2-0-0.mp4"]}, "version": 211}
{"obj": {"type": "DeleteAttribute", "path": ["dataset", "test_normal", "Rush.Hour.3.2007.BluRay__#00-34-11_00-35-46_label_B1-0-0.mp4"]}, "version": 212}
{"obj": {"type": "DeleteAttribute", "path": ["dataset", "test_normal", "Rush.Hour.3.2007.BluRay__#00-40-56_00-41-52_label_B2-0-0.mp4"]}, "version": 213}
{"obj": {"type": "DeleteAttribute", "path": ["dataset", "test_normal", "Rush.Hour.3.2007.BluRay__#01-12-16_01-12-36_label_B1-0-0.mp4"]}, "version": 214}
{"obj": {"type": "DeleteAttribute", "path": ["dataset", "test_normal", "Salt.2010__#00-17-40_00-18-16_label_B1-0-0.mp4"]}, "version": 215}
{"obj": {"type": "DeleteAttribute", "path": ["dataset", "test_normal", "Salt.2010__#01-06-27_01-07-07_label_G-B2-0.mp4"]}, "version": 216}
{"obj": {"type": "DeleteAttribute", "path": ["dataset", "test_normal", "Salt.2010__#01-12-05_01-12-32_label_B2-G-0.mp4"]}, "version": 217}
{"obj": {"type": "DeleteAttribute", "path": ["dataset", "test_normal", "Saving.Private.Ryan.1998__#00-47-50_00-49-35_label_B2-0-0.mp4"]}, "version": 218}
{"obj": {"type": "DeleteAttribute", "path": ["dataset", "test_normal", "Saving.Private.Ryan.1998__#02-16-58_02-17-13_label_G-0-0.mp4"]}, "version": 219}
{"obj": {"type": "DeleteAttribute", "path": ["dataset", "test_normal", "Saving.Private.Ryan.1998__#02-20-00_02-20-13_label_G-0-0.mp4"]}, "version": 220}
{"obj": {"type": "DeleteAttribute", "path": ["dataset", "test_normal", "Saving.Private.Ryan.1998__#02-23-00_02-23-28_label_B1-0-0.mp4"]}, "version": 221}
{"obj": {"type": "DeleteAttribute", "path": ["dataset", "test_normal", "Saving.Private.Ryan.1998__#02-23-58_02-24-18_label_G-0-0.mp4"]}, "version": 222}
{"obj": {"type": "DeleteAttribute", "path": ["dataset", "test_normal", "Saving.Private.Ryan.1998__#02-24-18_02-25-42_label_B1-0-0.mp4"]}, "version": 223}
{"obj": {"type": "DeleteAttribute", "path": ["dataset", "test_normal", "Saving.Private.Ryan.1998__#02-25-42_02-26-03_label_B2-0-0.mp4"]}, "version": 224}
{"obj": {"type": "DeleteAttribute", "path": ["dataset", "test_normal", "Shoot.Em.Up.2007__#00-32-40_00-35-10_label_B2-0-0.mp4"]}, "version": 225}
{"obj": {"type": "DeleteAttribute", "path": ["dataset", "test_normal", "Shoot.Em.Up.2007__#00-53-25_00-56-47_label_B2-0-0.mp4"]}, "version": 226}
{"obj": {"type": "DeleteAttribute", "path": ["dataset", "test_normal", "Shoot.Em.Up.2007__#00-56-56_00-57-15_label_B2-0-0.mp4"]}, "version": 227}
{"obj": {"type": "DeleteAttribute", "path": ["dataset", "test_normal", "Sin.City.2005__#0-06-42_0-07-06_label_B1-0-0.mp4"]}, "version": 228}
{"obj": {"type": "DeleteAttribute", "path": ["dataset", "test_normal", "Sin.City.2005__#0-10-40_0-11-40_label_B2-0-0.mp4"]}, "version": 229}
{"obj": {"type": "DeleteAttribute", "path": ["dataset", "test_normal", "Sin.City.2005__#0-22-04_0-22-18_label_B5-0-0.mp4"]}, "version": 230}
{"obj": {"type": "DeleteAttribute", "path": ["dataset", "test_normal", "Sin.City.2005__#0-29-34_0-29-56_label_B2-0-0.mp4"]}, "version": 231}
{"obj": {"type": "DeleteAttribute", "path": ["dataset", "test_normal", "Sin.City.2005__#0-32-00_0-32-16_label_B2-0-0.mp4"]}, "version": 232}
{"obj": {"type": "DeleteAttribute", "path": ["dataset", "test_normal", "Sin.City.2005__#0-43-45_0-44-01_label_B2-0-0.mp4"]}, "version": 233}
{"obj": {"type": "DeleteAttribute", "path": ["dataset", "test_normal", "Sin.City.2005__#01-19-08_01-19-23_label_G-0-0.mp4"]}, "version": 234}
{"obj": {"type": "DeleteAttribute", "path": ["dataset", "test_normal", "Sin.City.2005__#01-51-59_01-52-29_label_B2-0-0.mp4"]}, "version": 235}
{"obj": {"type": "DeleteAttribute", "path": ["dataset", "test_normal", "Skyfall.2012__#00-03-22_00-03-40_label_B6-0-0.mp4"]}, "version": 236}
{"obj": {"type": "DeleteAttribute", "path": ["dataset", "test_normal", "Skyfall.2012__#00-06-10_00-06-25_label_B6-0-0.mp4"]}, "version": 237}
{"obj": {"type": "DeleteAttribute", "path": ["dataset", "test_normal", "Skyfall.2012__#01-20-05_01-20-20_label_B1-B2-0.mp4"]}, "version": 238}
{"obj": {"type": "DeleteAttribute", "path": ["dataset", "test_normal", "Skyfall.2012__#01-55-44_01-56-57_label_B2-G-0.mp4"]}, "version": 239}
{"obj": {"type": "DeleteAttribute", "path": ["dataset", "test_normal", "Skyfall.2012__#01-57-40_01-58-00_label_B2-0-0.mp4"]}, "version": 240}
{"obj": {"type": "DeleteAttribute", "path": ["dataset", "test_normal", "Skyfall.2012__#02-08-44_02-09-17_label_B1-0-0.mp4"]}, "version": 241}
{"obj": {"type": "DeleteAttribute", "path": ["dataset", "test_normal", "Spectre.2015__#00-44-05_00-44-40_label_B1-B2-0.mp4"]}, "version": 242}
{"obj": {"type": "DeleteAttribute", "path": ["dataset", "test_normal", "Spectre.2015__#01-08-58_01-09-20_label_B1-B2-0.mp4"]}, "version": 243}
{"obj": {"type": "DeleteAttribute", "path": ["dataset", "test_normal", "Spectre.2015__#01-10-35_01-10-53_label_B2-0-0.mp4"]}, "version": 244}
{"obj": {"type": "DeleteAttribute", "path": ["dataset", "test_normal", "Spectre.2015__#01-32-55_01-35-40_label_B1-B2-0.mp4"]}, "version": 245}
{"obj": {"type": "DeleteAttribute", "path": ["dataset", "test_normal", "Spectre.2015__#02-02-57_02-03-27_label_B1-B2-0.mp4"]}, "version": 246}
{"obj": {"type": "DeleteAttribute", "path": ["dataset", "test_normal", "Spectre.2015__#02-15-30_02-16-05_label_G-0-0.mp4"]}, "version": 247}
{"obj": {"type": "DeleteAttribute", "path": ["dataset", "test_normal", "Taken.2.UNRATED.EXTENDED.2012__#00-13-42_00-14-16_label_B5-0-0.mp4"]}, "version": 248}
{"obj": {"type": "DeleteAttribute", "path": ["dataset", "test_normal", "Taken.2.UNRATED.EXTENDED.2012__#00-45-50_00-46-20_label_G-0-0.mp4"]}, "version": 249}
{"obj": {"type": "DeleteAttribute", "path": ["dataset", "test_normal", "Taken.2.UNRATED.EXTENDED.2012__#01-00-00_01-00-16_label_B2-0-0.mp4"]}, "version": 250}
{"obj": {"type": "DeleteAttribute", "path": ["dataset", "test_normal", "Taken.2.UNRATED.EXTENDED.2012__#01-06-28_01-06-49_label_B2-0-0.mp4"]}, "version": 251}
{"obj": {"type": "DeleteAttribute", "path": ["dataset", "test_normal", "Taken.2.UNRATED.EXTENDED.2012__#01-18-25_01-18-40_label_B2-0-0.mp4"]}, "version": 252}
{"obj": {"type": "DeleteAttribute", "path": ["dataset", "test_normal", "Taken.2.UNRATED.EXTENDED.2012__#01-18-40_01-19-00_label_B1-0-0.mp4"]}, "version": 253}
{"obj": {"type": "DeleteAttribute", "path": ["dataset", "test_normal", "Taken.3.2014__#00-03-58_00-04-16_label_B2-0-0.mp4"]}, "version": 254}
{"obj": {"type": "DeleteAttribute", "path": ["dataset", "test_normal", "Taken.3.2014__#01-04-50_01-05-05_label_B1-0-0.mp4"]}, "version": 255}
{"obj": {"type": "DeleteAttribute", "path": ["dataset", "test_normal", "Taken.3.2014__#01-09-26_01-09-54_label_G-0-0.mp4"]}, "version": 256}
{"obj": {"type": "DeleteAttribute", "path": ["dataset", "test_normal", "Taken.3.2014__#01-12-48_01-14-30_label_B2-B1-0.mp4"]}, "version": 257}
{"obj": {"type": "DeleteAttribute", "path": ["dataset", "test_normal", "Taken.3.2014__#01-19-13_01-19-30_label_B1-0-0.mp4"]}, "version": 258}
{"obj": {"type": "DeleteAttribute", "path": ["dataset", "test_normal", "Taken.Extended.Cut.2008__#00-33-51_00-34-03_label_B1-0-0.mp4"]}, "version": 259}
{"obj": {"type": "DeleteAttribute", "path": ["dataset", "test_normal", "Taken.Extended.Cut.2008__#00-50-45_00-51-04_label_B2-B6-0.mp4"]}, "version": 260}
{"obj": {"type": "DeleteAttribute", "path": ["dataset", "test_normal", "The.Bourne.Identity.2002__#0-19-53_0-21-48_label_B1-0-0.mp4"]}, "version": 261}
{"obj": {"type": "DeleteAttribute", "path": ["dataset", "test_normal", "The.Bourne.Identity.2002__#0-54-45_0-56-25_label_B6-0-0.mp4"]}, "version": 262}
{"obj": {"type": "DeleteAttribute", "path": ["dataset", "test_normal", "The.Bourne.Identity.2002__#01-27-39_01-29-19_label_B2-0-0.mp4"]}, "version": 263}
{"obj": {"type": "DeleteAttribute", "path": ["dataset", "test_normal", "The.Bourne.Identity.2002__#01-45-00_01-45-46_label_B1-0-0.mp4"]}, "version": 264}
{"obj": {"type": "DeleteAttribute", "path": ["dataset", "test_normal", "The.Bourne.Legacy.2012__#0-39-56_0-40-15_label_G-0-0.mp4"]}, "version": 265}
{"obj": {"type": "DeleteAttribute", "path": ["dataset", "test_normal", "The.Bourne.Legacy.2012__#0-59-18_01-01-52_label_B2-B1-0.mp4"]}, "version": 266}
{"obj": {"type": "DeleteAttribute", "path": ["dataset", "test_normal", "The.Bourne.Ultimatum.2007__#01-26-27_01-28-03_label_B2-B6-0.mp4"]}, "version": 267}
{"obj": {"type": "DeleteAttribute", "path": ["dataset", "test_normal", "The.Bourne.Ultimatum.2007__#01-44-02_01-44-11_label_B2-0-0.mp4"]}, "version": 268}
{"obj": {"type": "DeleteAttribute", "path": ["dataset", "test_normal", "The.Fast.and.the.Furious.2001__#00-29-00_00-29-52_label_B2-G-0.mp4"]}, "version": 269}
{"obj": {"type": "DeleteAttribute", "path": ["dataset", "test_normal", "The.Fast.and.the.Furious.2001__#00-52-18_00-53-36_label_B1-0-0.mp4"]}, "version": 270}
{"obj": {"type": "DeleteAttribute", "path": ["dataset", "test_normal", "The.Fast.and.the.Furious.2001__#01-14-04_01-15-20_label_B1-0-0.mp4"]}, "version": 271}
{"obj": {"type": "DeleteAttribute", "path": ["dataset", "test_normal", "The.Fast.and.the.Furious.2001__#01-24-18_01-25-05_label_B6-0-0.mp4"]}, "version": 272}
{"obj": {"type": "DeleteAttribute", "path": ["dataset", "test_normal", "The.Fast.and.the.Furious.2001__#01-37-40_01-38-30_label_B6-0-0.mp4"]}, "version": 273}
{"obj": {"type": "DeleteAttribute", "path": ["dataset", "test_normal", "The.Hurt.Locker.2008__#0-08-45_0-09-57_label_G-0-0.mp4"]}, "version": 274}
{"obj": {"type": "DeleteAttribute", "path": ["dataset", "test_normal", "The.Hurt.Locker.2008__#0-19-22_0-22-32_label_B2-B1-0.mp4"]}, "version": 275}
{"obj": {"type": "DeleteAttribute", "path": ["dataset", "test_normal", "The.Hurt.Locker.2008__#01-02-10_01-03-55_label_B2-0-0.mp4"]}, "version": 276}
{"obj": {"type": "DeleteAttribute", "path": ["dataset", "test_normal", "The.Hurt.Locker.2008__#01-27-42_01-28-09_label_G-0-0.mp4"]}, "version": 277}
{"obj": {"type": "DeleteAttribute", "path": ["dataset", "test_normal", "The.World.Is.Not.Enough.1999__#00-07-04_00-07-45_label_G-B2-0.mp4"]}, "version": 278}
{"obj": {"type": "DeleteAttribute", "path": ["dataset", "test_normal", "The.World.Is.Not.Enough.1999__#00-10-22_00-10-40_label_G-0-0.mp4"]}, "version": 279}
{"obj": {"type": "DeleteAttribute", "path": ["dataset", "test_normal", "Tropa.de.Elite.2.2010__#00-13-41_00-14-56_label_B4-0-0.mp4"]}, "version": 280}
{"obj": {"type": "DeleteAttribute", "path": ["dataset", "test_normal", "Tropa.de.Elite.2.2010__#00-42-00_00-43-00_label_B2-0-0.mp4"]}, "version": 281}
{"obj": {"type": "DeleteAttribute", "path": ["dataset", "test_normal", "Tropa.de.Elite.2.2010__#00-46-11_00-46-50_label_B2-0-0.mp4"]}, "version": 282}
{"obj": {"type": "DeleteAttribute", "path": ["dataset", "test_normal", "Tropa.de.Elite.2.2010__#01-33-01_01-33-30_label_B2-0-0.mp4"]}, "version": 283}
{"obj": {"type": "DeleteAttribute", "path": ["dataset", "test_normal", "Yellow.Sea.2010__#01-04-00_01-04-50_label_B1-0-0.mp4"]}, "version": 284}
{"obj": {"type": "DeleteAttribute", "path": ["dataset", "test_normal", "Yellow.Sea.2010__#01-05-40_01-06-47_label_B1-B2-0.mp4"]}, "version": 285}
{"obj": {"type": "DeleteAttribute", "path": ["dataset", "test_normal", "Yellow.Sea.2010__#01-58-30_01-59-27_label_B5-0-0.mp4"]}, "version": 286}
{"obj": {"type": "DeleteAttribute", "path": ["dataset", "test_normal", "Young.And.Dangerous.I.1996__#0-20-50_0-22-15_label_B1-0-0.mp4"]}, "version": 287}
{"obj": {"type": "DeleteAttribute", "path": ["dataset", "test_normal", "Young.And.Dangerous.I.1996__#0-46-25_0-46-55_label_B6-0-0.mp4"]}, "version": 288}
{"obj": {"type": "DeleteAttribute", "path": ["dataset", "test_normal", "Young.And.Dangerous.I.1996__#0-46-57_0-48-57_label_B1-0-0.mp4"]}, "version": 289}
{"obj": {"type": "DeleteAttribute", "path": ["dataset", "test_normal", "Young.And.Dangerous.III.1996__#00-23-00_00-25-54_label_B4-0-0.mp4"]}, "version": 290}
{"obj": {"type": "DeleteAttribute", "path": ["dataset", "test_normal", "Young.And.Dangerous.IV.1997__#01-07-50_01-09-45_label_B1-0-0.mp4"]}, "version": 291}
{"obj": {"type": "DeleteAttribute", "path": ["dataset", "test_normal", "Young.And.Dangerous.IV.1997__#01-32-04_01-32-58_label_B1-0-0.mp4"]}, "version": 292}
{"obj": {"type": "DeleteAttribute", "path": ["dataset", "test_normal", "v=-etV57xZ4_I__#1_label_B4-0-0.mp4"]}, "version": 293}
{"obj": {"type": "DeleteAttribute", "path": ["dataset", "test_normal", "v=-fOWSLV6Esw__#1_label_B4-0-0.mp4"]}, "version": 294}
{"obj": {"type": "DeleteAttribute", "path": ["dataset", "test_normal", "v=-kwNh1lMU-w__#1_label_B4-0-0.mp4"]}, "version": 295}
{"obj": {"type": "DeleteAttribute", "path": ["dataset", "test_normal", "v=0N0PbzjEg0U__#1_label_B4-0-0.mp4"]}, "version": 296}
{"obj": {"type": "DeleteAttribute", "path": ["dataset", "test_normal", "v=0W8LohxH9nI__#1_label_B1-0-0.mp4"]}, "version": 297}
{"obj": {"type": "DeleteAttribute", "path": ["dataset", "test_normal", "v=0qtIjyt-7wg__#00-00-00_00-00-51_label_B6-0-0.mp4"]}, "version": 298}
{"obj": {"type": "DeleteAttribute", "path": ["dataset", "test_normal", "v=0qtIjyt-7wg__#00-01-00_00-02-45_label_B6-0-0.mp4"]}, "version": 299}
{"obj": {"type": "DeleteAttribute", "path": ["dataset", "test_normal", "v=0qtIjyt-7wg__#00-04-00_00-05-15_label_B6-0-0.mp4"]}, "version": 300}
{"obj": {"type": "DeleteAttribute", "path": ["dataset", "test_normal", "v=0yHBkMBE8r4__#1_label_B1-0-0.mp4"]}, "version": 301}
{"obj": {"type": "DeleteAttribute", "path": ["dataset", "test_normal", "v=15wDrZJQpsw__#00-00-00_00-00-51_label_B6-0-0.mp4"]}, "version": 302}
{"obj": {"type": "DeleteAttribute", "path": ["dataset", "test_normal", "v=15wDrZJQpsw__#00-05-20_00-06-20_label_B6-0-0.mp4"]}, "version": 303}
{"obj": {"type": "DeleteAttribute", "path": ["dataset", "test_normal", "v=15wDrZJQpsw__#00-09-00_00-10-55_label_B6-0-0.mp4"]}, "version": 304}
{"obj": {"type": "DeleteAttribute", "path": ["dataset", "test_normal", "v=1GFBuaGCeTo__#1_label_G-0-0.mp4"]}, "version": 305}
{"obj": {"type": "DeleteAttribute", "path": ["dataset", "test_normal", "v=1djrJ0wxlYo__#1_label_B4-0-0.mp4"]}, "version": 306}
{"obj": {"type": "DeleteAttribute", "path": ["dataset", "test_normal", "v=1io9Uh54Vhg__#1_label_B4-0-0.mp4"]}, "version": 307}
{"obj": {"type": "DeleteAttribute", "path": ["dataset", "test_normal", "v=1q5V6DKH3bw__#1_label_B4-0-0.mp4"]}, "version": 308}
{"obj": {"type": "DeleteAttribute", "path": ["dataset", "test_normal", "v=251___mEwZA__#1_label_B1-0-0.mp4"]}, "version": 309}
{"obj": {"type": "DeleteAttribute", "path": ["dataset", "test_normal", "v=2Rr21qkZEDQ__#00-03-00_00-04-09_label_B6-0-0.mp4"]}, "version": 310}
{"obj": {"type": "DeleteAttribute", "path": ["dataset", "test_normal", "v=2Rr21qkZEDQ__#00-14-10_00-16-09_label_B6-0-0.mp4"]}, "version": 311}
{"obj": {"type": "DeleteAttribute", "path": ["dataset", "test_normal", "v=2WkuPNLfl5s__#1_label_B4-0-0.mp4"]}, "version": 312}
{"obj": {"type": "DeleteAttribute", "path": ["dataset", "test_normal", "v=2al4t5inObA__#1_label_B4-0-0.mp4"]}, "version": 313}
{"obj": {"type": "DeleteAttribute", "path": ["dataset", "test_normal", "v=2jwO15SMyuo__#1_label_B4-0-0.mp4"]}, "version": 314}
{"obj": {"type": "DeleteAttribute", "path": ["dataset", "test_normal", "v=35zynOrkvMk__#1_label_G-0-0.mp4"]}, "version": 315}
{"obj": {"type": "DeleteAttribute", "path": ["dataset", "test_normal", "v=38GQ9L2meyE__#1_label_B6-0-0.mp4"]}, "version": 316}
{"obj": {"type": "DeleteAttribute", "path": ["dataset", "test_normal", "v=3WmMhircZOc__#1_label_B4-0-0.mp4"]}, "version": 317}
{"obj": {"type": "DeleteAttribute", "path": ["dataset", "test_normal", "v=3e3C-LQWF2s__#1_label_B1-0-0.mp4"]}, "version": 318}
{"obj": {"type": "DeleteAttribute", "path": ["dataset", "test_normal", "v=3wxWNAM8Cso__#1_label_G-0-0.mp4"]}, "version": 319}
{"obj": {"type": "DeleteAttribute", "path": ["dataset", "test_normal", "v=3xWiBCIxjIk__#1_label_B4-0-0.mp4"]}, "version": 320}
{"obj": {"type": "DeleteAttribute", "path": ["dataset", "test_normal", "v=3xkwZk44VQs__#1_label_B4-0-0.mp4"]}, "version": 321}
{"obj": {"type": "DeleteAttribute", "path": ["dataset", "test_normal", "v=3y2OOc6WTrg__#1_label_B1-0-0.mp4"]}, "version": 322}
{"obj": {"type": "DeleteAttribute", "path": ["dataset", "test_normal", "v=3zgaqeVSXuI__#1_label_B4-0-0.mp4"]}, "version": 323}
{"obj": {"type": "DeleteAttribute", "path": ["dataset", "test_normal", "v=5BBoVfKOyeM__#00-08-19_00-10-10_label_B6-0-0.mp4"]}, "version": 324}
{"obj": {"type": "DeleteAttribute", "path": ["dataset", "test_normal", "v=5Ftl4nOSytc__#1_label_G-0-0.mp4"]}, "version": 325}
{"obj": {"type": "DeleteAttribute", "path": ["dataset", "test_normal", "v=5Tnl7_8RqlA__#00-11-00_00-12-45_label_B6-0-0.mp4"]}, "version": 326}
{"obj": {"type": "DeleteAttribute", "path": ["dataset", "test_normal", "v=6KQFxxHmVMc__#1_label_B1-0-0.mp4"]}, "version": 327}
{"obj": {"type": "DeleteAttribute", "path": ["dataset", "test_normal", "v=6TR2rcgHm4g__#1_label_B4-0-0.mp4"]}, "version": 328}
{"obj": {"type": "DeleteAttribute", "path": ["dataset", "test_normal", "v=6nfo9c7a5pE__#1_label_B1-0-0.mp4"]}, "version": 329}
{"obj": {"type": "DeleteAttribute", "path": ["dataset", "test_normal", "v=73uRcX0Dvfc__#00-00-00_00-01-51_label_B6-G-0.mp4"]}, "version": 330}
{"obj": {"type": "DeleteAttribute", "path": ["dataset", "test_normal", "v=78u9uBJBqIw__#1_label_B4-B5-0.mp4"]}, "version": 331}
{"obj": {"type": "DeleteAttribute", "path": ["dataset", "test_normal", "v=7QOdBpDrmKk__#00-01-00_00-02-45_label_B6-0-0.mp4"]}, "version": 332}
{"obj": {"type": "DeleteAttribute", "path": ["dataset", "test_normal", "v=7QOdBpDrmKk__#00-10-30_00-10-51_label_B6-0-0.mp4"]}, "version": 333}
{"obj": {"type": "DeleteAttribute", "path": ["dataset", "test_normal", "v=7isLhaNYgkU__#1_label_B4-0-0.mp4"]}, "version": 334}
{"obj": {"type": "DeleteAttribute", "path": ["dataset", "test_normal", "v=7rDRFFSUrPI__#00-01-50_00-02-32_label_G-0-0.mp4"]}, "version": 335}
{"obj": {"type": "DeleteAttribute", "path": ["dataset", "test_normal", "v=7xQr5wYwNPg__#1_label_B4-0-0.mp4"]}, "version": 336}
{"obj": {"type": "DeleteAttribute", "path": ["dataset", "test_normal", "v=7zEFHKKBA0g__#1_label_B4-0-0.mp4"]}, "version": 337}
{"obj": {"type": "DeleteAttribute", "path": ["dataset", "test_normal", "v=8ewWXhYRUNs__#1_label_B1-0-0.mp4"]}, "version": 338}
{"obj": {"type": "DeleteAttribute", "path": ["dataset", "test_normal", "v=8oJMGgaww70__#1_label_B4-0-0.mp4"]}, "version": 339}
{"obj": {"type": "DeleteAttribute", "path": ["dataset", "test_normal", "v=8oTjTufJnXI__#1_label_G-0-0.mp4"]}, "version": 340}
{"obj": {"type": "DeleteAttribute", "path": ["dataset", "test_normal", "v=8tqeeBGjnPg__#00-03-12_00-04-15_label_B6-0-0.mp4"]}, "version": 341}
{"obj": {"type": "DeleteAttribute", "path": ["dataset", "test_normal", "v=96N4XAJ7FKM__#1_label_B1-0-0.mp4"]}, "version": 342}
{"obj": {"type": "DeleteAttribute", "path": ["dataset", "test_normal", "v=9CWJd1SezkA__#1_label_G-0-0.mp4"]}, "version": 343}
{"obj": {"type": "DeleteAttribute", "path": ["dataset", "test_normal", "v=9Jk2sIp5MRQ__#1_label_G-0-0.mp4"]}, "version": 344}
{"obj": {"type": "DeleteAttribute", "path": ["dataset", "test_normal", "v=9Ydg5IeZpFI__#1_label_B1-0-0.mp4"]}, "version": 345}
{"obj": {"type": "DeleteAttribute", "path": ["dataset", "test_normal", "v=ADQNFs9bfFk__#00-00-00_00-00-58_label_B4-0-0.mp4"]}, "version": 346}
{"obj": {"type": "DeleteAttribute", "path": ["dataset", "test_normal", "v=AF9p0YA0hyA__#00-00-45_00-01-44_label_B4-0-0.mp4"]}, "version": 347}
{"obj": {"type": "DeleteAttribute", "path": ["dataset", "test_normal", "v=AF9p0YA0hyA__#00-03-03_00-04-20_label_B4-0-0.mp4"]}, "version": 348}
{"obj": {"type": "DeleteAttribute", "path": ["dataset", "test_normal", "v=BFPkt0AuSFA__#1_label_B4-0-0.mp4"]}, "version": 349}
{"obj": {"type": "DeleteAttribute", "path": ["dataset", "test_normal", "v=BQjKQbYgUBA__#1_label_B1-0-0.mp4"]}, "version": 350}
{"obj": {"type": "DeleteAttribute", "path": ["dataset", "test_normal", "v=BXR3d22BhHs__#00-06-00_00-07-00_label_B4-0-0.mp4"]}, "version": 351}
{"obj": {"type": "DeleteAttribute", "path": ["dataset", "test_normal", "v=BXR3d22BhHs__#00-07-00_00-08-00_label_B4-0-0.mp4"]}, "version": 352}
{"obj": {"type": "DeleteAttribute", "path": ["dataset", "test_normal", "v=BpargJW29Wo__#00-00-50_00-01-30_label_B1-0-0.mp4"]}, "version": 353}
{"obj": {"type": "DeleteAttribute", "path": ["dataset", "test_normal", "v=BzwNU2xmT64__#00-01-00_00-02-45_label_B6-0-0.mp4"]}, "version": 354}
{"obj": {"type": "DeleteAttribute", "path": ["dataset", "test_normal", "v=BzwNU2xmT64__#00-04-10_00-06-09_label_B6-0-0.mp4"]}, "version": 355}
{"obj": {"type": "DeleteAttribute", "path": ["dataset", "test_normal", "v=CFfc4UWzVB8__#00-00-00_00-00-30_label_B4-0-0.mp4"]}, "version": 356}
{"obj": {"type": "DeleteAttribute", "path": ["dataset", "test_normal", "v=CLFYvG6MsZU__#00-02-16_00-05-06_label_B2-0-0.mp4"]}, "version": 357}
{"obj": {"type": "DeleteAttribute", "path": ["dataset", "test_normal", "v=CUr-Mg8Hmh0__#1_label_G-0-0.mp4"]}, "version": 358}
{"obj": {"type": "DeleteAttribute", "path": ["dataset", "test_normal", "v=CcD-YNlkMPY__#1_label_G-0-0.mp4"]}, "version": 359}
{"obj": {"type": "DeleteAttribute", "path": ["dataset", "test_normal", "v=CczYDDDf22A__#1_label_G-0-0.mp4"]}, "version": 360}
{"obj": {"type": "DeleteAttribute", "path": ["dataset", "test_normal", "v=CoxsDkB-rWU__#00-07-06_00-10-30_label_B4-0-0.mp4"]}, "version": 361}
{"obj": {"type": "DeleteAttribute", "path": ["dataset", "test_normal", "v=CvMpD1yqfxI__#1_label_G-0-0.mp4"]}, "version": 362}
{"obj": {"type": "DeleteAttribute", "path": ["dataset", "test_normal", "v=D1eP4Bn4hDQ__#00-09-20_00-10-45_label_B6-0-0.mp4"]}, "version": 363}
{"obj": {"type": "DeleteAttribute", "path": ["dataset", "test_normal", "v=DD3jfKr8e-k__#00-00-00_00-01-40_label_B4-0-0.mp4"]}, "version": 364}
{"obj": {"type": "DeleteAttribute", "path": ["dataset", "test_normal", "v=DRGMajXo_PI__#00-02-15_00-03-02_label_G-0-0.mp4"]}, "version": 365}
{"obj": {"type": "DeleteAttribute", "path": ["dataset", "test_normal", "v=DVdXoVUNkhg__#1_label_G-0-0.mp4"]}, "version": 366}
{"obj": {"type": "DeleteAttribute", "path": ["dataset", "test_normal", "v=Dh-3BlhAOnE__#00-00-00_00-13-36_label_B4-0-0.mp4"]}, "version": 367}
{"obj": {"type": "DeleteAttribute", "path": ["dataset", "test_normal", "v=Dn_SDu22WpM__#00-08-35_00-10-05_label_B6-0-0.mp4"]}, "version": 368}
{"obj": {"type": "DeleteAttribute", "path": ["dataset", "test_normal", "v=DtxU8UYiFws__#1_label_G-0-0.mp4"]}, "version": 369}
{"obj": {"type": "DeleteAttribute", "path": ["dataset", "test_normal", "v=EH_QB6cm6BE__#1_label_G-0-0.mp4"]}, "version": 370}
{"obj": {"type": "DeleteAttribute", "path": ["dataset", "test_normal", "v=EOAfl8yMiN8__#00-00-00_00-00-51_label_B6-0-0.mp4"]}, "version": 371}
{"obj": {"type": "DeleteAttribute", "path": ["dataset", "test_normal", "v=EOAfl8yMiN8__#00-03-00_00-04-09_label_B6-0-0.mp4"]}, "version": 372}
{"obj": {"type": "DeleteAttribute", "path": ["dataset", "test_normal", "v=FRj2K0ulD8Q__#00-00-00_00-00-57_label_B4-0-0.mp4"]}, "version": 373}
{"obj": {"type": "DeleteAttribute", "path": ["dataset", "test_normal", "v=FRj2K0ulD8Q__#00-04-16_00-06-05_label_B4-0-0.mp4"]}, "version": 374}
{"obj": {"type": "DeleteAttribute", "path": ["dataset", "test_normal", "v=FRj2K0ulD8Q__#00-06-05_00-08-25_label_B4-0-0.mp4"]}, "version": 375}
{"obj": {"type": "DeleteAttribute", "path": ["dataset", "test_normal", "v=FW_qbiPH7UA__#1_label_B1-0-0.mp4"]}, "version": 376}
{"obj": {"type": "DeleteAttribute", "path": ["dataset", "test_normal", "v=FfrXebzAwOg__#00-06-10_00-07-19_label_B6-0-0.mp4"]}, "version": 377}
{"obj": {"type": "DeleteAttribute", "path": ["dataset", "test_normal", "v=GI49YSCruwY__#1_label_B4-0-0.mp4"]}, "version": 378}
{"obj": {"type": "DeleteAttribute", "path": ["dataset", "test_normal", "v=GN-7_ye5k4E__#1_label_G-0-0.mp4"]}, "version": 379}
{"obj": {"type": "DeleteAttribute", "path": ["dataset", "test_normal", "v=GbMQ2CxeNHU__#1_label_B4-0-0.mp4"]}, "version": 380}
{"obj": {"type": "DeleteAttribute", "path": ["dataset", "test_normal", "v=GqMh_HBNWZE__#00-01-00_00-02-45_label_B6-0-0.mp4"]}, "version": 381}
{"obj": {"type": "DeleteAttribute", "path": ["dataset", "test_normal", "v=H5W58Loofks__#00-05-50_00-06-20_label_B6-0-0.mp4"]}, "version": 382}
{"obj": {"type": "DeleteAttribute", "path": ["dataset", "test_normal", "v=HSisjzLESak__#00-00-00_00-00-51_label_B6-0-0.mp4"]}, "version": 383}
{"obj": {"type": "DeleteAttribute", "path": ["dataset", "test_normal", "v=HSisjzLESak__#00-01-00_00-02-45_label_B6-0-0.mp4"]}, "version": 384}
{"obj": {"type": "DeleteAttribute", "path": ["dataset", "test_normal", "v=HSisjzLESak__#00-07-40_00-08-50_label_B6-0-0.mp4"]}, "version": 385}
{"obj": {"type": "DeleteAttribute", "path": ["dataset", "test_normal", "v=HUL83wCQATc__#1_label_B1-0-0.mp4"]}, "version": 386}
{"obj": {"type": "DeleteAttribute", "path": ["dataset", "test_normal", "v=Hnfy9XhlIPM__#1_label_B4-0-0.mp4"]}, "version": 387}
{"obj": {"type": "DeleteAttribute", "path": ["dataset", "test_normal", "v=ICnreR1hxP0__#1_label_B4-0-0.mp4"]}, "version": 388}
{"obj": {"type": "DeleteAttribute", "path": ["dataset", "test_normal", "v=IWzI9V3WSnc__#1_label_B4-0-0.mp4"]}, "version": 389}
{"obj": {"type": "DeleteAttribute", "path": ["dataset", "test_normal", "v=Ia9ATKNeUbY__#00-01-52_00-03-10_label_B6-0-0.mp4"]}, "version": 390}
{"obj": {"type": "DeleteAttribute", "path": ["dataset", "test_normal", "v=Ia9ATKNeUbY__#00-04-19_00-05-11_label_B6-0-0.mp4"]}, "version": 391}
{"obj": {"type": "DeleteAttribute", "path": ["dataset", "test_normal", "v=Ia9ATKNeUbY__#00-05-19_00-06-09_label_B6-0-0.mp4"]}, "version": 392}
{"obj": {"type": "DeleteAttribute", "path": ["dataset", "test_normal", "v=Ia9ATKNeUbY__#00-06-19_00-06-50_label_B6-0-0.mp4"]}, "version": 393}
{"obj": {"type": "DeleteAttribute", "path": ["dataset", "test_normal", "v=J67oj92maC0__#1_label_G-0-0.mp4"]}, "version": 394}
{"obj": {"type": "DeleteAttribute", "path": ["dataset", "test_normal", "v=J_ZsNd97wXw__#1_label_G-0-0.mp4"]}, "version": 395}
{"obj": {"type": "DeleteAttribute", "path": ["dataset", "test_normal", "v=JfLYNEsrTew__#1_label_G-0-0.mp4"]}, "version": 396}
{"obj": {"type": "DeleteAttribute", "path": ["dataset", "test_normal", "v=KUeUxbsBO6s__#1_label_B1-0-0.mp4"]}, "version": 397}
{"obj": {"type": "DeleteAttribute", "path": ["dataset", "test_normal", "v=LJ0Pu5_Mefs__#1_label_G-0-0.mp4"]}, "version": 398}
{"obj": {"type": "DeleteAttribute", "path": ["dataset", "test_normal", "v=Lt9M_tSij_4__#00-00-00_00-04-24_label_B6-0-0.mp4"]}, "version": 399}
{"obj": {"type": "DeleteAttribute", "path": ["dataset", "test_normal", "v=MJLylzPRvyw__#1_label_B4-0-0.mp4"]}, "version": 400}
{"obj": {"type": "DeleteAttribute", "path": ["dataset", "test_normal", "v=MqrNCb2N5to__#1_label_B1-0-0.mp4"]}, "version": 401}
{"obj": {"type": "DeleteAttribute", "path": ["dataset", "test_normal", "v=NnmqkS1e88s__#1_label_B4-0-0.mp4"]}, "version": 402}
{"obj": {"type": "DeleteAttribute", "path": ["dataset", "test_normal", "v=O9g1uuI62m0__#1_label_B4-0-0.mp4"]}, "version": 403}
{"obj": {"type": "DeleteAttribute", "path": ["dataset", "test_normal", "v=OB0-MXNPUIU__#1_label_B4-0-0.mp4"]}, "version": 404}
{"obj": {"type": "DeleteAttribute", "path": ["dataset", "test_normal", "v=OE9t3XImErk__#1_label_B1-0-0.mp4"]}, "version": 405}
{"obj": {"type": "DeleteAttribute", "path": ["dataset", "test_normal", "v=OFxPTJxA5pg__#1_label_B4-0-0.mp4"]}, "version": 406}
{"obj": {"type": "DeleteAttribute", "path": ["dataset", "test_normal", "v=ONsmJAyFAAw__#1_label_G-0-0.mp4"]}, "version": 407}
{"obj": {"type": "DeleteAttribute", "path": ["dataset", "test_normal", "v=OOjjPGN8jSU__#1_label_B6-0-0.mp4"]}, "version": 408}
{"obj": {"type": "DeleteAttribute", "path": ["dataset", "test_normal", "v=PRH5rYUHoVU__#00-00-25_00-02-50_label_B6-0-0.mp4"]}, "version": 409}
{"obj": {"type": "DeleteAttribute", "path": ["dataset", "test_normal", "v=PWBZiM-rkoE__#1_label_G-0-0.mp4"]}, "version": 410}
{"obj": {"type": "DeleteAttribute", "path": ["dataset", "test_normal", "v=PuZy1PQIgrA__#1_label_B1-0-0.mp4"]}, "version": 411}
{"obj": {"type": "DeleteAttribute", "path": ["dataset", "test_normal", "v=Q-u3Y9TkZhQ__#1_label_B4-0-0.mp4"]}, "version": 412}
{"obj": {"type": "DeleteAttribute", "path": ["dataset", "test_normal", "v=Q6zIX29HkSo__#1_label_B4-0-0.mp4"]}, "version": 413}
{"obj": {"type": "DeleteAttribute", "path": ["dataset", "test_normal", "v=Q7NpJXOTiMY__#1_label_G-0-0.mp4"]}, "version": 414}
{"obj": {"type": "DeleteAttribute", "path": ["dataset", "test_normal", "v=Q8K7roZu3WU__#1_label_B1-0-0.mp4"]}, "version": 415}
{"obj": {"type": "DeleteAttribute", "path": ["dataset", "test_normal", "v=Q9Re4CnFJRg__#00-01-21_00-01-47_label_G-0-0.mp4"]}, "version": 416}
{"obj": {"type": "DeleteAttribute", "path": ["dataset", "test_normal", "v=QWwDsPSe7iM__#1_label_B4-0-0.mp4"]}, "version": 417}
{"obj": {"type": "DeleteAttribute", "path": ["dataset", "test_normal", "v=Qc3pAEeK16A__#1_label_B1-0-0.mp4"]}, "version": 418}
{"obj": {"type": "DeleteAttribute", "path": ["dataset", "test_normal", "v=ROrpKx3aIjA__#1_label_G-0-0.mp4"]}, "version": 419}
{"obj": {"type": "DeleteAttribute", "path": ["dataset", "test_normal", "v=RUjrMYWhLng__#1_label_B6-0-0.mp4"]}, "version": 420}
{"obj": {"type": "DeleteAttribute", "path": ["dataset", "test_normal", "v=Rc9EOFjtj0c__#1_label_B6-0-0.mp4"]}, "version": 421}
{"obj": {"type": "DeleteAttribute", "path": ["dataset", "test_normal", "v=S-7rRLrxnVQ__#1_label_B4-0-0.mp4"]}, "version": 422}
{"obj": {"type": "DeleteAttribute", "path": ["dataset", "test_normal", "v=SE5fxK7SasU__#00-03-23_00-04-08_label_B4-0-0.mp4"]}, "version": 423}
{"obj": {"type": "DeleteAttribute", "path": ["dataset", "test_normal", "v=SMy2_qNO2Y0__#00-01-50_00-03-13_label_G-0-0.mp4"]}, "version": 424}
{"obj": {"type": "DeleteAttribute", "path": ["dataset", "test_normal", "v=T-LH8Gv5zzY__#1_label_B4-0-0.mp4"]}, "version": 425}
{"obj": {"type": "DeleteAttribute", "path": ["dataset", "test_normal", "v=TOEVc-pOEwM__#00-08-40_00-10-40_label_B6-0-0.mp4"]}, "version": 426}
{"obj": {"type": "DeleteAttribute", "path": ["dataset", "test_normal", "v=TfS-MJoVNjM__#1_label_B4-0-0.mp4"]}, "version": 427}
{"obj": {"type": "DeleteAttribute", "path": ["dataset", "test_normal", "v=TsuuRo6PEXM__#1_label_B1-0-0.mp4"]}, "version": 428}
{"obj": {"type": "DeleteAttribute", "path": ["dataset", "test_normal", "v=U6MC8JJJZSY__#1_label_G-0-0.mp4"]}, "version": 429}
{"obj": {"type": "DeleteAttribute", "path": ["dataset", "test_normal", "v=UK--hvgP2uY__#1_label_G-0-0.mp4"]}, "version": 430}
{"obj": {"type": "DeleteAttribute", "path": ["dataset", "test_normal", "v=UK2w9Sh47fM__#1_label_G-0-0.mp4"]}, "version": 431}
{"obj": {"type": "DeleteAttribute", "path": ["dataset", "test_normal", "v=UYFR-XbyZQc__#00-01-19_00-02-42_label_G-0-0.mp4"]}, "version": 432}
{"obj": {"type": "DeleteAttribute", "path": ["dataset", "test_normal", "v=UzxuX79xq4s__#1_label_B4-0-0.mp4"]}, "version": 433}
{"obj": {"type": "DeleteAttribute", "path": ["dataset", "test_normal", "v=V7FtjJStY1M__#1_label_G-0-0.mp4"]}, "version": 434}
{"obj": {"type": "DeleteAttribute", "path": ["dataset", "test_normal", "v=WiS3TIvykeY__#1_label_B4-0-0.mp4"]}, "version": 435}
{"obj": {"type": "DeleteAttribute", "path": ["dataset", "test_normal", "v=X1arMZmYhsk__#00-13-00_00-14-09_label_B6-0-0.mp4"]}, "version": 436}
{"obj": {"type": "DeleteAttribute", "path": ["dataset", "test_normal", "v=X4I8FhpGJwo__#00-07-40_00-08-50_label_B6-0-0.mp4"]}, "version": 437}
{"obj": {"type": "DeleteAttribute", "path": ["dataset", "test_normal", "v=X4I8FhpGJwo__#00-09-00_00-10-45_label_B6-0-0.mp4"]}, "version": 438}
{"obj": {"type": "DeleteAttribute", "path": ["dataset", "test_normal", "v=X6Tbn8_X-Os__#1_label_B1-0-0.mp4"]}, "version": 439}
{"obj": {"type": "DeleteAttribute", "path": ["dataset", "test_normal", "v=Y1hxr1MWLjM__#1_label_B1-0-0.mp4"]}, "version": 440}
{"obj": {"type": "DeleteAttribute", "path": ["dataset", "test_normal", "v=Y43UkfAe_bc__#00-00-00_00-01-40_label_B4-0-0.mp4"]}, "version": 441}
{"obj": {"type": "DeleteAttribute", "path": ["dataset", "test_normal", "v=YANmwpkuWRo__#1_label_G-0-0.mp4"]}, "version": 442}
{"obj": {"type": "DeleteAttribute", "path": ["dataset", "test_normal", "v=YKtw6uLEGps__#1_label_B4-0-0.mp4"]}, "version": 443}
{"obj": {"type": "DeleteAttribute", "path": ["dataset", "test_normal", "v=YdrISbwy_zI__#1_label_G-0-0.mp4"]}, "version": 444}
{"obj": {"type": "DeleteAttribute", "path": ["dataset", "test_normal", "v=YhCSFZNwfHc__#00-01-15_00-01-42_label_G-B2-0.mp4"]}, "version": 445}
{"obj": {"type": "DeleteAttribute", "path": ["dataset", "test_normal", "v=Z12t5h2mBJc__#1_label_B1-0-0.mp4"]}, "version": 446}
{"obj": {"type": "DeleteAttribute", "path": ["dataset", "test_normal", "v=ZCjNPgNu42g__#1_label_B4-0-0.mp4"]}, "version": 447}
{"obj": {"type": "DeleteAttribute", "path": ["dataset", "test_normal", "v=ZkUciDD55kA__#00-00-00_00-00-30_label_G-0-0.mp4"]}, "version": 448}
{"obj": {"type": "DeleteAttribute", "path": ["dataset", "test_normal", "v=ZnFlL84K7HE__#00-27-53_00-34-45_label_B4-0-0.mp4"]}, "version": 449}
{"obj": {"type": "DeleteAttribute", "path": ["dataset", "test_normal", "v=ZoS8gm5OcOM__#00-06-20_00-07-30_label_B6-0-0.mp4"]}, "version": 450}
{"obj": {"type": "DeleteAttribute", "path": ["dataset", "test_normal", "v=ZoS8gm5OcOM__#00-07-50_00-08-55_label_B6-0-0.mp4"]}, "version": 451}
{"obj": {"type": "DeleteAttribute", "path": ["dataset", "test_normal", "v=_5Kmb4tqMxs__#1_label_B4-0-0.mp4"]}, "version": 452}
{"obj": {"type": "DeleteAttribute", "path": ["dataset", "test_normal", "v=_BgJEXQkjNQ__#1_label_G-0-0.mp4"]}, "version": 453}
{"obj": {"type": "DeleteAttribute", "path": ["dataset", "test_normal", "v=_YobflFU_HU__#00-06-10_00-07-51_label_B6-0-0.mp4"]}, "version": 454}
{"obj": {"type": "DeleteAttribute", "path": ["dataset", "test_normal", "v=_tsSKAsVZfo__#1_label_B4-0-0.mp4"]}, "version": 455}
{"obj": {"type": "DeleteAttribute", "path": ["dataset", "test_normal", "v=aQ3qMpgZjwg__#00-00-00_00-01-48_label_B4-0-0.mp4"]}, "version": 456}
{"obj": {"type": "DeleteAttribute", "path": ["dataset", "test_normal", "v=aWPWHU8x6kE__#1_label_B4-0-0.mp4"]}, "version": 457}
{"obj": {"type": "DeleteAttribute", "path": ["dataset", "test_normal", "v=abATVcjFumY__#1_label_G-0-0.mp4"]}, "version": 458}
{"obj": {"type": "DeleteAttribute", "path": ["dataset", "test_normal", "v=afhttnv46Y4__#1_label_B1-0-0.mp4"]}, "version": 459}
{"obj": {"type": "DeleteAttribute", "path": ["dataset", "test_normal", "v=b0MUjeKAGZw__#1_label_B4-0-0.mp4"]}, "version": 460}
{"obj": {"type": "DeleteAttribute", "path": ["dataset", "test_normal", "v=bDm2-1NZBLw__#1_label_B4-0-0.mp4"]}, "version": 461}
{"obj": {"type": "DeleteAttribute", "path": ["dataset", "test_normal", "v=bfOlheR5nUQ__#00-00-00_00-04-33_label_B4-0-0.mp4"]}, "version": 462}
{"obj": {"type": "DeleteAttribute", "path": ["dataset", "test_normal", "v=bfOlheR5nUQ__#00-04-33_00-06-02_label_B4-0-0.mp4"]}, "version": 463}
{"obj": {"type": "DeleteAttribute", "path": ["dataset", "test_normal", "v=bhZs3ALdL7Y__#1_label_G-0-0.mp4"]}, "version": 464}
{"obj": {"type": "DeleteAttribute", "path": ["dataset", "test_normal", "v=cEOM18n8fhU__#1_label_G-0-0.mp4"]}, "version": 465}
{"obj": {"type": "DeleteAttribute", "path": ["dataset", "test_normal", "v=cO1UefhG7AY__#1_label_G-0-0.mp4"]}, "version": 466}
{"obj": {"type": "DeleteAttribute", "path": ["dataset", "test_normal", "v=cuUK-3MNqtw__#1_label_B1-0-0.mp4"]}, "version": 467}
{"obj": {"type": "DeleteAttribute", "path": ["dataset", "test_normal", "v=d5lTTPvJLpw__#1_label_B4-0-0.mp4"]}, "version": 468}
{"obj": {"type": "DeleteAttribute", "path": ["dataset", "test_normal", "v=eqtJjxsTgtg__#1_label_G-0-0.mp4"]}, "version": 469}
{"obj": {"type": "DeleteAttribute", "path": ["dataset", "test_normal", "v=f6j3YWgVBto__#00-06-16_00-06-51_label_B6-0-0.mp4"]}, "version": 470}
{"obj": {"type": "DeleteAttribute", "path": ["dataset", "test_normal", "v=fIlmgvc-bUk__#1_label_B4-0-0.mp4"]}, "version": 471}
{"obj": {"type": "DeleteAttribute", "path": ["dataset", "test_normal", "v=fQQzg2VfJME__#1_label_B4-0-0.mp4"]}, "version": 472}
{"obj": {"type": "DeleteAttribute", "path": ["dataset", "test_normal", "v=fhiAyxpDQMU__#1_label_B4-0-0.mp4"]}, "version": 473}
{"obj": {"type": "DeleteAttribute", "path": ["dataset", "test_normal", "v=g2v3EkBj9Zc__#1_label_B4-0-0.mp4"]}, "version": 474}
{"obj": {"type": "DeleteAttribute", "path": ["dataset", "test_normal", "v=gENp4SyNxkI__#1_label_B1-0-0.mp4"]}, "version": 475}
{"obj": {"type": "DeleteAttribute", "path": ["dataset", "test_normal", "v=gbRIKogNZvE__#1_label_B4-0-0.mp4"]}, "version": 476}
{"obj": {"type": "DeleteAttribute", "path": ["dataset", "test_normal", "v=gp_D8r-2hwk__#1_label_G-0-0.mp4"]}, "version": 477}
{"obj": {"type": "DeleteAttribute", "path": ["dataset", "test_normal", "v=gsz_P8t-KM4__#1_label_B4-0-0.mp4"]}, "version": 478}
{"obj": {"type": "DeleteAttribute", "path": ["dataset", "test_normal", "v=hAHXCMRvY_I__#1_label_G-0-0.mp4"]}, "version": 479}
{"obj": {"type": "DeleteAttribute", "path": ["dataset", "test_normal", "v=hxyhulJYz5I__#00-06-09_00-07-00_label_B6-0-0.mp4"]}, "version": 480}
{"obj": {"type": "DeleteAttribute", "path": ["dataset", "test_normal", "v=iHuggczItBk__#00-01-00_00-02-45_label_B6-0-0.mp4"]}, "version": 481}
{"obj": {"type": "DeleteAttribute", "path": ["dataset", "test_normal", "v=iHuggczItBk__#00-03-00_00-03-55_label_B6-0-0.mp4"]}, "version": 482}
{"obj": {"type": "DeleteAttribute", "path": ["dataset", "test_normal", "v=iHuggczItBk__#00-04-00_00-04-55_label_B6-0-0.mp4"]}, "version": 483}
{"obj": {"type": "DeleteAttribute", "path": ["dataset", "test_normal", "v=iWfUqxibqG0__#1_label_G-0-0.mp4"]}, "version": 484}
{"obj": {"type": "DeleteAttribute", "path": ["dataset", "test_normal", "v=iegHZ_UWWsA__#00-14-05_00-20-33_label_B4-0-0.mp4"]}, "version": 485}
{"obj": {"type": "DeleteAttribute", "path": ["dataset", "test_normal", "v=jYENhkzdpO8__#00-00-00_00-01-31_label_B6-0-0.mp4"]}, "version": 486}
{"obj": {"type": "DeleteAttribute", "path": ["dataset", "test_normal", "v=k7R_Qo-BiAw__#00-10-30_00-10-51_label_B6-0-0.mp4"]}, "version": 487}
{"obj": {"type": "DeleteAttribute", "path": ["dataset", "test_normal", "v=k98yVPXiYoU__#1_label_G-0-0.mp4"]}, "version": 488}
{"obj": {"type": "DeleteAttribute", "path": ["dataset", "test_normal", "v=kPWdgckIhLI__#1_label_B4-0-0.mp4"]}, "version": 489}
{"obj": {"type": "DeleteAttribute", "path": ["dataset", "test_normal", "v=kVl-6-A9ZO4__#00-08-01_00-09-35_label_B6-0-0.mp4"]}, "version": 490}
{"obj": {"type": "DeleteAttribute", "path": ["dataset", "test_normal", "v=k_cvJa1kNaM__#1_label_B4-0-0.mp4"]}, "version": 491}
{"obj": {"type": "DeleteAttribute", "path": ["dataset", "test_normal", "v=lcBUb7EOQ4o__#1_label_G-0-0.mp4"]}, "version": 492}
{"obj": {"type": "DeleteAttribute", "path": ["dataset", "test_normal", "v=lpkL0Y1MhA8__#1_label_B4-0-0.mp4"]}, "version": 493}
{"obj": {"type": "DeleteAttribute", "path": ["dataset", "test_normal", "v=m5Ya6z6qroo__#1_label_B4-0-0.mp4"]}, "version": 494}
{"obj": {"type": "DeleteAttribute", "path": ["dataset", "test_normal", "v=m5zK-tzYCQM__#1_label_B4-0-0.mp4"]}, "version": 495}
{"obj": {"type": "DeleteAttribute", "path": ["dataset", "test_normal", "v=m8EkFsaGPzU__#1_label_B4-0-0.mp4"]}, "version": 496}
{"obj": {"type": "DeleteAttribute", "path": ["dataset", "test_normal", "v=nLAapCIlr-o__#00-07-22_00-08-19_label_B6-0-0.mp4"]}, "version": 497}
{"obj": {"type": "DeleteAttribute", "path": ["dataset", "test_normal", "v=nLAapCIlr-o__#00-08-35_00-10-25_label_B6-0-0.mp4"]}, "version": 498}
{"obj": {"type": "DeleteAttribute", "path": ["dataset", "test_normal", "v=nLAapCIlr-o__#00-11-00_00-12-45_label_B6-0-0.mp4"]}, "version": 499}
{"obj": {"type": "DeleteAttribute", "path": ["dataset", "test_normal", "v=nLAapCIlr-o__#00-16-10_00-18-09_label_B6-0-0.mp4"]}, "version": 500}
{"obj": {"type": "DeleteAttribute", "path": ["dataset", "test_normal", "v=ntaXjnpusxM__#1_label_G-0-0.mp4"]}, "version": 501}
{"obj": {"type": "DeleteAttribute", "path": ["dataset", "test_normal", "v=oipd63DGadU__#1_label_B1-0-0.mp4"]}, "version": 502}
{"obj": {"type": "DeleteAttribute", "path": ["dataset", "test_normal", "v=osjdmjNJUdg__#1_label_B1-0-0.mp4"]}, "version": 503}
{"obj": {"type": "DeleteAttribute", "path": ["dataset", "test_normal", "v=ovQ1VTJ_IUI__#1_label_B1-0-0.mp4"]}, "version": 504}
{"obj": {"type": "DeleteAttribute", "path": ["dataset", "test_normal", "v=p7kvQ4OpDgU__#1_label_B4-0-0.mp4"]}, "version": 505}
{"obj": {"type": "DeleteAttribute", "path": ["dataset", "test_normal", "v=pFamvR9CpYw__#00-00-00_00-06-36_label_B4-0-0.mp4"]}, "version": 506}
{"obj": {"type": "DeleteAttribute", "path": ["dataset", "test_normal", "v=pFamvR9CpYw__#00-06-36_00-15-20_label_B4-0-0.mp4"]}, "version": 507}
{"obj": {"type": "DeleteAttribute", "path": ["dataset", "test_normal", "v=pHZ9gOfmY_k__#1_label_B4-0-0.mp4"]}, "version": 508}
{"obj": {"type": "DeleteAttribute", "path": ["dataset", "test_normal", "v=pL2HjXvWuPc__#1_label_B1-0-0.mp4"]}, "version": 509}
{"obj": {"type": "DeleteAttribute", "path": ["dataset", "test_normal", "v=pMtu7fOHdII__#1_label_B1-0-0.mp4"]}, "version": 510}
{"obj": {"type": "DeleteAttribute", "path": ["dataset", "test_normal", "v=q_DhkdHGXos__#1_label_B1-0-0.mp4"]}, "version": 511}
{"obj": {"type": "DeleteAttribute", "path": ["dataset", "test_normal", "v=qmsQ-obL1Z4__#00-03-26_00-04-04_label_B6-0-0.mp4"]}, "version": 512}
{"obj": {"type": "DeleteAttribute", "path": ["dataset", "test_normal", "v=qqsd-cZr01k__#00-01-00_00-02-45_label_B6-0-0.mp4"]}, "version": 513}
{"obj": {"type": "DeleteAttribute", "path": ["dataset", "test_normal", "v=qqsd-cZr01k__#00-06-10_00-07-19_label_B6-0-0.mp4"]}, "version": 514}
{"obj": {"type": "DeleteAttribute", "path": ["dataset", "test_normal", "v=qrKfaX1lCUM__#1_label_G-0-0.mp4"]}, "version": 515}
{"obj": {"type": "DeleteAttribute", "path": ["dataset", "test_normal", "v=qyTGi0N4OVg__#1_label_G-0-0.mp4"]}, "version": 516}
{"obj": {"type": "DeleteAttribute", "path": ["dataset", "test_normal", "v=rAlZRFZTwxM__#00-03-13_00-07-08_label_G-0-0.mp4"]}, "version": 517}
{"obj": {"type": "DeleteAttribute", "path": ["dataset", "test_normal", "v=rJz4NXm6vis__#1_label_B4-0-0.mp4"]}, "version": 518}
{"obj": {"type": "DeleteAttribute", "path": ["dataset", "test_normal", "v=rKpXqwE2rg8__#00-01-57_00-03-06_label_B4-0-0.mp4"]}, "version": 519}
{"obj": {"type": "DeleteAttribute", "path": ["dataset", "test_normal", "v=rXWOpZ7W2fA__#1_label_B1-0-0.mp4"]}, "version": 520}
{"obj": {"type": "DeleteAttribute", "path": ["dataset", "test_normal", "v=sE-DC2trBkI__#00-01-00_00-02-45_label_B6-0-0.mp4"]}, "version": 521}
{"obj": {"type": "DeleteAttribute", "path": ["dataset", "test_normal", "v=sE-DC2trBkI__#00-03-00_00-04-09_label_B6-0-0.mp4"]}, "version": 522}
{"obj": {"type": "DeleteAttribute", "path": ["dataset", "test_normal", "v=sE-DC2trBkI__#00-09-00_00-10-05_label_B6-0-0.mp4"]}, "version": 523}
{"obj": {"type": "DeleteAttribute", "path": ["dataset", "test_normal", "v=sbEHU4GskX4__#1_label_B1-0-0.mp4"]}, "version": 524}
{"obj": {"type": "DeleteAttribute", "path": ["dataset", "test_normal", "v=tP19WuyY3IY__#00-00-00_00-00-51_label_B6-0-0.mp4"]}, "version": 525}
{"obj": {"type": "DeleteAttribute", "path": ["dataset", "test_normal", "v=tP19WuyY3IY__#00-06-10_00-07-51_label_B6-0-0.mp4"]}, "version": 526}
{"obj": {"type": "DeleteAttribute", "path": ["dataset", "test_normal", "v=tT-SrQC6Ddw__#00-04-00_00-05-15_label_B6-0-0.mp4"]}, "version": 527}
{"obj": {"type": "DeleteAttribute", "path": ["dataset", "test_normal", "v=tivXK3PGByk__#1_label_B1-0-0.mp4"]}, "version": 528}
{"obj": {"type": "DeleteAttribute", "path": ["dataset", "test_normal", "v=tv0rI-5ycBU__#1_label_B4-0-0.mp4"]}, "version": 529}
{"obj": {"type": "DeleteAttribute", "path": ["dataset", "test_normal", "v=u0Tnw01PNxc__#1_label_B4-0-0.mp4"]}, "version": 530}
{"obj": {"type": "DeleteAttribute", "path": ["dataset", "test_normal", "v=u5SF4SlqNDQ__#00-00-00_00-01-00_label_G-0-0.mp4"]}, "version": 531}
{"obj": {"type": "DeleteAttribute", "path": ["dataset", "test_normal", "v=u5SF4SlqNDQ__#00-02-39_00-03-41_label_G-0-0.mp4"]}, "version": 532}
{"obj": {"type": "DeleteAttribute", "path": ["dataset", "test_normal", "v=uBXprlsmd18__#00-03-00_00-04-09_label_B6-0-0.mp4"]}, "version": 533}
{"obj": {"type": "DeleteAttribute", "path": ["dataset", "test_normal", "v=uBXprlsmd18__#00-06-10_00-07-19_label_B6-0-0.mp4"]}, "version": 534}
{"obj": {"type": "DeleteAttribute", "path": ["dataset", "test_normal", "v=uQY15O3LKI0__#1_label_B6-0-0.mp4"]}, "version": 535}
{"obj": {"type": "DeleteAttribute", "path": ["dataset", "test_normal", "v=uprb6aBzymw__#00-03-03_00-05-13_label_B4-0-0.mp4"]}, "version": 536}
{"obj": {"type": "DeleteAttribute", "path": ["dataset", "test_normal", "v=utQ5AvXtNLA__#1_label_B4-0-0.mp4"]}, "version": 537}
{"obj": {"type": "DeleteAttribute", "path": ["dataset", "test_normal", "v=v-Plzx73K68__#1_label_B4-0-0.mp4"]}, "version": 538}
{"obj": {"type": "DeleteAttribute", "path": ["dataset", "test_normal", "v=v_LxqgpRouM__#1_label_G-0-0.mp4"]}, "version": 539}
{"obj": {"type": "DeleteAttribute", "path": ["dataset", "test_normal", "v=vaSOMEIe1Bg__#1_label_G-0-0.mp4"]}, "version": 540}
{"obj": {"type": "DeleteAttribute", "path": ["dataset", "test_normal", "v=vhACO_m5pH0__#00-09-42_00-10-40_label_B6-0-0.mp4"]}, "version": 541}
{"obj": {"type": "DeleteAttribute", "path": ["dataset", "test_normal", "v=vhACO_m5pH0__#00-10-42_00-11-40_label_B6-0-0.mp4"]}, "version": 542}
{"obj": {"type": "DeleteAttribute", "path": ["dataset", "test_normal", "v=vhACO_m5pH0__#00-14-42_00-15-40_label_B6-0-0.mp4"]}, "version": 543}
{"obj": {"type": "DeleteAttribute", "path": ["dataset", "test_normal", "v=vhACO_m5pH0__#00-17-42_00-18-40_label_B6-0-0.mp4"]}, "version": 544}
{"obj": {"type": "DeleteAttribute", "path": ["dataset", "test_normal", "v=vhACO_m5pH0__#00-20-42_00-22-40_label_B6-0-0.mp4"]}, "version": 545}
{"obj": {"type": "DeleteAttribute", "path": ["dataset", "test_normal", "v=vv-MFJPi4Qs__#1_label_G-0-0.mp4"]}, "version": 546}
{"obj": {"type": "DeleteAttribute", "path": ["dataset", "test_normal", "v=w16YmhAZ1_Y__#1_label_G-0-0.mp4"]}, "version": 547}
{"obj": {"type": "DeleteAttribute", "path": ["dataset", "test_normal", "v=w2NgAYJHnS0__#1_label_G-0-0.mp4"]}, "version": 548}
{"obj": {"type": "DeleteAttribute", "path": ["dataset", "test_normal", "v=wG-2t0M8CPc__#1_label_B1-0-0.mp4"]}, "version": 549}
{"obj": {"type": "DeleteAttribute", "path": ["dataset", "test_normal", "v=wPkBaI6vOv0__#00-00-00_00-01-00_label_G-0-0.mp4"]}, "version": 550}
{"obj": {"type": "DeleteAttribute", "path": ["dataset", "test_normal", "v=wVey5JDRf_g__#00-00-00_00-01-20_label_B6-0-0.mp4"]}, "version": 551}
{"obj": {"type": "DeleteAttribute", "path": ["dataset", "test_normal", "v=wVey5JDRf_g__#00-01-30_00-02-41_label_B6-0-0.mp4"]}, "version": 552}
{"obj": {"type": "DeleteAttribute", "path": ["dataset", "test_normal", "v=wVey5JDRf_g__#00-04-09_00-05-06_label_B6-0-0.mp4"]}, "version": 553}
{"obj": {"type": "DeleteAttribute", "path": ["dataset", "test_normal", "v=waIS8TaJxts__#00-00-00_00-00-51_label_B6-0-0.mp4"]}, "version": 554}
{"obj": {"type": "DeleteAttribute", "path": ["dataset", "test_normal", "v=waIS8TaJxts__#00-01-30_00-02-45_label_B6-0-0.mp4"]}, "version": 555}
{"obj": {"type": "DeleteAttribute", "path": ["dataset", "test_normal", "v=waIS8TaJxts__#00-05-50_00-06-20_label_B6-0-0.mp4"]}, "version": 556}
{"obj": {"type": "DeleteAttribute", "path": ["dataset", "test_normal", "v=waIS8TaJxts__#00-07-40_00-08-50_label_B6-0-0.mp4"]}, "version": 557}
{"obj": {"type": "DeleteAttribute", "path": ["dataset", "test_normal", "v=waIS8TaJxts__#00-09-00_00-10-45_label_B6-0-0.mp4"]}, "version": 558}
{"obj": {"type": "DeleteAttribute", "path": ["dataset", "test_normal", "v=wnd3IYH7x1o__#1_label_G-0-0.mp4"]}, "version": 559}
{"obj": {"type": "DeleteAttribute", "path": ["dataset", "test_normal", "v=xbPWQKZspfU__#1_label_B1-0-0.mp4"]}, "version": 560}
{"obj": {"type": "DeleteAttribute", "path": ["dataset", "test_normal", "v=xe4ee56aHSg__#1_label_G-0-0.mp4"]}, "version": 561}
{"obj": {"type": "DeleteAttribute", "path": ["dataset", "test_normal", "v=y1z12D5bx7c__#1_label_B4-0-0.mp4"]}, "version": 562}
{"obj": {"type": "DeleteAttribute", "path": ["dataset", "test_normal", "v=yDqThVpu1AM__#1_label_B4-0-0.mp4"]}, "version": 563}
{"obj": {"type": "DeleteAttribute", "path": ["dataset", "test_normal", "v=yrpZJ8Vr3aA__#1_label_B1-0-0.mp4"]}, "version": 564}
{"obj": {"type": "DeleteAttribute", "path": ["dataset", "test_normal", "v=yvnj5VIDsNI__#1_label_B4-0-0.mp4"]}, "version": 565}
{"obj": {"type": "DeleteAttribute", "path": ["dataset", "test_normal", "v=yy-KIWDcBr4__#00-08-35_00-10-25_label_B6-0-0.mp4"]}, "version": 566}
{"obj": {"type": "DeleteAttribute", "path": ["dataset", "test_normal", "v=yy-KIWDcBr4__#00-16-10_00-17-19_label_B6-0-0.mp4"]}, "version": 567}
{"obj": {"type": "DeleteAttribute", "path": ["dataset", "test_normal", "v=zI0q5UDP47g__#1_label_B4-0-0.mp4"]}, "version": 568}
{"obj": {"type": "DeleteAttribute", "path": ["dataset", "test_normal", "v=zQbnQBCTSiA__#1_label_B1-0-0.mp4"]}, "version": 569}
{"obj": {"type": "DeleteAttribute", "path": ["dataset", "test_normal", "v=zoIn2hOrUIM__#00-01-00_00-02-45_label_B6-0-0.mp4"]}, "version": 570}
{"obj": {"type": "DeleteAttribute", "path": ["dataset", "test_normal", "v=zoIn2hOrUIM__#00-06-10_00-07-19_label_B6-0-0.mp4"]}, "version": 571}
{"obj": {"type": "DeleteAttribute", "path": ["dataset", "test_normal", "wangted.2008__#0-22-55_0-23-40_label_B2-0-0.mp4"]}, "version": 572}
{"obj": {"type": "DeleteAttribute", "path": ["dataset", "test_normal", "wangted.2008__#0-45-25_0-47-01_label_B1-0-0.mp4"]}, "version": 573}
{"obj": {"type": "DeleteAttribute", "path": ["dataset", "test_normal", "wangted.2008__#0-48-30_0-49-00_label_B2-0-0.mp4"]}, "version": 574}
