{"obj": {"type": "AssignString", "path": ["sys", "name"], "value": "Untitled"}, "version": 1}
{"obj": {"type": "AssignString", "path": ["sys", "description"], "value": ""}, "version": 2}
{"obj": {"type": "AssignString", "path": ["monitoring", "25786421", "hostname"], "value": "DGX"}, "version": 3}
{"obj": {"type": "AssignString", "path": ["sys", "hostname"], "value": "DGX"}, "version": 4}
{"obj": {"type": "AssignString", "path": ["monitoring", "25786421", "pid"], "value": "32150"}, "version": 5}
{"obj": {"type": "AssignString", "path": ["monitoring", "25786421", "tid"], "value": "139816664965248"}, "version": 6}
{"obj": {"type": "AssignBool", "path": ["sys", "failed"], "value": false}, "version": 7}
{"obj": {"type": "LogStrings", "path": ["dataset", "info", "test_fn"], "values": [{"value": "(800,)", "step": null, "ts": 1678673924.5954127}]}, "version": 8}
{"obj": {"type": "LogStrings", "path": ["dataset", "info", "test_fn_normal"], "values": [{"value": "(500,)", "step": null, "ts": 1678673924.595666}]}, "version": 9}
{"obj": {"type": "LogStrings", "path": ["dataset", "info", "test_fn_abnormal"], "values": [{"value": "(300,)", "step": null, "ts": 1678673924.5958252}]}, "version": 10}
{"obj": {"type": "LogStrings", "path": ["dataset", "info", "test_labels"], "values": [{"value": "(800,)", "step": null, "ts": 1678673924.5959744}]}, "version": 11}
{"obj": {"type": "LogStrings", "path": ["dataset", "info", "test_labels_norm"], "values": [{"value": "(500,)", "step": null, "ts": 1678673924.596115}]}, "version": 12}
{"obj": {"type": "LogStrings", "path": ["dataset", "info", "test_labels_abnor"], "values": [{"value": "(300,)", "step": null, "ts": 1678673924.5962539}]}, "version": 13}
{"obj": {"type": "LogStrings", "path": ["dataset", "info", "train_fn"], "values": [{"value": "(3953,)", "step": null, "ts": 1678673924.6177344}]}, "version": 14}
{"obj": {"type": "LogStrings", "path": ["dataset", "info", "train_normal_fn"], "values": [{"value": "(1905,)", "step": null, "ts": 1678673924.6179163}]}, "version": 15}
{"obj": {"type": "LogStrings", "path": ["dataset", "info", "train_abnormal_fn"], "values": [{"value": "(2048,)", "step": null, "ts": 1678673924.6180704}]}, "version": 16}
{"obj": {"type": "LogStrings", "path": ["train", "model", "info", "ativa"], "values": [{"value": "leakyrelu", "step": null, "ts": 1678674342.9633055}]}, "version": 17}
{"obj": {"type": "LogStrings", "path": ["train", "model", "info", "optima"], "values": [{"value": "adam", "step": null, "ts": 1678674342.964644}]}, "version": 18}
{"obj": {"type": "LogStrings", "path": ["train", "model", "info", "frame_max"], "values": [{"value": "2000", "step": null, "ts": 1678674342.9649246}]}, "version": 19}
{"obj": {"type": "LogFloats", "path": ["train", "model", "info", "batch_type"], "values": [{"value": 1.0, "step": null, "ts": 1678674342.9652863}]}, "version": 20}
{"obj": {"type": "LogStrings", "path": ["train", "model", "info", "ckpt_start"], "values": [{"value": "00000028", "step": null, "ts": 1678674342.9655788}]}, "version": 21}
{"obj": {"type": "LogStrings", "path": ["dataset", "info", "test_fn"], "values": [{"value": "(800,)", "step": null, "ts": 1678674360.4501562}]}, "version": 22}
{"obj": {"type": "LogStrings", "path": ["dataset", "info", "test_fn_normal"], "values": [{"value": "(500,)", "step": null, "ts": 1678674360.4503832}]}, "version": 23}
{"obj": {"type": "LogStrings", "path": ["dataset", "info", "test_fn_abnormal"], "values": [{"value": "(300,)", "step": null, "ts": 1678674360.4504874}]}, "version": 24}
{"obj": {"type": "LogStrings", "path": ["dataset", "info", "test_labels"], "values": [{"value": "(800,)", "step": null, "ts": 1678674360.4505827}]}, "version": 25}
{"obj": {"type": "LogStrings", "path": ["dataset", "info", "test_labels_normal"], "values": [{"value": "(500,)", "step": null, "ts": 1678674360.450745}]}, "version": 26}
{"obj": {"type": "LogStrings", "path": ["dataset", "info", "test_labels_abnormal"], "values": [{"value": "(300,)", "step": null, "ts": 1678674360.4508667}]}, "version": 27}
{"obj": {"type": "LogStrings", "path": ["dataset", "info", "train_fn"], "values": [{"value": "(3953,)", "step": null, "ts": 1678674360.4685535}]}, "version": 28}
{"obj": {"type": "LogStrings", "path": ["dataset", "info", "train_fn_normal"], "values": [{"value": "(1905,)", "step": null, "ts": 1678674360.46871}]}, "version": 29}
{"obj": {"type": "LogStrings", "path": ["dataset", "info", "train_fn_abnormal"], "values": [{"value": "(2048,)", "step": null, "ts": 1678674360.4688394}]}, "version": 30}
{"obj": {"type": "LogStrings", "path": ["train", "model", "info", "ativa"], "values": [{"value": "leakyrelu", "step": null, "ts": 1678674368.430752}]}, "version": 31}
{"obj": {"type": "LogStrings", "path": ["train", "model", "info", "optima"], "values": [{"value": "adam", "step": null, "ts": 1678674368.4315748}]}, "version": 32}
{"obj": {"type": "LogStrings", "path": ["train", "model", "info", "frame_max"], "values": [{"value": "2000", "step": null, "ts": 1678674368.432174}]}, "version": 33}
{"obj": {"type": "LogFloats", "path": ["train", "model", "info", "batch_type"], "values": [{"value": 1.0, "step": null, "ts": 1678674368.4324176}]}, "version": 34}
{"obj": {"type": "LogStrings", "path": ["train", "model", "info", "ckpt_start"], "values": [{"value": "00000028", "step": null, "ts": 1678674368.4326296}]}, "version": 35}
{"obj": {"type": "LogStrings", "path": ["train", "model", "info", "ativa"], "values": [{"value": "leakyrelu", "step": null, "ts": 1678675601.7658787}]}, "version": 36}
{"obj": {"type": "LogStrings", "path": ["train", "model", "info", "optima"], "values": [{"value": "adam", "step": null, "ts": 1678675601.7670863}]}, "version": 37}
{"obj": {"type": "LogStrings", "path": ["train", "model", "info", "frame_max"], "values": [{"value": "2000", "step": null, "ts": 1678675601.7673686}]}, "version": 38}
{"obj": {"type": "LogFloats", "path": ["train", "model", "info", "batch_type"], "values": [{"value": 1.0, "step": null, "ts": 1678675601.7675762}]}, "version": 39}
{"obj": {"type": "LogStrings", "path": ["train", "model", "info", "ckpt_start"], "values": [{"value": "00000028", "step": null, "ts": 1678675601.7677808}]}, "version": 40}
